Lmod has detected the following error: These module(s) or extension(s) exist
but cannot be loaded as requested: "cuDNN"
   Try: "module spider cuDNN" to see how to load the module(s).



cuda:0
run for seed 
n is 1
n is 2
n is 3
n is 4
n is 5
n is 6
n is 7
n is 8
dict_keys(['X', 'Y', 'c', 'hpred', 'hloss', 'hprob'])
dict_keys(['X', 'Y', 'c', 'hpred', 'hloss', 'hprob'])
0 0.0
Epoch: [0][0/48]	Time 0.675 (0.675)	Loss 14.3607 (14.3607)	Prec@1 9.375 (9.375)
1 8.333333333333334e-06
2 1.6666666666666667e-05
3 2.4999999999999998e-05
4 3.3333333333333335e-05
5 4.166666666666667e-05
6 4.9999999999999996e-05
7 5.833333333333334e-05
8 6.666666666666667e-05
9 7.5e-05
10 8.333333333333334e-05
Epoch: [0][10/48]	Time 0.059 (0.117)	Loss 12.3502 (13.6499)	Prec@1 8.203 (10.014)
11 9.166666666666667e-05
12 9.999999999999999e-05
13 0.00010833333333333334
14 0.00011666666666666668
15 0.000125
16 0.00013333333333333334
17 0.00014166666666666668
18 0.00015
19 0.00015833333333333332
20 0.0001666666666666667
Epoch: [0][20/48]	Time 0.059 (0.090)	Loss 10.1147 (12.3607)	Prec@1 7.031 (7.850)
21 0.000175
22 0.00018333333333333334
23 0.00019166666666666667
24 0.00019999999999999998
25 0.00020833333333333335
26 0.00021666666666666668
27 0.00022500000000000002
28 0.00023333333333333336
29 0.00024166666666666664
30 0.00025
Epoch: [0][30/48]	Time 0.062 (0.081)	Loss 9.5352 (11.5213)	Prec@1 6.641 (7.208)
31 0.00025833333333333334
32 0.0002666666666666667
33 0.000275
34 0.00028333333333333335
35 0.0002916666666666667
36 0.0003
37 0.0003083333333333333
38 0.00031666666666666665
39 0.000325
40 0.0003333333333333334
Epoch: [0][40/48]	Time 0.060 (0.076)	Loss 9.4617 (11.0569)	Prec@1 2.734 (6.831)
41 0.0003416666666666667
42 0.00035
43 0.00035833333333333333
44 0.00036666666666666667
45 0.000375
46 0.00038333333333333334
47 0.0003916666666666667
{'coverage': '104 out of4096', 'system_accuracy': tensor(88.4277), 'expert_accuracy': tensor(88.7274), 'classifier_accuracy': 76.923002958651, 'alone_classifier': 77.24609375, 'validation_loss': 9.583308458328247, 'n_experts': 8, 'expert_0': 0.0, 'expert_1': 0.0, 'expert_2': 0.0, 'expert_3': 71.63110406935593, 'expert_4': tensor(64.5831), 'expert_5': tensor(70.7690), 'expert_6': 80.56531408811725, 'expert_7': 90.79327789268802}
Saving the model with classifier accuracy 76.923002958651
48 0.00039999999999999996
Epoch: [1][0/48]	Time 0.066 (0.066)	Loss 9.5495 (9.5495)	Prec@1 2.734 (2.734)
49 0.0004083333333333333
50 0.0004166666666666667
51 0.00042500000000000003
52 0.00043333333333333337
53 0.0004416666666666667
54 0.00045000000000000004
55 0.0004583333333333334
56 0.0004666666666666667
57 0.00047500000000000005
58 0.0004833333333333333
Epoch: [1][10/48]	Time 0.062 (0.064)	Loss 9.1743 (9.4266)	Prec@1 9.375 (3.374)
59 0.0004916666666666666
60 0.0005
61 0.0005083333333333333
62 0.0005166666666666667
63 0.000525
64 0.0005333333333333334
65 0.0005416666666666666
66 0.00055
67 0.0005583333333333333
68 0.0005666666666666667
Epoch: [1][20/48]	Time 0.062 (0.064)	Loss 9.0799 (9.4263)	Prec@1 11.328 (6.120)
69 0.0005750000000000001
70 0.0005833333333333334
71 0.0005916666666666667
72 0.0006
73 0.0006083333333333333
74 0.0006166666666666666
75 0.000625
76 0.0006333333333333333
77 0.0006416666666666667
78 0.00065
Epoch: [1][30/48]	Time 0.063 (0.064)	Loss 9.0172 (9.3622)	Prec@1 4.297 (5.809)
79 0.0006583333333333334
80 0.0006666666666666668
81 0.000675
82 0.0006833333333333334
83 0.0006916666666666667
84 0.0007
85 0.0007083333333333333
86 0.0007166666666666667
87 0.000725
88 0.0007333333333333333
Epoch: [1][40/48]	Time 0.062 (0.064)	Loss 9.4987 (9.3586)	Prec@1 8.984 (6.212)
89 0.0007416666666666666
90 0.00075
91 0.0007583333333333334
92 0.0007666666666666667
93 0.0007750000000000001
94 0.0007833333333333334
95 0.0007916666666666668
{'coverage': '319 out of4096', 'system_accuracy': tensor(85.7666), 'expert_accuracy': tensor(86.2589), 'classifier_accuracy': 79.93727901652696, 'alone_classifier': 77.2705078125, 'validation_loss': 9.244570672512054, 'n_experts': 8, 'expert_0': 0.0, 'expert_1': 0.0, 'expert_2': 0.0, 'expert_3': 75.68800395595967, 'expert_4': tensor(51.5148), 'expert_5': tensor(76.2790), 'expert_6': 82.90907583471349, 'expert_7': 90.49772936672133}
Saving the model with classifier accuracy 79.93727901652696
96 0.0007999999999999999
Epoch: [2][0/48]	Time 0.068 (0.068)	Loss 9.2270 (9.2270)	Prec@1 3.906 (3.906)
97 0.0008083333333333333
98 0.0008166666666666666
99 0.000825
100 0.0008333333333333334
101 0.0008416666666666667
102 0.0008500000000000001
103 0.0008583333333333333
104 0.0008666666666666667
105 0.000875
106 0.0008833333333333334
Epoch: [2][10/48]	Time 0.061 (0.064)	Loss 8.4366 (9.0089)	Prec@1 6.641 (5.220)
107 0.0008916666666666667
108 0.0009000000000000001
109 0.0009083333333333334
110 0.0009166666666666668
111 0.000925
112 0.0009333333333333334
113 0.0009416666666666667
114 0.0009500000000000001
115 0.0009583333333333335
116 0.0009666666666666666
Epoch: [2][20/48]	Time 0.061 (0.063)	Loss 8.9982 (9.0181)	Prec@1 4.688 (5.766)
117 0.000975
118 0.0009833333333333332
119 0.0009916666666666665
120 0.001
121 0.0010083333333333333
122 0.0010166666666666666
123 0.001025
124 0.0010333333333333334
125 0.0010416666666666667
126 0.00105
Epoch: [2][30/48]	Time 0.067 (0.063)	Loss 8.8692 (9.0116)	Prec@1 6.250 (5.683)
127 0.0010583333333333334
128 0.0010666666666666667
129 0.001075
130 0.0010833333333333333
131 0.0010916666666666668
132 0.0011
133 0.0011083333333333333
134 0.0011166666666666666
135 0.0011250000000000001
136 0.0011333333333333334
Epoch: [2][40/48]	Time 0.061 (0.062)	Loss 8.7424 (8.9737)	Prec@1 10.938 (6.793)
137 0.0011416666666666667
138 0.0011500000000000002
139 0.0011583333333333335
140 0.0011666666666666668
141 0.0011749999999999998
142 0.0011833333333333333
143 0.0011916666666666666
{'coverage': '555 out of4096', 'system_accuracy': tensor(86.1084), 'expert_accuracy': tensor(86.8399), 'classifier_accuracy': 81.4414267673105, 'alone_classifier': 77.2216796875, 'validation_loss': 8.914850652217865, 'n_experts': 8, 'expert_0': 49.99500049995, 'expert_1': 0.0, 'expert_2': tensor(49.9950), 'expert_3': 74.59004165566941, 'expert_4': tensor(46.6660), 'expert_5': tensor(70.5607), 'expert_6': 80.02678819657153, 'expert_7': 91.27048432209145}
Saving the model with classifier accuracy 81.4414267673105
144 0.0012
Epoch: [3][0/48]	Time 0.065 (0.065)	Loss 8.5614 (8.5614)	Prec@1 13.281 (13.281)
145 0.0012083333333333334
146 0.0012166666666666667
147 0.001225
148 0.0012333333333333332
149 0.0012416666666666667
150 0.00125
151 0.0012583333333333333
152 0.0012666666666666666
153 0.001275
154 0.0012833333333333334
Epoch: [3][10/48]	Time 0.062 (0.063)	Loss 8.5156 (8.7449)	Prec@1 14.062 (8.345)
155 0.0012916666666666667
156 0.0013
157 0.0013083333333333334
158 0.0013166666666666667
159 0.001325
160 0.0013333333333333335
161 0.0013416666666666668
162 0.00135
163 0.0013583333333333334
164 0.0013666666666666669
Epoch: [3][20/48]	Time 0.064 (0.064)	Loss 8.8113 (8.7418)	Prec@1 7.422 (9.319)
165 0.0013750000000000001
166 0.0013833333333333334
167 0.0013916666666666667
168 0.0014
169 0.0014083333333333333
170 0.0014166666666666666
171 0.001425
172 0.0014333333333333333
173 0.0014416666666666666
174 0.00145
Epoch: [3][30/48]	Time 0.062 (0.063)	Loss 8.8482 (8.7549)	Prec@1 17.188 (10.295)
175 0.0014583333333333334
176 0.0014666666666666667
177 0.001475
178 0.0014833333333333332
179 0.0014916666666666667
180 0.0015
181 0.0015083333333333333
182 0.0015166666666666668
183 0.001525
184 0.0015333333333333334
Epoch: [3][40/48]	Time 0.067 (0.063)	Loss 8.4735 (8.7445)	Prec@1 12.891 (10.318)
185 0.0015416666666666667
186 0.0015500000000000002
187 0.0015583333333333334
188 0.0015666666666666667
189 0.001575
190 0.0015833333333333335
191 0.0015916666666666668
{'coverage': '247 out of4096', 'system_accuracy': tensor(88.9648), 'expert_accuracy': tensor(89.2440), 'classifier_accuracy': 84.61535035815776, 'alone_classifier': 77.4658203125, 'validation_loss': 8.62488842010498, 'n_experts': 8, 'expert_0': 0.0, 'expert_1': 0.0, 'expert_2': 0.0, 'expert_3': 79.2791364339884, 'expert_4': tensor(79.9984), 'expert_5': tensor(69.6426), 'expert_6': 80.70647787691419, 'expert_7': 90.88982500666918}
Saving the model with classifier accuracy 84.61535035815776
192 0.0015999999999999999
Epoch: [4][0/48]	Time 0.072 (0.072)	Loss 9.0229 (9.0229)	Prec@1 6.250 (6.250)
193 0.0016083333333333334
194 0.0016166666666666666
195 0.001625
196 0.0016333333333333332
197 0.0016416666666666667
198 0.00165
199 0.0016583333333333333
200 0.0016666666666666668
201 0.0016750000000000003
202 0.0016833333333333333
Epoch: [4][10/48]	Time 0.063 (0.065)	Loss 8.3957 (8.6850)	Prec@1 23.438 (10.831)
203 0.0016916666666666668
204 0.0017000000000000001
205 0.0017083333333333332
206 0.0017166666666666667
207 0.001725
208 0.0017333333333333335
209 0.0017416666666666665
210 0.00175
211 0.0017583333333333333
212 0.0017666666666666668
Epoch: [4][20/48]	Time 0.067 (0.064)	Loss 8.6397 (8.5923)	Prec@1 21.875 (9.952)
213 0.0017749999999999999
214 0.0017833333333333334
215 0.0017916666666666667
216 0.0018000000000000002
217 0.0018083333333333332
218 0.0018166666666666667
219 0.001825
220 0.0018333333333333335
221 0.0018416666666666666
222 0.00185
Epoch: [4][30/48]	Time 0.061 (0.063)	Loss 8.7790 (8.5905)	Prec@1 3.906 (10.509)
223 0.0018583333333333334
224 0.0018666666666666669
225 0.001875
226 0.0018833333333333334
227 0.0018916666666666667
228 0.0019000000000000002
229 0.0019083333333333333
230 0.001916666666666667
231 0.001925
232 0.0019333333333333331
Epoch: [4][40/48]	Time 0.060 (0.063)	Loss 8.3496 (8.6031)	Prec@1 28.516 (11.252)
233 0.0019416666666666666
234 0.00195
235 0.001958333333333333
236 0.0019666666666666665
237 0.001975
238 0.001983333333333333
239 0.0019916666666666668
{'coverage': '219 out of4096', 'system_accuracy': tensor(89.9658), 'expert_accuracy': tensor(89.9407), 'classifier_accuracy': 90.41091762058556, 'alone_classifier': 77.978515625, 'validation_loss': 8.486088037490845, 'n_experts': 8, 'expert_0': 0.0, 'expert_1': 0.0, 'expert_2': 0.0, 'expert_3': 77.27258677711495, 'expert_4': tensor(49.9987), 'expert_5': tensor(72.9726), 'expert_6': 86.06543267961855, 'expert_7': 90.72221718209904}
Saving the model with classifier accuracy 90.41091762058556
240 0.002
Epoch: [5][0/48]	Time 0.067 (0.067)	Loss 8.7628 (8.7628)	Prec@1 4.688 (4.688)
241 0.0020083333333333333
242 0.0020166666666666666
243 0.0020250000000000003
244 0.002033333333333333
245 0.002041666666666667
246 0.00205
247 0.0020583333333333335
248 0.0020666666666666667
249 0.002075
250 0.0020833333333333333
Epoch: [5][10/48]	Time 0.067 (0.064)	Loss 8.6890 (8.4429)	Prec@1 5.469 (19.212)
251 0.002091666666666667
252 0.0021
253 0.0021083333333333336
254 0.002116666666666667
255 0.002125
256 0.0021333333333333334
257 0.0021416666666666667
258 0.00215
259 0.0021583333333333333
260 0.0021666666666666666
Epoch: [5][20/48]	Time 0.068 (0.064)	Loss 8.6789 (8.4213)	Prec@1 7.422 (16.611)
261 0.002175
262 0.0021833333333333336
263 0.0021916666666666664
264 0.0022
265 0.0022083333333333334
266 0.0022166666666666667
267 0.002225
268 0.0022333333333333333
269 0.0022416666666666665
270 0.0022500000000000003
Epoch: [5][30/48]	Time 0.061 (0.064)	Loss 8.5760 (8.4601)	Prec@1 11.719 (14.831)
271 0.002258333333333333
272 0.002266666666666667
273 0.002275
274 0.0022833333333333334
275 0.0022916666666666667
276 0.0023000000000000004
277 0.0023083333333333332
278 0.002316666666666667
279 0.0023250000000000002
280 0.0023333333333333335
Epoch: [5][40/48]	Time 0.061 (0.065)	Loss 8.7081 (8.4443)	Prec@1 7.031 (13.110)
281 0.002341666666666667
282 0.0023499999999999997
283 0.0023583333333333334
284 0.0023666666666666667
285 0.002375
286 0.0023833333333333332
287 0.002391666666666667
{'coverage': '608 out of4096', 'system_accuracy': tensor(89.7949), 'expert_accuracy': tensor(90.2523), 'classifier_accuracy': 87.17103829423712, 'alone_classifier': 77.9052734375, 'validation_loss': 8.426049292087555, 'n_experts': 8, 'expert_0': 0.0, 'expert_1': 0.0, 'expert_2': 99.98000399920016, 'expert_3': 83.7205408346938, 'expert_4': tensor(69.9986), 'expert_5': tensor(49.9950), 'expert_6': 99.99714293877317, 'expert_7': 90.39415530545078}
Saving the model with classifier accuracy 87.17103829423712
288 0.0024
Epoch: [6][0/48]	Time 0.066 (0.066)	Loss 8.3269 (8.3269)	Prec@1 16.406 (16.406)
289 0.0024083333333333335
290 0.002416666666666667
291 0.002425
292 0.0024333333333333334
293 0.0024416666666666666
294 0.00245
295 0.0024583333333333336
296 0.0024666666666666665
297 0.002475
298 0.0024833333333333335
Epoch: [6][10/48]	Time 0.064 (0.065)	Loss 8.0656 (8.3575)	Prec@1 17.578 (12.500)
299 0.0024916666666666668
300 0.0025
301 0.0025083333333333333
302 0.0025166666666666666
303 0.0025250000000000003
304 0.002533333333333333
305 0.002541666666666667
306 0.00255
307 0.0025583333333333335
308 0.0025666666666666667
Epoch: [6][20/48]	Time 0.062 (0.064)	Loss 8.2712 (8.3446)	Prec@1 11.328 (12.816)
309 0.002575
310 0.0025833333333333333
311 0.0025916666666666666
312 0.0026
313 0.002608333333333333
314 0.002616666666666667
315 0.0026249999999999997
316 0.0026333333333333334
317 0.0026416666666666667
318 0.00265
Epoch: [6][30/48]	Time 0.067 (0.064)	Loss 8.2190 (8.3534)	Prec@1 11.719 (11.429)
319 0.0026583333333333333
320 0.002666666666666667
321 0.002675
322 0.0026833333333333336
323 0.002691666666666667
324 0.0027
325 0.0027083333333333334
326 0.0027166666666666667
327 0.002725
328 0.0027333333333333337
Epoch: [6][40/48]	Time 0.065 (0.064)	Loss 8.1095 (8.3726)	Prec@1 28.906 (12.043)
329 0.0027416666666666666
330 0.0027500000000000003
331 0.0027583333333333336
332 0.002766666666666667
333 0.002775
334 0.0027833333333333334
335 0.0027916666666666667
{'coverage': '964 out of4096', 'system_accuracy': tensor(89.0625), 'expert_accuracy': tensor(89.8467), 'classifier_accuracy': 86.51451384704214, 'alone_classifier': 78.5400390625, 'validation_loss': 8.366831064224243, 'n_experts': 8, 'expert_0': 0.0, 'expert_1': 99.98000399920016, 'expert_2': tensor(0.), 'expert_3': 66.66444451851605, 'expert_4': 0.0, 'expert_5': 0.0, 'expert_6': 82.50648433081759, 'expert_7': 90.98539481858433}
Saving the model with classifier accuracy 86.51451384704214
336 0.0028
Epoch: [7][0/48]	Time 0.067 (0.067)	Loss 8.0469 (8.0469)	Prec@1 21.094 (21.094)
337 0.0028083333333333333
338 0.0028166666666666665
339 0.0028250000000000003
340 0.002833333333333333
341 0.002841666666666667
342 0.00285
343 0.0028583333333333334
344 0.0028666666666666667
345 0.002875
346 0.0028833333333333332
Epoch: [7][10/48]	Time 0.065 (0.064)	Loss 8.4101 (8.4090)	Prec@1 25.391 (19.815)
347 0.002891666666666667
348 0.0029
349 0.0029083333333333335
350 0.002916666666666667
351 0.002925
352 0.0029333333333333334
353 0.002941666666666667
354 0.00295
355 0.0029583333333333336
356 0.0029666666666666665
Epoch: [7][20/48]	Time 0.060 (0.064)	Loss 8.2362 (8.3704)	Prec@1 25.391 (20.703)
357 0.002975
358 0.0029833333333333335
359 0.0029916666666666663
360 0.003
361 0.0030083333333333333
362 0.0030166666666666666
363 0.003025
364 0.0030333333333333336
365 0.0030416666666666665
366 0.00305
Epoch: [7][30/48]	Time 0.060 (0.064)	Loss 8.0783 (8.3850)	Prec@1 1.562 (19.304)
367 0.0030583333333333335
368 0.0030666666666666668
369 0.003075
370 0.0030833333333333333
371 0.0030916666666666666
372 0.0031000000000000003
373 0.003108333333333333
374 0.003116666666666667
375 0.003125
376 0.0031333333333333335
Epoch: [7][40/48]	Time 0.060 (0.063)	Loss 8.5800 (8.3947)	Prec@1 8.594 (18.302)
377 0.0031416666666666667
378 0.00315
379 0.0031583333333333333
380 0.003166666666666667
381 0.003175
382 0.0031833333333333336
383 0.003191666666666667
{'coverage': '286 out of4096', 'system_accuracy': 90.087890625, 'expert_accuracy': 90.15747558228475, 'classifier_accuracy': 89.16080798573148, 'alone_classifier': 78.1982421875, 'validation_loss': 8.61046016216278, 'n_experts': 8, 'expert_0': 99.98000399920016, 'expert_1': 99.98000399920016, 'expert_2': 0.0, 'expert_3': 70.83321527797453, 'expert_4': 0.0, 'expert_5': 0.0, 'expert_6': 0.0, 'expert_7': 90.78090613986409}
384 0.0031999999999999997
Epoch: [8][0/48]	Time 0.066 (0.066)	Loss 8.4511 (8.4511)	Prec@1 4.297 (4.297)
385 0.0032083333333333334
386 0.0032166666666666667
387 0.003225
388 0.0032333333333333333
389 0.0032416666666666666
390 0.00325
391 0.0032583333333333336
392 0.0032666666666666664
393 0.003275
394 0.0032833333333333334
Epoch: [8][10/48]	Time 0.061 (0.063)	Loss 7.9528 (8.3362)	Prec@1 12.891 (13.494)
395 0.0032916666666666667
396 0.0033
397 0.0033083333333333337
398 0.0033166666666666665
399 0.0033250000000000003
400 0.0033333333333333335
401 0.0033416666666666664
402 0.0033500000000000005
403 0.0033583333333333334
404 0.0033666666666666667
Epoch: [8][20/48]	Time 0.061 (0.063)	Loss 7.8904 (8.3078)	Prec@1 20.312 (14.881)
405 0.003375
406 0.0033833333333333337
407 0.003391666666666667
408 0.0034000000000000002
409 0.003408333333333333
410 0.0034166666666666664
411 0.003425
412 0.0034333333333333334
413 0.0034416666666666667
414 0.00345
Epoch: [8][30/48]	Time 0.067 (0.063)	Loss 8.4223 (8.2787)	Prec@1 7.422 (15.071)
415 0.0034583333333333337
416 0.003466666666666667
417 0.003475
418 0.003483333333333333
419 0.003491666666666667
420 0.0035
421 0.0035083333333333334
422 0.0035166666666666666
423 0.0035250000000000004
424 0.0035333333333333336
Epoch: [8][40/48]	Time 0.060 (0.063)	Loss 8.2036 (8.3007)	Prec@1 28.906 (15.711)
425 0.0035416666666666665
426 0.0035499999999999998
427 0.003558333333333334
428 0.0035666666666666668
429 0.003575
430 0.0035833333333333333
431 0.003591666666666667
{'coverage': '1296 out of4096', 'system_accuracy': tensor(89.1357), 'expert_accuracy': tensor(90.4286), 'classifier_accuracy': 86.34258593035602, 'alone_classifier': 78.662109375, 'validation_loss': 8.476323306560516, 'n_experts': 8, 'expert_0': 33.33111125924938, 'expert_1': 0.0, 'expert_2': 0.0, 'expert_3': 83.33194446759221, 'expert_4': tensor(66.6622), 'expert_5': 99.9900009999, 'expert_6': 63.15722992389554, 'expert_7': 90.72799053038823}
432 0.0036000000000000003
Epoch: [9][0/48]	Time 0.065 (0.065)	Loss 8.2299 (8.2299)	Prec@1 30.859 (30.859)
433 0.003608333333333333
434 0.0036166666666666665
435 0.0036250000000000006
436 0.0036333333333333335
437 0.0036416666666666667
438 0.00365
439 0.003658333333333333
440 0.003666666666666667
441 0.0036750000000000003
442 0.003683333333333333
Epoch: [9][10/48]	Time 0.061 (0.063)	Loss 8.0571 (8.1810)	Prec@1 17.969 (16.584)
443 0.0036916666666666664
444 0.0037
445 0.0037083333333333334
446 0.0037166666666666667
447 0.0037249999999999996
448 0.0037333333333333337
449 0.003741666666666667
450 0.00375
451 0.003758333333333333
452 0.003766666666666667
Epoch: [9][20/48]	Time 0.061 (0.063)	Loss 8.1685 (8.2538)	Prec@1 5.469 (17.262)
453 0.003775
454 0.0037833333333333334
455 0.0037916666666666667
456 0.0038000000000000004
457 0.0038083333333333337
458 0.0038166666666666666
459 0.003825
460 0.003833333333333334
461 0.003841666666666667
462 0.00385
Epoch: [9][30/48]	Time 0.061 (0.063)	Loss 8.5109 (8.2942)	Prec@1 18.750 (16.280)
463 0.0038583333333333334
464 0.0038666666666666663
465 0.0038750000000000004
466 0.0038833333333333333
467 0.0038916666666666665
468 0.0039
469 0.003908333333333334
470 0.003916666666666666
471 0.003925
472 0.003933333333333333
Epoch: [9][40/48]	Time 0.064 (0.063)	Loss 8.4907 (8.3046)	Prec@1 30.078 (15.873)
473 0.003941666666666667
474 0.00395
475 0.003958333333333334
476 0.003966666666666666
477 0.003975
478 0.0039833333333333335
479 0.003991666666666667
{'coverage': '1079 out of4096', 'system_accuracy': tensor(89.9658), 'expert_accuracy': tensor(90.2884), 'classifier_accuracy': 89.06393984578871, 'alone_classifier': 78.7353515625, 'validation_loss': 8.3483247756958, 'n_experts': 8, 'expert_0': 33.33111125924938, 'expert_1': 0.0, 'expert_2': 0.0, 'expert_3': 0.0, 'expert_4': 0.0, 'expert_5': tensor(69.7671), 'expert_6': 0.0, 'expert_7': 90.67339456744818}
Saving the model with classifier accuracy 89.06393984578871
480 0.004
Epoch: [10][0/48]	Time 0.068 (0.068)	Loss 8.5405 (8.5405)	Prec@1 24.219 (24.219)
481 0.004008333333333333
482 0.004016666666666667
483 0.004025
484 0.004033333333333333
485 0.004041666666666667
486 0.004050000000000001
487 0.004058333333333333
488 0.004066666666666666
489 0.004075
490 0.004083333333333334
Epoch: [10][10/48]	Time 0.063 (0.066)	Loss 7.8940 (8.2514)	Prec@1 0.781 (16.761)
491 0.004091666666666667
492 0.0041
493 0.004108333333333333
494 0.004116666666666667
495 0.004125
496 0.0041333333333333335
497 0.004141666666666667
498 0.00415
499 0.004158333333333333
500 0.004166666666666667
Epoch: [10][20/48]	Time 0.062 (0.065)	Loss 8.5471 (8.2902)	Prec@1 21.484 (17.355)
501 0.004175
502 0.004183333333333334
503 0.0041916666666666665
504 0.0042
505 0.004208333333333333
506 0.004216666666666667
507 0.0042250000000000005
508 0.004233333333333334
509 0.004241666666666666
510 0.00425
Epoch: [10][30/48]	Time 0.063 (0.064)	Loss 8.1201 (8.3082)	Prec@1 3.906 (20.653)
511 0.004258333333333334
512 0.004266666666666667
513 0.004275
514 0.0042833333333333334
515 0.004291666666666667
516 0.0043
517 0.004308333333333333
518 0.004316666666666667
519 0.004325000000000001
520 0.004333333333333333
Epoch: [10][40/48]	Time 0.060 (0.064)	Loss 8.2732 (8.2914)	Prec@1 45.703 (19.388)
521 0.004341666666666666
522 0.00435
523 0.004358333333333334
524 0.004366666666666667
525 0.004375
526 0.004383333333333333
527 0.004391666666666667
{'coverage': '2091 out of4096', 'system_accuracy': 88.57421875, 'expert_accuracy': 90.47380643652804, 'classifier_accuracy': 86.752745731576, 'alone_classifier': 78.22265625, 'validation_loss': 8.367869675159454, 'n_experts': 8, 'expert_0': 0.0, 'expert_1': 0.0, 'expert_2': 0.0, 'expert_3': 0.0, 'expert_4': 0.0, 'expert_5': 0.0, 'expert_6': 74.99875002083299, 'expert_7': 90.56697535705214}
528 0.0044
Epoch: [11][0/48]	Time 0.066 (0.066)	Loss 8.1622 (8.1622)	Prec@1 43.750 (43.750)
529 0.0044083333333333335
530 0.004416666666666667
531 0.004425
532 0.004433333333333333
533 0.004441666666666667
534 0.00445
535 0.004458333333333334
536 0.0044666666666666665
537 0.004475
538 0.004483333333333333
Epoch: [11][10/48]	Time 0.060 (0.063)	Loss 7.8028 (8.1986)	Prec@1 46.484 (29.474)
539 0.004491666666666666
540 0.0045000000000000005
541 0.004508333333333334
542 0.004516666666666666
543 0.0045249999999999995
544 0.004533333333333334
545 0.004541666666666667
546 0.00455
547 0.0045583333333333335
548 0.004566666666666667
Epoch: [11][20/48]	Time 0.066 (0.063)	Loss 8.4882 (8.2384)	Prec@1 18.750 (23.605)
549 0.004575
550 0.004583333333333333
551 0.004591666666666667
552 0.004600000000000001
553 0.004608333333333333
554 0.0046166666666666665
555 0.004625
556 0.004633333333333334
557 0.004641666666666667
558 0.0046500000000000005
Epoch: [11][30/48]	Time 0.061 (0.063)	Loss 8.3815 (8.3088)	Prec@1 13.281 (21.081)
559 0.004658333333333333
560 0.004666666666666667
561 0.004675
562 0.004683333333333334
563 0.004691666666666667
564 0.004699999999999999
565 0.0047083333333333335
566 0.004716666666666667
567 0.004725
568 0.004733333333333333
Epoch: [11][40/48]	Time 0.064 (0.063)	Loss 8.2091 (8.2799)	Prec@1 10.547 (18.426)
569 0.004741666666666667
570 0.00475
571 0.004758333333333333
572 0.0047666666666666664
573 0.004775000000000001
574 0.004783333333333334
575 0.004791666666666666
{'coverage': '244 out of4096', 'system_accuracy': 90.771484375, 'expert_accuracy': 90.73208251650662, 'classifier_accuracy': 91.39340516663722, 'alone_classifier': 79.541015625, 'validation_loss': 8.282110959291458, 'n_experts': 8, 'expert_0': 0.0, 'expert_1': 0.0, 'expert_2': 0.0, 'expert_3': 0.0, 'expert_4': 0.0, 'expert_5': 0.0, 'expert_6': 57.14122453644181, 'expert_7': 90.7932332487265}
Saving the model with classifier accuracy 91.39340516663722
576 0.0048
Epoch: [12][0/48]	Time 0.066 (0.066)	Loss 8.3945 (8.3945)	Prec@1 6.250 (6.250)
577 0.004808333333333334
578 0.004816666666666667
579 0.004825
580 0.004833333333333334
581 0.004841666666666667
582 0.00485
583 0.004858333333333333
584 0.004866666666666667
585 0.004875000000000001
586 0.004883333333333333
Epoch: [12][10/48]	Time 0.063 (0.064)	Loss 8.4254 (8.3104)	Prec@1 30.078 (23.544)
587 0.0048916666666666666
588 0.0049
589 0.004908333333333333
590 0.004916666666666667
591 0.004925
592 0.004933333333333333
593 0.004941666666666666
594 0.00495
595 0.004958333333333334
596 0.004966666666666667
Epoch: [12][20/48]	Time 0.063 (0.063)	Loss 8.3298 (8.3124)	Prec@1 25.000 (23.196)
597 0.004974999999999999
598 0.0049833333333333335
599 0.004991666666666667
600 0.005
601 0.005008333333333333
602 0.005016666666666667
603 0.005025
604 0.005033333333333333
605 0.0050416666666666665
606 0.005050000000000001
Epoch: [12][30/48]	Time 0.061 (0.065)	Loss 8.4122 (8.2806)	Prec@1 17.188 (20.199)
607 0.005058333333333334
608 0.005066666666666666
609 0.005075
610 0.005083333333333334
611 0.005091666666666667
612 0.0051
613 0.005108333333333334
614 0.005116666666666667
615 0.005125
616 0.0051333333333333335
Epoch: [12][40/48]	Time 0.062 (0.064)	Loss 7.8114 (8.2440)	Prec@1 26.953 (19.903)
617 0.005141666666666667
618 0.00515
619 0.005158333333333333
620 0.005166666666666667
621 0.005175
622 0.005183333333333333
623 0.005191666666666667
{'coverage': '1116 out of4096', 'system_accuracy': tensor(89.9414), 'expert_accuracy': tensor(90.6376), 'classifier_accuracy': 88.08242938329487, 'alone_classifier': 79.4189453125, 'validation_loss': 8.256783485412598, 'n_experts': 8, 'expert_0': 0.0, 'expert_1': 0.0, 'expert_2': 0.0, 'expert_3': 0.0, 'expert_4': 0.0, 'expert_5': tensor(69.9986), 'expert_6': 33.33111125924938, 'expert_7': 90.76507645668511}
Saving the model with classifier accuracy 88.08242938329487
624 0.0052
Epoch: [13][0/48]	Time 0.067 (0.067)	Loss 8.2015 (8.2015)	Prec@1 25.391 (25.391)
625 0.005208333333333333
626 0.005216666666666666
627 0.0052250000000000005
628 0.005233333333333334
629 0.005241666666666667
630 0.0052499999999999995
631 0.005258333333333334
632 0.005266666666666667
633 0.005275
634 0.0052833333333333335
Epoch: [13][10/48]	Time 0.067 (0.065)	Loss 8.3732 (8.2789)	Prec@1 37.109 (30.895)
635 0.005291666666666667
636 0.0053
637 0.005308333333333333
638 0.005316666666666667
639 0.005325000000000001
640 0.005333333333333334
641 0.0053416666666666664
642 0.00535
643 0.005358333333333333
644 0.005366666666666667
Epoch: [13][20/48]	Time 0.066 (0.064)	Loss 8.0099 (8.1454)	Prec@1 5.859 (20.722)
645 0.0053750000000000004
646 0.005383333333333334
647 0.005391666666666666
648 0.0054
649 0.005408333333333334
650 0.005416666666666667
651 0.005425
652 0.005433333333333333
653 0.005441666666666667
654 0.00545
Epoch: [13][30/48]	Time 0.060 (0.064)	Loss 8.2638 (8.1456)	Prec@1 4.688 (20.224)
655 0.005458333333333333
656 0.005466666666666667
657 0.005475
658 0.005483333333333333
659 0.005491666666666666
660 0.0055000000000000005
661 0.005508333333333334
662 0.005516666666666667
663 0.0055249999999999995
664 0.005533333333333334
Epoch: [13][40/48]	Time 0.061 (0.063)	Loss 8.7920 (8.1676)	Prec@1 13.672 (19.817)
665 0.005541666666666667
666 0.00555
667 0.0055583333333333335
668 0.005566666666666667
669 0.005575
670 0.005583333333333333
671 0.005591666666666667
{'coverage': '534 out of4096', 'system_accuracy': 90.2099609375, 'expert_accuracy': 90.28635091036772, 'classifier_accuracy': 89.70035773401541, 'alone_classifier': 79.4677734375, 'validation_loss': 8.197794437408447, 'n_experts': 8, 'expert_0': 0.0, 'expert_1': 0.0, 'expert_2': 0.0, 'expert_3': 0.0, 'expert_4': 99.99333377774815, 'expert_5': 0.0, 'expert_6': 80.95227081323698, 'expert_7': 90.67994779132779}
Saving the model with classifier accuracy 89.70035773401541
672 0.0056
Epoch: [14][0/48]	Time 0.066 (0.066)	Loss 8.3019 (8.3019)	Prec@1 13.672 (13.672)
673 0.005608333333333334
674 0.0056166666666666665
675 0.005625
676 0.005633333333333333
677 0.005641666666666667
678 0.0056500000000000005
679 0.005658333333333334
680 0.005666666666666666
681 0.005675
682 0.005683333333333334
Epoch: [14][10/48]	Time 0.061 (0.064)	Loss 8.3222 (8.2616)	Prec@1 19.141 (17.720)
683 0.005691666666666667
684 0.0057
685 0.0057083333333333335
686 0.005716666666666667
687 0.005725
688 0.005733333333333333
689 0.0057416666666666675
690 0.00575
691 0.005758333333333333
692 0.0057666666666666665
Epoch: [14][20/48]	Time 0.061 (0.064)	Loss 8.1321 (8.2138)	Prec@1 3.125 (20.052)
693 0.005775
694 0.005783333333333334
695 0.005791666666666667
696 0.0058
697 0.005808333333333333
698 0.005816666666666667
699 0.005825
700 0.005833333333333334
701 0.005841666666666667
702 0.00585
Epoch: [14][30/48]	Time 0.061 (0.063)	Loss 7.6184 (8.1932)	Prec@1 28.906 (21.144)
703 0.0058583333333333334
704 0.005866666666666667
705 0.005875
706 0.005883333333333334
707 0.005891666666666667
708 0.0059
709 0.005908333333333333
710 0.005916666666666667
711 0.005925000000000001
712 0.005933333333333333
Epoch: [14][40/48]	Time 0.061 (0.062)	Loss 8.2671 (8.1894)	Prec@1 22.656 (21.265)
713 0.005941666666666666
714 0.00595
715 0.005958333333333334
716 0.005966666666666667
717 0.005975
718 0.005983333333333333
719 0.005991666666666667
{'coverage': '1177 out of4096', 'system_accuracy': 90.1611328125, 'expert_accuracy': 90.8530256352843, 'classifier_accuracy': 88.44519214569311, 'alone_classifier': 78.6865234375, 'validation_loss': 8.21042862534523, 'n_experts': 8, 'expert_0': 0.0, 'expert_1': 0.0, 'expert_2': 0.0, 'expert_3': 0.0, 'expert_4': 0.0, 'expert_5': 0.0, 'expert_6': 0.0, 'expert_7': 90.8530256352843}
720 0.006
Epoch: [15][0/48]	Time 0.068 (0.068)	Loss 8.3507 (8.3507)	Prec@1 26.953 (26.953)
721 0.006008333333333333
722 0.006016666666666667
723 0.006025
724 0.006033333333333333
725 0.0060416666666666665
726 0.00605
727 0.006058333333333334
728 0.006066666666666667
729 0.006075
730 0.006083333333333333
Epoch: [15][10/48]	Time 0.061 (0.064)	Loss 8.3146 (8.2375)	Prec@1 26.172 (23.722)
731 0.006091666666666667
732 0.0061
733 0.006108333333333334
734 0.006116666666666667
735 0.006125
736 0.0061333333333333335
737 0.006141666666666667
738 0.00615
739 0.006158333333333334
740 0.006166666666666667
Epoch: [15][20/48]	Time 0.061 (0.063)	Loss 8.2025 (8.1968)	Prec@1 0.391 (19.401)
741 0.006175
742 0.006183333333333333
743 0.0061916666666666665
744 0.006200000000000001
745 0.006208333333333333
746 0.006216666666666666
747 0.006225
748 0.006233333333333334
749 0.006241666666666667
750 0.00625
Epoch: [15][30/48]	Time 0.061 (0.063)	Loss 7.8110 (8.1818)	Prec@1 31.250 (21.018)
751 0.006258333333333333
752 0.006266666666666667
753 0.006275
754 0.0062833333333333335
755 0.006291666666666667
756 0.0063
757 0.006308333333333333
758 0.006316666666666667
759 0.006325
760 0.006333333333333334
Epoch: [15][40/48]	Time 0.061 (0.063)	Loss 8.2693 (8.1670)	Prec@1 20.703 (19.131)
761 0.006341666666666667
762 0.00635
763 0.006358333333333333
764 0.006366666666666667
765 0.0063750000000000005
766 0.006383333333333334
767 0.006391666666666667
{'coverage': '1627 out of4096', 'system_accuracy': 90.3564453125, 'expert_accuracy': 90.76548474965696, 'classifier_accuracy': 89.73570438010422, 'alone_classifier': 79.2236328125, 'validation_loss': 8.239926546812057, 'n_experts': 8, 'expert_0': 0.0, 'expert_1': 0.0, 'expert_2': 0.0, 'expert_3': 66.66222251849877, 'expert_4': 0.0, 'expert_5': 0.0, 'expert_6': 84.37447265954587, 'expert_7': 90.87920370754284}
768 0.0063999999999999994
Epoch: [16][0/48]	Time 0.065 (0.065)	Loss 8.1318 (8.1318)	Prec@1 37.109 (37.109)
769 0.006408333333333334
770 0.006416666666666667
771 0.006425
772 0.0064333333333333334
773 0.006441666666666667
774 0.00645
775 0.006458333333333333
776 0.006466666666666667
777 0.006475000000000001
778 0.006483333333333333
Epoch: [16][10/48]	Time 0.067 (0.063)	Loss 8.2278 (8.1187)	Prec@1 12.500 (23.828)
779 0.006491666666666666
780 0.0065
781 0.006508333333333334
782 0.006516666666666667
783 0.006525
784 0.006533333333333333
785 0.006541666666666667
786 0.00655
787 0.0065583333333333335
788 0.006566666666666667
Epoch: [16][20/48]	Time 0.066 (0.063)	Loss 7.8844 (8.0859)	Prec@1 21.875 (22.470)
789 0.006575
790 0.006583333333333333
791 0.006591666666666667
792 0.0066
793 0.006608333333333334
794 0.006616666666666667
795 0.006625
796 0.006633333333333333
797 0.006641666666666666
798 0.0066500000000000005
Epoch: [16][30/48]	Time 0.068 (0.063)	Loss 8.4312 (8.1237)	Prec@1 10.938 (22.492)
799 0.006658333333333334
800 0.006666666666666667
801 0.0066749999999999995
802 0.006683333333333333
803 0.006691666666666666
804 0.006700000000000001
805 0.0067083333333333335
806 0.006716666666666667
807 0.006725
808 0.006733333333333333
Epoch: [16][40/48]	Time 0.061 (0.063)	Loss 8.3548 (8.1503)	Prec@1 19.141 (21.427)
809 0.006741666666666667
810 0.00675
811 0.006758333333333333
812 0.006766666666666667
813 0.006775000000000001
814 0.006783333333333334
815 0.006791666666666667
{'coverage': '388 out of4096', 'system_accuracy': 90.5517578125, 'expert_accuracy': 90.4800382696851, 'classifier_accuracy': 91.23708988734798, 'alone_classifier': 79.248046875, 'validation_loss': 8.15288370847702, 'n_experts': 8, 'expert_0': 0.0, 'expert_1': 0.0, 'expert_2': 0.0, 'expert_3': 0.0, 'expert_4': 0.0, 'expert_5': 0.0, 'expert_6': 0.0, 'expert_7': 90.4800382696851}
Saving the model with classifier accuracy 91.23708988734798
816 0.0068000000000000005
Epoch: [17][0/48]	Time 0.066 (0.066)	Loss 7.8137 (7.8137)	Prec@1 7.031 (7.031)
817 0.006808333333333333
818 0.006816666666666666
819 0.0068249999999999995
820 0.006833333333333333
821 0.006841666666666668
822 0.00685
823 0.0068583333333333335
824 0.006866666666666667
825 0.006875
826 0.006883333333333333
Epoch: [17][10/48]	Time 0.059 (0.062)	Loss 8.4208 (8.1003)	Prec@1 60.156 (26.882)
827 0.006891666666666667
828 0.0069
829 0.006908333333333334
830 0.006916666666666667
831 0.006925000000000001
832 0.006933333333333334
833 0.006941666666666666
834 0.00695
835 0.006958333333333333
836 0.006966666666666666
Epoch: [17][20/48]	Time 0.063 (0.061)	Loss 8.5469 (8.1343)	Prec@1 13.281 (25.353)
837 0.006975000000000001
838 0.006983333333333334
839 0.006991666666666667
840 0.007
841 0.007008333333333333
842 0.007016666666666667
843 0.007025
844 0.007033333333333333
845 0.007041666666666666
846 0.007050000000000001
Epoch: [17][30/48]	Time 0.058 (0.061)	Loss 7.9788 (8.1290)	Prec@1 29.297 (24.798)
847 0.007058333333333334
848 0.007066666666666667
849 0.0070750000000000006
850 0.007083333333333333
851 0.007091666666666666
852 0.0070999999999999995
853 0.007108333333333333
854 0.007116666666666668
855 0.007125
856 0.0071333333333333335
Epoch: [17][40/48]	Time 0.058 (0.061)	Loss 8.5798 (8.1351)	Prec@1 27.344 (24.038)
857 0.007141666666666667
858 0.00715
859 0.007158333333333333
860 0.007166666666666667
861 0.007175
862 0.007183333333333334
863 0.007191666666666667
{'coverage': '262 out of4096', 'system_accuracy': 90.625, 'expert_accuracy': 90.79290084544076, 'classifier_accuracy': 88.16790527942547, 'alone_classifier': 79.541015625, 'validation_loss': 8.19799342751503, 'n_experts': 8, 'expert_0': 0.0, 'expert_1': 0.0, 'expert_2': 0.0, 'expert_3': 57.14122453644181, 'expert_4': 0.0, 'expert_5': 0.0, 'expert_6': 99.99750006249845, 'expert_7': 90.83529244119967}
864 0.007200000000000001
Epoch: [18][0/48]	Time 0.066 (0.066)	Loss 8.4838 (8.4838)	Prec@1 5.859 (5.859)
865 0.007208333333333334
866 0.007216666666666666
867 0.007225
868 0.007233333333333333
869 0.007241666666666666
870 0.007250000000000001
871 0.007258333333333334
872 0.007266666666666667
873 0.007275
874 0.0072833333333333335
Epoch: [18][10/48]	Time 0.063 (0.061)	Loss 7.7704 (8.1376)	Prec@1 3.516 (23.438)
875 0.007291666666666667
876 0.0073
877 0.007308333333333333
878 0.007316666666666666
879 0.007325000000000001
880 0.007333333333333334
881 0.007341666666666667
882 0.007350000000000001
883 0.007358333333333333
884 0.007366666666666666
Epoch: [18][20/48]	Time 0.059 (0.060)	Loss 8.2941 (8.1338)	Prec@1 37.891 (24.237)
885 0.007375
886 0.007383333333333333
887 0.007391666666666668
888 0.0074
889 0.007408333333333334
890 0.007416666666666667
891 0.007425
892 0.0074333333333333335
893 0.007441666666666667
894 0.007449999999999999
Epoch: [18][30/48]	Time 0.060 (0.060)	Loss 8.1914 (8.1253)	Prec@1 18.359 (23.009)
895 0.007458333333333334
896 0.0074666666666666675
897 0.007475000000000001
898 0.007483333333333334
899 0.0074916666666666664
900 0.0075
901 0.007508333333333333
902 0.007516666666666666
903 0.007525
904 0.007533333333333334
Epoch: [18][40/48]	Time 0.059 (0.060)	Loss 8.3635 (8.1338)	Prec@1 5.469 (21.599)
905 0.007541666666666667
906 0.00755
907 0.007558333333333334
908 0.007566666666666667
909 0.007575
910 0.007583333333333333
911 0.007591666666666666
{'coverage': '355 out of4096', 'system_accuracy': 90.6982421875, 'expert_accuracy': 90.75113120817262, 'classifier_accuracy': 90.14081967864234, 'alone_classifier': 79.736328125, 'validation_loss': 8.108319252729416, 'n_experts': 8, 'expert_0': 0.0, 'expert_1': 0.0, 'expert_2': 0.0, 'expert_3': 0.0, 'expert_4': 99.9900009999, 'expert_5': 0.0, 'expert_6': 49.99833338888703, 'expert_7': 90.81167474890572}
Saving the model with classifier accuracy 90.14081967864234
912 0.007600000000000001
Epoch: [19][0/48]	Time 0.063 (0.063)	Loss 8.0707 (8.0707)	Prec@1 6.250 (6.250)
913 0.007608333333333334
914 0.007616666666666667
915 0.007625000000000001
916 0.007633333333333333
917 0.007641666666666666
918 0.00765
919 0.007658333333333333
920 0.007666666666666668
921 0.007675
922 0.007683333333333334
Epoch: [19][10/48]	Time 0.064 (0.068)	Loss 8.1972 (8.1488)	Prec@1 17.969 (18.892)
923 0.007691666666666667
924 0.0077
925 0.0077083333333333335
926 0.007716666666666667
927 0.007724999999999999
928 0.0077333333333333325
929 0.0077416666666666675
930 0.007750000000000001
931 0.007758333333333334
932 0.0077666666666666665
Epoch: [19][20/48]	Time 0.060 (0.064)	Loss 8.2575 (8.1538)	Prec@1 16.016 (21.373)
933 0.007775
934 0.007783333333333333
935 0.007791666666666666
936 0.0078
937 0.007808333333333334
938 0.007816666666666668
939 0.007825
940 0.007833333333333333
941 0.007841666666666667
942 0.00785
Epoch: [19][30/48]	Time 0.063 (0.064)	Loss 8.2163 (8.1198)	Prec@1 6.641 (22.190)
943 0.007858333333333333
944 0.007866666666666666
945 0.007875
946 0.007883333333333334
947 0.007891666666666667
948 0.0079
949 0.007908333333333333
950 0.007916666666666667
951 0.007925
952 0.007933333333333332
Epoch: [19][40/48]	Time 0.061 (0.063)	Loss 7.7858 (8.1134)	Prec@1 16.406 (20.522)
953 0.007941666666666666
954 0.00795
955 0.007958333333333335
956 0.007966666666666667
957 0.007975
958 0.007983333333333334
959 0.007991666666666666
{'coverage': '541 out of4096', 'system_accuracy': 90.3076171875, 'expert_accuracy': 90.40787114442357, 'classifier_accuracy': 89.64878195031757, 'alone_classifier': 79.4677734375, 'validation_loss': 8.133868604898453, 'n_experts': 8, 'expert_0': 0.0, 'expert_1': 0.0, 'expert_2': 0.0, 'expert_3': 99.98000399920016, 'expert_4': 0.0, 'expert_5': 66.66222251849877, 'expert_6': 0.0, 'expert_7': 90.42522723597706}
960 0.008
Epoch: [20][0/48]	Time 0.063 (0.063)	Loss 8.5433 (8.5433)	Prec@1 13.672 (13.672)
961 0.008008333333333333
962 0.008016666666666667
963 0.008025000000000001
964 0.008033333333333333
965 0.008041666666666667
966 0.00805
967 0.008058333333333334
968 0.008066666666666666
969 0.008074999999999999
970 0.008083333333333335
Epoch: [20][10/48]	Time 0.064 (0.060)	Loss 7.8534 (8.0953)	Prec@1 9.766 (16.690)
971 0.008091666666666667
972 0.008100000000000001
973 0.008108333333333334
974 0.008116666666666666
975 0.008125
976 0.008133333333333333
977 0.008141666666666667
978 0.00815
979 0.008158333333333333
980 0.008166666666666668
Epoch: [20][20/48]	Time 0.061 (0.061)	Loss 8.1367 (8.1006)	Prec@1 41.016 (20.573)
981 0.008175
982 0.008183333333333334
983 0.008191666666666667
984 0.0082
985 0.008208333333333333
986 0.008216666666666666
987 0.008225000000000001
988 0.008233333333333334
989 0.008241666666666668
990 0.00825
Epoch: [20][30/48]	Time 0.066 (0.061)	Loss 8.0718 (8.0872)	Prec@1 23.047 (21.900)
991 0.008258333333333333
992 0.008266666666666667
993 0.008275
994 0.008283333333333334
995 0.008291666666666668
996 0.0083
997 0.008308333333333334
998 0.008316666666666667
999 0.008325
1000 0.008333333333333333
Epoch: [20][40/48]	Time 0.066 (0.062)	Loss 8.4151 (8.0998)	Prec@1 16.406 (19.950)
1001 0.008341666666666666
1002 0.00835
1003 0.008358333333333332
1004 0.008366666666666668
1005 0.008375
1006 0.008383333333333333
1007 0.008391666666666667
{'coverage': '926 out of4096', 'system_accuracy': 90.2099609375, 'expert_accuracy': 90.82018354446792, 'classifier_accuracy': 88.12094080767378, 'alone_classifier': 79.4189453125, 'validation_loss': 8.196560472249985, 'n_experts': 8, 'expert_0': 0.0, 'expert_1': 0.0, 'expert_2': 0.0, 'expert_3': 0.0, 'expert_4': 0.0, 'expert_5': 0.0, 'expert_6': 0.0, 'expert_7': 90.84884248350632}
1008 0.0084
Epoch: [21][0/48]	Time 0.068 (0.068)	Loss 8.1056 (8.1056)	Prec@1 22.266 (22.266)
1009 0.008408333333333334
1010 0.008416666666666666
1011 0.008425
1012 0.008433333333333334
1013 0.008441666666666667
1014 0.008450000000000001
1015 0.008458333333333333
1016 0.008466666666666667
1017 0.008475
1018 0.008483333333333332
Epoch: [21][10/48]	Time 0.061 (0.062)	Loss 8.4002 (8.1270)	Prec@1 12.891 (20.490)
1019 0.008491666666666666
1020 0.0085
1021 0.008508333333333335
1022 0.008516666666666667
1023 0.008525
1024 0.008533333333333334
1025 0.008541666666666666
1026 0.00855
1027 0.008558333333333333
1028 0.008566666666666667
Epoch: [21][20/48]	Time 0.062 (0.063)	Loss 8.1915 (8.1069)	Prec@1 17.578 (21.224)
1029 0.008575000000000001
1030 0.008583333333333333
1031 0.008591666666666668
1032 0.0086
1033 0.008608333333333334
1034 0.008616666666666667
1035 0.008624999999999999
1036 0.008633333333333333
1037 0.008641666666666667
1038 0.008650000000000001
Epoch: [21][30/48]	Time 0.062 (0.063)	Loss 8.2063 (8.1048)	Prec@1 26.953 (19.292)
1039 0.008658333333333334
1040 0.008666666666666666
1041 0.008675
1042 0.008683333333333333
1043 0.008691666666666667
1044 0.0087
1045 0.008708333333333334
1046 0.008716666666666668
1047 0.008725
1048 0.008733333333333334
Epoch: [21][40/48]	Time 0.066 (0.063)	Loss 7.8433 (8.1052)	Prec@1 12.109 (18.283)
1049 0.008741666666666667
1050 0.00875
1051 0.008758333333333333
1052 0.008766666666666666
1053 0.008775
1054 0.008783333333333334
1055 0.008791666666666668
{'coverage': '484 out of4096', 'system_accuracy': 90.869140625, 'expert_accuracy': 90.6422984140477, 'classifier_accuracy': 92.56196434670159, 'alone_classifier': 80.37109375, 'validation_loss': 8.101887345314026, 'n_experts': 8, 'expert_0': 0.0, 'expert_1': 0.0, 'expert_2': 0.0, 'expert_3': 0.0, 'expert_4': 0.0, 'expert_5': 0.0, 'expert_6': 0.0, 'expert_7': 90.6422984140477}
Saving the model with classifier accuracy 92.56196434670159
1056 0.0088
Epoch: [22][0/48]	Time 0.068 (0.068)	Loss 8.1355 (8.1355)	Prec@1 9.766 (9.766)
1057 0.008808333333333333
1058 0.008816666666666667
1059 0.008825
1060 0.008833333333333334
1061 0.008841666666666666
1062 0.00885
1063 0.008858333333333334
1064 0.008866666666666667
1065 0.008875000000000001
1066 0.008883333333333333
Epoch: [22][10/48]	Time 0.066 (0.063)	Loss 8.1203 (8.1195)	Prec@1 13.672 (20.597)
1067 0.008891666666666666
1068 0.0089
1069 0.008908333333333332
1070 0.008916666666666668
1071 0.008925
1072 0.008933333333333333
1073 0.008941666666666667
1074 0.00895
1075 0.008958333333333334
1076 0.008966666666666666
Epoch: [22][20/48]	Time 0.064 (0.063)	Loss 7.8547 (8.1171)	Prec@1 15.625 (19.289)
1077 0.008975
1078 0.008983333333333333
1079 0.008991666666666667
1080 0.009000000000000001
1081 0.009008333333333333
1082 0.009016666666666668
1083 0.009025
1084 0.009033333333333332
1085 0.009041666666666667
1086 0.009049999999999999
Epoch: [22][30/48]	Time 0.061 (0.063)	Loss 8.0704 (8.0997)	Prec@1 17.188 (18.662)
1087 0.009058333333333335
1088 0.009066666666666667
1089 0.009075
1090 0.009083333333333334
1091 0.009091666666666666
1092 0.0091
1093 0.009108333333333333
1094 0.009116666666666667
1095 0.009125000000000001
1096 0.009133333333333334
Epoch: [22][40/48]	Time 0.061 (0.063)	Loss 7.7581 (8.0750)	Prec@1 9.766 (18.598)
1097 0.009141666666666668
1098 0.00915
1099 0.009158333333333334
1100 0.009166666666666667
1101 0.009174999999999999
1102 0.009183333333333333
1103 0.009191666666666666
{'coverage': '1016 out of4096', 'system_accuracy': 90.3564453125, 'expert_accuracy': 90.64934476302956, 'classifier_accuracy': 89.46849513105363, 'alone_classifier': 79.833984375, 'validation_loss': 8.108788192272186, 'n_experts': 8, 'expert_0': 0.0, 'expert_1': 0.0, 'expert_2': 0.0, 'expert_3': 0.0, 'expert_4': 0.0, 'expert_5': 0.0, 'expert_6': 99.98000399920016, 'expert_7': 90.6463078501911}
1104 0.009200000000000002
Epoch: [23][0/48]	Time 0.067 (0.067)	Loss 8.1987 (8.1987)	Prec@1 21.094 (21.094)
1105 0.009208333333333334
1106 0.009216666666666666
1107 0.009225
1108 0.009233333333333333
1109 0.009241666666666667
1110 0.00925
1111 0.009258333333333334
1112 0.009266666666666668
1113 0.009275
1114 0.009283333333333334
Epoch: [23][10/48]	Time 0.063 (0.063)	Loss 7.7206 (8.0803)	Prec@1 25.000 (17.259)
1115 0.009291666666666667
1116 0.009300000000000001
1117 0.009308333333333333
1118 0.009316666666666666
1119 0.009325
1120 0.009333333333333334
1121 0.009341666666666667
1122 0.00935
1123 0.009358333333333333
1124 0.009366666666666667
Epoch: [23][20/48]	Time 0.062 (0.063)	Loss 8.0781 (8.0919)	Prec@1 23.828 (17.690)
1125 0.009375
1126 0.009383333333333334
1127 0.009391666666666666
1128 0.009399999999999999
1129 0.009408333333333335
1130 0.009416666666666667
1131 0.009425000000000001
1132 0.009433333333333334
1133 0.009441666666666666
1134 0.00945
Epoch: [23][30/48]	Time 0.068 (0.063)	Loss 7.8907 (8.0632)	Prec@1 40.625 (18.813)
1135 0.009458333333333332
1136 0.009466666666666667
1137 0.009475
1138 0.009483333333333333
1139 0.009491666666666667
1140 0.0095
1141 0.009508333333333334
1142 0.009516666666666666
1143 0.009525
1144 0.009533333333333333
Epoch: [23][40/48]	Time 0.063 (0.063)	Loss 8.2059 (8.0862)	Prec@1 33.203 (19.064)
1145 0.009541666666666667
1146 0.009550000000000001
1147 0.009558333333333334
1148 0.009566666666666668
1149 0.009575
1150 0.009583333333333333
1151 0.009591666666666667
{'coverage': '1267 out of4096', 'system_accuracy': 90.3564453125, 'expert_accuracy': 90.38528876738856, 'classifier_accuracy': 90.29202128713328, 'alone_classifier': 79.3701171875, 'validation_loss': 8.202229797840118, 'n_experts': 8, 'expert_0': 0.0, 'expert_1': 0.0, 'expert_2': 0.0, 'expert_3': 0.0, 'expert_4': 0.0, 'expert_5': 0.0, 'expert_6': 0.0, 'expert_7': 90.38528876738856}
1152 0.0096
Epoch: [24][0/48]	Time 0.067 (0.067)	Loss 8.1776 (8.1776)	Prec@1 28.516 (28.516)
1153 0.009608333333333333
1154 0.009616666666666667
1155 0.009625
1156 0.009633333333333334
1157 0.009641666666666666
1158 0.00965
1159 0.009658333333333333
1160 0.009666666666666667
1161 0.009675
1162 0.009683333333333334
Epoch: [24][10/48]	Time 0.067 (0.064)	Loss 8.2055 (8.1855)	Prec@1 7.422 (20.170)
1163 0.009691666666666668
1164 0.0097
1165 0.009708333333333334
1166 0.009716666666666667
1167 0.009725
1168 0.009733333333333333
1169 0.009741666666666666
1170 0.009750000000000002
1171 0.009758333333333334
1172 0.009766666666666667
Epoch: [24][20/48]	Time 0.067 (0.064)	Loss 8.1385 (8.1220)	Prec@1 55.859 (19.978)
1173 0.009775
1174 0.009783333333333333
1175 0.009791666666666667
1176 0.0098
1177 0.009808333333333334
1178 0.009816666666666666
1179 0.009825
1180 0.009833333333333335
1181 0.009841666666666667
1182 0.00985
Epoch: [24][30/48]	Time 0.063 (0.063)	Loss 8.2454 (8.1526)	Prec@1 32.422 (22.858)
1183 0.009858333333333334
1184 0.009866666666666666
1185 0.009875
1186 0.009883333333333333
1187 0.009891666666666667
1188 0.0099
1189 0.009908333333333333
1190 0.009916666666666667
1191 0.009925
1192 0.009933333333333334
Epoch: [24][40/48]	Time 0.064 (0.063)	Loss 8.3199 (8.1323)	Prec@1 18.750 (20.598)
1193 0.009941666666666666
1194 0.009949999999999999
1195 0.009958333333333335
1196 0.009966666666666667
1197 0.009975000000000001
1198 0.009983333333333334
1199 0.009991666666666666
{'coverage': '714 out of4096', 'system_accuracy': 90.576171875, 'expert_accuracy': 90.77468416471413, 'classifier_accuracy': 89.63584178769723, 'alone_classifier': 79.9560546875, 'validation_loss': 8.110345125198364, 'n_experts': 8, 'expert_0': 0.0, 'expert_1': 0.0, 'expert_2': 0.0, 'expert_3': 0.0, 'expert_4': 0.0, 'expert_5': 0.0, 'expert_6': 0.0, 'expert_7': 90.77468416471413}
Epoch: [25][0/48]	Time 0.065 (0.065)	Loss 8.1669 (8.1669)	Prec@1 16.797 (16.797)
Epoch: [25][10/48]	Time 0.062 (0.063)	Loss 8.3914 (8.1330)	Prec@1 19.922 (18.572)
Epoch: [25][20/48]	Time 0.061 (0.063)	Loss 7.8415 (8.1223)	Prec@1 8.203 (20.145)
Epoch: [25][30/48]	Time 0.067 (0.063)	Loss 7.7970 (8.0889)	Prec@1 32.812 (20.804)
Epoch: [25][40/48]	Time 0.060 (0.063)	Loss 8.5925 (8.1340)	Prec@1 5.078 (18.455)
{'coverage': '451 out of4096', 'system_accuracy': 90.966796875, 'expert_accuracy': 90.80932286368599, 'classifier_accuracy': 92.23944739701832, 'alone_classifier': 80.0048828125, 'validation_loss': 8.07580018043518, 'n_experts': 8, 'expert_0': 0.0, 'expert_1': 0.0, 'expert_2': 0.0, 'expert_3': 0.0, 'expert_4': 0.0, 'expert_5': 0.0, 'expert_6': 99.9900009999, 'expert_7': 90.80427719987499}
Saving the model with classifier accuracy 92.23944739701832
Epoch: [26][0/48]	Time 0.066 (0.066)	Loss 8.0071 (8.0071)	Prec@1 10.938 (10.938)
Epoch: [26][10/48]	Time 0.061 (0.064)	Loss 7.7847 (8.1216)	Prec@1 16.797 (15.483)
Epoch: [26][20/48]	Time 0.062 (0.063)	Loss 8.1945 (8.0802)	Prec@1 44.922 (18.973)
Epoch: [26][30/48]	Time 0.060 (0.063)	Loss 7.9044 (8.0781)	Prec@1 24.609 (20.376)
Epoch: [26][40/48]	Time 0.063 (0.062)	Loss 8.6111 (8.0751)	Prec@1 7.031 (18.979)
{'coverage': '248 out of4096', 'system_accuracy': tensor(90.5029), 'expert_accuracy': tensor(90.7484), 'classifier_accuracy': 86.69351343003491, 'alone_classifier': 79.6142578125, 'validation_loss': 8.110930502414703, 'n_experts': 8, 'expert_0': 0.0, 'expert_1': 0.0, 'expert_2': 0.0, 'expert_3': 0.0, 'expert_4': tensor(0.), 'expert_5': 0.0, 'expert_6': 0.0, 'expert_7': 90.77202543425913}
Epoch: [27][0/48]	Time 0.059 (0.059)	Loss 8.2306 (8.2306)	Prec@1 4.297 (4.297)
Epoch: [27][10/48]	Time 0.063 (0.060)	Loss 8.0004 (8.0458)	Prec@1 28.906 (16.584)
Epoch: [27][20/48]	Time 0.060 (0.060)	Loss 7.9214 (8.0577)	Prec@1 21.094 (17.820)
Epoch: [27][30/48]	Time 0.058 (0.060)	Loss 8.2543 (8.0641)	Prec@1 20.703 (19.204)
Epoch: [27][40/48]	Time 0.061 (0.060)	Loss 7.8498 (8.0736)	Prec@1 22.266 (20.837)
{'coverage': '2146 out of4096', 'system_accuracy': 89.501953125, 'expert_accuracy': 90.66665736752232, 'classifier_accuracy': 88.44361190849897, 'alone_classifier': 78.7109375, 'validation_loss': 8.169821590185165, 'n_experts': 8, 'expert_0': 0.0, 'expert_1': 0.0, 'expert_2': 0.0, 'expert_3': 0.0, 'expert_4': 0.0, 'expert_5': 0.0, 'expert_6': 99.99333377774815, 'expert_7': 90.6522762555443}
Epoch: [28][0/48]	Time 0.063 (0.063)	Loss 7.9833 (7.9833)	Prec@1 47.266 (47.266)
Epoch: [28][10/48]	Time 0.067 (0.064)	Loss 8.0162 (8.1097)	Prec@1 13.281 (16.442)
Epoch: [28][20/48]	Time 0.066 (0.064)	Loss 7.8642 (8.1390)	Prec@1 20.703 (16.834)
Epoch: [28][30/48]	Time 0.063 (0.063)	Loss 7.8850 (8.1154)	Prec@1 20.703 (18.649)
Epoch: [28][40/48]	Time 0.066 (0.063)	Loss 8.0271 (8.0868)	Prec@1 18.359 (17.588)
{'coverage': '296 out of4096', 'system_accuracy': 90.3564453125, 'expert_accuracy': 90.55262681301964, 'classifier_accuracy': 87.83780816290266, 'alone_classifier': 79.150390625, 'validation_loss': 8.129225134849548, 'n_experts': 8, 'expert_0': 0.0, 'expert_1': 0.0, 'expert_2': 0.0, 'expert_3': 0.0, 'expert_4': 0.0, 'expert_5': 0.0, 'expert_6': 0.0, 'expert_7': 90.55262681301964}
Epoch: [29][0/48]	Time 0.064 (0.064)	Loss 8.3639 (8.3639)	Prec@1 3.906 (3.906)
Epoch: [29][10/48]	Time 0.059 (0.061)	Loss 8.4020 (8.1176)	Prec@1 10.938 (23.864)
Epoch: [29][20/48]	Time 0.067 (0.063)	Loss 8.1450 (8.0605)	Prec@1 25.000 (19.978)
Epoch: [29][30/48]	Time 0.060 (0.062)	Loss 8.0303 (8.0553)	Prec@1 38.281 (19.997)
Epoch: [29][40/48]	Time 0.063 (0.063)	Loss 8.0623 (8.0583)	Prec@1 21.484 (19.455)
{'coverage': '1157 out of4096', 'system_accuracy': tensor(90.6250), 'expert_accuracy': tensor(90.8132), 'classifier_accuracy': 90.14692392852862, 'alone_classifier': 79.5654296875, 'validation_loss': 8.110059380531311, 'n_experts': 8, 'expert_0': 0.0, 'expert_1': 0.0, 'expert_2': 0.0, 'expert_3': 0.0, 'expert_4': 0.0, 'expert_5': tensor(49.9950), 'expert_6': 0.0, 'expert_7': 90.84098802580947}
Epoch: [30][0/48]	Time 0.066 (0.066)	Loss 7.9743 (7.9743)	Prec@1 26.562 (26.562)
Epoch: [30][10/48]	Time 0.066 (0.064)	Loss 8.0230 (8.0388)	Prec@1 4.688 (17.010)
Epoch: [30][20/48]	Time 0.060 (0.063)	Loss 8.0146 (8.0559)	Prec@1 24.609 (18.118)
Epoch: [30][30/48]	Time 0.060 (0.063)	Loss 8.1894 (8.0376)	Prec@1 12.109 (18.473)
Epoch: [30][40/48]	Time 0.061 (0.062)	Loss 8.6674 (8.0718)	Prec@1 13.672 (17.273)
{'coverage': '692 out of4096', 'system_accuracy': 91.064453125, 'expert_accuracy': 90.77555283339878, 'classifier_accuracy': 92.48553576798616, 'alone_classifier': 80.17578125, 'validation_loss': 8.08561286330223, 'n_experts': 8, 'expert_0': 0.0, 'expert_1': 0.0, 'expert_2': 0.0, 'expert_3': 0.0, 'expert_4': 0.0, 'expert_5': 0.0, 'expert_6': 0.0, 'expert_7': 90.77555283339878}
Epoch: [31][0/48]	Time 0.067 (0.067)	Loss 8.1679 (8.1679)	Prec@1 14.453 (14.453)
Epoch: [31][10/48]	Time 0.061 (0.062)	Loss 8.0782 (8.0865)	Prec@1 21.875 (13.601)
Epoch: [31][20/48]	Time 0.063 (0.062)	Loss 8.5495 (8.0708)	Prec@1 21.875 (18.620)
Epoch: [31][30/48]	Time 0.061 (0.062)	Loss 7.6997 (8.0629)	Prec@1 14.844 (17.465)
Epoch: [31][40/48]	Time 0.067 (0.063)	Loss 7.9050 (8.0563)	Prec@1 5.078 (15.968)
{'coverage': '1405 out of4096', 'system_accuracy': 90.13671875, 'expert_accuracy': 90.189513921255, 'classifier_accuracy': 90.03558078038571, 'alone_classifier': 80.17578125, 'validation_loss': 8.141016274690628, 'n_experts': 8, 'expert_0': 0.0, 'expert_1': 0.0, 'expert_2': 0.0, 'expert_3': 0.0, 'expert_4': 0.0, 'expert_5': 0.0, 'expert_6': 0.0, 'expert_7': 90.189513921255}
Epoch: [32][0/48]	Time 0.066 (0.066)	Loss 8.3586 (8.3586)	Prec@1 30.469 (30.469)
Epoch: [32][10/48]	Time 0.067 (0.064)	Loss 7.9900 (7.9865)	Prec@1 9.766 (15.483)
Epoch: [32][20/48]	Time 0.066 (0.064)	Loss 8.4021 (8.0603)	Prec@1 30.859 (19.327)
Epoch: [32][30/48]	Time 0.060 (0.063)	Loss 7.9275 (8.0837)	Prec@1 8.594 (20.804)
Epoch: [32][40/48]	Time 0.061 (0.063)	Loss 8.1059 (8.0967)	Prec@1 12.109 (20.027)
{'coverage': '397 out of4096', 'system_accuracy': 90.9423828125, 'expert_accuracy': 90.61908133987124, 'classifier_accuracy': 93.95463628346694, 'alone_classifier': 79.9560546875, 'validation_loss': 8.090577155351639, 'n_experts': 8, 'expert_0': 0.0, 'expert_1': 0.0, 'expert_2': 0.0, 'expert_3': 0.0, 'expert_4': 0.0, 'expert_5': 0.0, 'expert_6': 0.0, 'expert_7': 90.61908133987124}
Epoch: [33][0/48]	Time 0.064 (0.064)	Loss 8.1349 (8.1349)	Prec@1 12.109 (12.109)
Epoch: [33][10/48]	Time 0.060 (0.062)	Loss 8.2143 (8.1017)	Prec@1 22.266 (13.956)
Epoch: [33][20/48]	Time 0.063 (0.063)	Loss 7.7805 (8.0378)	Prec@1 25.781 (18.341)
Epoch: [33][30/48]	Time 0.065 (0.063)	Loss 8.1226 (8.0631)	Prec@1 22.656 (18.473)
Epoch: [33][40/48]	Time 0.060 (0.063)	Loss 8.3110 (8.0627)	Prec@1 10.547 (16.845)
{'coverage': '588 out of4096', 'system_accuracy': 90.6982421875, 'expert_accuracy': 90.79246916804622, 'classifier_accuracy': 90.13603909251036, 'alone_classifier': 80.1025390625, 'validation_loss': 8.09724074602127, 'n_experts': 8, 'expert_0': 0.0, 'expert_1': 0.0, 'expert_2': 0.0, 'expert_3': 0.0, 'expert_4': 0.0, 'expert_5': 0.0, 'expert_6': 0.0, 'expert_7': 90.79246916804622}
Epoch: [34][0/48]	Time 0.067 (0.067)	Loss 8.3213 (8.3213)	Prec@1 12.500 (12.500)
Epoch: [34][10/48]	Time 0.067 (0.063)	Loss 8.0070 (7.9945)	Prec@1 28.516 (18.999)
Epoch: [34][20/48]	Time 0.062 (0.062)	Loss 7.8743 (7.9828)	Prec@1 8.594 (21.410)
Epoch: [34][30/48]	Time 0.061 (0.062)	Loss 8.0482 (8.0074)	Prec@1 14.844 (18.926)
Epoch: [34][40/48]	Time 0.063 (0.062)	Loss 7.9540 (8.0239)	Prec@1 19.531 (19.874)
{'coverage': '729 out of4096', 'system_accuracy': 90.8203125, 'expert_accuracy': 90.9414855395613, 'classifier_accuracy': 90.26061861994258, 'alone_classifier': 79.931640625, 'validation_loss': 8.069688379764557, 'n_experts': 8, 'expert_0': 0.0, 'expert_1': 0.0, 'expert_2': 0.0, 'expert_3': 0.0, 'expert_4': 0.0, 'expert_5': 0.0, 'expert_6': 0.0, 'expert_7': 90.9414855395613}
Saving the model with classifier accuracy 90.26061861994258
Epoch: [35][0/48]	Time 0.066 (0.066)	Loss 8.0866 (8.0866)	Prec@1 14.844 (14.844)
Epoch: [35][10/48]	Time 0.061 (0.063)	Loss 8.0199 (7.9455)	Prec@1 5.469 (12.642)
Epoch: [35][20/48]	Time 0.061 (0.062)	Loss 8.0165 (8.0664)	Prec@1 26.953 (15.532)
Epoch: [35][30/48]	Time 0.067 (0.062)	Loss 8.4955 (8.0627)	Prec@1 46.094 (17.679)
Epoch: [35][40/48]	Time 0.067 (0.063)	Loss 8.1616 (8.0712)	Prec@1 10.547 (18.016)
{'coverage': '1217 out of4096', 'system_accuracy': 90.3076171875, 'expert_accuracy': 90.65647164595542, 'classifier_accuracy': 89.48232625453359, 'alone_classifier': 79.7607421875, 'validation_loss': 8.10712319612503, 'n_experts': 8, 'expert_0': 0.0, 'expert_1': 0.0, 'expert_2': 0.0, 'expert_3': 33.33111125924938, 'expert_4': 0.0, 'expert_5': 0.0, 'expert_6': 0.0, 'expert_7': 90.74781977406471}
Epoch: [36][0/48]	Time 0.067 (0.067)	Loss 8.3439 (8.3439)	Prec@1 31.250 (31.250)
Epoch: [36][10/48]	Time 0.062 (0.064)	Loss 7.7668 (8.0696)	Prec@1 22.266 (27.450)
Epoch: [36][20/48]	Time 0.063 (0.064)	Loss 8.0540 (8.0592)	Prec@1 1.562 (23.103)
Epoch: [36][30/48]	Time 0.060 (0.064)	Loss 7.7519 (8.0378)	Prec@1 15.234 (21.295)
Epoch: [36][40/48]	Time 0.066 (0.063)	Loss 7.9419 (8.0655)	Prec@1 14.844 (21.284)
{'coverage': '526 out of4096', 'system_accuracy': 90.673828125, 'expert_accuracy': 90.6162414220593, 'classifier_accuracy': 91.0646214706043, 'alone_classifier': 80.6884765625, 'validation_loss': 8.07073238492012, 'n_experts': 8, 'expert_0': 0.0, 'expert_1': 0.0, 'expert_2': 0.0, 'expert_3': 0.0, 'expert_4': 0.0, 'expert_5': 0.0, 'expert_6': 0.0, 'expert_7': 90.6162414220593}
Epoch: [37][0/48]	Time 0.065 (0.065)	Loss 7.8718 (7.8718)	Prec@1 10.156 (10.156)
Epoch: [37][10/48]	Time 0.061 (0.065)	Loss 8.1259 (8.0290)	Prec@1 34.375 (22.408)
Epoch: [37][20/48]	Time 0.066 (0.065)	Loss 7.7775 (8.0578)	Prec@1 14.062 (21.187)
Epoch: [37][30/48]	Time 0.060 (0.064)	Loss 7.8628 (8.0503)	Prec@1 12.891 (18.044)
Epoch: [37][40/48]	Time 0.059 (0.063)	Loss 8.0324 (8.0746)	Prec@1 19.922 (18.350)
{'coverage': '1179 out of4096', 'system_accuracy': 90.576171875, 'expert_accuracy': 90.57249978933838, 'classifier_accuracy': 90.58523404705394, 'alone_classifier': 79.248046875, 'validation_loss': 8.155820548534393, 'n_experts': 8, 'expert_0': 0.0, 'expert_1': 0.0, 'expert_2': 0.0, 'expert_3': 0.0, 'expert_4': 0.0, 'expert_5': 0.0, 'expert_6': 0.0, 'expert_7': 90.57249978933838}
Epoch: [38][0/48]	Time 0.063 (0.063)	Loss 7.9996 (7.9996)	Prec@1 25.781 (25.781)
Epoch: [38][10/48]	Time 0.064 (0.061)	Loss 7.9467 (8.0551)	Prec@1 12.500 (25.959)
Epoch: [38][20/48]	Time 0.063 (0.061)	Loss 7.8149 (8.0124)	Prec@1 24.219 (20.889)
Epoch: [38][30/48]	Time 0.058 (0.061)	Loss 8.2330 (8.0415)	Prec@1 26.562 (20.023)
Epoch: [38][40/48]	Time 0.059 (0.061)	Loss 7.9704 (8.0295)	Prec@1 13.281 (19.627)
{'coverage': '606 out of4096', 'system_accuracy': 90.7470703125, 'expert_accuracy': 90.74498047306702, 'classifier_accuracy': 90.75906093084804, 'alone_classifier': 79.8583984375, 'validation_loss': 8.160252422094345, 'n_experts': 8, 'expert_0': 0.0, 'expert_1': 0.0, 'expert_2': 0.0, 'expert_3': 0.0, 'expert_4': 0.0, 'expert_5': 0.0, 'expert_6': 49.99500049995, 'expert_7': 90.76834341924636}
Epoch: [39][0/48]	Time 0.063 (0.063)	Loss 7.9384 (7.9384)	Prec@1 12.109 (12.109)
Epoch: [39][10/48]	Time 0.064 (0.061)	Loss 7.8182 (8.0503)	Prec@1 19.141 (19.780)
Epoch: [39][20/48]	Time 0.061 (0.062)	Loss 7.9881 (8.0385)	Prec@1 19.141 (17.634)
Epoch: [39][30/48]	Time 0.063 (0.064)	Loss 8.2032 (8.0527)	Prec@1 7.031 (17.112)
Epoch: [39][40/48]	Time 0.062 (0.063)	Loss 8.4049 (8.0722)	Prec@1 11.328 (17.769)
{'coverage': '603 out of4096', 'system_accuracy': 90.9423828125, 'expert_accuracy': 90.8388152969473, 'classifier_accuracy': 91.54227337607406, 'alone_classifier': 80.5419921875, 'validation_loss': 8.089389741420746, 'n_experts': 8, 'expert_0': 0.0, 'expert_1': 0.0, 'expert_2': 0.0, 'expert_3': 0.0, 'expert_4': 0.0, 'expert_5': 99.98000399920016, 'expert_6': 49.99500049995, 'expert_7': 90.85959364701469}
Epoch: [40][0/48]	Time 0.065 (0.065)	Loss 7.9145 (7.9145)	Prec@1 12.109 (12.109)
Epoch: [40][10/48]	Time 0.063 (0.061)	Loss 8.2690 (8.1035)	Prec@1 15.625 (11.044)
Epoch: [40][20/48]	Time 0.061 (0.061)	Loss 8.2477 (8.0970)	Prec@1 31.641 (17.615)
Epoch: [40][30/48]	Time 0.066 (0.062)	Loss 8.1855 (8.0551)	Prec@1 55.859 (23.790)
Epoch: [40][40/48]	Time 0.061 (0.062)	Loss 8.2246 (8.0874)	Prec@1 6.641 (21.418)
{'coverage': '525 out of4096', 'system_accuracy': 90.6005859375, 'expert_accuracy': 90.64687254848096, 'classifier_accuracy': 90.28569708843865, 'alone_classifier': 79.833984375, 'validation_loss': 8.080381363630295, 'n_experts': 8, 'expert_0': 0.0, 'expert_1': 0.0, 'expert_2': 0.0, 'expert_3': 0.0, 'expert_4': 0.0, 'expert_5': 0.0, 'expert_6': 0.0, 'expert_7': 90.64687254848096}
Epoch: [41][0/48]	Time 0.067 (0.067)	Loss 7.9175 (7.9175)	Prec@1 17.188 (17.188)
Epoch: [41][10/48]	Time 0.061 (0.061)	Loss 7.8210 (7.9846)	Prec@1 34.375 (18.786)
Epoch: [41][20/48]	Time 0.062 (0.063)	Loss 8.1766 (8.0387)	Prec@1 8.984 (15.662)
Epoch: [41][30/48]	Time 0.061 (0.063)	Loss 8.4006 (8.0240)	Prec@1 9.766 (16.658)
Epoch: [41][40/48]	Time 0.061 (0.063)	Loss 8.3775 (8.0339)	Prec@1 14.844 (17.645)
{'coverage': '1507 out of4096', 'system_accuracy': 90.91796875, 'expert_accuracy': 91.15487901468683, 'classifier_accuracy': 90.51094289907479, 'alone_classifier': 79.6142578125, 'validation_loss': 8.087311685085297, 'n_experts': 8, 'expert_0': 0.0, 'expert_1': 0.0, 'expert_2': 0.0, 'expert_3': 0.0, 'expert_4': 0.0, 'expert_5': 0.0, 'expert_6': 66.66222251849877, 'expert_7': 91.18328761150134}
Epoch: [42][0/48]	Time 0.066 (0.066)	Loss 7.8359 (7.8359)	Prec@1 41.406 (41.406)
Epoch: [42][10/48]	Time 0.068 (0.064)	Loss 8.3489 (8.0740)	Prec@1 11.328 (17.578)
Epoch: [42][20/48]	Time 0.060 (0.063)	Loss 8.1986 (8.0841)	Prec@1 3.125 (19.643)
Epoch: [42][30/48]	Time 0.067 (0.063)	Loss 8.2625 (8.0682)	Prec@1 34.375 (19.178)
Epoch: [42][40/48]	Time 0.061 (0.063)	Loss 7.7378 (8.0325)	Prec@1 16.016 (18.588)
{'coverage': '1194 out of4096', 'system_accuracy': 90.869140625, 'expert_accuracy': 90.7994423983844, 'classifier_accuracy': 91.03851833848255, 'alone_classifier': 79.9072265625, 'validation_loss': 8.11416420340538, 'n_experts': 8, 'expert_0': 0.0, 'expert_1': 0.0, 'expert_2': 0.0, 'expert_3': 0.0, 'expert_4': 0.0, 'expert_5': 0.0, 'expert_6': 0.0, 'expert_7': 90.7994423983844}
Epoch: [43][0/48]	Time 0.065 (0.065)	Loss 8.1737 (8.1737)	Prec@1 26.953 (26.953)
Epoch: [43][10/48]	Time 0.058 (0.061)	Loss 7.8968 (8.0555)	Prec@1 7.031 (17.756)
Epoch: [43][20/48]	Time 0.059 (0.061)	Loss 7.9074 (8.0178)	Prec@1 28.125 (15.495)
Epoch: [43][30/48]	Time 0.060 (0.061)	Loss 7.9708 (8.0198)	Prec@1 9.375 (17.414)
Epoch: [43][40/48]	Time 0.058 (0.061)	Loss 8.3718 (8.0486)	Prec@1 25.000 (17.826)
{'coverage': '498 out of4096', 'system_accuracy': 90.8935546875, 'expert_accuracy': 90.60588712585397, 'classifier_accuracy': 92.97186888115083, 'alone_classifier': 79.98046875, 'validation_loss': 8.133362144231796, 'n_experts': 8, 'expert_0': 0.0, 'expert_1': 0.0, 'expert_2': 0.0, 'expert_3': 0.0, 'expert_4': 0.0, 'expert_5': 0.0, 'expert_6': 99.98000399920016, 'expert_7': 90.603275473824}
Epoch: [44][0/48]	Time 0.065 (0.065)	Loss 7.9114 (7.9114)	Prec@1 5.859 (5.859)
Epoch: [44][10/48]	Time 0.059 (0.061)	Loss 7.8747 (8.0864)	Prec@1 43.750 (17.223)
Epoch: [44][20/48]	Time 0.059 (0.061)	Loss 8.1344 (8.0339)	Prec@1 7.422 (18.304)
Epoch: [44][30/48]	Time 0.063 (0.061)	Loss 7.7779 (8.0319)	Prec@1 19.141 (18.548)
Epoch: [44][40/48]	Time 0.059 (0.061)	Loss 8.1160 (8.0566)	Prec@1 7.422 (18.474)
{'coverage': '738 out of4096', 'system_accuracy': 90.3076171875, 'expert_accuracy': 90.58963129305353, 'classifier_accuracy': 89.02437818097857, 'alone_classifier': 79.7119140625, 'validation_loss': 8.080698728561401, 'n_experts': 8, 'expert_0': 0.0, 'expert_1': 0.0, 'expert_2': 0.0, 'expert_3': 0.0, 'expert_4': 0.0, 'expert_5': 0.0, 'expert_6': 0.0, 'expert_7': 90.58963129305353}
Epoch: [45][0/48]	Time 0.063 (0.063)	Loss 7.9731 (7.9731)	Prec@1 14.062 (14.062)
Epoch: [45][10/48]	Time 0.065 (0.063)	Loss 8.0340 (7.9520)	Prec@1 16.016 (20.277)
Epoch: [45][20/48]	Time 0.062 (0.062)	Loss 7.6749 (8.0226)	Prec@1 32.422 (21.168)
Epoch: [45][30/48]	Time 0.065 (0.063)	Loss 7.9153 (8.0251)	Prec@1 7.031 (17.792)
Epoch: [45][40/48]	Time 0.060 (0.063)	Loss 7.7465 (8.0595)	Prec@1 25.391 (18.683)
{'coverage': '430 out of4096', 'system_accuracy': 90.72265625, 'expert_accuracy': 90.61647077924327, 'classifier_accuracy': 91.62788566793357, 'alone_classifier': 80.2001953125, 'validation_loss': 8.078538298606873, 'n_experts': 8, 'expert_0': 0.0, 'expert_1': 0.0, 'expert_2': 0.0, 'expert_3': 0.0, 'expert_4': 0.0, 'expert_5': 0.0, 'expert_6': 0.0, 'expert_7': 90.61647077924327}
Epoch: [46][0/48]	Time 0.064 (0.064)	Loss 8.4496 (8.4496)	Prec@1 10.938 (10.938)
Epoch: [46][10/48]	Time 0.060 (0.061)	Loss 7.9707 (8.1327)	Prec@1 19.141 (14.453)
Epoch: [46][20/48]	Time 0.061 (0.066)	Loss 8.2846 (8.0732)	Prec@1 51.172 (19.940)
Epoch: [46][30/48]	Time 0.060 (0.065)	Loss 7.6741 (8.0668)	Prec@1 13.672 (22.140)
Epoch: [46][40/48]	Time 0.067 (0.064)	Loss 7.9707 (8.0738)	Prec@1 21.484 (19.531)
{'coverage': '410 out of4096', 'system_accuracy': tensor(90.8691), 'expert_accuracy': tensor(90.8844), 'classifier_accuracy': 90.73168518739386, 'alone_classifier': 80.3955078125, 'validation_loss': 8.053800523281097, 'n_experts': 8, 'expert_0': 0.0, 'expert_1': 0.0, 'expert_2': tensor(0.), 'expert_3': 0.0, 'expert_4': 0.0, 'expert_5': 0.0, 'expert_6': 0.0, 'expert_7': 90.90908597508353}
Saving the model with classifier accuracy 90.73168518739386
Epoch: [47][0/48]	Time 0.066 (0.066)	Loss 8.2049 (8.2049)	Prec@1 5.078 (5.078)
Epoch: [47][10/48]	Time 0.061 (0.062)	Loss 8.2874 (8.0221)	Prec@1 25.000 (18.892)
Epoch: [47][20/48]	Time 0.061 (0.062)	Loss 8.1456 (8.0641)	Prec@1 9.766 (16.890)
Epoch: [47][30/48]	Time 0.061 (0.063)	Loss 7.9570 (8.0647)	Prec@1 10.547 (16.570)
Epoch: [47][40/48]	Time 0.060 (0.062)	Loss 8.0263 (8.0525)	Prec@1 18.359 (16.692)
{'coverage': '2151 out of4096', 'system_accuracy': 90.087890625, 'expert_accuracy': 90.33418094250068, 'classifier_accuracy': 89.8651748086855, 'alone_classifier': 79.8583984375, 'validation_loss': 8.135380536317825, 'n_experts': 8, 'expert_0': 0.0, 'expert_1': 0.0, 'expert_2': 0.0, 'expert_3': 0.0, 'expert_4': 0.0, 'expert_5': 0.0, 'expert_6': 0.0, 'expert_7': 90.33418094250068}
Epoch: [48][0/48]	Time 0.066 (0.066)	Loss 8.2398 (8.2398)	Prec@1 43.750 (43.750)
Epoch: [48][10/48]	Time 0.060 (0.063)	Loss 7.8885 (8.0684)	Prec@1 21.094 (23.153)
Epoch: [48][20/48]	Time 0.061 (0.062)	Loss 8.2015 (8.0546)	Prec@1 6.641 (19.178)
Epoch: [48][30/48]	Time 0.060 (0.062)	Loss 7.8652 (8.0425)	Prec@1 22.656 (17.440)
Epoch: [48][40/48]	Time 0.061 (0.061)	Loss 8.5010 (8.0481)	Prec@1 35.938 (18.969)
{'coverage': '337 out of4096', 'system_accuracy': 90.7958984375, 'expert_accuracy': 90.74221384718203, 'classifier_accuracy': 91.39463163364047, 'alone_classifier': 80.810546875, 'validation_loss': 8.076574862003326, 'n_experts': 8, 'expert_0': 0.0, 'expert_1': 0.0, 'expert_2': 0.0, 'expert_3': 0.0, 'expert_4': 0.0, 'expert_5': 0.0, 'expert_6': 0.0, 'expert_7': 90.74221384718203}
Epoch: [49][0/48]	Time 0.067 (0.067)	Loss 8.3080 (8.3080)	Prec@1 7.031 (7.031)
Epoch: [49][10/48]	Time 0.067 (0.065)	Loss 7.7379 (7.9715)	Prec@1 5.078 (14.844)
Epoch: [49][20/48]	Time 0.062 (0.064)	Loss 8.1541 (8.0100)	Prec@1 18.359 (16.685)
Epoch: [49][30/48]	Time 0.061 (0.063)	Loss 8.3697 (8.0525)	Prec@1 35.938 (18.435)
Epoch: [49][40/48]	Time 0.061 (0.063)	Loss 7.7262 (8.0544)	Prec@1 8.984 (17.664)
{'coverage': '490 out of4096', 'system_accuracy': 90.283203125, 'expert_accuracy': 90.32168106923567, 'classifier_accuracy': 89.99998163265681, 'alone_classifier': 80.3466796875, 'validation_loss': 8.019385784864426, 'n_experts': 8, 'expert_0': 0.0, 'expert_1': 0.0, 'expert_2': 0.0, 'expert_3': 0.0, 'expert_4': 0.0, 'expert_5': 0.0, 'expert_6': 0.0, 'expert_7': 90.32168106923567}
Saving the model with classifier accuracy 89.99998163265681
Epoch: [50][0/48]	Time 0.066 (0.066)	Loss 7.9518 (7.9518)	Prec@1 8.984 (8.984)
Epoch: [50][10/48]	Time 0.062 (0.062)	Loss 7.8251 (8.0428)	Prec@1 22.266 (15.483)
Epoch: [50][20/48]	Time 0.061 (0.062)	Loss 8.3883 (7.9971)	Prec@1 6.250 (15.755)
Epoch: [50][30/48]	Time 0.061 (0.062)	Loss 8.3551 (8.0188)	Prec@1 19.141 (16.079)
Epoch: [50][40/48]	Time 0.060 (0.062)	Loss 8.7271 (8.0421)	Prec@1 23.438 (15.806)
{'coverage': '689 out of4096', 'system_accuracy': 90.91796875, 'expert_accuracy': 90.7836753282257, 'classifier_accuracy': 91.58198961074172, 'alone_classifier': 80.8837890625, 'validation_loss': 8.044664829969406, 'n_experts': 8, 'expert_0': 0.0, 'expert_1': 0.0, 'expert_2': 0.0, 'expert_3': 0.0, 'expert_4': 0.0, 'expert_5': 0.0, 'expert_6': 99.98000399920016, 'expert_7': 90.78096941979041}
Epoch: [51][0/48]	Time 0.066 (0.066)	Loss 8.1675 (8.1675)	Prec@1 17.188 (17.188)
Epoch: [51][10/48]	Time 0.063 (0.062)	Loss 8.9060 (8.0420)	Prec@1 17.188 (12.678)
Epoch: [51][20/48]	Time 0.066 (0.063)	Loss 8.0500 (8.0425)	Prec@1 7.422 (14.304)
Epoch: [51][30/48]	Time 0.060 (0.063)	Loss 7.8875 (8.0478)	Prec@1 8.203 (15.323)
Epoch: [51][40/48]	Time 0.060 (0.062)	Loss 7.8940 (8.0776)	Prec@1 17.578 (16.787)
{'coverage': '288 out of4096', 'system_accuracy': 90.771484375, 'expert_accuracy': 90.78255825721858, 'classifier_accuracy': 90.62496853299704, 'alone_classifier': 80.1513671875, 'validation_loss': 8.06448084115982, 'n_experts': 8, 'expert_0': 0.0, 'expert_1': 0.0, 'expert_2': 0.0, 'expert_3': 0.0, 'expert_4': 0.0, 'expert_5': 0.0, 'expert_6': 0.0, 'expert_7': 90.78255825721858}
Epoch: [52][0/48]	Time 0.065 (0.065)	Loss 7.8600 (7.8600)	Prec@1 6.250 (6.250)
Epoch: [52][10/48]	Time 0.063 (0.064)	Loss 8.5154 (8.0766)	Prec@1 18.750 (11.257)
Epoch: [52][20/48]	Time 0.067 (0.064)	Loss 8.3386 (8.0269)	Prec@1 8.984 (12.072)
Epoch: [52][30/48]	Time 0.062 (0.063)	Loss 8.0726 (8.0531)	Prec@1 22.656 (13.269)
Epoch: [52][40/48]	Time 0.061 (0.063)	Loss 7.9175 (8.0451)	Prec@1 25.391 (14.920)
{'coverage': '575 out of4096', 'system_accuracy': 90.72265625, 'expert_accuracy': 90.68445948966433, 'classifier_accuracy': 90.95650592060767, 'alone_classifier': 80.126953125, 'validation_loss': 8.082499325275421, 'n_experts': 8, 'expert_0': 0.0, 'expert_1': 0.0, 'expert_2': 0.0, 'expert_3': 0.0, 'expert_4': 0.0, 'expert_5': 0.0, 'expert_6': 0.0, 'expert_7': 90.68445948966433}
Epoch: [53][0/48]	Time 0.066 (0.066)	Loss 7.9557 (7.9557)	Prec@1 16.016 (16.016)
Epoch: [53][10/48]	Time 0.061 (0.070)	Loss 8.0510 (8.0613)	Prec@1 15.625 (22.656)
Epoch: [53][20/48]	Time 0.060 (0.066)	Loss 7.8368 (8.0520)	Prec@1 12.500 (17.950)
Epoch: [53][30/48]	Time 0.061 (0.064)	Loss 8.1590 (8.0233)	Prec@1 16.797 (17.528)
Epoch: [53][40/48]	Time 0.067 (0.064)	Loss 7.8284 (8.0426)	Prec@1 26.562 (17.826)
{'coverage': '851 out of4096', 'system_accuracy': 90.576171875, 'expert_accuracy': 90.539285637024, 'classifier_accuracy': 90.71679310025934, 'alone_classifier': 79.8828125, 'validation_loss': 8.097109764814377, 'n_experts': 8, 'expert_0': 0.0, 'expert_1': 0.0, 'expert_2': 0.0, 'expert_3': 0.0, 'expert_4': 99.98000399920016, 'expert_5': 0.0, 'expert_6': 99.98000399920016, 'expert_7': 90.53345109260246}
Epoch: [54][0/48]	Time 0.067 (0.067)	Loss 7.8571 (7.8571)	Prec@1 19.531 (19.531)
Epoch: [54][10/48]	Time 0.061 (0.062)	Loss 7.7250 (7.9767)	Prec@1 11.328 (13.778)
Epoch: [54][20/48]	Time 0.062 (0.062)	Loss 7.8361 (7.9532)	Prec@1 37.109 (17.913)
Epoch: [54][30/48]	Time 0.061 (0.062)	Loss 8.3740 (7.9882)	Prec@1 10.547 (19.468)
Epoch: [54][40/48]	Time 0.067 (0.062)	Loss 8.4953 (8.0226)	Prec@1 3.906 (18.493)
{'coverage': '335 out of4096', 'system_accuracy': 90.6982421875, 'expert_accuracy': 90.82690290737023, 'classifier_accuracy': 89.25370470038666, 'alone_classifier': 79.736328125, 'validation_loss': 8.103857398033142, 'n_experts': 8, 'expert_0': 0.0, 'expert_1': 0.0, 'expert_2': 0.0, 'expert_3': 0.0, 'expert_4': 0.0, 'expert_5': 0.0, 'expert_6': 0.0, 'expert_7': 90.82690290737023}
Epoch: [55][0/48]	Time 0.068 (0.068)	Loss 8.1219 (8.1219)	Prec@1 9.375 (9.375)
Epoch: [55][10/48]	Time 0.064 (0.062)	Loss 8.1456 (8.0134)	Prec@1 27.734 (23.970)
Epoch: [55][20/48]	Time 0.060 (0.062)	Loss 7.8575 (8.0437)	Prec@1 12.109 (21.652)
Epoch: [55][30/48]	Time 0.061 (0.062)	Loss 7.8811 (8.0499)	Prec@1 13.281 (18.939)
Epoch: [55][40/48]	Time 0.060 (0.062)	Loss 8.0970 (8.0484)	Prec@1 12.109 (17.426)
{'coverage': '935 out of4096', 'system_accuracy': tensor(91.0400), 'expert_accuracy': tensor(90.9522), 'classifier_accuracy': 91.33688862707073, 'alone_classifier': 79.3212890625, 'validation_loss': 8.058033764362335, 'n_experts': 8, 'expert_0': 0.0, 'expert_1': 0.0, 'expert_2': 0.0, 'expert_3': 0.0, 'expert_4': tensor(0.), 'expert_5': 0.0, 'expert_6': 0.0, 'expert_7': 90.98100689993628}
Epoch: [56][0/48]	Time 0.067 (0.067)	Loss 8.1837 (8.1837)	Prec@1 20.703 (20.703)
Epoch: [56][10/48]	Time 0.063 (0.063)	Loss 8.0522 (8.0881)	Prec@1 38.672 (25.320)
Epoch: [56][20/48]	Time 0.061 (0.064)	Loss 8.0264 (8.0606)	Prec@1 9.766 (20.722)
Epoch: [56][30/48]	Time 0.063 (0.063)	Loss 8.4542 (8.0812)	Prec@1 10.547 (17.805)
Epoch: [56][40/48]	Time 0.061 (0.063)	Loss 7.6547 (8.0621)	Prec@1 14.844 (17.521)
{'coverage': '992 out of4096', 'system_accuracy': tensor(90.6250), 'expert_accuracy': tensor(90.5928), 'classifier_accuracy': 90.7257973058672, 'alone_classifier': 80.2001953125, 'validation_loss': 8.07674789428711, 'n_experts': 8, 'expert_0': 0.0, 'expert_1': 0.0, 'expert_2': 0.0, 'expert_3': 0.0, 'expert_4': 0.0, 'expert_5': tensor(0.), 'expert_6': 0.0, 'expert_7': 90.62197288933466}
Epoch: [57][0/48]	Time 0.066 (0.066)	Loss 8.4234 (8.4234)	Prec@1 22.266 (22.266)
Epoch: [57][10/48]	Time 0.066 (0.064)	Loss 8.2941 (7.9598)	Prec@1 30.859 (22.017)
Epoch: [57][20/48]	Time 0.062 (0.063)	Loss 8.2470 (7.9625)	Prec@1 7.812 (19.736)
Epoch: [57][30/48]	Time 0.062 (0.063)	Loss 7.9928 (7.9836)	Prec@1 17.188 (17.969)
Epoch: [57][40/48]	Time 0.061 (0.063)	Loss 7.8407 (8.0153)	Prec@1 20.312 (18.169)
{'coverage': '687 out of4096', 'system_accuracy': 90.771484375, 'expert_accuracy': 90.7010800410044, 'classifier_accuracy': 91.12080187470133, 'alone_classifier': 80.419921875, 'validation_loss': 8.071522206068039, 'n_experts': 8, 'expert_0': 0.0, 'expert_1': 0.0, 'expert_2': 0.0, 'expert_3': 0.0, 'expert_4': 0.0, 'expert_5': 0.0, 'expert_6': 0.0, 'expert_7': 90.7010800410044}
Epoch: [58][0/48]	Time 0.067 (0.067)	Loss 8.2361 (8.2361)	Prec@1 12.500 (12.500)
Epoch: [58][10/48]	Time 0.062 (0.064)	Loss 8.2229 (8.0480)	Prec@1 8.984 (12.891)
Epoch: [58][20/48]	Time 0.061 (0.064)	Loss 8.1047 (8.0799)	Prec@1 14.844 (14.658)
Epoch: [58][30/48]	Time 0.060 (0.064)	Loss 8.3759 (8.0609)	Prec@1 10.547 (17.049)
Epoch: [58][40/48]	Time 0.066 (0.063)	Loss 7.8330 (8.0606)	Prec@1 8.203 (16.225)
{'coverage': '220 out of4096', 'system_accuracy': 90.6494140625, 'expert_accuracy': 90.68626983042984, 'classifier_accuracy': 89.99995909092769, 'alone_classifier': 79.833984375, 'validation_loss': 8.149025082588196, 'n_experts': 8, 'expert_0': 0.0, 'expert_1': 0.0, 'expert_2': 0.0, 'expert_3': 0.0, 'expert_4': 0.0, 'expert_5': 0.0, 'expert_6': 0.0, 'expert_7': 90.68626983042984}
Epoch: [59][0/48]	Time 0.063 (0.063)	Loss 8.0483 (8.0483)	Prec@1 5.469 (5.469)
Epoch: [59][10/48]	Time 0.064 (0.063)	Loss 8.1531 (8.0511)	Prec@1 39.844 (23.011)
Epoch: [59][20/48]	Time 0.061 (0.063)	Loss 8.2488 (8.0087)	Prec@1 11.328 (19.475)
Epoch: [59][30/48]	Time 0.067 (0.063)	Loss 8.5111 (8.0606)	Prec@1 12.500 (18.422)
Epoch: [59][40/48]	Time 0.060 (0.062)	Loss 8.4747 (8.0753)	Prec@1 9.766 (16.845)
{'coverage': '1088 out of4096', 'system_accuracy': 90.9912109375, 'expert_accuracy': 91.09041947537105, 'classifier_accuracy': 90.7169034267552, 'alone_classifier': 80.2001953125, 'validation_loss': 8.069168627262115, 'n_experts': 8, 'expert_0': 0.0, 'expert_1': 0.0, 'expert_2': 0.0, 'expert_3': 0.0, 'expert_4': 0.0, 'expert_5': 99.98000399920016, 'expert_6': 0.0, 'expert_7': 91.08745652893538}
Epoch: [60][0/48]	Time 0.066 (0.066)	Loss 7.6324 (7.6324)	Prec@1 27.734 (27.734)
Epoch: [60][10/48]	Time 0.064 (0.067)	Loss 8.5525 (7.9770)	Prec@1 19.531 (15.412)
Epoch: [60][20/48]	Time 0.061 (0.065)	Loss 8.2622 (8.0093)	Prec@1 5.078 (16.741)
Epoch: [60][30/48]	Time 0.070 (0.065)	Loss 8.4847 (8.0393)	Prec@1 19.141 (16.809)
Epoch: [60][40/48]	Time 0.061 (0.065)	Loss 8.4298 (8.0470)	Prec@1 18.750 (18.245)
{'coverage': '1115 out of4096', 'system_accuracy': 91.0888671875, 'expert_accuracy': 90.87553902210406, 'classifier_accuracy': 91.65918460455744, 'alone_classifier': 79.5654296875, 'validation_loss': 8.100096225738525, 'n_experts': 8, 'expert_0': 0.0, 'expert_1': 0.0, 'expert_2': 0.0, 'expert_3': 0.0, 'expert_4': 0.0, 'expert_5': 0.0, 'expert_6': 66.66222251849877, 'expert_7': 90.89992673606939}
Epoch: [61][0/48]	Time 0.061 (0.061)	Loss 7.8307 (7.8307)	Prec@1 25.391 (25.391)
Epoch: [61][10/48]	Time 0.064 (0.061)	Loss 7.8540 (7.9694)	Prec@1 12.109 (14.915)
Epoch: [61][20/48]	Time 0.061 (0.061)	Loss 8.1918 (8.0043)	Prec@1 14.453 (14.937)
Epoch: [61][30/48]	Time 0.061 (0.062)	Loss 7.9261 (8.0334)	Prec@1 6.641 (15.852)
Epoch: [61][40/48]	Time 0.061 (0.062)	Loss 8.3256 (8.0396)	Prec@1 3.906 (14.587)
{'coverage': '296 out of4096', 'system_accuracy': 90.625, 'expert_accuracy': 90.76315311772879, 'classifier_accuracy': 88.85132133401306, 'alone_classifier': 80.810546875, 'validation_loss': 8.081873565912247, 'n_experts': 8, 'expert_0': 0.0, 'expert_1': 0.0, 'expert_2': 0.0, 'expert_3': 0.0, 'expert_4': 0.0, 'expert_5': 0.0, 'expert_6': 0.0, 'expert_7': 90.76315311772879}
Epoch: [62][0/48]	Time 0.062 (0.062)	Loss 8.1614 (8.1614)	Prec@1 8.203 (8.203)
Epoch: [62][10/48]	Time 0.061 (0.063)	Loss 8.2634 (8.0972)	Prec@1 5.469 (13.814)
Epoch: [62][20/48]	Time 0.060 (0.063)	Loss 8.2754 (8.0947)	Prec@1 32.031 (15.662)
Epoch: [62][30/48]	Time 0.064 (0.062)	Loss 8.3057 (8.0849)	Prec@1 10.938 (15.335)
Epoch: [62][40/48]	Time 0.066 (0.063)	Loss 7.9194 (8.0641)	Prec@1 28.516 (15.387)
{'coverage': '1989 out of4096', 'system_accuracy': 89.7216796875, 'expert_accuracy': 90.69766580942897, 'classifier_accuracy': 88.68777834651692, 'alone_classifier': 78.5888671875, 'validation_loss': 8.196915119886398, 'n_experts': 8, 'expert_0': 0.0, 'expert_1': 0.0, 'expert_2': 0.0, 'expert_3': 0.0, 'expert_4': 0.0, 'expert_5': 99.98000399920016, 'expert_6': 99.98000399920016, 'expert_7': 90.68882748799739}
Epoch: [63][0/48]	Time 0.067 (0.067)	Loss 8.6405 (8.6405)	Prec@1 37.109 (37.109)
Epoch: [63][10/48]	Time 0.065 (0.063)	Loss 8.1493 (8.2120)	Prec@1 19.922 (22.940)
Epoch: [63][20/48]	Time 0.061 (0.063)	Loss 7.8667 (8.0940)	Prec@1 4.297 (17.708)
Epoch: [63][30/48]	Time 0.066 (0.062)	Loss 8.1981 (8.0852)	Prec@1 24.219 (16.797)
Epoch: [63][40/48]	Time 0.069 (0.063)	Loss 7.7166 (8.0740)	Prec@1 9.766 (15.854)
{'coverage': '646 out of4096', 'system_accuracy': 90.7470703125, 'expert_accuracy': 90.52173388279803, 'classifier_accuracy': 91.95045016246902, 'alone_classifier': 79.7607421875, 'validation_loss': 8.073190093040466, 'n_experts': 8, 'expert_0': 0.0, 'expert_1': 0.0, 'expert_2': 0.0, 'expert_3': 0.0, 'expert_4': 0.0, 'expert_5': 0.0, 'expert_6': 0.0, 'expert_7': 90.52173388279803}
Epoch: [64][0/48]	Time 0.066 (0.066)	Loss 8.1421 (8.1421)	Prec@1 12.891 (12.891)
Epoch: [64][10/48]	Time 0.065 (0.064)	Loss 7.8275 (7.9445)	Prec@1 28.906 (13.068)
Epoch: [64][20/48]	Time 0.067 (0.064)	Loss 7.9413 (8.0325)	Prec@1 14.062 (17.039)
Epoch: [64][30/48]	Time 0.060 (0.063)	Loss 8.0136 (8.0414)	Prec@1 6.641 (15.222)
Epoch: [64][40/48]	Time 0.060 (0.063)	Loss 8.1785 (8.0529)	Prec@1 13.672 (15.520)
{'coverage': '433 out of4096', 'system_accuracy': 90.5517578125, 'expert_accuracy': 90.82718586802152, 'classifier_accuracy': 88.22168863240448, 'alone_classifier': 80.1513671875, 'validation_loss': 8.083445280790329, 'n_experts': 8, 'expert_0': 0.0, 'expert_1': 0.0, 'expert_2': 0.0, 'expert_3': 0.0, 'expert_4': 0.0, 'expert_5': 0.0, 'expert_6': 0.0, 'expert_7': 90.82718586802152}
Epoch: [65][0/48]	Time 0.065 (0.065)	Loss 8.6482 (8.6482)	Prec@1 11.719 (11.719)
Epoch: [65][10/48]	Time 0.065 (0.064)	Loss 8.0744 (8.0820)	Prec@1 17.188 (16.797)
Epoch: [65][20/48]	Time 0.062 (0.064)	Loss 7.8517 (8.0249)	Prec@1 20.312 (17.504)
Epoch: [65][30/48]	Time 0.061 (0.063)	Loss 8.2721 (8.0397)	Prec@1 32.031 (16.709)
Epoch: [65][40/48]	Time 0.066 (0.063)	Loss 7.7496 (8.0351)	Prec@1 8.594 (16.349)
{'coverage': '393 out of4096', 'system_accuracy': 90.8935546875, 'expert_accuracy': 90.7102300453562, 'classifier_accuracy': 92.62084157230495, 'alone_classifier': 80.2978515625, 'validation_loss': 8.031669557094574, 'n_experts': 8, 'expert_0': 0.0, 'expert_1': 0.0, 'expert_2': 0.0, 'expert_3': 0.0, 'expert_4': 99.98000399920016, 'expert_5': 0.0, 'expert_6': 0.0, 'expert_7': 90.7077206532836}
Epoch: [66][0/48]	Time 0.066 (0.066)	Loss 7.7424 (7.7424)	Prec@1 8.203 (8.203)
Epoch: [66][10/48]	Time 0.063 (0.064)	Loss 7.9269 (8.0549)	Prec@1 9.375 (12.464)
Epoch: [66][20/48]	Time 0.064 (0.064)	Loss 7.7125 (8.0472)	Prec@1 34.766 (14.974)
Epoch: [66][30/48]	Time 0.061 (0.064)	Loss 8.2373 (8.0481)	Prec@1 7.422 (14.012)
Epoch: [66][40/48]	Time 0.061 (0.063)	Loss 7.8365 (8.0362)	Prec@1 11.719 (13.472)
{'coverage': '829 out of4096', 'system_accuracy': 90.771484375, 'expert_accuracy': 90.66421238664142, 'classifier_accuracy': 91.19419889092897, 'alone_classifier': 80.078125, 'validation_loss': 8.054899990558624, 'n_experts': 8, 'expert_0': 0.0, 'expert_1': 0.0, 'expert_2': 0.0, 'expert_3': 0.0, 'expert_4': 0.0, 'expert_5': 0.0, 'expert_6': 92.85581634548078, 'expert_7': 90.65477462927915}
Epoch: [67][0/48]	Time 0.067 (0.067)	Loss 7.9937 (7.9937)	Prec@1 19.141 (19.141)
Epoch: [67][10/48]	Time 0.064 (0.069)	Loss 8.0328 (8.0420)	Prec@1 6.641 (13.104)
Epoch: [67][20/48]	Time 0.060 (0.065)	Loss 7.7281 (7.9968)	Prec@1 10.547 (14.658)
Epoch: [67][30/48]	Time 0.060 (0.064)	Loss 8.0445 (7.9967)	Prec@1 13.281 (15.713)
Epoch: [67][40/48]	Time 0.062 (0.064)	Loss 8.1829 (8.0109)	Prec@1 16.016 (16.225)
{'coverage': '822 out of4096', 'system_accuracy': 91.1865234375, 'expert_accuracy': 91.02015326694237, 'classifier_accuracy': 91.84913724463051, 'alone_classifier': 80.3466796875, 'validation_loss': 8.049478024244308, 'n_experts': 8, 'expert_0': 0.0, 'expert_1': 0.0, 'expert_2': 0.0, 'expert_3': 0.0, 'expert_4': 0.0, 'expert_5': 0.0, 'expert_6': 66.66222251849877, 'expert_7': 91.04248908330852}
Epoch: [68][0/48]	Time 0.068 (0.068)	Loss 8.6037 (8.6037)	Prec@1 16.016 (16.016)
Epoch: [68][10/48]	Time 0.064 (0.063)	Loss 7.8775 (8.1097)	Prec@1 18.750 (16.335)
Epoch: [68][20/48]	Time 0.062 (0.063)	Loss 7.6739 (8.0875)	Prec@1 12.891 (16.722)
Epoch: [68][30/48]	Time 0.060 (0.063)	Loss 8.0203 (8.0850)	Prec@1 15.625 (14.970)
Epoch: [68][40/48]	Time 0.062 (0.062)	Loss 7.7035 (8.0670)	Prec@1 14.453 (14.729)
{'coverage': '976 out of4096', 'system_accuracy': 90.91796875, 'expert_accuracy': 90.73717367069399, 'classifier_accuracy': 91.49589226476515, 'alone_classifier': 80.0537109375, 'validation_loss': 8.079053282737732, 'n_experts': 8, 'expert_0': 0.0, 'expert_1': 0.0, 'expert_2': 0.0, 'expert_3': 0.0, 'expert_4': 0.0, 'expert_5': 0.0, 'expert_6': 0.0, 'expert_7': 90.73717367069399}
Epoch: [69][0/48]	Time 0.067 (0.067)	Loss 8.0464 (8.0464)	Prec@1 17.578 (17.578)
Epoch: [69][10/48]	Time 0.061 (0.061)	Loss 7.9518 (8.0443)	Prec@1 14.453 (16.832)
Epoch: [69][20/48]	Time 0.061 (0.061)	Loss 8.1445 (7.9989)	Prec@1 16.797 (15.774)
Epoch: [69][30/48]	Time 0.065 (0.062)	Loss 8.4069 (8.0450)	Prec@1 21.875 (15.285)
Epoch: [69][40/48]	Time 0.060 (0.062)	Loss 8.1239 (8.0660)	Prec@1 5.859 (15.406)
{'coverage': '439 out of4096', 'system_accuracy': 90.7958984375, 'expert_accuracy': 90.83948094944047, 'classifier_accuracy': 90.4327812226011, 'alone_classifier': 80.029296875, 'validation_loss': 8.06233686208725, 'n_experts': 8, 'expert_0': 0.0, 'expert_1': 0.0, 'expert_2': 0.0, 'expert_3': 0.0, 'expert_4': 0.0, 'expert_5': 0.0, 'expert_6': 0.0, 'expert_7': 90.83948094944047}
Epoch: [70][0/48]	Time 0.063 (0.063)	Loss 7.8687 (7.8687)	Prec@1 8.594 (8.594)
Epoch: [70][10/48]	Time 0.061 (0.061)	Loss 7.9278 (8.0450)	Prec@1 3.906 (13.991)
Epoch: [70][20/48]	Time 0.061 (0.061)	Loss 7.8952 (8.0883)	Prec@1 8.594 (13.281)
Epoch: [70][30/48]	Time 0.060 (0.062)	Loss 7.8598 (8.1167)	Prec@1 39.453 (15.121)
Epoch: [70][40/48]	Time 0.060 (0.062)	Loss 8.1618 (8.1001)	Prec@1 25.391 (15.463)
{'coverage': '698 out of4096', 'system_accuracy': 90.771484375, 'expert_accuracy': 90.75926481699442, 'classifier_accuracy': 90.83093254571168, 'alone_classifier': 79.443359375, 'validation_loss': 8.132697373628616, 'n_experts': 8, 'expert_0': 0.0, 'expert_1': 0.0, 'expert_2': 0.0, 'expert_3': 0.0, 'expert_4': 0.0, 'expert_5': 0.0, 'expert_6': 0.0, 'expert_7': 90.75926481699442}
Epoch: [71][0/48]	Time 0.065 (0.065)	Loss 7.9905 (7.9905)	Prec@1 16.406 (16.406)
Epoch: [71][10/48]	Time 0.061 (0.063)	Loss 8.0708 (8.1104)	Prec@1 12.500 (10.618)
Epoch: [71][20/48]	Time 0.063 (0.063)	Loss 8.1856 (8.1206)	Prec@1 14.453 (11.235)
Epoch: [71][30/48]	Time 0.061 (0.063)	Loss 7.8749 (8.0743)	Prec@1 7.422 (11.114)
Epoch: [71][40/48]	Time 0.060 (0.063)	Loss 7.7955 (8.0473)	Prec@1 13.672 (13.176)
{'coverage': '1244 out of4096', 'system_accuracy': tensor(90.5762), 'expert_accuracy': tensor(90.6031), 'classifier_accuracy': 90.51446217729404, 'alone_classifier': 79.150390625, 'validation_loss': 8.122189104557037, 'n_experts': 8, 'expert_0': 0.0, 'expert_1': 0.0, 'expert_2': tensor(49.9950), 'expert_3': 0.0, 'expert_4': 0.0, 'expert_5': 0.0, 'expert_6': 99.98000399920016, 'expert_7': 90.62828426617871}
Epoch: [72][0/48]	Time 0.067 (0.067)	Loss 8.0019 (8.0019)	Prec@1 31.250 (31.250)
Epoch: [72][10/48]	Time 0.067 (0.063)	Loss 7.8602 (8.1447)	Prec@1 21.094 (22.195)
Epoch: [72][20/48]	Time 0.064 (0.063)	Loss 7.9638 (8.0888)	Prec@1 7.031 (19.327)
Epoch: [72][30/48]	Time 0.060 (0.063)	Loss 8.3012 (8.1338)	Prec@1 11.328 (16.948)
Epoch: [72][40/48]	Time 0.061 (0.062)	Loss 8.1108 (8.0924)	Prec@1 6.250 (16.559)
{'coverage': '406 out of4096', 'system_accuracy': 90.7470703125, 'expert_accuracy': 90.70460212983187, 'classifier_accuracy': 91.13298247956097, 'alone_classifier': 80.517578125, 'validation_loss': 8.070089906454086, 'n_experts': 8, 'expert_0': 0.0, 'expert_1': 0.0, 'expert_2': 0.0, 'expert_3': 0.0, 'expert_4': 0.0, 'expert_5': 0.0, 'expert_6': 0.0, 'expert_7': 90.70460212983187}
Epoch: [73][0/48]	Time 0.067 (0.067)	Loss 7.7715 (7.7715)	Prec@1 4.688 (4.688)
Epoch: [73][10/48]	Time 0.060 (0.063)	Loss 7.9398 (8.0359)	Prec@1 10.547 (17.365)
Epoch: [73][20/48]	Time 0.060 (0.063)	Loss 7.9194 (8.0403)	Prec@1 14.453 (14.379)
Epoch: [73][30/48]	Time 0.060 (0.062)	Loss 7.9167 (8.0380)	Prec@1 7.031 (13.710)
Epoch: [73][40/48]	Time 0.063 (0.062)	Loss 7.9231 (8.0543)	Prec@1 4.297 (14.806)
{'coverage': '198 out of4096', 'system_accuracy': 90.5517578125, 'expert_accuracy': 90.96972339816709, 'classifier_accuracy': 82.32319074586326, 'alone_classifier': 78.9794921875, 'validation_loss': 8.205664873123169, 'n_experts': 8, 'expert_0': 0.0, 'expert_1': 0.0, 'expert_2': 0.0, 'expert_3': 0.0, 'expert_4': 0.0, 'expert_5': 0.0, 'expert_6': 0.0, 'expert_7': 91.01642243242185}
Epoch: [74][0/48]	Time 0.067 (0.067)	Loss 7.9189 (7.9189)	Prec@1 5.859 (5.859)
Epoch: [74][10/48]	Time 0.067 (0.063)	Loss 7.9583 (8.0820)	Prec@1 6.641 (9.801)
Epoch: [74][20/48]	Time 0.062 (0.062)	Loss 7.5520 (8.0153)	Prec@1 12.109 (11.570)
Epoch: [74][30/48]	Time 0.061 (0.062)	Loss 7.9926 (8.0325)	Prec@1 10.156 (10.862)
Epoch: [74][40/48]	Time 0.067 (0.063)	Loss 7.8474 (8.0192)	Prec@1 17.578 (12.262)
{'coverage': '586 out of4096', 'system_accuracy': 90.8447265625, 'expert_accuracy': 90.59828543599514, 'classifier_accuracy': 92.32080335822468, 'alone_classifier': 80.4931640625, 'validation_loss': 8.022601902484894, 'n_experts': 8, 'expert_0': 0.0, 'expert_1': 0.0, 'expert_2': 0.0, 'expert_3': 0.0, 'expert_4': 0.0, 'expert_5': 0.0, 'expert_6': 0.0, 'expert_7': 90.59828543599514}
Epoch: [75][0/48]	Time 0.067 (0.067)	Loss 8.2360 (8.2360)	Prec@1 8.203 (8.203)
Epoch: [75][10/48]	Time 0.061 (0.062)	Loss 7.7630 (8.0797)	Prec@1 18.750 (15.945)
Epoch: [75][20/48]	Time 0.061 (0.061)	Loss 8.0122 (8.0677)	Prec@1 23.438 (15.792)
Epoch: [75][30/48]	Time 0.063 (0.061)	Loss 7.7300 (8.0644)	Prec@1 14.844 (14.970)
Epoch: [75][40/48]	Time 0.062 (0.062)	Loss 8.4653 (8.0485)	Prec@1 20.703 (14.958)
{'coverage': '1018 out of4096', 'system_accuracy': 90.9423828125, 'expert_accuracy': 90.67575759091893, 'classifier_accuracy': 91.7485175099688, 'alone_classifier': 80.3466796875, 'validation_loss': 8.100292086601257, 'n_experts': 8, 'expert_0': 0.0, 'expert_1': 0.0, 'expert_2': 0.0, 'expert_3': 0.0, 'expert_4': 0.0, 'expert_5': 0.0, 'expert_6': 0.0, 'expert_7': 90.67575759091893}
Epoch: [76][0/48]	Time 0.067 (0.067)	Loss 8.0409 (8.0409)	Prec@1 25.391 (25.391)
Epoch: [76][10/48]	Time 0.061 (0.062)	Loss 8.1415 (7.9517)	Prec@1 11.328 (12.536)
Epoch: [76][20/48]	Time 0.062 (0.063)	Loss 8.2717 (8.0004)	Prec@1 12.891 (12.723)
Epoch: [76][30/48]	Time 0.063 (0.063)	Loss 8.2425 (8.0291)	Prec@1 14.844 (14.126)
Epoch: [76][40/48]	Time 0.061 (0.063)	Loss 7.9101 (8.0472)	Prec@1 11.719 (15.034)
{'coverage': '335 out of4096', 'system_accuracy': 91.0888671875, 'expert_accuracy': 90.9066689228041, 'classifier_accuracy': 93.13430055692521, 'alone_classifier': 80.224609375, 'validation_loss': 8.053281873464584, 'n_experts': 8, 'expert_0': 0.0, 'expert_1': 0.0, 'expert_2': 0.0, 'expert_3': 0.0, 'expert_4': 0.0, 'expert_5': 0.0, 'expert_6': 0.0, 'expert_7': 90.93084622708265}
Epoch: [77][0/48]	Time 0.067 (0.067)	Loss 8.3916 (8.3916)	Prec@1 8.203 (8.203)
Epoch: [77][10/48]	Time 0.061 (0.062)	Loss 8.3334 (8.0826)	Prec@1 11.328 (9.979)
Epoch: [77][20/48]	Time 0.060 (0.063)	Loss 7.8285 (8.0330)	Prec@1 5.469 (12.221)
Epoch: [77][30/48]	Time 0.061 (0.062)	Loss 8.0294 (8.0363)	Prec@1 19.922 (12.550)
srun: Job step aborted: Waiting up to 32 seconds for job step to finish.
slurmstepd: error: *** JOB 10419332 ON r34n3 CANCELLED AT 2022-12-01T17:10:40 ***
slurmstepd: error: *** STEP 10419332.0 ON r34n3 CANCELLED AT 2022-12-01T17:10:40 ***
