Lmod has detected the following error: These module(s) or extension(s) exist
but cannot be loaded as requested: "cuDNN"
   Try: "module spider cuDNN" to see how to load the module(s).



cuda:0
cuda:0
{'batch_size': 1024, 'alpha': 1.0, 'epochs': 100, 'patience': 20, 'expert_type': 'predict', 'n_classes': 10, 'k': 5, 'n_experts': 10, 'lr': 0.1, 'weight_decay': 0.0005, 'warmup_epochs': 0, 'loss_type': 'ova', 'ckp_dir': './ova_increase_oracle_v2/', 'experiment_name': 'increase_oracles_v2'}
log is of type <class 'dict'>
type of S, type of idx  <class 'list'> <class 'list'>
torch.Size([9216]) torch.Size([9216, 20]) [torch.Size([9216]), torch.Size([9216]), torch.Size([9216]), torch.Size([9216]), torch.Size([9216]), torch.Size([9216]), torch.Size([9216]), torch.Size([9216]), torch.Size([9216]), torch.Size([9216])]
shapes: true labels torch.Size([9216]), confidences torch.Size([9216, 20]), expert_predictions (10, 9216)
Evaluate...
{'coverage': '4654 out of9216', 'system_accuracy': 45.963541666666664, 'expert_accuracy': 2.0166592715186638, 'classifier_accuracy': 89.04168265918172, 'alone_classifier': 85.83984375, 'validation_loss': 5.262476232316759, 'n_experts': 10, 'expert_0': 0.0, 'expert_1': 0.0, 'expert_2': 1.7960761649032237, 'expert_3': 0.0, 'expert_4': 2.8632019378150715, 'expert_5': 0.0, 'expert_6': 0.0, 'expert_7': 0.0, 'expert_8': 0.0, 'expert_9': 0.0}
{'coverage': '4654 out of9216', 'system_accuracy': 45.963541666666664, 'expert_accuracy': 2.0166592715186638, 'classifier_accuracy': 89.04168265918172, 'alone_classifier': 85.83984375, 'validation_loss': 5.262476232316759, 'n_experts': 10, 'expert_0': 0.0, 'expert_1': 0.0, 'expert_2': 1.7960761649032237, 'expert_3': 0.0, 'expert_4': 2.8632019378150715, 'expert_5': 0.0, 'expert_6': 0.0, 'expert_7': 0.0, 'expert_8': 0.0, 'expert_9': 0.0}
type of S, type of idx  <class 'list'> <class 'list'>
/home/rverma/.conda/envs/defer/lib/python3.8/site-packages/torch/nn/functional.py:1944: UserWarning: nn.functional.sigmoid is deprecated. Use torch.sigmoid instead.
  warnings.warn("nn.functional.sigmoid is deprecated. Use torch.sigmoid instead.")
torch.Size([9216]) torch.Size([9216, 20]) [torch.Size([9216]), torch.Size([9216]), torch.Size([9216]), torch.Size([9216]), torch.Size([9216]), torch.Size([9216]), torch.Size([9216]), torch.Size([9216]), torch.Size([9216]), torch.Size([9216])]
shapes: true labels torch.Size([9216]), confidences torch.Size([9216, 20]), expert_predictions (10, 9216)
Evaluate...
{'coverage': '4670 out of9216', 'system_accuracy': 64.71354166666667, 'expert_accuracy': 39.683236265585734, 'classifier_accuracy': 89.07922721457757, 'alone_classifier': 85.97005208333333, 'validation_loss': 5.6861754523383246, 'n_experts': 10, 'expert_0': 0.0, 'expert_1': 0.0, 'expert_2': 66.38172855741962, 'expert_3': 0.0, 'expert_4': 1.0858323592727654, 'expert_5': 0.0, 'expert_6': 0.0, 'expert_7': 87.42243796701207, 'expert_8': 0.0, 'expert_9': 0.0}
{'coverage': '4670 out of9216', 'system_accuracy': 64.71354166666667, 'expert_accuracy': 39.683236265585734, 'classifier_accuracy': 89.07922721457757, 'alone_classifier': 85.97005208333333, 'validation_loss': 5.6861754523383246, 'n_experts': 10, 'expert_0': 0.0, 'expert_1': 0.0, 'expert_2': 66.38172855741962, 'expert_3': 0.0, 'expert_4': 1.0858323592727654, 'expert_5': 0.0, 'expert_6': 0.0, 'expert_7': 87.42243796701207, 'expert_8': 0.0, 'expert_9': 0.0}
type of S, type of idx  <class 'list'> <class 'list'>
torch.Size([9216]) torch.Size([9216, 20]) [torch.Size([9216]), torch.Size([9216]), torch.Size([9216]), torch.Size([9216]), torch.Size([9216]), torch.Size([9216]), torch.Size([9216]), torch.Size([9216]), torch.Size([9216]), torch.Size([9216])]
shapes: true labels torch.Size([9216]), confidences torch.Size([9216, 20]), expert_predictions (10, 9216)
Evaluate...
{'coverage': '4561 out of9216', 'system_accuracy': 73.00347222222223, 'expert_accuracy': 57.572500211707826, 'classifier_accuracy': 88.75246461845067, 'alone_classifier': 85.76388888888889, 'validation_loss': 5.819822046491835, 'n_experts': 10, 'expert_0': 0.0, 'expert_1': 93.83559501470434, 'expert_2': 0.0, 'expert_3': 0.0, 'expert_4': 0.0, 'expert_5': 2.3909982572435644, 'expert_6': 0.0, 'expert_7': 1.0799131404262892, 'expert_8': 95.5714149183693, 'expert_9': 97.36838163223416}
{'coverage': '4561 out of9216', 'system_accuracy': 73.00347222222223, 'expert_accuracy': 57.572500211707826, 'classifier_accuracy': 88.75246461845067, 'alone_classifier': 85.76388888888889, 'validation_loss': 5.819822046491835, 'n_experts': 10, 'expert_0': 0.0, 'expert_1': 93.83559501470434, 'expert_2': 0.0, 'expert_3': 0.0, 'expert_4': 0.0, 'expert_5': 2.3909982572435644, 'expert_6': 0.0, 'expert_7': 1.0799131404262892, 'expert_8': 95.5714149183693, 'expert_9': 97.36838163223416}
type of S, type of idx  <class 'list'> <class 'list'>
torch.Size([9216]) torch.Size([9216, 20]) [torch.Size([9216]), torch.Size([9216]), torch.Size([9216]), torch.Size([9216]), torch.Size([9216]), torch.Size([9216]), torch.Size([9216]), torch.Size([9216]), torch.Size([9216]), torch.Size([9216])]
shapes: true labels torch.Size([9216]), confidences torch.Size([9216, 20]), expert_predictions (10, 9216)
Evaluate...
{'coverage': '4581 out of9216', 'system_accuracy': 78.84114583333333, 'expert_accuracy': 72.88025575489726, 'classifier_accuracy': 84.87229677205202, 'alone_classifier': 87.01171875, 'validation_loss': 6.132394313812256, 'n_experts': 10, 'expert_0': 0.0, 'expert_1': 95.13888111610449, 'expert_2': 0.0, 'expert_3': 99.98000399920016, 'expert_4': 98.37294158374429, 'expert_5': 0.0, 'expert_6': 3.1992681536986924, 'expert_7': 5.714253061411077, 'expert_8': 78.57030613848374, 'expert_9': 87.70484614356873}
{'coverage': '4581 out of9216', 'system_accuracy': 78.84114583333333, 'expert_accuracy': 72.88025575489726, 'classifier_accuracy': 84.87229677205202, 'alone_classifier': 87.01171875, 'validation_loss': 6.132394313812256, 'n_experts': 10, 'expert_0': 0.0, 'expert_1': 95.13888111610449, 'expert_2': 0.0, 'expert_3': 99.98000399920016, 'expert_4': 98.37294158374429, 'expert_5': 0.0, 'expert_6': 3.1992681536986924, 'expert_7': 5.714253061411077, 'expert_8': 78.57030613848374, 'expert_9': 87.70484614356873}
type of S, type of idx  <class 'list'> <class 'list'>
torch.Size([9216]) torch.Size([9216, 20]) [torch.Size([9216]), torch.Size([9216]), torch.Size([9216]), torch.Size([9216]), torch.Size([9216]), torch.Size([9216]), torch.Size([9216]), torch.Size([9216]), torch.Size([9216]), torch.Size([9216])]
shapes: true labels torch.Size([9216]), confidences torch.Size([9216, 20]), expert_predictions (10, 9216)
Evaluate...
{'coverage': '4690 out of9216', 'system_accuracy': 93.39192708333333, 'expert_accuracy': 95.9566904128727, 'classifier_accuracy': 90.91684241115475, 'alone_classifier': 87.90147569444444, 'validation_loss': 5.978471914927165, 'n_experts': 10, 'expert_0': 0.0, 'expert_1': 0.0, 'expert_2': 98.72552583290616, 'expert_3': 0.0, 'expert_4': 99.34828394666417, 'expert_5': 87.49996292374452, 'expert_6': 85.20699975502987, 'expert_7': 78.35035391679604, 'expert_8': 0.0, 'expert_9': 80.47611383227253}
{'coverage': '4690 out of9216', 'system_accuracy': 93.39192708333333, 'expert_accuracy': 95.9566904128727, 'classifier_accuracy': 90.91684241115475, 'alone_classifier': 87.90147569444444, 'validation_loss': 5.978471914927165, 'n_experts': 10, 'expert_0': 0.0, 'expert_1': 0.0, 'expert_2': 98.72552583290616, 'expert_3': 0.0, 'expert_4': 99.34828394666417, 'expert_5': 87.49996292374452, 'expert_6': 85.20699975502987, 'expert_7': 78.35035391679604, 'expert_8': 0.0, 'expert_9': 80.47611383227253}
log is of type <class 'dict'>
type of S, type of idx  <class 'list'> <class 'list'>
torch.Size([9216]) torch.Size([9216, 20]) [torch.Size([9216]), torch.Size([9216]), torch.Size([9216]), torch.Size([9216]), torch.Size([9216]), torch.Size([9216]), torch.Size([9216]), torch.Size([9216]), torch.Size([9216]), torch.Size([9216])]
shapes: true labels torch.Size([9216]), confidences torch.Size([9216, 20]), expert_predictions (10, 9216)
Evaluate...
{'coverage': '4890 out of9216', 'system_accuracy': 44.466145833333336, 'expert_accuracy': 1.294498322029666, 'classifier_accuracy': 82.65848501720889, 'alone_classifier': 86.79470486111111, 'validation_loss': 5.076284461551243, 'n_experts': 10, 'expert_0': 0.0, 'expert_1': 0.0, 'expert_2': 0.0, 'expert_3': 0.0, 'expert_4': 0.9005480892288106, 'expert_5': 0.0, 'expert_6': 1.8623022728778473, 'expert_7': 0.0, 'expert_8': 0.0, 'expert_9': 0.0}
{'coverage': '4890 out of9216', 'system_accuracy': 44.466145833333336, 'expert_accuracy': 1.294498322029666, 'classifier_accuracy': 82.65848501720889, 'alone_classifier': 86.79470486111111, 'validation_loss': 5.076284461551243, 'n_experts': 10, 'expert_0': 0.0, 'expert_1': 0.0, 'expert_2': 0.0, 'expert_3': 0.0, 'expert_4': 0.9005480892288106, 'expert_5': 0.0, 'expert_6': 1.8623022728778473, 'expert_7': 0.0, 'expert_8': 0.0, 'expert_9': 0.0}
type of S, type of idx  <class 'list'> <class 'list'>
torch.Size([9216]) torch.Size([9216, 20]) [torch.Size([9216]), torch.Size([9216]), torch.Size([9216]), torch.Size([9216]), torch.Size([9216]), torch.Size([9216]), torch.Size([9216]), torch.Size([9216]), torch.Size([9216]), torch.Size([9216])]
shapes: true labels torch.Size([9216]), confidences torch.Size([9216, 20]), expert_predictions (10, 9216)
Evaluate...
{'coverage': '4706 out of9216', 'system_accuracy': 83.203125, 'expert_accuracy': 80.97560616516158, 'classifier_accuracy': 85.33786473995187, 'alone_classifier': 86.27387152777777, 'validation_loss': 5.699663268195258, 'n_experts': 10, 'expert_0': 0.0, 'expert_1': 0.0, 'expert_2': 0.0, 'expert_3': 94.40297920379483, 'expert_4': 0.8305645081181037, 'expert_5': 0.0, 'expert_6': 90.62497302828184, 'expert_7': 0.0, 'expert_8': 0.0, 'expert_9': 10.526204987315923}
{'coverage': '4706 out of9216', 'system_accuracy': 83.203125, 'expert_accuracy': 80.97560616516158, 'classifier_accuracy': 85.33786473995187, 'alone_classifier': 86.27387152777777, 'validation_loss': 5.699663268195258, 'n_experts': 10, 'expert_0': 0.0, 'expert_1': 0.0, 'expert_2': 0.0, 'expert_3': 94.40297920379483, 'expert_4': 0.8305645081181037, 'expert_5': 0.0, 'expert_6': 90.62497302828184, 'expert_7': 0.0, 'expert_8': 0.0, 'expert_9': 10.526204987315923}
type of S, type of idx  <class 'list'> <class 'list'>
torch.Size([9216]) torch.Size([9216, 20]) [torch.Size([9216]), torch.Size([9216]), torch.Size([9216]), torch.Size([9216]), torch.Size([9216]), torch.Size([9216]), torch.Size([9216]), torch.Size([9216]), torch.Size([9216]), torch.Size([9216])]
shapes: true labels torch.Size([9216]), confidences torch.Size([9216, 20]), expert_predictions (10, 9216)
Evaluate...
{'coverage': '4526 out of9216', 'system_accuracy': 71.13715277777777, 'expert_accuracy': 53.15564805306404, 'classifier_accuracy': 89.7702145433006, 'alone_classifier': 86.88151041666667, 'validation_loss': 5.850009123484294, 'n_experts': 10, 'expert_0': 0.0, 'expert_1': 98.40633529628076, 'expert_2': 0.0, 'expert_3': 99.484141564607, 'expert_4': 3.283580129205893, 'expert_5': 0.0, 'expert_6': 0.0, 'expert_7': 0.0, 'expert_8': 78.92718290493413, 'expert_9': 1.167542187093732}
{'coverage': '4526 out of9216', 'system_accuracy': 71.13715277777777, 'expert_accuracy': 53.15564805306404, 'classifier_accuracy': 89.7702145433006, 'alone_classifier': 86.88151041666667, 'validation_loss': 5.850009123484294, 'n_experts': 10, 'expert_0': 0.0, 'expert_1': 98.40633529628076, 'expert_2': 0.0, 'expert_3': 99.484141564607, 'expert_4': 3.283580129205893, 'expert_5': 0.0, 'expert_6': 0.0, 'expert_7': 0.0, 'expert_8': 78.92718290493413, 'expert_9': 1.167542187093732}
type of S, type of idx  <class 'list'> <class 'list'>
torch.Size([9216]) torch.Size([9216, 20]) [torch.Size([9216]), torch.Size([9216]), torch.Size([9216]), torch.Size([9216]), torch.Size([9216]), torch.Size([9216]), torch.Size([9216]), torch.Size([9216]), torch.Size([9216]), torch.Size([9216])]
shapes: true labels torch.Size([9216]), confidences torch.Size([9216, 20]), expert_predictions (10, 9216)
Evaluate...
{'coverage': '4526 out of9216', 'system_accuracy': 85.66623263888889, 'expert_accuracy': 82.13219265960798, 'classifier_accuracy': 89.3283232583225, 'alone_classifier': 86.75130208333333, 'validation_loss': 6.254422187805176, 'n_experts': 10, 'expert_0': 0.0, 'expert_1': 0.0, 'expert_2': 66.66444451851605, 'expert_3': 0.0, 'expert_4': 63.41455681151608, 'expert_5': 99.9985714489793, 'expert_6': 0.0, 'expert_7': 96.21208476814972, 'expert_8': 94.6407482543729, 'expert_9': 1.3986009095801017}
{'coverage': '4526 out of9216', 'system_accuracy': 85.66623263888889, 'expert_accuracy': 82.13219265960798, 'classifier_accuracy': 89.3283232583225, 'alone_classifier': 86.75130208333333, 'validation_loss': 6.254422187805176, 'n_experts': 10, 'expert_0': 0.0, 'expert_1': 0.0, 'expert_2': 66.66444451851605, 'expert_3': 0.0, 'expert_4': 63.41455681151608, 'expert_5': 99.9985714489793, 'expert_6': 0.0, 'expert_7': 96.21208476814972, 'expert_8': 94.6407482543729, 'expert_9': 1.3986009095801017}
type of S, type of idx  <class 'list'> <class 'list'>
torch.Size([9216]) torch.Size([9216, 20]) [torch.Size([9216]), torch.Size([9216]), torch.Size([9216]), torch.Size([9216]), torch.Size([9216]), torch.Size([9216]), torch.Size([9216]), torch.Size([9216]), torch.Size([9216]), torch.Size([9216])]
shapes: true labels torch.Size([9216]), confidences torch.Size([9216, 20]), expert_predictions (10, 9216)
Evaluate...
{'coverage': '4549 out of9216', 'system_accuracy': 90.39713541666667, 'expert_accuracy': 95.09320355289464, 'classifier_accuracy': 85.57924630513857, 'alone_classifier': 85.47092013888889, 'validation_loss': 6.03884834713406, 'n_experts': 10, 'expert_0': 99.9900009999, 'expert_1': 55.554321015088554, 'expert_2': 0.0, 'expert_3': 0.0, 'expert_4': 72.30746982316977, 'expert_5': 99.98000399920016, 'expert_6': 0.0, 'expert_7': 89.36760397948521, 'expert_8': 98.28625209227216, 'expert_9': 0.0}
{'coverage': '4549 out of9216', 'system_accuracy': 90.39713541666667, 'expert_accuracy': 95.09320355289464, 'classifier_accuracy': 85.57924630513857, 'alone_classifier': 85.47092013888889, 'validation_loss': 6.03884834713406, 'n_experts': 10, 'expert_0': 99.9900009999, 'expert_1': 55.554321015088554, 'expert_2': 0.0, 'expert_3': 0.0, 'expert_4': 72.30746982316977, 'expert_5': 99.98000399920016, 'expert_6': 0.0, 'expert_7': 89.36760397948521, 'expert_8': 98.28625209227216, 'expert_9': 0.0}
log is of type <class 'dict'>
type of S, type of idx  <class 'list'> <class 'list'>
torch.Size([9216]) torch.Size([9216, 20]) [torch.Size([9216]), torch.Size([9216]), torch.Size([9216]), torch.Size([9216]), torch.Size([9216]), torch.Size([9216]), torch.Size([9216]), torch.Size([9216]), torch.Size([9216]), torch.Size([9216])]
shapes: true labels torch.Size([9216]), confidences torch.Size([9216, 20]), expert_predictions (10, 9216)
Evaluate...
{'coverage': '4726 out of9216', 'system_accuracy': 45.8984375, 'expert_accuracy': 1.6926502586792755, 'classifier_accuracy': 87.89673957053026, 'alone_classifier': 86.78385416666667, 'validation_loss': 5.287694030337864, 'n_experts': 10, 'expert_0': 1.7937217720042857, 'expert_1': 0.0, 'expert_2': 0.0, 'expert_3': 0.0, 'expert_4': 0.0, 'expert_5': 0.0, 'expert_6': 0.0, 'expert_7': 0.0, 'expert_8': 1.6260161399840252, 'expert_9': 0.0}
{'coverage': '4726 out of9216', 'system_accuracy': 45.8984375, 'expert_accuracy': 1.6926502586792755, 'classifier_accuracy': 87.89673957053026, 'alone_classifier': 86.78385416666667, 'validation_loss': 5.287694030337864, 'n_experts': 10, 'expert_0': 1.7937217720042857, 'expert_1': 0.0, 'expert_2': 0.0, 'expert_3': 0.0, 'expert_4': 0.0, 'expert_5': 0.0, 'expert_6': 0.0, 'expert_7': 0.0, 'expert_8': 1.6260161399840252, 'expert_9': 0.0}
type of S, type of idx  <class 'list'> <class 'list'>
torch.Size([9216]) torch.Size([9216, 20]) [torch.Size([9216]), torch.Size([9216]), torch.Size([9216]), torch.Size([9216]), torch.Size([9216]), torch.Size([9216]), torch.Size([9216]), torch.Size([9216]), torch.Size([9216]), torch.Size([9216])]
shapes: true labels torch.Size([9216]), confidences torch.Size([9216, 20]), expert_predictions (10, 9216)
Evaluate...
{'coverage': '4799 out of9216', 'system_accuracy': 45.30164930555556, 'expert_accuracy': 1.4942267831457194, 'classifier_accuracy': 85.62200280012496, 'alone_classifier': 87.18532986111111, 'validation_loss': 5.518189271291097, 'n_experts': 10, 'expert_0': 8.91718609275657, 'expert_1': 0.0, 'expert_2': 0.0, 'expert_3': 0.505050377512531, 'expert_4': 0.0, 'expert_5': 1.5518912672556568, 'expert_6': 0.0, 'expert_7': 0.0, 'expert_8': 0.0, 'expert_9': 0.0}
{'coverage': '4799 out of9216', 'system_accuracy': 45.30164930555556, 'expert_accuracy': 1.4942267831457194, 'classifier_accuracy': 85.62200280012496, 'alone_classifier': 87.18532986111111, 'validation_loss': 5.518189271291097, 'n_experts': 10, 'expert_0': 8.91718609275657, 'expert_1': 0.0, 'expert_2': 0.0, 'expert_3': 0.505050377512531, 'expert_4': 0.0, 'expert_5': 1.5518912672556568, 'expert_6': 0.0, 'expert_7': 0.0, 'expert_8': 0.0, 'expert_9': 0.0}
type of S, type of idx  <class 'list'> <class 'list'>
torch.Size([9216]) torch.Size([9216, 20]) [torch.Size([9216]), torch.Size([9216]), torch.Size([9216]), torch.Size([9216]), torch.Size([9216]), torch.Size([9216]), torch.Size([9216]), torch.Size([9216]), torch.Size([9216]), torch.Size([9216])]
shapes: true labels torch.Size([9216]), confidences torch.Size([9216, 20]), expert_predictions (10, 9216)
Evaluate...
{'coverage': '4613 out of9216', 'system_accuracy': 89.08420138888889, 'expert_accuracy': 92.96110827890035, 'classifier_accuracy': 85.21569292833962, 'alone_classifier': 86.50173611111111, 'validation_loss': 5.611911508772108, 'n_experts': 10, 'expert_0': 0.0, 'expert_1': 10.059159693302139, 'expert_2': 69.69654729365277, 'expert_3': 0.0, 'expert_4': 92.07805003948334, 'expert_5': 97.56015390640682, 'expert_6': 0.0, 'expert_7': 96.28249208829291, 'expert_8': 0.0, 'expert_9': 0.0}
{'coverage': '4613 out of9216', 'system_accuracy': 89.08420138888889, 'expert_accuracy': 92.96110827890035, 'classifier_accuracy': 85.21569292833962, 'alone_classifier': 86.50173611111111, 'validation_loss': 5.611911508772108, 'n_experts': 10, 'expert_0': 0.0, 'expert_1': 10.059159693302139, 'expert_2': 69.69654729365277, 'expert_3': 0.0, 'expert_4': 92.07805003948334, 'expert_5': 97.56015390640682, 'expert_6': 0.0, 'expert_7': 96.28249208829291, 'expert_8': 0.0, 'expert_9': 0.0}
type of S, type of idx  <class 'list'> <class 'list'>
torch.Size([9216]) torch.Size([9216, 20]) [torch.Size([9216]), torch.Size([9216]), torch.Size([9216]), torch.Size([9216]), torch.Size([9216]), torch.Size([9216]), torch.Size([9216]), torch.Size([9216]), torch.Size([9216]), torch.Size([9216])]
shapes: true labels torch.Size([9216]), confidences torch.Size([9216, 20]), expert_predictions (10, 9216)
Evaluate...
{'coverage': '4672 out of9216', 'system_accuracy': 89.82204861111111, 'expert_accuracy': 94.01408036909856, 'classifier_accuracy': 85.74486117840623, 'alone_classifier': 87.56510416666667, 'validation_loss': 6.182480017344157, 'n_experts': 10, 'expert_0': 0.0, 'expert_1': 90.38833196343069, 'expert_2': 97.02299093058309, 'expert_3': 84.2794023760678, 'expert_4': 9.090826447032299, 'expert_5': 0.0, 'expert_6': 99.98000399920016, 'expert_7': 94.20276202498256, 'expert_8': 96.05102113596341, 'expert_9': 0.0}
{'coverage': '4672 out of9216', 'system_accuracy': 89.82204861111111, 'expert_accuracy': 94.01408036909856, 'classifier_accuracy': 85.74486117840623, 'alone_classifier': 87.56510416666667, 'validation_loss': 6.182480017344157, 'n_experts': 10, 'expert_0': 0.0, 'expert_1': 90.38833196343069, 'expert_2': 97.02299093058309, 'expert_3': 84.2794023760678, 'expert_4': 9.090826447032299, 'expert_5': 0.0, 'expert_6': 99.98000399920016, 'expert_7': 94.20276202498256, 'expert_8': 96.05102113596341, 'expert_9': 0.0}
type of S, type of idx  <class 'list'> <class 'list'>
torch.Size([9216]) torch.Size([9216, 20]) [torch.Size([9216]), torch.Size([9216]), torch.Size([9216]), torch.Size([9216]), torch.Size([9216]), torch.Size([9216]), torch.Size([9216]), torch.Size([9216]), torch.Size([9216]), torch.Size([9216])]
shapes: true labels torch.Size([9216]), confidences torch.Size([9216, 20]), expert_predictions (10, 9216)
Evaluate...
{'coverage': '4616 out of9216', 'system_accuracy': 89.55078125, 'expert_accuracy': 92.04347425897937, 'classifier_accuracy': 87.0667225505476, 'alone_classifier': 84.68967013888889, 'validation_loss': 6.955887158711751, 'n_experts': 10, 'expert_0': 76.31568905830386, 'expert_1': 94.70706305397471, 'expert_2': 95.02478106986958, 'expert_3': 87.19929773207943, 'expert_4': 63.63520663260668, 'expert_5': 49.99954545867765, 'expert_6': 0.0, 'expert_7': 99.77112138621446, 'expert_8': 95.99923200614396, 'expert_9': 79.64587673296153}
{'coverage': '4616 out of9216', 'system_accuracy': 89.55078125, 'expert_accuracy': 92.04347425897937, 'classifier_accuracy': 87.0667225505476, 'alone_classifier': 84.68967013888889, 'validation_loss': 6.955887158711751, 'n_experts': 10, 'expert_0': 76.31568905830386, 'expert_1': 94.70706305397471, 'expert_2': 95.02478106986958, 'expert_3': 87.19929773207943, 'expert_4': 63.63520663260668, 'expert_5': 49.99954545867765, 'expert_6': 0.0, 'expert_7': 99.77112138621446, 'expert_8': 95.99923200614396, 'expert_9': 79.64587673296153}
