Lmod has detected the following error: These module(s) or extension(s) exist
but cannot be loaded as requested: "cuDNN"
   Try: "module spider cuDNN" to see how to load the module(s).



cuda:0
cuda:0
{'batch_size': 1024, 'alpha': 1.0, 'epochs': 100, 'patience': 20, 'expert_type': 'predict', 'n_classes': 10, 'k': 5, 'n_experts': 10, 'lr': 0.1, 'weight_decay': 0.0005, 'warmup_epochs': 0, 'loss_type': 'ova', 'ckp_dir': './ova_gradual_overlap/', 'experiment_name': 'gradual_overlap'}
torch.Size([9216]) torch.Size([9216, 20]) [torch.Size([9216]), torch.Size([9216]), torch.Size([9216]), torch.Size([9216]), torch.Size([9216]), torch.Size([9216]), torch.Size([9216]), torch.Size([9216]), torch.Size([9216]), torch.Size([9216])]
shapes: true labels torch.Size([9216]), confidences torch.Size([9216, 20]), expert_predictions (10, 9216)
Evaluate...
{'coverage': '6090 out of9216', 'system_accuracy': 67.97960069444444, 'expert_accuracy': 21.081252649951846, 'classifier_accuracy': 92.05254364445742, 'alone_classifier': 86.50173611111111, 'validation_loss': 7.942138459947374, 'n_experts': 10, 'expert_0': 26.922973373179335, 'expert_1': 19.999960000079998, 'expert_2': 21.186404768805474, 'expert_3': 21.107259132436287, 'expert_4': 22.44897126197727, 'expert_5': 18.491914365560373, 'expert_6': 22.11980547474402, 'expert_7': 21.855661090449036, 'expert_8': 22.077864732818874, 'expert_9': 18.817184067544012}
{'coverage': '6090 out of9216', 'system_accuracy': 67.97960069444444, 'expert_accuracy': 21.081252649951846, 'classifier_accuracy': 92.05254364445742, 'alone_classifier': 86.50173611111111, 'validation_loss': 7.942138459947374, 'n_experts': 10, 'expert_0': 26.922973373179335, 'expert_1': 19.999960000079998, 'expert_2': 21.186404768805474, 'expert_3': 21.107259132436287, 'expert_4': 22.44897126197727, 'expert_5': 18.491914365560373, 'expert_6': 22.11980547474402, 'expert_7': 21.855661090449036, 'expert_8': 22.077864732818874, 'expert_9': 18.817184067544012}
/home/rverma/.conda/envs/defer/lib/python3.8/site-packages/torch/nn/functional.py:1944: UserWarning: nn.functional.sigmoid is deprecated. Use torch.sigmoid instead.
  warnings.warn("nn.functional.sigmoid is deprecated. Use torch.sigmoid instead.")
torch.Size([9216]) torch.Size([9216, 20]) [torch.Size([9216]), torch.Size([9216]), torch.Size([9216]), torch.Size([9216]), torch.Size([9216]), torch.Size([9216]), torch.Size([9216]), torch.Size([9216]), torch.Size([9216]), torch.Size([9216])]
shapes: true labels torch.Size([9216]), confidences torch.Size([9216, 20]), expert_predictions (10, 9216)
Evaluate...
{'coverage': '6611 out of9216', 'system_accuracy': 77.25694444444444, 'expert_accuracy': 31.669863211526817, 'classifier_accuracy': 95.2200862922389, 'alone_classifier': 86.75130208333333, 'validation_loss': 9.209101676940918, 'n_experts': 10, 'expert_0': 27.906933477622513, 'expert_1': 31.249960937548828, 'expert_2': 33.58773498055728, 'expert_3': 47.407337174315295, 'expert_4': 29.30231649540574, 'expert_5': 33.13430857653219, 'expert_6': 29.82170832359536, 'expert_7': 34.895796983544805, 'expert_8': 29.884988770140755, 'expert_9': 31.034447086842427}
{'coverage': '6611 out of9216', 'system_accuracy': 77.25694444444444, 'expert_accuracy': 31.669863211526817, 'classifier_accuracy': 95.2200862922389, 'alone_classifier': 86.75130208333333, 'validation_loss': 9.209101676940918, 'n_experts': 10, 'expert_0': 27.906933477622513, 'expert_1': 31.249960937548828, 'expert_2': 33.58773498055728, 'expert_3': 47.407337174315295, 'expert_4': 29.30231649540574, 'expert_5': 33.13430857653219, 'expert_6': 29.82170832359536, 'expert_7': 34.895796983544805, 'expert_8': 29.884988770140755, 'expert_9': 31.034447086842427}
torch.Size([9216]) torch.Size([9216, 20]) [torch.Size([9216]), torch.Size([9216]), torch.Size([9216]), torch.Size([9216]), torch.Size([9216]), torch.Size([9216]), torch.Size([9216]), torch.Size([9216]), torch.Size([9216]), torch.Size([9216])]
shapes: true labels torch.Size([9216]), confidences torch.Size([9216, 20]), expert_predictions (10, 9216)
Evaluate...
{'coverage': '6787 out of9216', 'system_accuracy': 83.90842013888889, 'expert_accuracy': 49.23836564525602, 'classifier_accuracy': 96.31648598325495, 'alone_classifier': 87.03342013888889, 'validation_loss': 10.337218390570747, 'n_experts': 10, 'expert_0': 48.33325277791204, 'expert_1': 45.39871730218736, 'expert_2': 56.39528326129853, 'expert_3': 51.528339276559585, 'expert_4': 49.244683235840945, 'expert_5': 47.95535468003369, 'expert_6': 50.115450293094554, 'expert_7': 47.00312491916409, 'expert_8': 56.097424152624015, 'expert_9': 46.32584899306774}
{'coverage': '6787 out of9216', 'system_accuracy': 83.90842013888889, 'expert_accuracy': 49.23836564525602, 'classifier_accuracy': 96.31648598325495, 'alone_classifier': 87.03342013888889, 'validation_loss': 10.337218390570747, 'n_experts': 10, 'expert_0': 48.33325277791204, 'expert_1': 45.39871730218736, 'expert_2': 56.39528326129853, 'expert_3': 51.528339276559585, 'expert_4': 49.244683235840945, 'expert_5': 47.95535468003369, 'expert_6': 50.115450293094554, 'expert_7': 47.00312491916409, 'expert_8': 56.097424152624015, 'expert_9': 46.32584899306774}
torch.Size([9216]) torch.Size([9216, 20]) [torch.Size([9216]), torch.Size([9216]), torch.Size([9216]), torch.Size([9216]), torch.Size([9216]), torch.Size([9216]), torch.Size([9216]), torch.Size([9216]), torch.Size([9216]), torch.Size([9216])]
shapes: true labels torch.Size([9216]), confidences torch.Size([9216, 20]), expert_predictions (10, 9216)
Evaluate...
{'coverage': '6369 out of9216', 'system_accuracy': 87.71701388888889, 'expert_accuracy': 66.06954225011997, 'classifier_accuracy': 97.39362384371763, 'alone_classifier': 86.87065972222223, 'validation_loss': 9.782551553514269, 'n_experts': 10, 'expert_0': 69.81123294184535, 'expert_1': 65.82907956876426, 'expert_2': 62.676012199991405, 'expert_3': 67.857073615231, 'expert_4': 67.18747000559375, 'expert_5': 67.45092748946864, 'expert_6': 65.39159730725054, 'expert_7': 65.63304101651627, 'expert_8': 67.58611367432596, 'expert_9': 63.99994311116168}
{'coverage': '6369 out of9216', 'system_accuracy': 87.71701388888889, 'expert_accuracy': 66.06954225011997, 'classifier_accuracy': 97.39362384371763, 'alone_classifier': 86.87065972222223, 'validation_loss': 9.782551553514269, 'n_experts': 10, 'expert_0': 69.81123294184535, 'expert_1': 65.82907956876426, 'expert_2': 62.676012199991405, 'expert_3': 67.857073615231, 'expert_4': 67.18747000559375, 'expert_5': 67.45092748946864, 'expert_6': 65.39159730725054, 'expert_7': 65.63304101651627, 'expert_8': 67.58611367432596, 'expert_9': 63.99994311116168}
torch.Size([9216]) torch.Size([9216, 20]) [torch.Size([9216]), torch.Size([9216]), torch.Size([9216]), torch.Size([9216]), torch.Size([9216]), torch.Size([9216]), torch.Size([9216]), torch.Size([9216]), torch.Size([9216]), torch.Size([9216])]
shapes: true labels torch.Size([9216]), confidences torch.Size([9216, 20]), expert_predictions (10, 9216)
Evaluate...
{'coverage': '5216 out of9216', 'system_accuracy': 92.01388888888889, 'expert_accuracy': 83.4499958275002, 'classifier_accuracy': 98.58128645357962, 'alone_classifier': 86.42578125, 'validation_loss': 7.330083423190647, 'n_experts': 10, 'expert_0': 87.096703954271, 'expert_1': 86.06956609993422, 'expert_2': 82.9860534819073, 'expert_3': 85.09311484899699, 'expert_4': 79.79449322106397, 'expert_5': 84.03751923121163, 'expert_6': 83.95519255403264, 'expert_7': 84.02553226021334, 'expert_8': 84.50696290426018, 'expert_9': 82.01435898764066}
{'coverage': '5216 out of9216', 'system_accuracy': 92.01388888888889, 'expert_accuracy': 83.4499958275002, 'classifier_accuracy': 98.58128645357962, 'alone_classifier': 86.42578125, 'validation_loss': 7.330083423190647, 'n_experts': 10, 'expert_0': 87.096703954271, 'expert_1': 86.06956609993422, 'expert_2': 82.9860534819073, 'expert_3': 85.09311484899699, 'expert_4': 79.79449322106397, 'expert_5': 84.03751923121163, 'expert_6': 83.95519255403264, 'expert_7': 84.02553226021334, 'expert_8': 84.50696290426018, 'expert_9': 82.01435898764066}
torch.Size([9216]) torch.Size([9216, 20]) [torch.Size([9216]), torch.Size([9216]), torch.Size([9216]), torch.Size([9216]), torch.Size([9216]), torch.Size([9216]), torch.Size([9216]), torch.Size([9216]), torch.Size([9216]), torch.Size([9216])]
shapes: true labels torch.Size([9216]), confidences torch.Size([9216, 20]), expert_predictions (10, 9216)
Evaluate...
{'coverage': '3159 out of9216', 'system_accuracy': 97.18967013888889, 'expert_accuracy': 95.8725409981, 'classifier_accuracy': 99.71509655855978, 'alone_classifier': 84.50520833333333, 'validation_loss': 3.5627160602145724, 'n_experts': 10, 'expert_0': 97.48597905811225, 'expert_1': 96.19043038550934, 'expert_2': 94.45778580347672, 'expert_3': 95.4624448647662, 'expert_4': 96.181019467887, 'expert_5': 96.42854767769762, 'expert_6': 94.09088770661644, 'expert_7': 97.21057260514014, 'expert_8': 95.5339434819637, 'expert_9': 96.21209205694181}
{'coverage': '3159 out of9216', 'system_accuracy': 97.18967013888889, 'expert_accuracy': 95.8725409981, 'classifier_accuracy': 99.71509655855978, 'alone_classifier': 84.50520833333333, 'validation_loss': 3.5627160602145724, 'n_experts': 10, 'expert_0': 97.48597905811225, 'expert_1': 96.19043038550934, 'expert_2': 94.45778580347672, 'expert_3': 95.4624448647662, 'expert_4': 96.181019467887, 'expert_5': 96.42854767769762, 'expert_6': 94.09088770661644, 'expert_7': 97.21057260514014, 'expert_8': 95.5339434819637, 'expert_9': 96.21209205694181}
torch.Size([9216]) torch.Size([9216, 20]) [torch.Size([9216]), torch.Size([9216]), torch.Size([9216]), torch.Size([9216]), torch.Size([9216]), torch.Size([9216]), torch.Size([9216]), torch.Size([9216]), torch.Size([9216]), torch.Size([9216])]
shapes: true labels torch.Size([9216]), confidences torch.Size([9216, 20]), expert_predictions (10, 9216)
Evaluate...
{'coverage': '646 out of9216', 'system_accuracy': 99.98914930555556, 'expert_accuracy': 99.99999766627776, 'classifier_accuracy': 99.84518578247898, 'alone_classifier': 86.68619791666667, 'validation_loss': 1.127071910434299, 'n_experts': 10, 'expert_0': 99.99997881356381, 'expert_1': 99.99998591549495, 'expert_2': 99.99998582565757, 'expert_3': 99.99997289973635, 'expert_4': 99.99997533909364, 'expert_5': 99.99996927804324, 'expert_6': 99.99997695853067, 'expert_7': 99.99997071743172, 'expert_8': 99.99997777778272, 'expert_9': 99.99986111130401}
{'coverage': '646 out of9216', 'system_accuracy': 99.98914930555556, 'expert_accuracy': 99.99999766627776, 'classifier_accuracy': 99.84518578247898, 'alone_classifier': 86.68619791666667, 'validation_loss': 1.127071910434299, 'n_experts': 10, 'expert_0': 99.99997881356381, 'expert_1': 99.99998591549495, 'expert_2': 99.99998582565757, 'expert_3': 99.99997289973635, 'expert_4': 99.99997533909364, 'expert_5': 99.99996927804324, 'expert_6': 99.99997695853067, 'expert_7': 99.99997071743172, 'expert_8': 99.99997777778272, 'expert_9': 99.99986111130401}
torch.Size([9216]) torch.Size([9216, 20]) [torch.Size([9216]), torch.Size([9216]), torch.Size([9216]), torch.Size([9216]), torch.Size([9216]), torch.Size([9216]), torch.Size([9216]), torch.Size([9216]), torch.Size([9216]), torch.Size([9216])]
shapes: true labels torch.Size([9216]), confidences torch.Size([9216, 20]), expert_predictions (10, 9216)
Evaluate...
{'coverage': '7445 out of9216', 'system_accuracy': 79.93706597222223, 'expert_accuracy': 22.416711189530076, 'classifier_accuracy': 93.61987785601238, 'alone_classifier': 87.71701388888889, 'validation_loss': 7.906653457217747, 'n_experts': 10, 'expert_0': 21.739067422992974, 'expert_1': 22.97294192845685, 'expert_2': 17.543828870475664, 'expert_3': 31.57889988135356, 'expert_4': 18.24323502556981, 'expert_5': 33.64479692561322, 'expert_6': 19.642845450687233, 'expert_7': 26.95031638252995, 'expert_8': 32.394274945704375, 'expert_9': 20.192288276645886}
{'coverage': '7445 out of9216', 'system_accuracy': 79.93706597222223, 'expert_accuracy': 22.416711189530076, 'classifier_accuracy': 93.61987785601238, 'alone_classifier': 87.71701388888889, 'validation_loss': 7.906653457217747, 'n_experts': 10, 'expert_0': 21.739067422992974, 'expert_1': 22.97294192845685, 'expert_2': 17.543828870475664, 'expert_3': 31.57889988135356, 'expert_4': 18.24323502556981, 'expert_5': 33.64479692561322, 'expert_6': 19.642845450687233, 'expert_7': 26.95031638252995, 'expert_8': 32.394274945704375, 'expert_9': 20.192288276645886}
torch.Size([9216]) torch.Size([9216, 20]) [torch.Size([9216]), torch.Size([9216]), torch.Size([9216]), torch.Size([9216]), torch.Size([9216]), torch.Size([9216]), torch.Size([9216]), torch.Size([9216]), torch.Size([9216]), torch.Size([9216])]
shapes: true labels torch.Size([9216]), confidences torch.Size([9216, 20]), expert_predictions (10, 9216)
Evaluate...
{'coverage': '6358 out of9216', 'system_accuracy': 75.29296875, 'expert_accuracy': 31.140655623467065, 'classifier_accuracy': 95.1399796297581, 'alone_classifier': 86.72960069444444, 'validation_loss': 9.187901920742458, 'n_experts': 10, 'expert_0': 29.565165973624392, 'expert_1': 25.45451460058836, 'expert_2': 28.994048527753222, 'expert_3': 35.999952000064, 'expert_4': 31.999985777784097, 'expert_5': 32.325129555716615, 'expert_6': 30.01276372598628, 'expert_7': 32.926802498534556, 'expert_8': 39.24040698631142, 'expert_9': 28.48833896704771}
{'coverage': '6358 out of9216', 'system_accuracy': 75.29296875, 'expert_accuracy': 31.140655623467065, 'classifier_accuracy': 95.1399796297581, 'alone_classifier': 86.72960069444444, 'validation_loss': 9.187901920742458, 'n_experts': 10, 'expert_0': 29.565165973624392, 'expert_1': 25.45451460058836, 'expert_2': 28.994048527753222, 'expert_3': 35.999952000064, 'expert_4': 31.999985777784097, 'expert_5': 32.325129555716615, 'expert_6': 30.01276372598628, 'expert_7': 32.926802498534556, 'expert_8': 39.24040698631142, 'expert_9': 28.48833896704771}
torch.Size([9216]) torch.Size([9216, 20]) [torch.Size([9216]), torch.Size([9216]), torch.Size([9216]), torch.Size([9216]), torch.Size([9216]), torch.Size([9216]), torch.Size([9216]), torch.Size([9216]), torch.Size([9216]), torch.Size([9216])]
shapes: true labels torch.Size([9216]), confidences torch.Size([9216, 20]), expert_predictions (10, 9216)
Evaluate...
{'coverage': '6841 out of9216', 'system_accuracy': 83.7890625, 'expert_accuracy': 48.50525907324134, 'classifier_accuracy': 96.03858944542334, 'alone_classifier': 86.78385416666667, 'validation_loss': 10.385472933451334, 'n_experts': 10, 'expert_0': 46.30866267293601, 'expert_1': 46.49675605508783, 'expert_2': 53.999946000053995, 'expert_3': 47.593531985527285, 'expert_4': 51.65162062965728, 'expert_5': 49.23073893492989, 'expert_6': 45.13713459494534, 'expert_7': 48.89702286983612, 'expert_8': 49.46225922094791, 'expert_9': 46.89918845024151}
{'coverage': '6841 out of9216', 'system_accuracy': 83.7890625, 'expert_accuracy': 48.50525907324134, 'classifier_accuracy': 96.03858944542334, 'alone_classifier': 86.78385416666667, 'validation_loss': 10.385472933451334, 'n_experts': 10, 'expert_0': 46.30866267293601, 'expert_1': 46.49675605508783, 'expert_2': 53.999946000053995, 'expert_3': 47.593531985527285, 'expert_4': 51.65162062965728, 'expert_5': 49.23073893492989, 'expert_6': 45.13713459494534, 'expert_7': 48.89702286983612, 'expert_8': 49.46225922094791, 'expert_9': 46.89918845024151}
torch.Size([9216]) torch.Size([9216, 20]) [torch.Size([9216]), torch.Size([9216]), torch.Size([9216]), torch.Size([9216]), torch.Size([9216]), torch.Size([9216]), torch.Size([9216]), torch.Size([9216]), torch.Size([9216]), torch.Size([9216])]
shapes: true labels torch.Size([9216]), confidences torch.Size([9216, 20]), expert_predictions (10, 9216)
Evaluate...
{'coverage': '6187 out of9216', 'system_accuracy': 86.89236111111111, 'expert_accuracy': 65.86331687927918, 'classifier_accuracy': 97.18764995655972, 'alone_classifier': 87.22873263888889, 'validation_loss': 9.77743837568495, 'n_experts': 10, 'expert_0': 71.00583312919156, 'expert_1': 67.55311962434082, 'expert_2': 63.30640055935439, 'expert_3': 66.90136133706947, 'expert_4': 64.41045222250995, 'expert_5': 67.99994560004352, 'expert_6': 63.56874960269532, 'expert_7': 70.62310348777241, 'expert_8': 66.2789926988457, 'expert_9': 62.857110204098596}
{'coverage': '6187 out of9216', 'system_accuracy': 86.89236111111111, 'expert_accuracy': 65.86331687927918, 'classifier_accuracy': 97.18764995655972, 'alone_classifier': 87.22873263888889, 'validation_loss': 9.77743837568495, 'n_experts': 10, 'expert_0': 71.00583312919156, 'expert_1': 67.55311962434082, 'expert_2': 63.30640055935439, 'expert_3': 66.90136133706947, 'expert_4': 64.41045222250995, 'expert_5': 67.99994560004352, 'expert_6': 63.56874960269532, 'expert_7': 70.62310348777241, 'expert_8': 66.2789926988457, 'expert_9': 62.857110204098596}
torch.Size([9216]) torch.Size([9216, 20]) [torch.Size([9216]), torch.Size([9216]), torch.Size([9216]), torch.Size([9216]), torch.Size([9216]), torch.Size([9216]), torch.Size([9216]), torch.Size([9216]), torch.Size([9216]), torch.Size([9216])]
shapes: true labels torch.Size([9216]), confidences torch.Size([9216, 20]), expert_predictions (10, 9216)
Evaluate...
{'coverage': '6673 out of9216', 'system_accuracy': 93.70659722222223, 'expert_accuracy': 82.9335365368827, 'classifier_accuracy': 97.81207705961221, 'alone_classifier': 88.87803819444444, 'validation_loss': 7.293615182240804, 'n_experts': 10, 'expert_0': 86.09260120185272, 'expert_1': 86.26364146852586, 'expert_2': 78.76099224690951, 'expert_3': 82.91659756950202, 'expert_4': 78.78783103767816, 'expert_5': 87.09671800211741, 'expert_6': 82.73538890789735, 'expert_7': 84.8992718796833, 'expert_8': 80.41946794480008, 'expert_9': 82.02757416813441}
{'coverage': '6673 out of9216', 'system_accuracy': 93.70659722222223, 'expert_accuracy': 82.9335365368827, 'classifier_accuracy': 97.81207705961221, 'alone_classifier': 88.87803819444444, 'validation_loss': 7.293615182240804, 'n_experts': 10, 'expert_0': 86.09260120185272, 'expert_1': 86.26364146852586, 'expert_2': 78.76099224690951, 'expert_3': 82.91659756950202, 'expert_4': 78.78783103767816, 'expert_5': 87.09671800211741, 'expert_6': 82.73538890789735, 'expert_7': 84.8992718796833, 'expert_8': 80.41946794480008, 'expert_9': 82.02757416813441}
torch.Size([9216]) torch.Size([9216, 20]) [torch.Size([9216]), torch.Size([9216]), torch.Size([9216]), torch.Size([9216]), torch.Size([9216]), torch.Size([9216]), torch.Size([9216]), torch.Size([9216]), torch.Size([9216]), torch.Size([9216])]
shapes: true labels torch.Size([9216]), confidences torch.Size([9216, 20]), expert_predictions (10, 9216)
Evaluate...
{'coverage': '3840 out of9216', 'system_accuracy': 97.36328125, 'expert_accuracy': 95.79612738853692, 'classifier_accuracy': 99.55728907402893, 'alone_classifier': 86.74045138888889, 'validation_loss': 3.4435365200042725, 'n_experts': 10, 'expert_0': 96.31573878119012, 'expert_1': 95.66468458688752, 'expert_2': 95.50259497217198, 'expert_3': 96.93427826736402, 'expert_4': 96.28096521185532, 'expert_5': 95.94352876771472, 'expert_6': 93.82564314149077, 'expert_7': 96.03655608641583, 'expert_8': 95.63484473425021, 'expert_9': 96.24996562501228}
{'coverage': '3840 out of9216', 'system_accuracy': 97.36328125, 'expert_accuracy': 95.79612738853692, 'classifier_accuracy': 99.55728907402893, 'alone_classifier': 86.74045138888889, 'validation_loss': 3.4435365200042725, 'n_experts': 10, 'expert_0': 96.31573878119012, 'expert_1': 95.66468458688752, 'expert_2': 95.50259497217198, 'expert_3': 96.93427826736402, 'expert_4': 96.28096521185532, 'expert_5': 95.94352876771472, 'expert_6': 93.82564314149077, 'expert_7': 96.03655608641583, 'expert_8': 95.63484473425021, 'expert_9': 96.24996562501228}
torch.Size([9216]) torch.Size([9216, 20]) [torch.Size([9216]), torch.Size([9216]), torch.Size([9216]), torch.Size([9216]), torch.Size([9216]), torch.Size([9216]), torch.Size([9216]), torch.Size([9216]), torch.Size([9216]), torch.Size([9216])]
shapes: true labels torch.Size([9216]), confidences torch.Size([9216, 20]), expert_predictions (10, 9216)
Evaluate...
{'coverage': '805 out of9216', 'system_accuracy': 100.0, 'expert_accuracy': 99.9999976221615, 'classifier_accuracy': 99.99998757764129, 'alone_classifier': 88.04253472222223, 'validation_loss': 1.0352137022548251, 'n_experts': 10, 'expert_0': 99.99997474748113, 'expert_1': 99.99997814208129, 'expert_2': 99.99998330551198, 'expert_3': 99.99998743718751, 'expert_4': 99.99996197720078, 'expert_5': 99.99998251748558, 'expert_6': 99.99996031747607, 'expert_7': 99.99992857147959, 'expert_8': 99.99997122302987, 'expert_9': 99.99997385621599}
{'coverage': '805 out of9216', 'system_accuracy': 100.0, 'expert_accuracy': 99.9999976221615, 'classifier_accuracy': 99.99998757764129, 'alone_classifier': 88.04253472222223, 'validation_loss': 1.0352137022548251, 'n_experts': 10, 'expert_0': 99.99997474748113, 'expert_1': 99.99997814208129, 'expert_2': 99.99998330551198, 'expert_3': 99.99998743718751, 'expert_4': 99.99996197720078, 'expert_5': 99.99998251748558, 'expert_6': 99.99996031747607, 'expert_7': 99.99992857147959, 'expert_8': 99.99997122302987, 'expert_9': 99.99997385621599}
torch.Size([9216]) torch.Size([9216, 20]) [torch.Size([9216]), torch.Size([9216]), torch.Size([9216]), torch.Size([9216]), torch.Size([9216]), torch.Size([9216]), torch.Size([9216]), torch.Size([9216]), torch.Size([9216]), torch.Size([9216])]
shapes: true labels torch.Size([9216]), confidences torch.Size([9216, 20]), expert_predictions (10, 9216)
Evaluate...
{'coverage': '7484 out of9216', 'system_accuracy': 79.28602430555556, 'expert_accuracy': 23.15242226877341, 'classifier_accuracy': 92.2768560625754, 'alone_classifier': 87.3046875, 'validation_loss': 7.923726982540554, 'n_experts': 10, 'expert_0': 32.25796045819207, 'expert_1': 23.076872358522287, 'expert_2': 18.999962000076, 'expert_3': 25.49016275795718, 'expert_4': 21.808499038032426, 'expert_5': 25.225202499817566, 'expert_6': 22.044714348425337, 'expert_7': 24.827551961997294, 'expert_8': 22.499887500562497, 'expert_9': 21.739111531207364}
{'coverage': '7484 out of9216', 'system_accuracy': 79.28602430555556, 'expert_accuracy': 23.15242226877341, 'classifier_accuracy': 92.2768560625754, 'alone_classifier': 87.3046875, 'validation_loss': 7.923726982540554, 'n_experts': 10, 'expert_0': 32.25796045819207, 'expert_1': 23.076872358522287, 'expert_2': 18.999962000076, 'expert_3': 25.49016275795718, 'expert_4': 21.808499038032426, 'expert_5': 25.225202499817566, 'expert_6': 22.044714348425337, 'expert_7': 24.827551961997294, 'expert_8': 22.499887500562497, 'expert_9': 21.739111531207364}
torch.Size([9216]) torch.Size([9216, 20]) [torch.Size([9216]), torch.Size([9216]), torch.Size([9216]), torch.Size([9216]), torch.Size([9216]), torch.Size([9216]), torch.Size([9216]), torch.Size([9216]), torch.Size([9216]), torch.Size([9216])]
shapes: true labels torch.Size([9216]), confidences torch.Size([9216, 20]), expert_predictions (10, 9216)
Evaluate...
{'coverage': '6312 out of9216', 'system_accuracy': 74.8046875, 'expert_accuracy': 30.578510290736208, 'classifier_accuracy': 95.1520897472736, 'alone_classifier': 86.79470486111111, 'validation_loss': 9.213354322645399, 'n_experts': 10, 'expert_0': 43.15780387830762, 'expert_1': 32.98965671169411, 'expert_2': 27.84806601510631, 'expert_3': 32.73539664986848, 'expert_4': 29.37398735987565, 'expert_5': 31.955905258454404, 'expert_6': 30.07158469136769, 'expert_7': 30.46355598440001, 'expert_8': 34.615318047465294, 'expert_9': 26.713935359841436}
{'coverage': '6312 out of9216', 'system_accuracy': 74.8046875, 'expert_accuracy': 30.578510290736208, 'classifier_accuracy': 95.1520897472736, 'alone_classifier': 86.79470486111111, 'validation_loss': 9.213354322645399, 'n_experts': 10, 'expert_0': 43.15780387830762, 'expert_1': 32.98965671169411, 'expert_2': 27.84806601510631, 'expert_3': 32.73539664986848, 'expert_4': 29.37398735987565, 'expert_5': 31.955905258454404, 'expert_6': 30.07158469136769, 'expert_7': 30.46355598440001, 'expert_8': 34.615318047465294, 'expert_9': 26.713935359841436}
torch.Size([9216]) torch.Size([9216, 20]) [torch.Size([9216]), torch.Size([9216]), torch.Size([9216]), torch.Size([9216]), torch.Size([9216]), torch.Size([9216]), torch.Size([9216]), torch.Size([9216]), torch.Size([9216]), torch.Size([9216])]
shapes: true labels torch.Size([9216]), confidences torch.Size([9216, 20]), expert_predictions (10, 9216)
Evaluate...
{'coverage': '6057 out of9216', 'system_accuracy': 80.72916666666667, 'expert_accuracy': 48.528012122316426, 'classifier_accuracy': 97.5235248881703, 'alone_classifier': 86.36067708333333, 'validation_loss': 10.317965613471138, 'n_experts': 10, 'expert_0': 47.857074489893584, 'expert_1': 48.66304955823576, 'expert_2': 51.239627074688364, 'expert_3': 52.671715517774416, 'expert_4': 48.80692025730141, 'expert_5': 45.499977250011376, 'expert_6': 48.688032452468676, 'expert_7': 48.38707276075793, 'expert_8': 43.902367638426604, 'expert_9': 48.2352562860735}
{'coverage': '6057 out of9216', 'system_accuracy': 80.72916666666667, 'expert_accuracy': 48.528012122316426, 'classifier_accuracy': 97.5235248881703, 'alone_classifier': 86.36067708333333, 'validation_loss': 10.317965613471138, 'n_experts': 10, 'expert_0': 47.857074489893584, 'expert_1': 48.66304955823576, 'expert_2': 51.239627074688364, 'expert_3': 52.671715517774416, 'expert_4': 48.80692025730141, 'expert_5': 45.499977250011376, 'expert_6': 48.688032452468676, 'expert_7': 48.38707276075793, 'expert_8': 43.902367638426604, 'expert_9': 48.2352562860735}
torch.Size([9216]) torch.Size([9216, 20]) [torch.Size([9216]), torch.Size([9216]), torch.Size([9216]), torch.Size([9216]), torch.Size([9216]), torch.Size([9216]), torch.Size([9216]), torch.Size([9216]), torch.Size([9216]), torch.Size([9216])]
shapes: true labels torch.Size([9216]), confidences torch.Size([9216, 20]), expert_predictions (10, 9216)
Evaluate...
{'coverage': '5685 out of9216', 'system_accuracy': 85.47092013888889, 'expert_accuracy': 65.08070999259644, 'classifier_accuracy': 98.13544242505817, 'alone_classifier': 86.79470486111111, 'validation_loss': 9.725904570685493, 'n_experts': 10, 'expert_0': 66.86738931639842, 'expert_1': 64.62258054473533, 'expert_2': 66.80322393178366, 'expert_3': 68.90752442155494, 'expert_4': 65.21736294897264, 'expert_5': 67.4796382224183, 'expert_6': 62.240646683085295, 'expert_7': 64.69295408203769, 'expert_8': 68.2794964736597, 'expert_9': 61.452479635486235}
{'coverage': '5685 out of9216', 'system_accuracy': 85.47092013888889, 'expert_accuracy': 65.08070999259644, 'classifier_accuracy': 98.13544242505817, 'alone_classifier': 86.79470486111111, 'validation_loss': 9.725904570685493, 'n_experts': 10, 'expert_0': 66.86738931639842, 'expert_1': 64.62258054473533, 'expert_2': 66.80322393178366, 'expert_3': 68.90752442155494, 'expert_4': 65.21736294897264, 'expert_5': 67.4796382224183, 'expert_6': 62.240646683085295, 'expert_7': 64.69295408203769, 'expert_8': 68.2794964736597, 'expert_9': 61.452479635486235}
torch.Size([9216]) torch.Size([9216, 20]) [torch.Size([9216]), torch.Size([9216]), torch.Size([9216]), torch.Size([9216]), torch.Size([9216]), torch.Size([9216]), torch.Size([9216]), torch.Size([9216]), torch.Size([9216]), torch.Size([9216])]
shapes: true labels torch.Size([9216]), confidences torch.Size([9216, 20]), expert_predictions (10, 9216)
Evaluate...
{'coverage': '5382 out of9216', 'system_accuracy': 92.00303819444444, 'expert_accuracy': 82.78559818541481, 'classifier_accuracy': 98.56930325958187, 'alone_classifier': 87.109375, 'validation_loss': 7.2737168735928, 'n_experts': 10, 'expert_0': 86.04644492523649, 'expert_1': 84.2794023760678, 'expert_2': 81.42409818941289, 'expert_3': 84.72721110748283, 'expert_4': 83.20751577074877, 'expert_5': 83.5188937555039, 'expert_6': 82.22504290919619, 'expert_7': 83.68979481829155, 'expert_8': 82.23341905236644, 'expert_9': 78.89684465379153}
{'coverage': '5382 out of9216', 'system_accuracy': 92.00303819444444, 'expert_accuracy': 82.78559818541481, 'classifier_accuracy': 98.56930325958187, 'alone_classifier': 87.109375, 'validation_loss': 7.2737168735928, 'n_experts': 10, 'expert_0': 86.04644492523649, 'expert_1': 84.2794023760678, 'expert_2': 81.42409818941289, 'expert_3': 84.72721110748283, 'expert_4': 83.20751577074877, 'expert_5': 83.5188937555039, 'expert_6': 82.22504290919619, 'expert_7': 83.68979481829155, 'expert_8': 82.23341905236644, 'expert_9': 78.89684465379153}
torch.Size([9216]) torch.Size([9216, 20]) [torch.Size([9216]), torch.Size([9216]), torch.Size([9216]), torch.Size([9216]), torch.Size([9216]), torch.Size([9216]), torch.Size([9216]), torch.Size([9216]), torch.Size([9216]), torch.Size([9216])]
shapes: true labels torch.Size([9216]), confidences torch.Size([9216, 20]), expert_predictions (10, 9216)
Evaluate...
{'coverage': '4716 out of9216', 'system_accuracy': 97.40668402777777, 'expert_accuracy': 95.5999957511113, 'classifier_accuracy': 99.1306170667808, 'alone_classifier': 87.02256944444444, 'validation_loss': 3.518707699245877, 'n_experts': 10, 'expert_0': 96.72124805164061, 'expert_1': 95.86558353199817, 'expert_2': 93.84609609471009, 'expert_3': 95.70548232904608, 'expert_4': 96.11448011677705, 'expert_5': 95.23806284419632, 'expert_6': 93.91889353543418, 'expert_7': 97.0731233789642, 'expert_8': 95.86768936554597, 'expert_9': 96.76186790024082}
{'coverage': '4716 out of9216', 'system_accuracy': 97.40668402777777, 'expert_accuracy': 95.5999957511113, 'classifier_accuracy': 99.1306170667808, 'alone_classifier': 87.02256944444444, 'validation_loss': 3.518707699245877, 'n_experts': 10, 'expert_0': 96.72124805164061, 'expert_1': 95.86558353199817, 'expert_2': 93.84609609471009, 'expert_3': 95.70548232904608, 'expert_4': 96.11448011677705, 'expert_5': 95.23806284419632, 'expert_6': 93.91889353543418, 'expert_7': 97.0731233789642, 'expert_8': 95.86768936554597, 'expert_9': 96.76186790024082}
torch.Size([9216]) torch.Size([9216, 20]) [torch.Size([9216]), torch.Size([9216]), torch.Size([9216]), torch.Size([9216]), torch.Size([9216]), torch.Size([9216]), torch.Size([9216]), torch.Size([9216]), torch.Size([9216]), torch.Size([9216])]
shapes: true labels torch.Size([9216]), confidences torch.Size([9216, 20]), expert_predictions (10, 9216)
Evaluate...
{'coverage': '734 out of9216', 'system_accuracy': 100.0, 'expert_accuracy': 99.99999764206561, 'classifier_accuracy': 99.99998637602366, 'alone_classifier': 87.16362847222223, 'validation_loss': 1.091642525460985, 'n_experts': 10, 'expert_0': 99.99998207885626, 'expert_1': 99.99986394576334, 'expert_2': 99.99997714286238, 'expert_3': 99.99998294970453, 'expert_4': 99.9999764982429, 'expert_5': 99.99997218359606, 'expert_6': 99.99997752809495, 'expert_7': 99.99997432606565, 'expert_8': 99.99997888068029, 'expert_9': 99.9999796954356}
{'coverage': '734 out of9216', 'system_accuracy': 100.0, 'expert_accuracy': 99.99999764206561, 'classifier_accuracy': 99.99998637602366, 'alone_classifier': 87.16362847222223, 'validation_loss': 1.091642525460985, 'n_experts': 10, 'expert_0': 99.99998207885626, 'expert_1': 99.99986394576334, 'expert_2': 99.99997714286238, 'expert_3': 99.99998294970453, 'expert_4': 99.9999764982429, 'expert_5': 99.99997218359606, 'expert_6': 99.99997752809495, 'expert_7': 99.99997432606565, 'expert_8': 99.99997888068029, 'expert_9': 99.9999796954356}
