Lmod has detected the following error: These module(s) or extension(s) exist
but cannot be loaded as requested: "cuDNN"
   Try: "module spider cuDNN" to see how to load the module(s).



cuda:0
cuda:0
{'batch_size': 1024, 'alpha': 1.0, 'epochs': 100, 'patience': 20, 'expert_type': 'predict', 'n_classes': 10, 'k': 5, 'n_experts': 10, 'lr': 0.1, 'weight_decay': 0.0005, 'warmup_epochs': 0, 'loss_type': 'softmax', 'ckp_dir': './softmax_increase_oracle_v2/', 'experiment_name': 'increase_oracles_v2'}
log is of type <class 'dict'>
type of S, type of idx  <class 'list'> <class 'list'>
torch.Size([9216]) torch.Size([9216, 20]) [torch.Size([9216]), torch.Size([9216]), torch.Size([9216]), torch.Size([9216]), torch.Size([9216]), torch.Size([9216]), torch.Size([9216]), torch.Size([9216]), torch.Size([9216]), torch.Size([9216])]
shapes: true labels torch.Size([9216]), confidences torch.Size([9216, 20]), expert_predictions (10, 9216)
Evaluate...
{'coverage': '6312 out of9216', 'system_accuracy': 64.2578125, 'expert_accuracy': 3.5812669709871234, 'classifier_accuracy': 92.17363605555076, 'alone_classifier': 85.7421875, 'validation_loss': 9.656244066026476, 'n_experts': 10, 'expert_0': 0.0, 'expert_1': 0.0, 'expert_2': 5.583125858172971, 'expert_3': 0.0, 'expert_4': 1.0835911635307798, 'expert_5': 0.0, 'expert_6': 0.0, 'expert_7': 0.0, 'expert_8': 0.0, 'expert_9': 0.0}
{'coverage': '6312 out of9216', 'system_accuracy': 64.2578125, 'expert_accuracy': 3.5812669709871234, 'classifier_accuracy': 92.17363605555076, 'alone_classifier': 85.7421875, 'validation_loss': 9.656244066026476, 'n_experts': 10, 'expert_0': 0.0, 'expert_1': 0.0, 'expert_2': 5.583125858172971, 'expert_3': 0.0, 'expert_4': 1.0835911635307798, 'expert_5': 0.0, 'expert_6': 0.0, 'expert_7': 0.0, 'expert_8': 0.0, 'expert_9': 0.0}
type of S, type of idx  <class 'list'> <class 'list'>
torch.Size([9216]) torch.Size([9216, 20]) [torch.Size([9216]), torch.Size([9216]), torch.Size([9216]), torch.Size([9216]), torch.Size([9216]), torch.Size([9216]), torch.Size([9216]), torch.Size([9216]), torch.Size([9216]), torch.Size([9216])]
shapes: true labels torch.Size([9216]), confidences torch.Size([9216, 20]), expert_predictions (10, 9216)
Evaluate...
{'coverage': '5172 out of9216', 'system_accuracy': 86.19791666666667, 'expert_accuracy': 82.96240934904009, 'classifier_accuracy': 88.72776317231703, 'alone_classifier': 86.328125, 'validation_loss': 13.419059223598904, 'n_experts': 10, 'expert_0': 81.48087791942282, 'expert_1': 0.0, 'expert_2': 0.30303011937568525, 'expert_3': 0.0, 'expert_4': 74.32883411784091, 'expert_5': 93.06821648535451, 'expert_6': 0.0, 'expert_7': 0.0, 'expert_8': 0.0, 'expert_9': 96.57137338778664}
{'coverage': '5172 out of9216', 'system_accuracy': 86.19791666666667, 'expert_accuracy': 82.96240934904009, 'classifier_accuracy': 88.72776317231703, 'alone_classifier': 86.328125, 'validation_loss': 13.419059223598904, 'n_experts': 10, 'expert_0': 81.48087791942282, 'expert_1': 0.0, 'expert_2': 0.30303011937568525, 'expert_3': 0.0, 'expert_4': 74.32883411784091, 'expert_5': 93.06821648535451, 'expert_6': 0.0, 'expert_7': 0.0, 'expert_8': 0.0, 'expert_9': 96.57137338778664}
log is of type <class 'dict'>
type of S, type of idx  <class 'list'> <class 'list'>
torch.Size([9216]) torch.Size([9216, 20]) [torch.Size([9216]), torch.Size([9216]), torch.Size([9216]), torch.Size([9216]), torch.Size([9216]), torch.Size([9216]), torch.Size([9216]), torch.Size([9216]), torch.Size([9216]), torch.Size([9216])]
shapes: true labels torch.Size([9216]), confidences torch.Size([9216, 20]), expert_predictions (10, 9216)
Evaluate...
{'coverage': '7295 out of9216', 'system_accuracy': 69.36848958333333, 'expert_accuracy': 2.7069231955311612, 'classifier_accuracy': 86.9225485000336, 'alone_classifier': 85.3515625, 'validation_loss': 9.643134752909342, 'n_experts': 10, 'expert_0': 49.99500049995, 'expert_1': 0.0, 'expert_2': 0.0, 'expert_3': 0.0, 'expert_4': 1.7768999453307117, 'expert_5': 0.0, 'expert_6': 4.651157382375136, 'expert_7': 0.0, 'expert_8': 3.310343914387886, 'expert_9': 11.11086420301771}
{'coverage': '7295 out of9216', 'system_accuracy': 69.36848958333333, 'expert_accuracy': 2.7069231955311612, 'classifier_accuracy': 86.9225485000336, 'alone_classifier': 85.3515625, 'validation_loss': 9.643134752909342, 'n_experts': 10, 'expert_0': 49.99500049995, 'expert_1': 0.0, 'expert_2': 0.0, 'expert_3': 0.0, 'expert_4': 1.7768999453307117, 'expert_5': 0.0, 'expert_6': 4.651157382375136, 'expert_7': 0.0, 'expert_8': 3.310343914387886, 'expert_9': 11.11086420301771}
type of S, type of idx  <class 'list'> <class 'list'>
torch.Size([9216]) torch.Size([9216, 20]) [torch.Size([9216]), torch.Size([9216]), torch.Size([9216]), torch.Size([9216]), torch.Size([9216]), torch.Size([9216]), torch.Size([9216]), torch.Size([9216]), torch.Size([9216]), torch.Size([9216])]
shapes: true labels torch.Size([9216]), confidences torch.Size([9216, 20]), expert_predictions (10, 9216)
Evaluate...
{'coverage': '4473 out of9216', 'system_accuracy': 43.869357638888886, 'expert_accuracy': 2.3402908564077225, 'classifier_accuracy': 87.9052070667291, 'alone_classifier': 84.98263888888889, 'validation_loss': 13.51824622684055, 'n_experts': 10, 'expert_0': 0.0, 'expert_1': 0.0, 'expert_2': 0.0, 'expert_3': 0.0, 'expert_4': 1.8026345365086878, 'expert_5': 0.0, 'expert_6': 5.4053761871557455, 'expert_7': 4.999950000499995, 'expert_8': 0.0, 'expert_9': 8.450699464394667}
{'coverage': '4473 out of9216', 'system_accuracy': 43.869357638888886, 'expert_accuracy': 2.3402908564077225, 'classifier_accuracy': 87.9052070667291, 'alone_classifier': 84.98263888888889, 'validation_loss': 13.51824622684055, 'n_experts': 10, 'expert_0': 0.0, 'expert_1': 0.0, 'expert_2': 0.0, 'expert_3': 0.0, 'expert_4': 1.8026345365086878, 'expert_5': 0.0, 'expert_6': 5.4053761871557455, 'expert_7': 4.999950000499995, 'expert_8': 0.0, 'expert_9': 8.450699464394667}
log is of type <class 'dict'>
type of S, type of idx  <class 'list'> <class 'list'>
torch.Size([9216]) torch.Size([9216, 20]) [torch.Size([9216]), torch.Size([9216]), torch.Size([9216]), torch.Size([9216]), torch.Size([9216]), torch.Size([9216]), torch.Size([9216]), torch.Size([9216]), torch.Size([9216]), torch.Size([9216])]
shapes: true labels torch.Size([9216]), confidences torch.Size([9216, 20]), expert_predictions (10, 9216)
Evaluate...
{'coverage': '4967 out of9216', 'system_accuracy': 49.186197916666664, 'expert_accuracy': 2.6594491570040404, 'classifier_accuracy': 88.98731449592682, 'alone_classifier': 86.02430555555556, 'validation_loss': 9.727462980482313, 'n_experts': 10, 'expert_0': 2.426278280979598, 'expert_1': 0.0, 'expert_2': 0.0, 'expert_3': 23.80929705431377, 'expert_4': 0.0, 'expert_5': 0.0, 'expert_6': 0.0, 'expert_7': 0.0, 'expert_8': 2.7777774188918065, 'expert_9': 0.0}
{'coverage': '4967 out of9216', 'system_accuracy': 49.186197916666664, 'expert_accuracy': 2.6594491570040404, 'classifier_accuracy': 88.98731449592682, 'alone_classifier': 86.02430555555556, 'validation_loss': 9.727462980482313, 'n_experts': 10, 'expert_0': 2.426278280979598, 'expert_1': 0.0, 'expert_2': 0.0, 'expert_3': 23.80929705431377, 'expert_4': 0.0, 'expert_5': 0.0, 'expert_6': 0.0, 'expert_7': 0.0, 'expert_8': 2.7777774188918065, 'expert_9': 0.0}
type of S, type of idx  <class 'list'> <class 'list'>
torch.Size([9216]) torch.Size([9216, 20]) [torch.Size([9216]), torch.Size([9216]), torch.Size([9216]), torch.Size([9216]), torch.Size([9216]), torch.Size([9216]), torch.Size([9216]), torch.Size([9216]), torch.Size([9216]), torch.Size([9216])]
shapes: true labels torch.Size([9216]), confidences torch.Size([9216, 20]), expert_predictions (10, 9216)
Evaluate...
{'coverage': '4954 out of9216', 'system_accuracy': 83.19227430555556, 'expert_accuracy': 79.4697287907213, 'classifier_accuracy': 86.39483071467842, 'alone_classifier': 85.26475694444444, 'validation_loss': 13.438168419731987, 'n_experts': 10, 'expert_0': 0.0, 'expert_1': 0.0, 'expert_2': 0.0, 'expert_3': 95.450537396505, 'expert_4': 78.37823715632945, 'expert_5': 77.77604942112399, 'expert_6': 53.84532545653144, 'expert_7': 0.0, 'expert_8': 0.0, 'expert_9': 4.722220910494192}
{'coverage': '4954 out of9216', 'system_accuracy': 83.19227430555556, 'expert_accuracy': 79.4697287907213, 'classifier_accuracy': 86.39483071467842, 'alone_classifier': 85.26475694444444, 'validation_loss': 13.438168419731987, 'n_experts': 10, 'expert_0': 0.0, 'expert_1': 0.0, 'expert_2': 0.0, 'expert_3': 95.450537396505, 'expert_4': 78.37823715632945, 'expert_5': 77.77604942112399, 'expert_6': 53.84532545653144, 'expert_7': 0.0, 'expert_8': 0.0, 'expert_9': 4.722220910494192}
