Lmod has detected the following error: These module(s) or extension(s) exist
but cannot be loaded as requested: "cuDNN"
   Try: "module spider cuDNN" to see how to load the module(s).



cuda:0
cuda:0
{'batch_size': 1024, 'alpha': 1.0, 'epochs': 100, 'patience': 20, 'expert_type': 'predict', 'n_classes': 10, 'k': 5, 'n_experts': 10, 'lr': 0.1, 'weight_decay': 0.0005, 'warmup_epochs': 0, 'loss_type': 'softmax', 'ckp_dir': './softmax_increase_oracle/', 'experiment_name': 'increase_oracles'}
torch.Size([9216]) torch.Size([9216, 20]) [torch.Size([9216]), torch.Size([9216]), torch.Size([9216]), torch.Size([9216]), torch.Size([9216]), torch.Size([9216]), torch.Size([9216]), torch.Size([9216]), torch.Size([9216]), torch.Size([9216])]
shapes: true labels torch.Size([9216]), confidences torch.Size([9216, 20]), expert_predictions (10, 9216)
Evaluate...
{'coverage': '9043 out of9216', 'system_accuracy': 86.08940972222223, 'expert_accuracy': 16.76298640117179, 'classifier_accuracy': 87.41567967028996, 'alone_classifier': 86.78385416666667, 'validation_loss': 10.277017381456163, 'n_experts': 10, 'expert_0': 0.0, 'expert_1': 0.0, 'expert_2': 0.0, 'expert_3': 33.33111125924938, 'expert_4': 0.0, 'expert_5': 0.0, 'expert_6': 24.99937501562461, 'expert_7': 99.98000399920016, 'expert_8': 0.0, 'expert_9': 16.447346779806868}
{'coverage': '9043 out of9216', 'system_accuracy': 86.08940972222223, 'expert_accuracy': 16.76298640117179, 'classifier_accuracy': 87.41567967028996, 'alone_classifier': 86.78385416666667, 'validation_loss': 10.277017381456163, 'n_experts': 10, 'expert_0': 0.0, 'expert_1': 0.0, 'expert_2': 0.0, 'expert_3': 33.33111125924938, 'expert_4': 0.0, 'expert_5': 0.0, 'expert_6': 24.99937501562461, 'expert_7': 99.98000399920016, 'expert_8': 0.0, 'expert_9': 16.447346779806868}
torch.Size([9216]) torch.Size([9216, 20]) [torch.Size([9216]), torch.Size([9216]), torch.Size([9216]), torch.Size([9216]), torch.Size([9216]), torch.Size([9216]), torch.Size([9216]), torch.Size([9216]), torch.Size([9216]), torch.Size([9216])]
shapes: true labels torch.Size([9216]), confidences torch.Size([9216, 20]), expert_predictions (10, 9216)
Evaluate...
{'coverage': '7738 out of9216', 'system_accuracy': 75.90060763888889, 'expert_accuracy': 19.485788973506228, 'classifier_accuracy': 86.67614258624783, 'alone_classifier': 86.67534722222223, 'validation_loss': 10.870913611518013, 'n_experts': 10, 'expert_0': 0.0, 'expert_1': 14.285306134110453, 'expert_2': 0.0, 'expert_3': 0.0, 'expert_4': 0.0, 'expert_5': 0.0, 'expert_6': 0.0, 'expert_7': 16.666481483539073, 'expert_8': 19.286751195523845, 'expert_9': 25.333265777957923}
{'coverage': '7738 out of9216', 'system_accuracy': 75.90060763888889, 'expert_accuracy': 19.485788973506228, 'classifier_accuracy': 86.67614258624783, 'alone_classifier': 86.67534722222223, 'validation_loss': 10.870913611518013, 'n_experts': 10, 'expert_0': 0.0, 'expert_1': 14.285306134110453, 'expert_2': 0.0, 'expert_3': 0.0, 'expert_4': 0.0, 'expert_5': 0.0, 'expert_6': 0.0, 'expert_7': 16.666481483539073, 'expert_8': 19.286751195523845, 'expert_9': 25.333265777957923}
torch.Size([9216]) torch.Size([9216, 20]) [torch.Size([9216]), torch.Size([9216]), torch.Size([9216]), torch.Size([9216]), torch.Size([9216]), torch.Size([9216]), torch.Size([9216]), torch.Size([9216]), torch.Size([9216]), torch.Size([9216])]
shapes: true labels torch.Size([9216]), confidences torch.Size([9216, 20]), expert_predictions (10, 9216)
Evaluate...
{'coverage': '7531 out of9216', 'system_accuracy': 74.39236111111111, 'expert_accuracy': 18.635012624924318, 'classifier_accuracy': 86.86761270923367, 'alone_classifier': 84.53776041666667, 'validation_loss': 12.048490418328178, 'n_experts': 10, 'expert_0': 0.0, 'expert_1': 0.0, 'expert_2': 0.0, 'expert_3': 0.0, 'expert_4': 0.0, 'expert_5': 0.0, 'expert_6': 0.0, 'expert_7': 17.49011512053061, 'expert_8': 20.342603707664363, 'expert_9': 20.58821510959303}
{'coverage': '7531 out of9216', 'system_accuracy': 74.39236111111111, 'expert_accuracy': 18.635012624924318, 'classifier_accuracy': 86.86761270923367, 'alone_classifier': 84.53776041666667, 'validation_loss': 12.048490418328178, 'n_experts': 10, 'expert_0': 0.0, 'expert_1': 0.0, 'expert_2': 0.0, 'expert_3': 0.0, 'expert_4': 0.0, 'expert_5': 0.0, 'expert_6': 0.0, 'expert_7': 17.49011512053061, 'expert_8': 20.342603707664363, 'expert_9': 20.58821510959303}
torch.Size([9216]) torch.Size([9216, 20]) [torch.Size([9216]), torch.Size([9216]), torch.Size([9216]), torch.Size([9216]), torch.Size([9216]), torch.Size([9216]), torch.Size([9216]), torch.Size([9216]), torch.Size([9216]), torch.Size([9216])]
shapes: true labels torch.Size([9216]), confidences torch.Size([9216, 20]), expert_predictions (10, 9216)
Evaluate...
{'coverage': '5970 out of9216', 'system_accuracy': 64.97395833333333, 'expert_accuracy': 19.31608014072211, 'classifier_accuracy': 89.79899347070362, 'alone_classifier': 87.64105902777777, 'validation_loss': 13.819700876871744, 'n_experts': 10, 'expert_0': 0.0, 'expert_1': 0.0, 'expert_2': 0.0, 'expert_3': 99.98000399920016, 'expert_4': 0.0, 'expert_5': 0.0, 'expert_6': 16.666481483539073, 'expert_7': 21.19813714457406, 'expert_8': 18.280252448375485, 'expert_9': 20.194983259751634}
{'coverage': '5970 out of9216', 'system_accuracy': 64.97395833333333, 'expert_accuracy': 19.31608014072211, 'classifier_accuracy': 89.79899347070362, 'alone_classifier': 87.64105902777777, 'validation_loss': 13.819700876871744, 'n_experts': 10, 'expert_0': 0.0, 'expert_1': 0.0, 'expert_2': 0.0, 'expert_3': 99.98000399920016, 'expert_4': 0.0, 'expert_5': 0.0, 'expert_6': 16.666481483539073, 'expert_7': 21.19813714457406, 'expert_8': 18.280252448375485, 'expert_9': 20.194983259751634}
torch.Size([9216]) torch.Size([9216, 20]) [torch.Size([9216]), torch.Size([9216]), torch.Size([9216]), torch.Size([9216]), torch.Size([9216]), torch.Size([9216]), torch.Size([9216]), torch.Size([9216]), torch.Size([9216]), torch.Size([9216])]
shapes: true labels torch.Size([9216]), confidences torch.Size([9216, 20]), expert_predictions (10, 9216)
Evaluate...
{'coverage': '5226 out of9216', 'system_accuracy': 60.26475694444444, 'expert_accuracy': 18.997492782080563, 'classifier_accuracy': 91.77190792629338, 'alone_classifier': 85.57942708333333, 'validation_loss': 16.034253756205242, 'n_experts': 10, 'expert_0': 0.0, 'expert_1': 0.0, 'expert_2': 0.0, 'expert_3': 0.0, 'expert_4': 0.0, 'expert_5': 0.0, 'expert_6': 19.03184616398236, 'expert_7': 11.11086420301771, 'expert_8': 6.896504162040262, 'expert_9': 29.62941015251739}
{'coverage': '5226 out of9216', 'system_accuracy': 60.26475694444444, 'expert_accuracy': 18.997492782080563, 'classifier_accuracy': 91.77190792629338, 'alone_classifier': 85.57942708333333, 'validation_loss': 16.034253756205242, 'n_experts': 10, 'expert_0': 0.0, 'expert_1': 0.0, 'expert_2': 0.0, 'expert_3': 0.0, 'expert_4': 0.0, 'expert_5': 0.0, 'expert_6': 19.03184616398236, 'expert_7': 11.11086420301771, 'expert_8': 6.896504162040262, 'expert_9': 29.62941015251739}
torch.Size([9216]) torch.Size([9216, 20]) [torch.Size([9216]), torch.Size([9216]), torch.Size([9216]), torch.Size([9216]), torch.Size([9216]), torch.Size([9216]), torch.Size([9216]), torch.Size([9216]), torch.Size([9216]), torch.Size([9216])]
shapes: true labels torch.Size([9216]), confidences torch.Size([9216, 20]), expert_predictions (10, 9216)
Evaluate...
{'coverage': '4344 out of9216', 'system_accuracy': 73.00347222222223, 'expert_accuracy': 54.022986288054746, 'classifier_accuracy': 94.29097388832933, 'alone_classifier': 86.99001736111111, 'validation_loss': 18.9415709177653, 'n_experts': 10, 'expert_0': 0.0, 'expert_1': 0.0, 'expert_2': 0.0, 'expert_3': 0.0, 'expert_4': 89.46076238706804, 'expert_5': 91.78171048235234, 'expert_6': 19.18237787271832, 'expert_7': 17.241349583880027, 'expert_8': 20.083461650134414, 'expert_9': 21.739106805318688}
{'coverage': '4344 out of9216', 'system_accuracy': 73.00347222222223, 'expert_accuracy': 54.022986288054746, 'classifier_accuracy': 94.29097388832933, 'alone_classifier': 86.99001736111111, 'validation_loss': 18.9415709177653, 'n_experts': 10, 'expert_0': 0.0, 'expert_1': 0.0, 'expert_2': 0.0, 'expert_3': 0.0, 'expert_4': 89.46076238706804, 'expert_5': 91.78171048235234, 'expert_6': 19.18237787271832, 'expert_7': 17.241349583880027, 'expert_8': 20.083461650134414, 'expert_9': 21.739106805318688}
torch.Size([9216]) torch.Size([9216, 20]) [torch.Size([9216]), torch.Size([9216]), torch.Size([9216]), torch.Size([9216]), torch.Size([9216]), torch.Size([9216]), torch.Size([9216]), torch.Size([9216]), torch.Size([9216]), torch.Size([9216])]
shapes: true labels torch.Size([9216]), confidences torch.Size([9216, 20]), expert_predictions (10, 9216)
Evaluate...
{'coverage': '4376 out of9216', 'system_accuracy': 89.47482638888889, 'expert_accuracy': 85.45454192336602, 'classifier_accuracy': 93.92138725042533, 'alone_classifier': 87.59765625, 'validation_loss': 22.547376844618057, 'n_experts': 10, 'expert_0': 0.0, 'expert_1': 0.0, 'expert_2': 0.0, 'expert_3': 91.34947464709518, 'expert_4': 92.7747743620639, 'expert_5': 0.0, 'expert_6': 94.44436372276604, 'expert_7': 19.02437168353982, 'expert_8': 15.49291410446731, 'expert_9': 13.533814234865812}
{'coverage': '4376 out of9216', 'system_accuracy': 89.47482638888889, 'expert_accuracy': 85.45454192336602, 'classifier_accuracy': 93.92138725042533, 'alone_classifier': 87.59765625, 'validation_loss': 22.547376844618057, 'n_experts': 10, 'expert_0': 0.0, 'expert_1': 0.0, 'expert_2': 0.0, 'expert_3': 91.34947464709518, 'expert_4': 92.7747743620639, 'expert_5': 0.0, 'expert_6': 94.44436372276604, 'expert_7': 19.02437168353982, 'expert_8': 15.49291410446731, 'expert_9': 13.533814234865812}
torch.Size([9216]) torch.Size([9216, 20]) [torch.Size([9216]), torch.Size([9216]), torch.Size([9216]), torch.Size([9216]), torch.Size([9216]), torch.Size([9216]), torch.Size([9216]), torch.Size([9216]), torch.Size([9216]), torch.Size([9216])]
shapes: true labels torch.Size([9216]), confidences torch.Size([9216, 20]), expert_predictions (10, 9216)
Evaluate...
{'coverage': '4154 out of9216', 'system_accuracy': 93.66319444444444, 'expert_accuracy': 92.29553171491379, 'classifier_accuracy': 95.32980030501203, 'alone_classifier': 87.65190972222223, 'validation_loss': 26.70340410868327, 'n_experts': 10, 'expert_0': 99.9900009999, 'expert_1': 0.0, 'expert_2': 94.01102737005372, 'expert_3': 92.4549341317716, 'expert_4': 65.21710775170543, 'expert_5': 0.0, 'expert_6': 75.15718543573243, 'expert_7': 99.98000399920016, 'expert_8': 0.0, 'expert_9': 0.0}
{'coverage': '4154 out of9216', 'system_accuracy': 93.66319444444444, 'expert_accuracy': 92.29553171491379, 'classifier_accuracy': 95.32980030501203, 'alone_classifier': 87.65190972222223, 'validation_loss': 26.70340410868327, 'n_experts': 10, 'expert_0': 99.9900009999, 'expert_1': 0.0, 'expert_2': 94.01102737005372, 'expert_3': 92.4549341317716, 'expert_4': 65.21710775170543, 'expert_5': 0.0, 'expert_6': 75.15718543573243, 'expert_7': 99.98000399920016, 'expert_8': 0.0, 'expert_9': 0.0}
torch.Size([9216]) torch.Size([9216, 20]) [torch.Size([9216]), torch.Size([9216]), torch.Size([9216]), torch.Size([9216]), torch.Size([9216]), torch.Size([9216]), torch.Size([9216]), torch.Size([9216]), torch.Size([9216]), torch.Size([9216])]
shapes: true labels torch.Size([9216]), confidences torch.Size([9216, 20]), expert_predictions (10, 9216)
Evaluate...
{'coverage': '3390 out of9216', 'system_accuracy': 87.53255208333333, 'expert_accuracy': 83.76244134011529, 'classifier_accuracy': 94.01179663682015, 'alone_classifier': 86.02430555555556, 'validation_loss': 31.703369140625, 'n_experts': 10, 'expert_0': 19.99920003199872, 'expert_1': 0.0, 'expert_2': 0.0, 'expert_3': 94.0971568769744, 'expert_4': 83.33055564814505, 'expert_5': 95.54027597246107, 'expert_6': 0.0, 'expert_7': 94.91517380070016, 'expert_8': 81.180965115507, 'expert_9': 0.0}
{'coverage': '3390 out of9216', 'system_accuracy': 87.53255208333333, 'expert_accuracy': 83.76244134011529, 'classifier_accuracy': 94.01179663682015, 'alone_classifier': 86.02430555555556, 'validation_loss': 31.703369140625, 'n_experts': 10, 'expert_0': 19.99920003199872, 'expert_1': 0.0, 'expert_2': 0.0, 'expert_3': 94.0971568769744, 'expert_4': 83.33055564814505, 'expert_5': 95.54027597246107, 'expert_6': 0.0, 'expert_7': 94.91517380070016, 'expert_8': 81.180965115507, 'expert_9': 0.0}
torch.Size([9216]) torch.Size([9216, 20]) [torch.Size([9216]), torch.Size([9216]), torch.Size([9216]), torch.Size([9216]), torch.Size([9216]), torch.Size([9216]), torch.Size([9216]), torch.Size([9216]), torch.Size([9216]), torch.Size([9216])]
shapes: true labels torch.Size([9216]), confidences torch.Size([9216, 20]), expert_predictions (10, 9216)
Evaluate...
{'coverage': '1177 out of9216', 'system_accuracy': 95.54036458333333, 'expert_accuracy': 95.40987447667932, 'classifier_accuracy': 96.43159758440123, 'alone_classifier': 85.82899305555556, 'validation_loss': 37.185050540500214, 'n_experts': 10, 'expert_0': 0.0, 'expert_1': 93.5969515642367, 'expert_2': 99.98000399920016, 'expert_3': 0.0, 'expert_4': 0.0, 'expert_5': 99.98000399920016, 'expert_6': 97.05825259851413, 'expert_7': 93.0554263119079, 'expert_8': 0.0, 'expert_9': 95.57860001150108}
{'coverage': '1177 out of9216', 'system_accuracy': 95.54036458333333, 'expert_accuracy': 95.40987447667932, 'classifier_accuracy': 96.43159758440123, 'alone_classifier': 85.82899305555556, 'validation_loss': 37.185050540500214, 'n_experts': 10, 'expert_0': 0.0, 'expert_1': 93.5969515642367, 'expert_2': 99.98000399920016, 'expert_3': 0.0, 'expert_4': 0.0, 'expert_5': 99.98000399920016, 'expert_6': 97.05825259851413, 'expert_7': 93.0554263119079, 'expert_8': 0.0, 'expert_9': 95.57860001150108}
torch.Size([9216]) torch.Size([9216, 20]) [torch.Size([9216]), torch.Size([9216]), torch.Size([9216]), torch.Size([9216]), torch.Size([9216]), torch.Size([9216]), torch.Size([9216]), torch.Size([9216]), torch.Size([9216]), torch.Size([9216])]
shapes: true labels torch.Size([9216]), confidences torch.Size([9216, 20]), expert_predictions (10, 9216)
Evaluate...
{'coverage': '8985 out of9216', 'system_accuracy': 84.93923611111111, 'expert_accuracy': 16.883102265712324, 'classifier_accuracy': 86.68892502293907, 'alone_classifier': 85.76388888888889, 'validation_loss': 10.269535276624891, 'n_experts': 10, 'expert_0': 0.0, 'expert_1': 0.0, 'expert_2': 0.0, 'expert_3': 0.0, 'expert_4': 0.0, 'expert_5': 24.99937501562461, 'expert_6': 24.99875006249687, 'expert_7': 0.0, 'expert_8': 49.99500049995, 'expert_9': 16.35512490175243}
{'coverage': '8985 out of9216', 'system_accuracy': 84.93923611111111, 'expert_accuracy': 16.883102265712324, 'classifier_accuracy': 86.68892502293907, 'alone_classifier': 85.76388888888889, 'validation_loss': 10.269535276624891, 'n_experts': 10, 'expert_0': 0.0, 'expert_1': 0.0, 'expert_2': 0.0, 'expert_3': 0.0, 'expert_4': 0.0, 'expert_5': 24.99937501562461, 'expert_6': 24.99875006249687, 'expert_7': 0.0, 'expert_8': 49.99500049995, 'expert_9': 16.35512490175243}
torch.Size([9216]) torch.Size([9216, 20]) [torch.Size([9216]), torch.Size([9216]), torch.Size([9216]), torch.Size([9216]), torch.Size([9216]), torch.Size([9216]), torch.Size([9216]), torch.Size([9216]), torch.Size([9216]), torch.Size([9216])]
shapes: true labels torch.Size([9216]), confidences torch.Size([9216, 20]), expert_predictions (10, 9216)
Evaluate...
{'coverage': '8847 out of9216', 'system_accuracy': 84.24479166666667, 'expert_accuracy': 23.035217867090587, 'classifier_accuracy': 86.79778357863928, 'alone_classifier': 86.01345486111111, 'validation_loss': 10.917752583821615, 'n_experts': 10, 'expert_0': 27.272231413974293, 'expert_1': 0.0, 'expert_2': 99.98000399920016, 'expert_3': 0.0, 'expert_4': 0.0, 'expert_5': 0.0, 'expert_6': 19.99920003199872, 'expert_7': 0.0, 'expert_8': 21.99998240001408, 'expert_9': 24.75242623281934}
{'coverage': '8847 out of9216', 'system_accuracy': 84.24479166666667, 'expert_accuracy': 23.035217867090587, 'classifier_accuracy': 86.79778357863928, 'alone_classifier': 86.01345486111111, 'validation_loss': 10.917752583821615, 'n_experts': 10, 'expert_0': 27.272231413974293, 'expert_1': 0.0, 'expert_2': 99.98000399920016, 'expert_3': 0.0, 'expert_4': 0.0, 'expert_5': 0.0, 'expert_6': 19.99920003199872, 'expert_7': 0.0, 'expert_8': 21.99998240001408, 'expert_9': 24.75242623281934}
torch.Size([9216]) torch.Size([9216, 20]) [torch.Size([9216]), torch.Size([9216]), torch.Size([9216]), torch.Size([9216]), torch.Size([9216]), torch.Size([9216]), torch.Size([9216]), torch.Size([9216]), torch.Size([9216]), torch.Size([9216])]
shapes: true labels torch.Size([9216]), confidences torch.Size([9216, 20]), expert_predictions (10, 9216)
Evaluate...
{'coverage': '7066 out of9216', 'system_accuracy': 71.6796875, 'expert_accuracy': 18.279068067063434, 'classifier_accuracy': 87.92810518075142, 'alone_classifier': 87.46744791666667, 'validation_loss': 11.951282607184517, 'n_experts': 10, 'expert_0': 0.0, 'expert_1': 28.571020413994088, 'expert_2': 49.99500049995, 'expert_3': 0.0, 'expert_4': 0.0, 'expert_5': 0.0, 'expert_6': 0.0, 'expert_7': 15.624983723975287, 'expert_8': 18.64022451668844, 'expert_9': 16.384162277782735}
{'coverage': '7066 out of9216', 'system_accuracy': 71.6796875, 'expert_accuracy': 18.279068067063434, 'classifier_accuracy': 87.92810518075142, 'alone_classifier': 87.46744791666667, 'validation_loss': 11.951282607184517, 'n_experts': 10, 'expert_0': 0.0, 'expert_1': 28.571020413994088, 'expert_2': 49.99500049995, 'expert_3': 0.0, 'expert_4': 0.0, 'expert_5': 0.0, 'expert_6': 0.0, 'expert_7': 15.624983723975287, 'expert_8': 18.64022451668844, 'expert_9': 16.384162277782735}
torch.Size([9216]) torch.Size([9216, 20]) [torch.Size([9216]), torch.Size([9216]), torch.Size([9216]), torch.Size([9216]), torch.Size([9216]), torch.Size([9216]), torch.Size([9216]), torch.Size([9216]), torch.Size([9216]), torch.Size([9216])]
shapes: true labels torch.Size([9216]), confidences torch.Size([9216, 20]), expert_predictions (10, 9216)
Evaluate...
{'coverage': '7627 out of9216', 'system_accuracy': 78.04904513888889, 'expert_accuracy': 17.306479885905617, 'classifier_accuracy': 90.70407642973545, 'alone_classifier': 87.99913194444444, 'validation_loss': 13.743139478895399, 'n_experts': 10, 'expert_0': 0.0, 'expert_1': 0.0, 'expert_2': 0.0, 'expert_3': 0.0, 'expert_4': 99.98000399920016, 'expert_5': 0.0, 'expert_6': 16.043608709156167, 'expert_7': 0.0, 'expert_8': 11.90474300834443, 'expert_9': 19.094242571788847}
{'coverage': '7627 out of9216', 'system_accuracy': 78.04904513888889, 'expert_accuracy': 17.306479885905617, 'classifier_accuracy': 90.70407642973545, 'alone_classifier': 87.99913194444444, 'validation_loss': 13.743139478895399, 'n_experts': 10, 'expert_0': 0.0, 'expert_1': 0.0, 'expert_2': 0.0, 'expert_3': 0.0, 'expert_4': 99.98000399920016, 'expert_5': 0.0, 'expert_6': 16.043608709156167, 'expert_7': 0.0, 'expert_8': 11.90474300834443, 'expert_9': 19.094242571788847}
torch.Size([9216]) torch.Size([9216, 20]) [torch.Size([9216]), torch.Size([9216]), torch.Size([9216]), torch.Size([9216]), torch.Size([9216]), torch.Size([9216]), torch.Size([9216]), torch.Size([9216]), torch.Size([9216]), torch.Size([9216])]
shapes: true labels torch.Size([9216]), confidences torch.Size([9216, 20]), expert_predictions (10, 9216)
Evaluate...
{'coverage': '6351 out of9216', 'system_accuracy': 69.30338541666667, 'expert_accuracy': 18.952878258088777, 'classifier_accuracy': 92.01700374717362, 'alone_classifier': 85.90494791666667, 'validation_loss': 15.984319051106771, 'n_experts': 10, 'expert_0': 0.0, 'expert_1': 0.0, 'expert_2': 0.0, 'expert_3': 0.0, 'expert_4': 0.0, 'expert_5': 18.122268763944458, 'expert_6': 19.881299738486724, 'expert_7': 22.87578709047439, 'expert_8': 20.74465878227789, 'expert_9': 16.666481483539073}
{'coverage': '6351 out of9216', 'system_accuracy': 69.30338541666667, 'expert_accuracy': 18.952878258088777, 'classifier_accuracy': 92.01700374717362, 'alone_classifier': 85.90494791666667, 'validation_loss': 15.984319051106771, 'n_experts': 10, 'expert_0': 0.0, 'expert_1': 0.0, 'expert_2': 0.0, 'expert_3': 0.0, 'expert_4': 0.0, 'expert_5': 18.122268763944458, 'expert_6': 19.881299738486724, 'expert_7': 22.87578709047439, 'expert_8': 20.74465878227789, 'expert_9': 16.666481483539073}
torch.Size([9216]) torch.Size([9216, 20]) [torch.Size([9216]), torch.Size([9216]), torch.Size([9216]), torch.Size([9216]), torch.Size([9216]), torch.Size([9216]), torch.Size([9216]), torch.Size([9216]), torch.Size([9216]), torch.Size([9216])]
shapes: true labels torch.Size([9216]), confidences torch.Size([9216, 20]), expert_predictions (10, 9216)
Evaluate...
{'coverage': '5396 out of9216', 'system_accuracy': 72.92751736111111, 'expert_accuracy': 44.162301352759094, 'classifier_accuracy': 93.29132517992355, 'alone_classifier': 87.38064236111111, 'validation_loss': 18.938283072577583, 'n_experts': 10, 'expert_0': 49.99500049995, 'expert_1': 0.0, 'expert_2': 0.0, 'expert_3': 0.0, 'expert_4': 90.18725240640414, 'expert_5': 99.9900009999, 'expert_6': 20.160208234924372, 'expert_7': 18.217430319798176, 'expert_8': 21.884485176604755, 'expert_9': 18.58637770346717}
{'coverage': '5396 out of9216', 'system_accuracy': 72.92751736111111, 'expert_accuracy': 44.162301352759094, 'classifier_accuracy': 93.29132517992355, 'alone_classifier': 87.38064236111111, 'validation_loss': 18.938283072577583, 'n_experts': 10, 'expert_0': 49.99500049995, 'expert_1': 0.0, 'expert_2': 0.0, 'expert_3': 0.0, 'expert_4': 90.18725240640414, 'expert_5': 99.9900009999, 'expert_6': 20.160208234924372, 'expert_7': 18.217430319798176, 'expert_8': 21.884485176604755, 'expert_9': 18.58637770346717}
torch.Size([9216]) torch.Size([9216, 20]) [torch.Size([9216]), torch.Size([9216]), torch.Size([9216]), torch.Size([9216]), torch.Size([9216]), torch.Size([9216]), torch.Size([9216]), torch.Size([9216]), torch.Size([9216]), torch.Size([9216])]
shapes: true labels torch.Size([9216]), confidences torch.Size([9216, 20]), expert_predictions (10, 9216)
Evaluate...
{'coverage': '4659 out of9216', 'system_accuracy': 78.75434027777777, 'expert_accuracy': 63.967519685428144, 'classifier_accuracy': 93.21742663195049, 'alone_classifier': 87.64105902777777, 'validation_loss': 22.493148379855686, 'n_experts': 10, 'expert_0': 99.98000399920016, 'expert_1': 0.0, 'expert_2': 0.0, 'expert_3': 92.83018089474375, 'expert_4': 90.32243496381457, 'expert_5': 74.62664290554356, 'expert_6': 79.48712125485622, 'expert_7': 0.0, 'expert_8': 0.0, 'expert_9': 18.82697726369768}
{'coverage': '4659 out of9216', 'system_accuracy': 78.75434027777777, 'expert_accuracy': 63.967519685428144, 'classifier_accuracy': 93.21742663195049, 'alone_classifier': 87.64105902777777, 'validation_loss': 22.493148379855686, 'n_experts': 10, 'expert_0': 99.98000399920016, 'expert_1': 0.0, 'expert_2': 0.0, 'expert_3': 92.83018089474375, 'expert_4': 90.32243496381457, 'expert_5': 74.62664290554356, 'expert_6': 79.48712125485622, 'expert_7': 0.0, 'expert_8': 0.0, 'expert_9': 18.82697726369768}
torch.Size([9216]) torch.Size([9216, 20]) [torch.Size([9216]), torch.Size([9216]), torch.Size([9216]), torch.Size([9216]), torch.Size([9216]), torch.Size([9216]), torch.Size([9216]), torch.Size([9216]), torch.Size([9216]), torch.Size([9216])]
shapes: true labels torch.Size([9216]), confidences torch.Size([9216, 20]), expert_predictions (10, 9216)
Evaluate...
{'coverage': '3326 out of9216', 'system_accuracy': 87.97743055555556, 'expert_accuracy': 84.51612616244053, 'classifier_accuracy': 94.10703264861597, 'alone_classifier': 87.06597222222223, 'validation_loss': 26.659888585408527, 'n_experts': 10, 'expert_0': 0.0, 'expert_1': 0.0, 'expert_2': 0.0, 'expert_3': 86.36285124680685, 'expert_4': 95.10325815434656, 'expert_5': 93.43533134893077, 'expert_6': 0.0, 'expert_7': 93.65049634763065, 'expert_8': 27.777623457647458, 'expert_9': 19.163287675225998}
{'coverage': '3326 out of9216', 'system_accuracy': 87.97743055555556, 'expert_accuracy': 84.51612616244053, 'classifier_accuracy': 94.10703264861597, 'alone_classifier': 87.06597222222223, 'validation_loss': 26.659888585408527, 'n_experts': 10, 'expert_0': 0.0, 'expert_1': 0.0, 'expert_2': 0.0, 'expert_3': 86.36285124680685, 'expert_4': 95.10325815434656, 'expert_5': 93.43533134893077, 'expert_6': 0.0, 'expert_7': 93.65049634763065, 'expert_8': 27.777623457647458, 'expert_9': 19.163287675225998}
torch.Size([9216]) torch.Size([9216, 20]) [torch.Size([9216]), torch.Size([9216]), torch.Size([9216]), torch.Size([9216]), torch.Size([9216]), torch.Size([9216]), torch.Size([9216]), torch.Size([9216]), torch.Size([9216]), torch.Size([9216])]
shapes: true labels torch.Size([9216]), confidences torch.Size([9216, 20]), expert_predictions (10, 9216)
Evaluate...
{'coverage': '2451 out of9216', 'system_accuracy': 93.38107638888889, 'expert_accuracy': 92.96378143492146, 'classifier_accuracy': 94.53283988034109, 'alone_classifier': 86.62109375, 'validation_loss': 31.60612424214681, 'n_experts': 10, 'expert_0': 0.0, 'expert_1': 0.0, 'expert_2': 90.98138409475645, 'expert_3': 0.0, 'expert_4': 91.56604441917007, 'expert_5': 99.98000399920016, 'expert_6': 99.9900009999, 'expert_7': 95.4515675572131, 'expert_8': 0.0, 'expert_9': 17.368402770102346}
{'coverage': '2451 out of9216', 'system_accuracy': 93.38107638888889, 'expert_accuracy': 92.96378143492146, 'classifier_accuracy': 94.53283988034109, 'alone_classifier': 86.62109375, 'validation_loss': 31.60612424214681, 'n_experts': 10, 'expert_0': 0.0, 'expert_1': 0.0, 'expert_2': 90.98138409475645, 'expert_3': 0.0, 'expert_4': 91.56604441917007, 'expert_5': 99.98000399920016, 'expert_6': 99.9900009999, 'expert_7': 95.4515675572131, 'expert_8': 0.0, 'expert_9': 17.368402770102346}
torch.Size([9216]) torch.Size([9216, 20]) [torch.Size([9216]), torch.Size([9216]), torch.Size([9216]), torch.Size([9216]), torch.Size([9216]), torch.Size([9216]), torch.Size([9216]), torch.Size([9216]), torch.Size([9216]), torch.Size([9216])]
shapes: true labels torch.Size([9216]), confidences torch.Size([9216, 20]), expert_predictions (10, 9216)
Evaluate...
{'coverage': '2737 out of9216', 'system_accuracy': 94.99782986111111, 'expert_accuracy': 95.60117006941904, 'classifier_accuracy': 93.56959833505303, 'alone_classifier': 87.57595486111111, 'validation_loss': 37.14193471272787, 'n_experts': 10, 'expert_0': 97.05868079605764, 'expert_1': 95.1380711677891, 'expert_2': 0.0, 'expert_3': 0.0, 'expert_4': 91.66513891435143, 'expert_5': 95.76115808922899, 'expert_6': 96.03655608641583, 'expert_7': 99.99714293877317, 'expert_8': 0.0, 'expert_9': 96.01326777114778}
{'coverage': '2737 out of9216', 'system_accuracy': 94.99782986111111, 'expert_accuracy': 95.60117006941904, 'classifier_accuracy': 93.56959833505303, 'alone_classifier': 87.57595486111111, 'validation_loss': 37.14193471272787, 'n_experts': 10, 'expert_0': 97.05868079605764, 'expert_1': 95.1380711677891, 'expert_2': 0.0, 'expert_3': 0.0, 'expert_4': 91.66513891435143, 'expert_5': 95.76115808922899, 'expert_6': 96.03655608641583, 'expert_7': 99.99714293877317, 'expert_8': 0.0, 'expert_9': 96.01326777114778}
torch.Size([9216]) torch.Size([9216, 20]) [torch.Size([9216]), torch.Size([9216]), torch.Size([9216]), torch.Size([9216]), torch.Size([9216]), torch.Size([9216]), torch.Size([9216]), torch.Size([9216]), torch.Size([9216]), torch.Size([9216])]
shapes: true labels torch.Size([9216]), confidences torch.Size([9216, 20]), expert_predictions (10, 9216)
Evaluate...
{'coverage': '8999 out of9216', 'system_accuracy': 84.73307291666667, 'expert_accuracy': 15.207359255890086, 'classifier_accuracy': 86.40960010657184, 'alone_classifier': 85.51432291666667, 'validation_loss': 10.292398982577854, 'n_experts': 10, 'expert_0': 0.0, 'expert_1': 0.0, 'expert_2': 0.0, 'expert_3': 0.0, 'expert_4': 0.0, 'expert_5': 14.285510206997044, 'expert_6': 0.0, 'expert_7': 0.0, 'expert_8': 0.0, 'expert_9': 15.736024633477529}
{'coverage': '8999 out of9216', 'system_accuracy': 84.73307291666667, 'expert_accuracy': 15.207359255890086, 'classifier_accuracy': 86.40960010657184, 'alone_classifier': 85.51432291666667, 'validation_loss': 10.292398982577854, 'n_experts': 10, 'expert_0': 0.0, 'expert_1': 0.0, 'expert_2': 0.0, 'expert_3': 0.0, 'expert_4': 0.0, 'expert_5': 14.285510206997044, 'expert_6': 0.0, 'expert_7': 0.0, 'expert_8': 0.0, 'expert_9': 15.736024633477529}
torch.Size([9216]) torch.Size([9216, 20]) [torch.Size([9216]), torch.Size([9216]), torch.Size([9216]), torch.Size([9216]), torch.Size([9216]), torch.Size([9216]), torch.Size([9216]), torch.Size([9216]), torch.Size([9216]), torch.Size([9216])]
shapes: true labels torch.Size([9216]), confidences torch.Size([9216, 20]), expert_predictions (10, 9216)
Evaluate...
{'coverage': '8984 out of9216', 'system_accuracy': 86.02430555555556, 'expert_accuracy': 23.27584200358448, 'classifier_accuracy': 87.64470071633237, 'alone_classifier': 86.84895833333333, 'validation_loss': 10.889280425177681, 'n_experts': 10, 'expert_0': 0.0, 'expert_1': 0.0, 'expert_2': 0.0, 'expert_3': 33.33259260905314, 'expert_4': 0.0, 'expert_5': 0.0, 'expert_6': 0.0, 'expert_7': 0.0, 'expert_8': 25.827780360555813, 'expert_9': 17.64700692056788}
{'coverage': '8984 out of9216', 'system_accuracy': 86.02430555555556, 'expert_accuracy': 23.27584200358448, 'classifier_accuracy': 87.64470071633237, 'alone_classifier': 86.84895833333333, 'validation_loss': 10.889280425177681, 'n_experts': 10, 'expert_0': 0.0, 'expert_1': 0.0, 'expert_2': 0.0, 'expert_3': 33.33259260905314, 'expert_4': 0.0, 'expert_5': 0.0, 'expert_6': 0.0, 'expert_7': 0.0, 'expert_8': 25.827780360555813, 'expert_9': 17.64700692056788}
torch.Size([9216]) torch.Size([9216, 20]) [torch.Size([9216]), torch.Size([9216]), torch.Size([9216]), torch.Size([9216]), torch.Size([9216]), torch.Size([9216]), torch.Size([9216]), torch.Size([9216]), torch.Size([9216]), torch.Size([9216])]
shapes: true labels torch.Size([9216]), confidences torch.Size([9216, 20]), expert_predictions (10, 9216)
Evaluate...
{'coverage': '6765 out of9216', 'system_accuracy': 68.88020833333333, 'expert_accuracy': 18.1558532716562, 'classifier_accuracy': 87.25794401688184, 'alone_classifier': 87.03342013888889, 'validation_loss': 11.973837534586588, 'n_experts': 10, 'expert_0': 0.0, 'expert_1': 41.17598616486865, 'expert_2': 49.99500049995, 'expert_3': 0.0, 'expert_4': 0.0, 'expert_5': 0.0, 'expert_6': 0.0, 'expert_7': 23.199962880059392, 'expert_8': 18.551529966403347, 'expert_9': 14.677097973738562}
{'coverage': '6765 out of9216', 'system_accuracy': 68.88020833333333, 'expert_accuracy': 18.1558532716562, 'classifier_accuracy': 87.25794401688184, 'alone_classifier': 87.03342013888889, 'validation_loss': 11.973837534586588, 'n_experts': 10, 'expert_0': 0.0, 'expert_1': 41.17598616486865, 'expert_2': 49.99500049995, 'expert_3': 0.0, 'expert_4': 0.0, 'expert_5': 0.0, 'expert_6': 0.0, 'expert_7': 23.199962880059392, 'expert_8': 18.551529966403347, 'expert_9': 14.677097973738562}
torch.Size([9216]) torch.Size([9216, 20]) [torch.Size([9216]), torch.Size([9216]), torch.Size([9216]), torch.Size([9216]), torch.Size([9216]), torch.Size([9216]), torch.Size([9216]), torch.Size([9216]), torch.Size([9216]), torch.Size([9216])]
shapes: true labels torch.Size([9216]), confidences torch.Size([9216, 20]), expert_predictions (10, 9216)
Evaluate...
{'coverage': '6232 out of9216', 'system_accuracy': 67.33940972222223, 'expert_accuracy': 20.07372519613102, 'classifier_accuracy': 89.97111537273562, 'alone_classifier': 87.38064236111111, 'validation_loss': 13.692881372239855, 'n_experts': 10, 'expert_0': 0.0, 'expert_1': 0.0, 'expert_2': 0.0, 'expert_3': 0.0, 'expert_4': 0.0, 'expert_5': 99.98000399920016, 'expert_6': 6.2499739584418395, 'expert_7': 19.760467209301073, 'expert_8': 20.44198330331953, 'expert_9': 20.298346265493205}
{'coverage': '6232 out of9216', 'system_accuracy': 67.33940972222223, 'expert_accuracy': 20.07372519613102, 'classifier_accuracy': 89.97111537273562, 'alone_classifier': 87.38064236111111, 'validation_loss': 13.692881372239855, 'n_experts': 10, 'expert_0': 0.0, 'expert_1': 0.0, 'expert_2': 0.0, 'expert_3': 0.0, 'expert_4': 0.0, 'expert_5': 99.98000399920016, 'expert_6': 6.2499739584418395, 'expert_7': 19.760467209301073, 'expert_8': 20.44198330331953, 'expert_9': 20.298346265493205}
torch.Size([9216]) torch.Size([9216, 20]) [torch.Size([9216]), torch.Size([9216]), torch.Size([9216]), torch.Size([9216]), torch.Size([9216]), torch.Size([9216]), torch.Size([9216]), torch.Size([9216]), torch.Size([9216]), torch.Size([9216])]
shapes: true labels torch.Size([9216]), confidences torch.Size([9216, 20]), expert_predictions (10, 9216)
Evaluate...
{'coverage': '6602 out of9216', 'system_accuracy': 71.15885416666667, 'expert_accuracy': 18.247894548745634, 'classifier_accuracy': 92.10845058908738, 'alone_classifier': 86.11111111111111, 'validation_loss': 15.99714469909668, 'n_experts': 10, 'expert_0': 0.0, 'expert_1': 0.0, 'expert_2': 0.0, 'expert_3': 0.0, 'expert_4': 0.0, 'expert_5': 18.43831779024701, 'expert_6': 16.983889609402752, 'expert_7': 24.324291453660198, 'expert_8': 17.299563460284, 'expert_9': 13.63623967054845}
{'coverage': '6602 out of9216', 'system_accuracy': 71.15885416666667, 'expert_accuracy': 18.247894548745634, 'classifier_accuracy': 92.10845058908738, 'alone_classifier': 86.11111111111111, 'validation_loss': 15.99714469909668, 'n_experts': 10, 'expert_0': 0.0, 'expert_1': 0.0, 'expert_2': 0.0, 'expert_3': 0.0, 'expert_4': 0.0, 'expert_5': 18.43831779024701, 'expert_6': 16.983889609402752, 'expert_7': 24.324291453660198, 'expert_8': 17.299563460284, 'expert_9': 13.63623967054845}
torch.Size([9216]) torch.Size([9216, 20]) [torch.Size([9216]), torch.Size([9216]), torch.Size([9216]), torch.Size([9216]), torch.Size([9216]), torch.Size([9216]), torch.Size([9216]), torch.Size([9216]), torch.Size([9216]), torch.Size([9216])]
shapes: true labels torch.Size([9216]), confidences torch.Size([9216, 20]), expert_predictions (10, 9216)
Evaluate...
{'coverage': '4713 out of9216', 'system_accuracy': 70.26909722222223, 'expert_accuracy': 45.12546990337686, 'classifier_accuracy': 94.29238077037172, 'alone_classifier': 88.10763888888889, 'validation_loss': 18.902191162109375, 'n_experts': 10, 'expert_0': 0.0, 'expert_1': 0.0, 'expert_2': 0.0, 'expert_3': 0.0, 'expert_4': 88.336283204703, 'expert_5': 0.0, 'expert_6': 20.17856422194135, 'expert_7': 18.432833069726406, 'expert_8': 21.590899276863965, 'expert_9': 18.00846694556485}
{'coverage': '4713 out of9216', 'system_accuracy': 70.26909722222223, 'expert_accuracy': 45.12546990337686, 'classifier_accuracy': 94.29238077037172, 'alone_classifier': 88.10763888888889, 'validation_loss': 18.902191162109375, 'n_experts': 10, 'expert_0': 0.0, 'expert_1': 0.0, 'expert_2': 0.0, 'expert_3': 0.0, 'expert_4': 88.336283204703, 'expert_5': 0.0, 'expert_6': 20.17856422194135, 'expert_7': 18.432833069726406, 'expert_8': 21.590899276863965, 'expert_9': 18.00846694556485}
torch.Size([9216]) torch.Size([9216, 20]) [torch.Size([9216]), torch.Size([9216]), torch.Size([9216]), torch.Size([9216]), torch.Size([9216]), torch.Size([9216]), torch.Size([9216]), torch.Size([9216]), torch.Size([9216]), torch.Size([9216])]
shapes: true labels torch.Size([9216]), confidences torch.Size([9216, 20]), expert_predictions (10, 9216)
Evaluate...
{'coverage': '3922 out of9216', 'system_accuracy': 92.32855902777777, 'expert_accuracy': 91.51869695811496, 'classifier_accuracy': 93.42172122841097, 'alone_classifier': 87.02256944444444, 'validation_loss': 22.464357376098633, 'n_experts': 10, 'expert_0': 0.0, 'expert_1': 0.0, 'expert_2': 0.0, 'expert_3': 92.59258873938457, 'expert_4': 84.70942831227626, 'expert_5': 0.0, 'expert_6': 87.78612551736562, 'expert_7': 11.11086420301771, 'expert_8': 0.0, 'expert_9': 9.99990000099999}
{'coverage': '3922 out of9216', 'system_accuracy': 92.32855902777777, 'expert_accuracy': 91.51869695811496, 'classifier_accuracy': 93.42172122841097, 'alone_classifier': 87.02256944444444, 'validation_loss': 22.464357376098633, 'n_experts': 10, 'expert_0': 0.0, 'expert_1': 0.0, 'expert_2': 0.0, 'expert_3': 92.59258873938457, 'expert_4': 84.70942831227626, 'expert_5': 0.0, 'expert_6': 87.78612551736562, 'expert_7': 11.11086420301771, 'expert_8': 0.0, 'expert_9': 9.99990000099999}
torch.Size([9216]) torch.Size([9216, 20]) [torch.Size([9216]), torch.Size([9216]), torch.Size([9216]), torch.Size([9216]), torch.Size([9216]), torch.Size([9216]), torch.Size([9216]), torch.Size([9216]), torch.Size([9216]), torch.Size([9216])]
shapes: true labels torch.Size([9216]), confidences torch.Size([9216, 20]), expert_predictions (10, 9216)
Evaluate...
{'coverage': '4007 out of9216', 'system_accuracy': 88.19444444444444, 'expert_accuracy': 83.45171497593722, 'classifier_accuracy': 94.3598678722269, 'alone_classifier': 86.81640625, 'validation_loss': 26.673659642537434, 'n_experts': 10, 'expert_0': 0.0, 'expert_1': 0.0, 'expert_2': 93.61662290798763, 'expert_3': 88.23425606757567, 'expert_4': 95.54783103581742, 'expert_5': 91.77850809085434, 'expert_6': 0.0, 'expert_7': 93.10280618754354, 'expert_8': 28.570612268220906, 'expert_9': 18.53332839111243}
{'coverage': '4007 out of9216', 'system_accuracy': 88.19444444444444, 'expert_accuracy': 83.45171497593722, 'classifier_accuracy': 94.3598678722269, 'alone_classifier': 86.81640625, 'validation_loss': 26.673659642537434, 'n_experts': 10, 'expert_0': 0.0, 'expert_1': 0.0, 'expert_2': 93.61662290798763, 'expert_3': 88.23425606757567, 'expert_4': 95.54783103581742, 'expert_5': 91.77850809085434, 'expert_6': 0.0, 'expert_7': 93.10280618754354, 'expert_8': 28.570612268220906, 'expert_9': 18.53332839111243}
torch.Size([9216]) torch.Size([9216, 20]) [torch.Size([9216]), torch.Size([9216]), torch.Size([9216]), torch.Size([9216]), torch.Size([9216]), torch.Size([9216]), torch.Size([9216]), torch.Size([9216]), torch.Size([9216]), torch.Size([9216])]
shapes: true labels torch.Size([9216]), confidences torch.Size([9216, 20]), expert_predictions (10, 9216)
Evaluate...
{'coverage': '3079 out of9216', 'system_accuracy': 92.89279513888889, 'expert_accuracy': 92.1785858830508, 'classifier_accuracy': 94.31633340966764, 'alone_classifier': 87.16362847222223, 'validation_loss': 31.57413715786404, 'n_experts': 10, 'expert_0': 0.0, 'expert_1': 0.0, 'expert_2': 87.12862660532019, 'expert_3': 92.2075527076553, 'expert_4': 90.55103850230157, 'expert_5': 0.0, 'expert_6': 0.0, 'expert_7': 95.457019972487, 'expert_8': 99.99333377774815, 'expert_9': 17.33331792593962}
{'coverage': '3079 out of9216', 'system_accuracy': 92.89279513888889, 'expert_accuracy': 92.1785858830508, 'classifier_accuracy': 94.31633340966764, 'alone_classifier': 87.16362847222223, 'validation_loss': 31.57413715786404, 'n_experts': 10, 'expert_0': 0.0, 'expert_1': 0.0, 'expert_2': 87.12862660532019, 'expert_3': 92.2075527076553, 'expert_4': 90.55103850230157, 'expert_5': 0.0, 'expert_6': 0.0, 'expert_7': 95.457019972487, 'expert_8': 99.99333377774815, 'expert_9': 17.33331792593962}
torch.Size([9216]) torch.Size([9216, 20]) [torch.Size([9216]), torch.Size([9216]), torch.Size([9216]), torch.Size([9216]), torch.Size([9216]), torch.Size([9216]), torch.Size([9216]), torch.Size([9216]), torch.Size([9216]), torch.Size([9216])]
shapes: true labels torch.Size([9216]), confidences torch.Size([9216, 20]), expert_predictions (10, 9216)
Evaluate...
{'coverage': '1892 out of9216', 'system_accuracy': 94.86762152777777, 'expert_accuracy': 95.41234037650626, 'classifier_accuracy': 92.75898029815114, 'alone_classifier': 87.05512152777777, 'validation_loss': 37.142402225070526, 'n_experts': 10, 'expert_0': 95.5182998454225, 'expert_1': 95.87624912319623, 'expert_2': 0.0, 'expert_3': 94.0103677029335, 'expert_4': 94.48804017631468, 'expert_5': 99.98000399920016, 'expert_6': 0.0, 'expert_7': 99.9900009999, 'expert_8': 94.98952192504304, 'expert_9': 0.0}
{'coverage': '1892 out of9216', 'system_accuracy': 94.86762152777777, 'expert_accuracy': 95.41234037650626, 'classifier_accuracy': 92.75898029815114, 'alone_classifier': 87.05512152777777, 'validation_loss': 37.142402225070526, 'n_experts': 10, 'expert_0': 95.5182998454225, 'expert_1': 95.87624912319623, 'expert_2': 0.0, 'expert_3': 94.0103677029335, 'expert_4': 94.48804017631468, 'expert_5': 99.98000399920016, 'expert_6': 0.0, 'expert_7': 99.9900009999, 'expert_8': 94.98952192504304, 'expert_9': 0.0}
torch.Size([9216]) torch.Size([9216, 20]) [torch.Size([9216]), torch.Size([9216]), torch.Size([9216]), torch.Size([9216]), torch.Size([9216]), torch.Size([9216]), torch.Size([9216]), torch.Size([9216]), torch.Size([9216]), torch.Size([9216])]
shapes: true labels torch.Size([9216]), confidences torch.Size([9216, 20]), expert_predictions (10, 9216)
Evaluate...
{'coverage': '8980 out of9216', 'system_accuracy': 85.29730902777777, 'expert_accuracy': 13.559310542957167, 'classifier_accuracy': 87.1826270915075, 'alone_classifier': 86.11111111111111, 'validation_loss': 10.259348021613228, 'n_experts': 10, 'expert_0': 0.0, 'expert_1': 9.090743804658098, 'expert_2': 0.0, 'expert_3': 0.0, 'expert_4': 0.0, 'expert_5': 14.285306134110453, 'expert_6': 0.0, 'expert_7': 0.0, 'expert_8': 0.0, 'expert_9': 13.76145526471994}
{'coverage': '8980 out of9216', 'system_accuracy': 85.29730902777777, 'expert_accuracy': 13.559310542957167, 'classifier_accuracy': 87.1826270915075, 'alone_classifier': 86.11111111111111, 'validation_loss': 10.259348021613228, 'n_experts': 10, 'expert_0': 0.0, 'expert_1': 9.090743804658098, 'expert_2': 0.0, 'expert_3': 0.0, 'expert_4': 0.0, 'expert_5': 14.285306134110453, 'expert_6': 0.0, 'expert_7': 0.0, 'expert_8': 0.0, 'expert_9': 13.76145526471994}
torch.Size([9216]) torch.Size([9216, 20]) [torch.Size([9216]), torch.Size([9216]), torch.Size([9216]), torch.Size([9216]), torch.Size([9216]), torch.Size([9216]), torch.Size([9216]), torch.Size([9216]), torch.Size([9216]), torch.Size([9216])]
shapes: true labels torch.Size([9216]), confidences torch.Size([9216, 20]), expert_predictions (10, 9216)
Evaluate...
{'coverage': '8792 out of9216', 'system_accuracy': 83.96267361111111, 'expert_accuracy': 20.518858245821583, 'classifier_accuracy': 87.02229200384109, 'alone_classifier': 86.07855902777777, 'validation_loss': 10.913403828938803, 'n_experts': 10, 'expert_0': 0.0, 'expert_1': 0.0, 'expert_2': 0.0, 'expert_3': 49.99833338888703, 'expert_4': 0.0, 'expert_5': 66.66222251849877, 'expert_6': 0.0, 'expert_7': 0.0, 'expert_8': 18.94408761236794, 'expert_9': 24.999940476332196}
{'coverage': '8792 out of9216', 'system_accuracy': 83.96267361111111, 'expert_accuracy': 20.518858245821583, 'classifier_accuracy': 87.02229200384109, 'alone_classifier': 86.07855902777777, 'validation_loss': 10.913403828938803, 'n_experts': 10, 'expert_0': 0.0, 'expert_1': 0.0, 'expert_2': 0.0, 'expert_3': 49.99833338888703, 'expert_4': 0.0, 'expert_5': 66.66222251849877, 'expert_6': 0.0, 'expert_7': 0.0, 'expert_8': 18.94408761236794, 'expert_9': 24.999940476332196}
torch.Size([9216]) torch.Size([9216, 20]) [torch.Size([9216]), torch.Size([9216]), torch.Size([9216]), torch.Size([9216]), torch.Size([9216]), torch.Size([9216]), torch.Size([9216]), torch.Size([9216]), torch.Size([9216]), torch.Size([9216])]
shapes: true labels torch.Size([9216]), confidences torch.Size([9216, 20]), expert_predictions (10, 9216)
Evaluate...
{'coverage': '6793 out of9216', 'system_accuracy': 68.61979166666667, 'expert_accuracy': 18.695830070505153, 'classifier_accuracy': 86.42720320289705, 'alone_classifier': 86.53428819444444, 'validation_loss': 11.989174736870659, 'n_experts': 10, 'expert_0': 0.0, 'expert_1': 16.666111129629012, 'expert_2': 0.0, 'expert_3': 0.0, 'expert_4': 0.0, 'expert_5': 0.0, 'expert_6': 0.0, 'expert_7': 11.650462814635311, 'expert_8': 19.221860192509478, 'expert_9': 16.339847921767422}
{'coverage': '6793 out of9216', 'system_accuracy': 68.61979166666667, 'expert_accuracy': 18.695830070505153, 'classifier_accuracy': 86.42720320289705, 'alone_classifier': 86.53428819444444, 'validation_loss': 11.989174736870659, 'n_experts': 10, 'expert_0': 0.0, 'expert_1': 16.666111129629012, 'expert_2': 0.0, 'expert_3': 0.0, 'expert_4': 0.0, 'expert_5': 0.0, 'expert_6': 0.0, 'expert_7': 11.650462814635311, 'expert_8': 19.221860192509478, 'expert_9': 16.339847921767422}
torch.Size([9216]) torch.Size([9216, 20]) [torch.Size([9216]), torch.Size([9216]), torch.Size([9216]), torch.Size([9216]), torch.Size([9216]), torch.Size([9216]), torch.Size([9216]), torch.Size([9216]), torch.Size([9216]), torch.Size([9216])]
shapes: true labels torch.Size([9216]), confidences torch.Size([9216, 20]), expert_predictions (10, 9216)
Evaluate...
{'coverage': '7037 out of9216', 'system_accuracy': 73.62196180555556, 'expert_accuracy': 18.632398473391603, 'classifier_accuracy': 90.64942318247232, 'alone_classifier': 85.72048611111111, 'validation_loss': 13.740208413865831, 'n_experts': 10, 'expert_0': 0.0, 'expert_1': 0.0, 'expert_2': 0.0, 'expert_3': 0.0, 'expert_4': 0.0, 'expert_5': 0.0, 'expert_6': 16.95431127831243, 'expert_7': 19.83469435149227, 'expert_8': 19.484229521931507, 'expert_9': 20.43188689970535}
{'coverage': '7037 out of9216', 'system_accuracy': 73.62196180555556, 'expert_accuracy': 18.632398473391603, 'classifier_accuracy': 90.64942318247232, 'alone_classifier': 85.72048611111111, 'validation_loss': 13.740208413865831, 'n_experts': 10, 'expert_0': 0.0, 'expert_1': 0.0, 'expert_2': 0.0, 'expert_3': 0.0, 'expert_4': 0.0, 'expert_5': 0.0, 'expert_6': 16.95431127831243, 'expert_7': 19.83469435149227, 'expert_8': 19.484229521931507, 'expert_9': 20.43188689970535}
torch.Size([9216]) torch.Size([9216, 20]) [torch.Size([9216]), torch.Size([9216]), torch.Size([9216]), torch.Size([9216]), torch.Size([9216]), torch.Size([9216]), torch.Size([9216]), torch.Size([9216]), torch.Size([9216]), torch.Size([9216])]
shapes: true labels torch.Size([9216]), confidences torch.Size([9216, 20]), expert_predictions (10, 9216)
Evaluate...
{'coverage': '6221 out of9216', 'system_accuracy': 68.14236111111111, 'expert_accuracy': 18.664439488184343, 'classifier_accuracy': 91.96270548203334, 'alone_classifier': 85.81814236111111, 'validation_loss': 15.984624756707085, 'n_experts': 10, 'expert_0': 0.0, 'expert_1': 0.0, 'expert_2': 0.0, 'expert_3': 0.0, 'expert_4': 0.0, 'expert_5': 19.125680737622254, 'expert_6': 16.969143925745204, 'expert_7': 28.735566125135342, 'expert_8': 14.45779648723738, 'expert_9': 27.026953981205455}
{'coverage': '6221 out of9216', 'system_accuracy': 68.14236111111111, 'expert_accuracy': 18.664439488184343, 'classifier_accuracy': 91.96270548203334, 'alone_classifier': 85.81814236111111, 'validation_loss': 15.984624756707085, 'n_experts': 10, 'expert_0': 0.0, 'expert_1': 0.0, 'expert_2': 0.0, 'expert_3': 0.0, 'expert_4': 0.0, 'expert_5': 19.125680737622254, 'expert_6': 16.969143925745204, 'expert_7': 28.735566125135342, 'expert_8': 14.45779648723738, 'expert_9': 27.026953981205455}
torch.Size([9216]) torch.Size([9216, 20]) [torch.Size([9216]), torch.Size([9216]), torch.Size([9216]), torch.Size([9216]), torch.Size([9216]), torch.Size([9216]), torch.Size([9216]), torch.Size([9216]), torch.Size([9216]), torch.Size([9216])]
shapes: true labels torch.Size([9216]), confidences torch.Size([9216, 20]), expert_predictions (10, 9216)
Evaluate...
{'coverage': '5401 out of9216', 'system_accuracy': 68.38107638888889, 'expert_accuracy': 34.5740479908756, 'classifier_accuracy': 92.26069075614348, 'alone_classifier': 86.58854166666667, 'validation_loss': 18.889400270250107, 'n_experts': 10, 'expert_0': 0.0, 'expert_1': 0.0, 'expert_2': 0.0, 'expert_3': 0.0, 'expert_4': 90.21063439637314, 'expert_5': 28.570612268220906, 'expert_6': 16.071419005107735, 'expert_7': 24.358953539355948, 'expert_8': 0.0, 'expert_9': 19.678878577284596}
{'coverage': '5401 out of9216', 'system_accuracy': 68.38107638888889, 'expert_accuracy': 34.5740479908756, 'classifier_accuracy': 92.26069075614348, 'alone_classifier': 86.58854166666667, 'validation_loss': 18.889400270250107, 'n_experts': 10, 'expert_0': 0.0, 'expert_1': 0.0, 'expert_2': 0.0, 'expert_3': 0.0, 'expert_4': 90.21063439637314, 'expert_5': 28.570612268220906, 'expert_6': 16.071419005107735, 'expert_7': 24.358953539355948, 'expert_8': 0.0, 'expert_9': 19.678878577284596}
torch.Size([9216]) torch.Size([9216, 20]) [torch.Size([9216]), torch.Size([9216]), torch.Size([9216]), torch.Size([9216]), torch.Size([9216]), torch.Size([9216]), torch.Size([9216]), torch.Size([9216]), torch.Size([9216]), torch.Size([9216])]
shapes: true labels torch.Size([9216]), confidences torch.Size([9216, 20]), expert_predictions (10, 9216)
Evaluate...
{'coverage': '4283 out of9216', 'system_accuracy': 76.55164930555556, 'expert_accuracy': 62.33529039792052, 'classifier_accuracy': 92.92551732604441, 'alone_classifier': 87.31553819444444, 'validation_loss': 22.511430316501194, 'n_experts': 10, 'expert_0': 0.0, 'expert_1': 0.0, 'expert_2': 0.0, 'expert_3': 93.76325042314379, 'expert_4': 88.1888374978937, 'expert_5': 89.58325868061776, 'expert_6': 78.16587059749293, 'expert_7': 0.0, 'expert_8': 0.0, 'expert_9': 18.186421662976528}
{'coverage': '4283 out of9216', 'system_accuracy': 76.55164930555556, 'expert_accuracy': 62.33529039792052, 'classifier_accuracy': 92.92551732604441, 'alone_classifier': 87.31553819444444, 'validation_loss': 22.511430316501194, 'n_experts': 10, 'expert_0': 0.0, 'expert_1': 0.0, 'expert_2': 0.0, 'expert_3': 93.76325042314379, 'expert_4': 88.1888374978937, 'expert_5': 89.58325868061776, 'expert_6': 78.16587059749293, 'expert_7': 0.0, 'expert_8': 0.0, 'expert_9': 18.186421662976528}
torch.Size([9216]) torch.Size([9216, 20]) [torch.Size([9216]), torch.Size([9216]), torch.Size([9216]), torch.Size([9216]), torch.Size([9216]), torch.Size([9216]), torch.Size([9216]), torch.Size([9216]), torch.Size([9216]), torch.Size([9216])]
shapes: true labels torch.Size([9216]), confidences torch.Size([9216, 20]), expert_predictions (10, 9216)
Evaluate...
{'coverage': '3609 out of9216', 'system_accuracy': 84.09288194444444, 'expert_accuracy': 77.52808712223694, 'classifier_accuracy': 94.29204504593945, 'alone_classifier': 87.09852430555556, 'validation_loss': 26.660816616482204, 'n_experts': 10, 'expert_0': 0.0, 'expert_1': 0.0, 'expert_2': 99.99894737950127, 'expert_3': 93.10328775295214, 'expert_4': 95.18391390338158, 'expert_5': 92.63156675900437, 'expert_6': 0.0, 'expert_7': 95.65175803583463, 'expert_8': 24.399980480015614, 'expert_9': 19.332675302713387}
{'coverage': '3609 out of9216', 'system_accuracy': 84.09288194444444, 'expert_accuracy': 77.52808712223694, 'classifier_accuracy': 94.29204504593945, 'alone_classifier': 87.09852430555556, 'validation_loss': 26.660816616482204, 'n_experts': 10, 'expert_0': 0.0, 'expert_1': 0.0, 'expert_2': 99.99894737950127, 'expert_3': 93.10328775295214, 'expert_4': 95.18391390338158, 'expert_5': 92.63156675900437, 'expert_6': 0.0, 'expert_7': 95.65175803583463, 'expert_8': 24.399980480015614, 'expert_9': 19.332675302713387}
torch.Size([9216]) torch.Size([9216, 20]) [torch.Size([9216]), torch.Size([9216]), torch.Size([9216]), torch.Size([9216]), torch.Size([9216]), torch.Size([9216]), torch.Size([9216]), torch.Size([9216]), torch.Size([9216]), torch.Size([9216])]
shapes: true labels torch.Size([9216]), confidences torch.Size([9216, 20]), expert_predictions (10, 9216)
Evaluate...
{'coverage': '3287 out of9216', 'system_accuracy': 92.41536458333333, 'expert_accuracy': 91.58373784504172, 'classifier_accuracy': 93.91542154197074, 'alone_classifier': 86.99001736111111, 'validation_loss': 31.578918668958877, 'n_experts': 10, 'expert_0': 0.0, 'expert_1': 0.0, 'expert_2': 82.79560989719366, 'expert_3': 95.14544631952171, 'expert_4': 90.47532880639233, 'expert_5': 0.0, 'expert_6': 0.0, 'expert_7': 95.41455753641932, 'expert_8': 0.0, 'expert_9': 22.10143325983097}
{'coverage': '3287 out of9216', 'system_accuracy': 92.41536458333333, 'expert_accuracy': 91.58373784504172, 'classifier_accuracy': 93.91542154197074, 'alone_classifier': 86.99001736111111, 'validation_loss': 31.578918668958877, 'n_experts': 10, 'expert_0': 0.0, 'expert_1': 0.0, 'expert_2': 82.79560989719366, 'expert_3': 95.14544631952171, 'expert_4': 90.47532880639233, 'expert_5': 0.0, 'expert_6': 0.0, 'expert_7': 95.41455753641932, 'expert_8': 0.0, 'expert_9': 22.10143325983097}
torch.Size([9216]) torch.Size([9216, 20]) [torch.Size([9216]), torch.Size([9216]), torch.Size([9216]), torch.Size([9216]), torch.Size([9216]), torch.Size([9216]), torch.Size([9216]), torch.Size([9216]), torch.Size([9216]), torch.Size([9216])]
shapes: true labels torch.Size([9216]), confidences torch.Size([9216, 20]), expert_predictions (10, 9216)
Evaluate...
{'coverage': '794 out of9216', 'system_accuracy': 95.37760416666667, 'expert_accuracy': 95.54737365121412, 'classifier_accuracy': 93.57681441098056, 'alone_classifier': 85.91579861111111, 'validation_loss': 37.165529039171005, 'n_experts': 10, 'expert_0': 0.0, 'expert_1': 93.4328079305051, 'expert_2': 0.0, 'expert_3': 0.0, 'expert_4': 0.0, 'expert_5': 0.0, 'expert_6': 0.0, 'expert_7': 93.74882813964825, 'expert_8': 0.0, 'expert_9': 95.73422710097654}
{'coverage': '794 out of9216', 'system_accuracy': 95.37760416666667, 'expert_accuracy': 95.54737365121412, 'classifier_accuracy': 93.57681441098056, 'alone_classifier': 85.91579861111111, 'validation_loss': 37.165529039171005, 'n_experts': 10, 'expert_0': 0.0, 'expert_1': 93.4328079305051, 'expert_2': 0.0, 'expert_3': 0.0, 'expert_4': 0.0, 'expert_5': 0.0, 'expert_6': 0.0, 'expert_7': 93.74882813964825, 'expert_8': 0.0, 'expert_9': 95.73422710097654}
