Lmod has detected the following error: These module(s) or extension(s) exist
but cannot be loaded as requested: "cuDNN"
   Try: "module spider cuDNN" to see how to load the module(s).



cuda:0
cuda:0
{'batch_size': 1024, 'alpha': 1.0, 'epochs': 100, 'patience': 20, 'expert_type': 'predict', 'n_classes': 10, 'k': 5, 'n_experts': 10, 'lr': 0.1, 'weight_decay': 0.0005, 'warmup_epochs': 0, 'loss_type': 'softmax', 'ckp_dir': './softmax_increase_oracle_v2/', 'experiment_name': 'increase_oracles_v2'}
log is of type <class 'dict'>
type of S, type of idx  <class 'list'> <class 'list'>
torch.Size([9216]) torch.Size([9216, 20]) [torch.Size([9216]), torch.Size([9216]), torch.Size([9216]), torch.Size([9216]), torch.Size([9216]), torch.Size([9216]), torch.Size([9216]), torch.Size([9216]), torch.Size([9216]), torch.Size([9216])]
shapes: true labels torch.Size([9216]), confidences torch.Size([9216, 20]), expert_predictions (10, 9216)
Evaluate...
{'coverage': '9205 out of9216', 'system_accuracy': 86.40407986111111, 'expert_accuracy': 0.0, 'classifier_accuracy': 86.50733203142497, 'alone_classifier': 86.44748263888889, 'validation_loss': 8.078335020277235, 'n_experts': 10, 'expert_0': 0.0, 'expert_1': 0.0, 'expert_2': 0.0, 'expert_3': 0.0, 'expert_4': 0.0, 'expert_5': 0.0, 'expert_6': 0.0, 'expert_7': 0.0, 'expert_8': 0.0, 'expert_9': 0.0}
{'coverage': '9205 out of9216', 'system_accuracy': 86.40407986111111, 'expert_accuracy': 0.0, 'classifier_accuracy': 86.50733203142497, 'alone_classifier': 86.44748263888889, 'validation_loss': 8.078335020277235, 'n_experts': 10, 'expert_0': 0.0, 'expert_1': 0.0, 'expert_2': 0.0, 'expert_3': 0.0, 'expert_4': 0.0, 'expert_5': 0.0, 'expert_6': 0.0, 'expert_7': 0.0, 'expert_8': 0.0, 'expert_9': 0.0}
type of S, type of idx  <class 'list'> <class 'list'>
torch.Size([9216]) torch.Size([9216, 20]) [torch.Size([9216]), torch.Size([9216]), torch.Size([9216]), torch.Size([9216]), torch.Size([9216]), torch.Size([9216]), torch.Size([9216]), torch.Size([9216]), torch.Size([9216]), torch.Size([9216])]
shapes: true labels torch.Size([9216]), confidences torch.Size([9216, 20]), expert_predictions (10, 9216)
Evaluate...
{'coverage': '5970 out of9216', 'system_accuracy': 62.78211805555556, 'expert_accuracy': 11.8915581089613, 'classifier_accuracy': 90.45225979141944, 'alone_classifier': 85.37326388888889, 'validation_loss': 9.153730498419868, 'n_experts': 10, 'expert_0': 0.0, 'expert_1': 0.0, 'expert_2': 0.0, 'expert_3': 0.0, 'expert_4': 11.8915581089613, 'expert_5': 0.0, 'expert_6': 0.0, 'expert_7': 0.0, 'expert_8': 0.0, 'expert_9': 0.0}
{'coverage': '5970 out of9216', 'system_accuracy': 62.78211805555556, 'expert_accuracy': 11.8915581089613, 'classifier_accuracy': 90.45225979141944, 'alone_classifier': 85.37326388888889, 'validation_loss': 9.153730498419868, 'n_experts': 10, 'expert_0': 0.0, 'expert_1': 0.0, 'expert_2': 0.0, 'expert_3': 0.0, 'expert_4': 11.8915581089613, 'expert_5': 0.0, 'expert_6': 0.0, 'expert_7': 0.0, 'expert_8': 0.0, 'expert_9': 0.0}
type of S, type of idx  <class 'list'> <class 'list'>
torch.Size([9216]) torch.Size([9216, 20]) [torch.Size([9216]), torch.Size([9216]), torch.Size([9216]), torch.Size([9216]), torch.Size([9216]), torch.Size([9216]), torch.Size([9216]), torch.Size([9216]), torch.Size([9216]), torch.Size([9216])]
shapes: true labels torch.Size([9216]), confidences torch.Size([9216, 20]), expert_predictions (10, 9216)
Evaluate...
{'coverage': '4896 out of9216', 'system_accuracy': 51.55164930555556, 'expert_accuracy': 10.995369861325468, 'classifier_accuracy': 87.33659952335377, 'alone_classifier': 87.109375, 'validation_loss': 10.449525197347006, 'n_experts': 10, 'expert_0': 0.0, 'expert_1': 11.045890552513844, 'expert_2': 0.0, 'expert_3': 0.0, 'expert_4': 10.720558621947761, 'expert_5': 0.0, 'expert_6': 0.0, 'expert_7': 0.0, 'expert_8': 0.0, 'expert_9': 0.0}
{'coverage': '4896 out of9216', 'system_accuracy': 51.55164930555556, 'expert_accuracy': 10.995369861325468, 'classifier_accuracy': 87.33659952335377, 'alone_classifier': 87.109375, 'validation_loss': 10.449525197347006, 'n_experts': 10, 'expert_0': 0.0, 'expert_1': 11.045890552513844, 'expert_2': 0.0, 'expert_3': 0.0, 'expert_4': 10.720558621947761, 'expert_5': 0.0, 'expert_6': 0.0, 'expert_7': 0.0, 'expert_8': 0.0, 'expert_9': 0.0}
type of S, type of idx  <class 'list'> <class 'list'>
torch.Size([9216]) torch.Size([9216, 20]) [torch.Size([9216]), torch.Size([9216]), torch.Size([9216]), torch.Size([9216]), torch.Size([9216]), torch.Size([9216]), torch.Size([9216]), torch.Size([9216]), torch.Size([9216]), torch.Size([9216])]
shapes: true labels torch.Size([9216]), confidences torch.Size([9216, 20]), expert_predictions (10, 9216)
Evaluate...
{'coverage': '5072 out of9216', 'system_accuracy': 54.25347222222222, 'expert_accuracy': 10.521235013453907, 'classifier_accuracy': 89.9842253552006, 'alone_classifier': 88.04253472222223, 'validation_loss': 11.83045079973009, 'n_experts': 10, 'expert_0': 12.637348750166208, 'expert_1': 0.0, 'expert_2': 0.0, 'expert_3': 14.054048989531896, 'expert_4': 9.770452632698492, 'expert_5': 0.0, 'expert_6': 0.0, 'expert_7': 49.99500049995, 'expert_8': 0.0, 'expert_9': 28.570612268220906}
{'coverage': '5072 out of9216', 'system_accuracy': 54.25347222222222, 'expert_accuracy': 10.521235013453907, 'classifier_accuracy': 89.9842253552006, 'alone_classifier': 88.04253472222223, 'validation_loss': 11.83045079973009, 'n_experts': 10, 'expert_0': 12.637348750166208, 'expert_1': 0.0, 'expert_2': 0.0, 'expert_3': 14.054048989531896, 'expert_4': 9.770452632698492, 'expert_5': 0.0, 'expert_6': 0.0, 'expert_7': 49.99500049995, 'expert_8': 0.0, 'expert_9': 28.570612268220906}
type of S, type of idx  <class 'list'> <class 'list'>
torch.Size([9216]) torch.Size([9216, 20]) [torch.Size([9216]), torch.Size([9216]), torch.Size([9216]), torch.Size([9216]), torch.Size([9216]), torch.Size([9216]), torch.Size([9216]), torch.Size([9216]), torch.Size([9216]), torch.Size([9216])]
shapes: true labels torch.Size([9216]), confidences torch.Size([9216, 20]), expert_predictions (10, 9216)
Evaluate...
{'coverage': '4701 out of9216', 'system_accuracy': 86.21961805555556, 'expert_accuracy': 81.15171290579345, 'classifier_accuracy': 91.08700082776004, 'alone_classifier': 87.38064236111111, 'validation_loss': 13.569357554117838, 'n_experts': 10, 'expert_0': 15.84156847369458, 'expert_1': 0.0, 'expert_2': 13.162700854588355, 'expert_3': 95.51053405362529, 'expert_4': 0.0, 'expert_5': 0.0, 'expert_6': 63.39274394152867, 'expert_7': 0.0, 'expert_8': 0.0, 'expert_9': 0.0}
{'coverage': '4701 out of9216', 'system_accuracy': 86.21961805555556, 'expert_accuracy': 81.15171290579345, 'classifier_accuracy': 91.08700082776004, 'alone_classifier': 87.38064236111111, 'validation_loss': 13.569357554117838, 'n_experts': 10, 'expert_0': 15.84156847369458, 'expert_1': 0.0, 'expert_2': 13.162700854588355, 'expert_3': 95.51053405362529, 'expert_4': 0.0, 'expert_5': 0.0, 'expert_6': 63.39274394152867, 'expert_7': 0.0, 'expert_8': 0.0, 'expert_9': 0.0}
type of S, type of idx  <class 'list'> <class 'list'>
torch.Size([9216]) torch.Size([9216, 20]) [torch.Size([9216]), torch.Size([9216]), torch.Size([9216]), torch.Size([9216]), torch.Size([9216]), torch.Size([9216]), torch.Size([9216]), torch.Size([9216]), torch.Size([9216]), torch.Size([9216])]
shapes: true labels torch.Size([9216]), confidences torch.Size([9216, 20]), expert_predictions (10, 9216)
Evaluate...
{'coverage': '5087 out of9216', 'system_accuracy': 54.24262152777778, 'expert_accuracy': 11.431338753628541, 'classifier_accuracy': 88.99154533140268, 'alone_classifier': 86.57769097222223, 'validation_loss': 15.172124014960396, 'n_experts': 10, 'expert_0': 11.231096660433408, 'expert_1': 0.0, 'expert_2': 10.801525893013292, 'expert_3': 0.0, 'expert_4': 0.0, 'expert_5': 16.666481483539073, 'expert_6': 13.06483043912958, 'expert_7': 0.0, 'expert_8': 16.666111129629012, 'expert_9': 0.0}
{'coverage': '5087 out of9216', 'system_accuracy': 54.24262152777778, 'expert_accuracy': 11.431338753628541, 'classifier_accuracy': 88.99154533140268, 'alone_classifier': 86.57769097222223, 'validation_loss': 15.172124014960396, 'n_experts': 10, 'expert_0': 11.231096660433408, 'expert_1': 0.0, 'expert_2': 10.801525893013292, 'expert_3': 0.0, 'expert_4': 0.0, 'expert_5': 16.666481483539073, 'expert_6': 13.06483043912958, 'expert_7': 0.0, 'expert_8': 16.666111129629012, 'expert_9': 0.0}
type of S, type of idx  <class 'list'> <class 'list'>
torch.Size([9216]) torch.Size([9216, 20]) [torch.Size([9216]), torch.Size([9216]), torch.Size([9216]), torch.Size([9216]), torch.Size([9216]), torch.Size([9216]), torch.Size([9216]), torch.Size([9216]), torch.Size([9216]), torch.Size([9216])]
shapes: true labels torch.Size([9216]), confidences torch.Size([9216, 20]), expert_predictions (10, 9216)
Evaluate...
{'coverage': '4592 out of9216', 'system_accuracy': 91.38454861111111, 'expert_accuracy': 92.69030740958877, 'classifier_accuracy': 90.069684449702, 'alone_classifier': 88.12934027777777, 'validation_loss': 16.918686125013565, 'n_experts': 10, 'expert_0': 60.97546103546088, 'expert_1': 0.0, 'expert_2': 94.54937428227878, 'expert_3': 80.75393620875548, 'expert_4': 0.0, 'expert_5': 0.0, 'expert_6': 0.0, 'expert_7': 97.89150729427271, 'expert_8': 0.0, 'expert_9': 0.0}
{'coverage': '4592 out of9216', 'system_accuracy': 91.38454861111111, 'expert_accuracy': 92.69030740958877, 'classifier_accuracy': 90.069684449702, 'alone_classifier': 88.12934027777777, 'validation_loss': 16.918686125013565, 'n_experts': 10, 'expert_0': 60.97546103546088, 'expert_1': 0.0, 'expert_2': 94.54937428227878, 'expert_3': 80.75393620875548, 'expert_4': 0.0, 'expert_5': 0.0, 'expert_6': 0.0, 'expert_7': 97.89150729427271, 'expert_8': 0.0, 'expert_9': 0.0}
type of S, type of idx  <class 'list'> <class 'list'>
torch.Size([9216]) torch.Size([9216, 20]) [torch.Size([9216]), torch.Size([9216]), torch.Size([9216]), torch.Size([9216]), torch.Size([9216]), torch.Size([9216]), torch.Size([9216]), torch.Size([9216]), torch.Size([9216]), torch.Size([9216])]
shapes: true labels torch.Size([9216]), confidences torch.Size([9216, 20]), expert_predictions (10, 9216)
Evaluate...
{'coverage': '4826 out of9216', 'system_accuracy': 90.18012152777777, 'expert_accuracy': 91.1161689696506, 'classifier_accuracy': 89.32863470102289, 'alone_classifier': 86.93576388888889, 'validation_loss': 18.695166693793404, 'n_experts': 10, 'expert_0': 94.13251450353926, 'expert_1': 70.3698491122288, 'expert_2': 8.33319444675922, 'expert_3': 90.36688957166093, 'expert_4': 0.0, 'expert_5': 0.0, 'expert_6': 91.30414933880577, 'expert_7': 0.0, 'expert_8': 50.537525725751124, 'expert_9': 90.9598688715217}
{'coverage': '4826 out of9216', 'system_accuracy': 90.18012152777777, 'expert_accuracy': 91.1161689696506, 'classifier_accuracy': 89.32863470102289, 'alone_classifier': 86.93576388888889, 'validation_loss': 18.695166693793404, 'n_experts': 10, 'expert_0': 94.13251450353926, 'expert_1': 70.3698491122288, 'expert_2': 8.33319444675922, 'expert_3': 90.36688957166093, 'expert_4': 0.0, 'expert_5': 0.0, 'expert_6': 91.30414933880577, 'expert_7': 0.0, 'expert_8': 50.537525725751124, 'expert_9': 90.9598688715217}
type of S, type of idx  <class 'list'> <class 'list'>
torch.Size([9216]) torch.Size([9216, 20]) [torch.Size([9216]), torch.Size([9216]), torch.Size([9216]), torch.Size([9216]), torch.Size([9216]), torch.Size([9216]), torch.Size([9216]), torch.Size([9216]), torch.Size([9216]), torch.Size([9216])]
shapes: true labels torch.Size([9216]), confidences torch.Size([9216, 20]), expert_predictions (10, 9216)
Evaluate...
{'coverage': '4753 out of9216', 'system_accuracy': 82.77994791666667, 'expert_accuracy': 74.4566401767134, 'classifier_accuracy': 90.59541151703321, 'alone_classifier': 88.78038194444444, 'validation_loss': 20.463196012708877, 'n_experts': 10, 'expert_0': 0.0, 'expert_1': 0.0, 'expert_2': 94.83746884608269, 'expert_3': 69.84115898228733, 'expert_4': 0.0, 'expert_5': 62.499804688110345, 'expert_6': 92.31948008618124, 'expert_7': 0.0, 'expert_8': 14.999850001499984, 'expert_9': 11.269033244866346}
{'coverage': '4753 out of9216', 'system_accuracy': 82.77994791666667, 'expert_accuracy': 74.4566401767134, 'classifier_accuracy': 90.59541151703321, 'alone_classifier': 88.78038194444444, 'validation_loss': 20.463196012708877, 'n_experts': 10, 'expert_0': 0.0, 'expert_1': 0.0, 'expert_2': 94.83746884608269, 'expert_3': 69.84115898228733, 'expert_4': 0.0, 'expert_5': 62.499804688110345, 'expert_6': 92.31948008618124, 'expert_7': 0.0, 'expert_8': 14.999850001499984, 'expert_9': 11.269033244866346}
type of S, type of idx  <class 'list'> <class 'list'>
torch.Size([9216]) torch.Size([9216, 20]) [torch.Size([9216]), torch.Size([9216]), torch.Size([9216]), torch.Size([9216]), torch.Size([9216]), torch.Size([9216]), torch.Size([9216]), torch.Size([9216]), torch.Size([9216]), torch.Size([9216])]
shapes: true labels torch.Size([9216]), confidences torch.Size([9216, 20]), expert_predictions (10, 9216)
Evaluate...
{'coverage': '5038 out of9216', 'system_accuracy': 90.38628472222223, 'expert_accuracy': 90.95260454989925, 'classifier_accuracy': 89.91663179998746, 'alone_classifier': 87.15277777777777, 'validation_loss': 22.502660327487522, 'n_experts': 10, 'expert_0': 0.0, 'expert_1': 87.8571219387805, 'expert_2': 85.34022477463374, 'expert_3': 86.48639298768326, 'expert_4': 69.38761349466633, 'expert_5': 99.98000399920016, 'expert_6': 98.02815796865826, 'expert_7': 93.61692168412587, 'expert_8': 97.51306347825565, 'expert_9': 6.766907117432906}
{'coverage': '5038 out of9216', 'system_accuracy': 90.38628472222223, 'expert_accuracy': 90.95260454989925, 'classifier_accuracy': 89.91663179998746, 'alone_classifier': 87.15277777777777, 'validation_loss': 22.502660327487522, 'n_experts': 10, 'expert_0': 0.0, 'expert_1': 87.8571219387805, 'expert_2': 85.34022477463374, 'expert_3': 86.48639298768326, 'expert_4': 69.38761349466633, 'expert_5': 99.98000399920016, 'expert_6': 98.02815796865826, 'expert_7': 93.61692168412587, 'expert_8': 97.51306347825565, 'expert_9': 6.766907117432906}
log is of type <class 'dict'>
type of S, type of idx  <class 'list'> <class 'list'>
torch.Size([9216]) torch.Size([9216, 20]) [torch.Size([9216]), torch.Size([9216]), torch.Size([9216]), torch.Size([9216]), torch.Size([9216]), torch.Size([9216]), torch.Size([9216]), torch.Size([9216]), torch.Size([9216]), torch.Size([9216])]
shapes: true labels torch.Size([9216]), confidences torch.Size([9216, 20]), expert_predictions (10, 9216)
Evaluate...
{'coverage': '9175 out of9216', 'system_accuracy': 86.94661458333333, 'expert_accuracy': 14.634074955731924, 'classifier_accuracy': 87.2697538172234, 'alone_classifier': 87.01171875, 'validation_loss': 7.994718180762397, 'n_experts': 10, 'expert_0': 0.0, 'expert_1': 0.0, 'expert_2': 0.0, 'expert_3': 0.0, 'expert_4': 0.0, 'expert_5': 16.666574074588475, 'expert_6': 0.0, 'expert_7': 0.0, 'expert_8': 0.0, 'expert_9': 0.0}
{'coverage': '9175 out of9216', 'system_accuracy': 86.94661458333333, 'expert_accuracy': 14.634074955731924, 'classifier_accuracy': 87.2697538172234, 'alone_classifier': 87.01171875, 'validation_loss': 7.994718180762397, 'n_experts': 10, 'expert_0': 0.0, 'expert_1': 0.0, 'expert_2': 0.0, 'expert_3': 0.0, 'expert_4': 0.0, 'expert_5': 16.666574074588475, 'expert_6': 0.0, 'expert_7': 0.0, 'expert_8': 0.0, 'expert_9': 0.0}
type of S, type of idx  <class 'list'> <class 'list'>
torch.Size([9216]) torch.Size([9216, 20]) [torch.Size([9216]), torch.Size([9216]), torch.Size([9216]), torch.Size([9216]), torch.Size([9216]), torch.Size([9216]), torch.Size([9216]), torch.Size([9216]), torch.Size([9216]), torch.Size([9216])]
shapes: true labels torch.Size([9216]), confidences torch.Size([9216, 20]), expert_predictions (10, 9216)
Evaluate...
{'coverage': '5150 out of9216', 'system_accuracy': 53.08159722222222, 'expert_accuracy': 11.387112081302899, 'classifier_accuracy': 85.99999833009711, 'alone_classifier': 86.51258680555556, 'validation_loss': 9.212247848510742, 'n_experts': 10, 'expert_0': 0.0, 'expert_1': 0.0, 'expert_2': 0.0, 'expert_3': 0.0, 'expert_4': 0.0, 'expert_5': 0.0, 'expert_6': 11.349088559867624, 'expert_7': 99.98000399920016, 'expert_8': 0.0, 'expert_9': 99.98000399920016}
{'coverage': '5150 out of9216', 'system_accuracy': 53.08159722222222, 'expert_accuracy': 11.387112081302899, 'classifier_accuracy': 85.99999833009711, 'alone_classifier': 86.51258680555556, 'validation_loss': 9.212247848510742, 'n_experts': 10, 'expert_0': 0.0, 'expert_1': 0.0, 'expert_2': 0.0, 'expert_3': 0.0, 'expert_4': 0.0, 'expert_5': 0.0, 'expert_6': 11.349088559867624, 'expert_7': 99.98000399920016, 'expert_8': 0.0, 'expert_9': 99.98000399920016}
type of S, type of idx  <class 'list'> <class 'list'>
torch.Size([9216]) torch.Size([9216, 20]) [torch.Size([9216]), torch.Size([9216]), torch.Size([9216]), torch.Size([9216]), torch.Size([9216]), torch.Size([9216]), torch.Size([9216]), torch.Size([9216]), torch.Size([9216]), torch.Size([9216])]
shapes: true labels torch.Size([9216]), confidences torch.Size([9216, 20]), expert_predictions (10, 9216)
Evaluate...
{'coverage': '6502 out of9216', 'system_accuracy': 66.05902777777777, 'expert_accuracy': 12.196019735002231, 'classifier_accuracy': 88.5419857191328, 'alone_classifier': 86.15451388888889, 'validation_loss': 10.396619902716743, 'n_experts': 10, 'expert_0': 0.0, 'expert_1': 0.0, 'expert_2': 0.0, 'expert_3': 0.0, 'expert_4': 14.285707248420074, 'expert_5': 0.0, 'expert_6': 0.0, 'expert_7': 11.805554530767836, 'expert_8': 49.99500049995, 'expert_9': 0.0}
{'coverage': '6502 out of9216', 'system_accuracy': 66.05902777777777, 'expert_accuracy': 12.196019735002231, 'classifier_accuracy': 88.5419857191328, 'alone_classifier': 86.15451388888889, 'validation_loss': 10.396619902716743, 'n_experts': 10, 'expert_0': 0.0, 'expert_1': 0.0, 'expert_2': 0.0, 'expert_3': 0.0, 'expert_4': 14.285707248420074, 'expert_5': 0.0, 'expert_6': 0.0, 'expert_7': 11.805554530767836, 'expert_8': 49.99500049995, 'expert_9': 0.0}
type of S, type of idx  <class 'list'> <class 'list'>
torch.Size([9216]) torch.Size([9216, 20]) [torch.Size([9216]), torch.Size([9216]), torch.Size([9216]), torch.Size([9216]), torch.Size([9216]), torch.Size([9216]), torch.Size([9216]), torch.Size([9216]), torch.Size([9216]), torch.Size([9216])]
shapes: true labels torch.Size([9216]), confidences torch.Size([9216, 20]), expert_predictions (10, 9216)
Evaluate...
{'coverage': '5666 out of9216', 'system_accuracy': 75.26041666666667, 'expert_accuracy': 51.098588670502046, 'classifier_accuracy': 90.39886885988582, 'alone_classifier': 88.07508680555556, 'validation_loss': 11.880324257744682, 'n_experts': 10, 'expert_0': 0.0, 'expert_1': 90.73567009927245, 'expert_2': 12.21198015991012, 'expert_3': 33.33111125924938, 'expert_4': 0.0, 'expert_5': 0.0, 'expert_6': 0.0, 'expert_7': 0.0, 'expert_8': 86.81521136207775, 'expert_9': 0.0}
{'coverage': '5666 out of9216', 'system_accuracy': 75.26041666666667, 'expert_accuracy': 51.098588670502046, 'classifier_accuracy': 90.39886885988582, 'alone_classifier': 88.07508680555556, 'validation_loss': 11.880324257744682, 'n_experts': 10, 'expert_0': 0.0, 'expert_1': 90.73567009927245, 'expert_2': 12.21198015991012, 'expert_3': 33.33111125924938, 'expert_4': 0.0, 'expert_5': 0.0, 'expert_6': 0.0, 'expert_7': 0.0, 'expert_8': 86.81521136207775, 'expert_9': 0.0}
type of S, type of idx  <class 'list'> <class 'list'>
torch.Size([9216]) torch.Size([9216, 20]) [torch.Size([9216]), torch.Size([9216]), torch.Size([9216]), torch.Size([9216]), torch.Size([9216]), torch.Size([9216]), torch.Size([9216]), torch.Size([9216]), torch.Size([9216]), torch.Size([9216])]
shapes: true labels torch.Size([9216]), confidences torch.Size([9216, 20]), expert_predictions (10, 9216)
Evaluate...
{'coverage': '5411 out of9216', 'system_accuracy': 62.29383680555556, 'expert_accuracy': 22.15505796819669, 'classifier_accuracy': 90.51931083867471, 'alone_classifier': 86.08940972222223, 'validation_loss': 13.498617702060276, 'n_experts': 10, 'expert_0': 0.0, 'expert_1': 99.98000399920016, 'expert_2': 11.299880576856532, 'expert_3': 0.0, 'expert_4': 79.05750884030488, 'expert_5': 97.20490856837976, 'expert_6': 0.0, 'expert_7': 0.0, 'expert_8': 0.0, 'expert_9': 12.105259972300008}
{'coverage': '5411 out of9216', 'system_accuracy': 62.29383680555556, 'expert_accuracy': 22.15505796819669, 'classifier_accuracy': 90.51931083867471, 'alone_classifier': 86.08940972222223, 'validation_loss': 13.498617702060276, 'n_experts': 10, 'expert_0': 0.0, 'expert_1': 99.98000399920016, 'expert_2': 11.299880576856532, 'expert_3': 0.0, 'expert_4': 79.05750884030488, 'expert_5': 97.20490856837976, 'expert_6': 0.0, 'expert_7': 0.0, 'expert_8': 0.0, 'expert_9': 12.105259972300008}
type of S, type of idx  <class 'list'> <class 'list'>
torch.Size([9216]) torch.Size([9216, 20]) [torch.Size([9216]), torch.Size([9216]), torch.Size([9216]), torch.Size([9216]), torch.Size([9216]), torch.Size([9216]), torch.Size([9216]), torch.Size([9216]), torch.Size([9216]), torch.Size([9216])]
shapes: true labels torch.Size([9216]), confidences torch.Size([9216, 20]), expert_predictions (10, 9216)
Evaluate...
{'coverage': '5681 out of9216', 'system_accuracy': 65.37543402777777, 'expert_accuracy': 23.309758228585107, 'classifier_accuracy': 91.55078170127122, 'alone_classifier': 86.63194444444444, 'validation_loss': 15.07946809132894, 'n_experts': 10, 'expert_0': 78.26082953410254, 'expert_1': 12.686548229032493, 'expert_2': 18.74976562792965, 'expert_3': 0.0, 'expert_4': 0.0, 'expert_5': 0.0, 'expert_6': 9.857034623247959, 'expert_7': 0.0, 'expert_8': 0.0, 'expert_9': 70.2380534297301}
{'coverage': '5681 out of9216', 'system_accuracy': 65.37543402777777, 'expert_accuracy': 23.309758228585107, 'classifier_accuracy': 91.55078170127122, 'alone_classifier': 86.63194444444444, 'validation_loss': 15.07946809132894, 'n_experts': 10, 'expert_0': 78.26082953410254, 'expert_1': 12.686548229032493, 'expert_2': 18.74976562792965, 'expert_3': 0.0, 'expert_4': 0.0, 'expert_5': 0.0, 'expert_6': 9.857034623247959, 'expert_7': 0.0, 'expert_8': 0.0, 'expert_9': 70.2380534297301}
type of S, type of idx  <class 'list'> <class 'list'>
torch.Size([9216]) torch.Size([9216, 20]) [torch.Size([9216]), torch.Size([9216]), torch.Size([9216]), torch.Size([9216]), torch.Size([9216]), torch.Size([9216]), torch.Size([9216]), torch.Size([9216]), torch.Size([9216]), torch.Size([9216])]
shapes: true labels torch.Size([9216]), confidences torch.Size([9216, 20]), expert_predictions (10, 9216)
Evaluate...
{'coverage': '4737 out of9216', 'system_accuracy': 86.68619791666667, 'expert_accuracy': 86.5818224343906, 'classifier_accuracy': 86.78488311621525, 'alone_classifier': 87.40234375, 'validation_loss': 16.783438788519966, 'n_experts': 10, 'expert_0': 0.0, 'expert_1': 11.110987655692714, 'expert_2': 95.06647340332587, 'expert_3': 0.0, 'expert_4': 99.12057811040752, 'expert_5': 0.0, 'expert_6': 0.0, 'expert_7': 92.20050573787981, 'expert_8': 0.0, 'expert_9': 8.705353256538725}
{'coverage': '4737 out of9216', 'system_accuracy': 86.68619791666667, 'expert_accuracy': 86.5818224343906, 'classifier_accuracy': 86.78488311621525, 'alone_classifier': 87.40234375, 'validation_loss': 16.783438788519966, 'n_experts': 10, 'expert_0': 0.0, 'expert_1': 11.110987655692714, 'expert_2': 95.06647340332587, 'expert_3': 0.0, 'expert_4': 99.12057811040752, 'expert_5': 0.0, 'expert_6': 0.0, 'expert_7': 92.20050573787981, 'expert_8': 0.0, 'expert_9': 8.705353256538725}
type of S, type of idx  <class 'list'> <class 'list'>
torch.Size([9216]) torch.Size([9216, 20]) [torch.Size([9216]), torch.Size([9216]), torch.Size([9216]), torch.Size([9216]), torch.Size([9216]), torch.Size([9216]), torch.Size([9216]), torch.Size([9216]), torch.Size([9216]), torch.Size([9216])]
shapes: true labels torch.Size([9216]), confidences torch.Size([9216, 20]), expert_predictions (10, 9216)
Evaluate...
{'coverage': '5665 out of9216', 'system_accuracy': 74.76128472222223, 'expert_accuracy': 52.12615870874916, 'classifier_accuracy': 88.9496895154512, 'alone_classifier': 87.16362847222223, 'validation_loss': 18.650664647420246, 'n_experts': 10, 'expert_0': 0.0, 'expert_1': 99.99750006249845, 'expert_2': 13.684204764545361, 'expert_3': 97.0683912614474, 'expert_4': 0.0, 'expert_5': 8.799992960005632, 'expert_6': 87.75498264628212, 'expert_7': 0.0, 'expert_8': 57.14231293035304, 'expert_9': 11.210760320939853}
{'coverage': '5665 out of9216', 'system_accuracy': 74.76128472222223, 'expert_accuracy': 52.12615870874916, 'classifier_accuracy': 88.9496895154512, 'alone_classifier': 87.16362847222223, 'validation_loss': 18.650664647420246, 'n_experts': 10, 'expert_0': 0.0, 'expert_1': 99.99750006249845, 'expert_2': 13.684204764545361, 'expert_3': 97.0683912614474, 'expert_4': 0.0, 'expert_5': 8.799992960005632, 'expert_6': 87.75498264628212, 'expert_7': 0.0, 'expert_8': 57.14231293035304, 'expert_9': 11.210760320939853}
type of S, type of idx  <class 'list'> <class 'list'>
torch.Size([9216]) torch.Size([9216, 20]) [torch.Size([9216]), torch.Size([9216]), torch.Size([9216]), torch.Size([9216]), torch.Size([9216]), torch.Size([9216]), torch.Size([9216]), torch.Size([9216]), torch.Size([9216]), torch.Size([9216])]
shapes: true labels torch.Size([9216]), confidences torch.Size([9216, 20]), expert_predictions (10, 9216)
Evaluate...
{'coverage': '5682 out of9216', 'system_accuracy': 89.17100694444444, 'expert_accuracy': 91.14317537390066, 'classifier_accuracy': 87.94438423188342, 'alone_classifier': 87.63020833333333, 'validation_loss': 20.477573182847763, 'n_experts': 10, 'expert_0': 99.98000399920016, 'expert_1': 0.0, 'expert_2': 52.499737501312495, 'expert_3': 49.99500049995, 'expert_4': 12.598405356841957, 'expert_5': 0.0, 'expert_6': 91.38229133808082, 'expert_7': 99.20627047121391, 'expert_8': 98.2494386215261, 'expert_9': 45.45371902329049}
{'coverage': '5682 out of9216', 'system_accuracy': 89.17100694444444, 'expert_accuracy': 91.14317537390066, 'classifier_accuracy': 87.94438423188342, 'alone_classifier': 87.63020833333333, 'validation_loss': 20.477573182847763, 'n_experts': 10, 'expert_0': 99.98000399920016, 'expert_1': 0.0, 'expert_2': 52.499737501312495, 'expert_3': 49.99500049995, 'expert_4': 12.598405356841957, 'expert_5': 0.0, 'expert_6': 91.38229133808082, 'expert_7': 99.20627047121391, 'expert_8': 98.2494386215261, 'expert_9': 45.45371902329049}
type of S, type of idx  <class 'list'> <class 'list'>
torch.Size([9216]) torch.Size([9216, 20]) [torch.Size([9216]), torch.Size([9216]), torch.Size([9216]), torch.Size([9216]), torch.Size([9216]), torch.Size([9216]), torch.Size([9216]), torch.Size([9216]), torch.Size([9216]), torch.Size([9216])]
shapes: true labels torch.Size([9216]), confidences torch.Size([9216, 20]), expert_predictions (10, 9216)
Evaluate...
{'coverage': '6435 out of9216', 'system_accuracy': 87.23958333333333, 'expert_accuracy': 76.3753990380871, 'classifier_accuracy': 91.9347305060648, 'alone_classifier': 86.16536458333333, 'validation_loss': 22.47185558742947, 'n_experts': 10, 'expert_0': 91.81816512396998, 'expert_1': 64.28553061276968, 'expert_2': 10.027094836262961, 'expert_3': 0.0, 'expert_4': 74.19306972213083, 'expert_5': 82.1500847565751, 'expert_6': 83.95040999898765, 'expert_7': 0.0, 'expert_8': 90.57957887017555, 'expert_9': 99.99666677777407}
{'coverage': '6435 out of9216', 'system_accuracy': 87.23958333333333, 'expert_accuracy': 76.3753990380871, 'classifier_accuracy': 91.9347305060648, 'alone_classifier': 86.16536458333333, 'validation_loss': 22.47185558742947, 'n_experts': 10, 'expert_0': 91.81816512396998, 'expert_1': 64.28553061276968, 'expert_2': 10.027094836262961, 'expert_3': 0.0, 'expert_4': 74.19306972213083, 'expert_5': 82.1500847565751, 'expert_6': 83.95040999898765, 'expert_7': 0.0, 'expert_8': 90.57957887017555, 'expert_9': 99.99666677777407}
log is of type <class 'dict'>
type of S, type of idx  <class 'list'> <class 'list'>
torch.Size([9216]) torch.Size([9216, 20]) [torch.Size([9216]), torch.Size([9216]), torch.Size([9216]), torch.Size([9216]), torch.Size([9216]), torch.Size([9216]), torch.Size([9216]), torch.Size([9216]), torch.Size([9216]), torch.Size([9216])]
shapes: true labels torch.Size([9216]), confidences torch.Size([9216, 20]), expert_predictions (10, 9216)
Evaluate...
{'coverage': '9205 out of9216', 'system_accuracy': 84.14713541666667, 'expert_accuracy': 9.090743804658098, 'classifier_accuracy': 84.23682689585196, 'alone_classifier': 84.19053819444444, 'validation_loss': 8.062549538082546, 'n_experts': 10, 'expert_0': 0.0, 'expert_1': 0.0, 'expert_2': 0.0, 'expert_3': 0.0, 'expert_4': 0.0, 'expert_5': 11.11086420301771, 'expert_6': 0.0, 'expert_7': 0.0, 'expert_8': 0.0, 'expert_9': 0.0}
{'coverage': '9205 out of9216', 'system_accuracy': 84.14713541666667, 'expert_accuracy': 9.090743804658098, 'classifier_accuracy': 84.23682689585196, 'alone_classifier': 84.19053819444444, 'validation_loss': 8.062549538082546, 'n_experts': 10, 'expert_0': 0.0, 'expert_1': 0.0, 'expert_2': 0.0, 'expert_3': 0.0, 'expert_4': 0.0, 'expert_5': 11.11086420301771, 'expert_6': 0.0, 'expert_7': 0.0, 'expert_8': 0.0, 'expert_9': 0.0}
type of S, type of idx  <class 'list'> <class 'list'>
torch.Size([9216]) torch.Size([9216, 20]) [torch.Size([9216]), torch.Size([9216]), torch.Size([9216]), torch.Size([9216]), torch.Size([9216]), torch.Size([9216]), torch.Size([9216]), torch.Size([9216]), torch.Size([9216]), torch.Size([9216])]
shapes: true labels torch.Size([9216]), confidences torch.Size([9216, 20]), expert_predictions (10, 9216)
Evaluate...
{'coverage': '4856 out of9216', 'system_accuracy': 53.03819444444444, 'expert_accuracy': 11.30733893085601, 'classifier_accuracy': 90.50658792202249, 'alone_classifier': 86.38237847222223, 'validation_loss': 9.136610454983181, 'n_experts': 10, 'expert_0': 49.99500049995, 'expert_1': 0.0, 'expert_2': 0.0, 'expert_3': 0.0, 'expert_4': 0.0, 'expert_5': 0.0, 'expert_6': 0.0, 'expert_7': 0.0, 'expert_8': 11.294765321636119, 'expert_9': 0.0}
{'coverage': '4856 out of9216', 'system_accuracy': 53.03819444444444, 'expert_accuracy': 11.30733893085601, 'classifier_accuracy': 90.50658792202249, 'alone_classifier': 86.38237847222223, 'validation_loss': 9.136610454983181, 'n_experts': 10, 'expert_0': 49.99500049995, 'expert_1': 0.0, 'expert_2': 0.0, 'expert_3': 0.0, 'expert_4': 0.0, 'expert_5': 0.0, 'expert_6': 0.0, 'expert_7': 0.0, 'expert_8': 11.294765321636119, 'expert_9': 0.0}
type of S, type of idx  <class 'list'> <class 'list'>
torch.Size([9216]) torch.Size([9216, 20]) [torch.Size([9216]), torch.Size([9216]), torch.Size([9216]), torch.Size([9216]), torch.Size([9216]), torch.Size([9216]), torch.Size([9216]), torch.Size([9216]), torch.Size([9216]), torch.Size([9216])]
shapes: true labels torch.Size([9216]), confidences torch.Size([9216, 20]), expert_predictions (10, 9216)
Evaluate...
{'coverage': '4816 out of9216', 'system_accuracy': 52.62586805555556, 'expert_accuracy': 10.999999500000023, 'classifier_accuracy': 90.65614429700696, 'alone_classifier': 86.85980902777777, 'validation_loss': 10.465577337476942, 'n_experts': 10, 'expert_0': 0.0, 'expert_1': 0.0, 'expert_2': 0.0, 'expert_3': 0.0, 'expert_4': 0.0, 'expert_5': 0.0, 'expert_6': 0.0, 'expert_7': 14.999975000041665, 'expert_8': 10.890394443075744, 'expert_9': 0.0}
{'coverage': '4816 out of9216', 'system_accuracy': 52.62586805555556, 'expert_accuracy': 10.999999500000023, 'classifier_accuracy': 90.65614429700696, 'alone_classifier': 86.85980902777777, 'validation_loss': 10.465577337476942, 'n_experts': 10, 'expert_0': 0.0, 'expert_1': 0.0, 'expert_2': 0.0, 'expert_3': 0.0, 'expert_4': 0.0, 'expert_5': 0.0, 'expert_6': 0.0, 'expert_7': 14.999975000041665, 'expert_8': 10.890394443075744, 'expert_9': 0.0}
type of S, type of idx  <class 'list'> <class 'list'>
torch.Size([9216]) torch.Size([9216, 20]) [torch.Size([9216]), torch.Size([9216]), torch.Size([9216]), torch.Size([9216]), torch.Size([9216]), torch.Size([9216]), torch.Size([9216]), torch.Size([9216]), torch.Size([9216]), torch.Size([9216])]
shapes: true labels torch.Size([9216]), confidences torch.Size([9216, 20]), expert_predictions (10, 9216)
Evaluate...
{'coverage': '6203 out of9216', 'system_accuracy': 75.31467013888889, 'expert_accuracy': 45.735144657474635, 'classifier_accuracy': 89.68241029046574, 'alone_classifier': 86.67534722222223, 'validation_loss': 11.944940672980415, 'n_experts': 10, 'expert_0': 0.0, 'expert_1': 0.0, 'expert_2': 0.0, 'expert_3': 0.0, 'expert_4': 86.87940181581497, 'expert_5': 96.41831048185946, 'expert_6': 0.0, 'expert_7': 0.0, 'expert_8': 0.0, 'expert_9': 12.278696484443577}
{'coverage': '6203 out of9216', 'system_accuracy': 75.31467013888889, 'expert_accuracy': 45.735144657474635, 'classifier_accuracy': 89.68241029046574, 'alone_classifier': 86.67534722222223, 'validation_loss': 11.944940672980415, 'n_experts': 10, 'expert_0': 0.0, 'expert_1': 0.0, 'expert_2': 0.0, 'expert_3': 0.0, 'expert_4': 86.87940181581497, 'expert_5': 96.41831048185946, 'expert_6': 0.0, 'expert_7': 0.0, 'expert_8': 0.0, 'expert_9': 12.278696484443577}
type of S, type of idx  <class 'list'> <class 'list'>
torch.Size([9216]) torch.Size([9216, 20]) [torch.Size([9216]), torch.Size([9216]), torch.Size([9216]), torch.Size([9216]), torch.Size([9216]), torch.Size([9216]), torch.Size([9216]), torch.Size([9216]), torch.Size([9216]), torch.Size([9216])]
shapes: true labels torch.Size([9216]), confidences torch.Size([9216, 20]), expert_predictions (10, 9216)
Evaluate...
{'coverage': '5295 out of9216', 'system_accuracy': 54.752604166666664, 'expert_accuracy': 10.864574809254027, 'classifier_accuracy': 87.25212299807133, 'alone_classifier': 85.12369791666667, 'validation_loss': 13.536141501532661, 'n_experts': 10, 'expert_0': 0.0, 'expert_1': 0.0, 'expert_2': 11.272719074386128, 'expert_3': 0.0, 'expert_4': 15.126041946194988, 'expert_5': 0.0, 'expert_6': 9.991458583867022, 'expert_7': 49.99500049995, 'expert_8': 10.543734227542863, 'expert_9': 0.0}
{'coverage': '5295 out of9216', 'system_accuracy': 54.752604166666664, 'expert_accuracy': 10.864574809254027, 'classifier_accuracy': 87.25212299807133, 'alone_classifier': 85.12369791666667, 'validation_loss': 13.536141501532661, 'n_experts': 10, 'expert_0': 0.0, 'expert_1': 0.0, 'expert_2': 11.272719074386128, 'expert_3': 0.0, 'expert_4': 15.126041946194988, 'expert_5': 0.0, 'expert_6': 9.991458583867022, 'expert_7': 49.99500049995, 'expert_8': 10.543734227542863, 'expert_9': 0.0}
type of S, type of idx  <class 'list'> <class 'list'>
torch.Size([9216]) torch.Size([9216, 20]) [torch.Size([9216]), torch.Size([9216]), torch.Size([9216]), torch.Size([9216]), torch.Size([9216]), torch.Size([9216]), torch.Size([9216]), torch.Size([9216]), torch.Size([9216]), torch.Size([9216])]
shapes: true labels torch.Size([9216]), confidences torch.Size([9216, 20]), expert_predictions (10, 9216)
Evaluate...
{'coverage': '5809 out of9216', 'system_accuracy': 74.52256944444444, 'expert_accuracy': 47.901376700829076, 'classifier_accuracy': 90.13599431681882, 'alone_classifier': 85.75303819444444, 'validation_loss': 15.031289312574598, 'n_experts': 10, 'expert_0': 0.0, 'expert_1': 0.0, 'expert_2': 0.0, 'expert_3': 49.99875003124922, 'expert_4': 95.46721123190918, 'expert_5': 71.99971200115199, 'expert_6': 0.0, 'expert_7': 11.966823226679713, 'expert_8': 9.433944464255728, 'expert_9': 9.09089406463791}
{'coverage': '5809 out of9216', 'system_accuracy': 74.52256944444444, 'expert_accuracy': 47.901376700829076, 'classifier_accuracy': 90.13599431681882, 'alone_classifier': 85.75303819444444, 'validation_loss': 15.031289312574598, 'n_experts': 10, 'expert_0': 0.0, 'expert_1': 0.0, 'expert_2': 0.0, 'expert_3': 49.99875003124922, 'expert_4': 95.46721123190918, 'expert_5': 71.99971200115199, 'expert_6': 0.0, 'expert_7': 11.966823226679713, 'expert_8': 9.433944464255728, 'expert_9': 9.09089406463791}
type of S, type of idx  <class 'list'> <class 'list'>
torch.Size([9216]) torch.Size([9216, 20]) [torch.Size([9216]), torch.Size([9216]), torch.Size([9216]), torch.Size([9216]), torch.Size([9216]), torch.Size([9216]), torch.Size([9216]), torch.Size([9216]), torch.Size([9216]), torch.Size([9216])]
shapes: true labels torch.Size([9216]), confidences torch.Size([9216, 20]), expert_predictions (10, 9216)
Evaluate...
{'coverage': '4942 out of9216', 'system_accuracy': 69.95442708333333, 'expert_accuracy': 49.438462824592285, 'classifier_accuracy': 87.69728677261661, 'alone_classifier': 87.04427083333333, 'validation_loss': 16.784069061279297, 'n_experts': 10, 'expert_0': 95.72163961632582, 'expert_1': 0.0, 'expert_2': 0.0, 'expert_3': 12.426020797608523, 'expert_4': 0.0, 'expert_5': 11.543284430794372, 'expert_6': 0.0, 'expert_7': 17.646851213515134, 'expert_8': 9.977660464979827, 'expert_9': 85.71183680466272}
{'coverage': '4942 out of9216', 'system_accuracy': 69.95442708333333, 'expert_accuracy': 49.438462824592285, 'classifier_accuracy': 87.69728677261661, 'alone_classifier': 87.04427083333333, 'validation_loss': 16.784069061279297, 'n_experts': 10, 'expert_0': 95.72163961632582, 'expert_1': 0.0, 'expert_2': 0.0, 'expert_3': 12.426020797608523, 'expert_4': 0.0, 'expert_5': 11.543284430794372, 'expert_6': 0.0, 'expert_7': 17.646851213515134, 'expert_8': 9.977660464979827, 'expert_9': 85.71183680466272}
type of S, type of idx  <class 'list'> <class 'list'>
torch.Size([9216]) torch.Size([9216, 20]) [torch.Size([9216]), torch.Size([9216]), torch.Size([9216]), torch.Size([9216]), torch.Size([9216]), torch.Size([9216]), torch.Size([9216]), torch.Size([9216]), torch.Size([9216]), torch.Size([9216])]
shapes: true labels torch.Size([9216]), confidences torch.Size([9216, 20]), expert_predictions (10, 9216)
Evaluate...
{'coverage': '4515 out of9216', 'system_accuracy': 57.400173611111114, 'expert_accuracy': 28.270579524757302, 'classifier_accuracy': 87.72978764718079, 'alone_classifier': 84.20138888888889, 'validation_loss': 18.696673287285698, 'n_experts': 10, 'expert_0': 36.36297521863239, 'expert_1': 11.216595554388498, 'expert_2': 0.0, 'expert_3': 98.29454316448275, 'expert_4': 0.0, 'expert_5': 10.661760786117359, 'expert_6': 0.0, 'expert_7': 8.196716832395174, 'expert_8': 0.0, 'expert_9': 97.93096694416073}
{'coverage': '4515 out of9216', 'system_accuracy': 57.400173611111114, 'expert_accuracy': 28.270579524757302, 'classifier_accuracy': 87.72978764718079, 'alone_classifier': 84.20138888888889, 'validation_loss': 18.696673287285698, 'n_experts': 10, 'expert_0': 36.36297521863239, 'expert_1': 11.216595554388498, 'expert_2': 0.0, 'expert_3': 98.29454316448275, 'expert_4': 0.0, 'expert_5': 10.661760786117359, 'expert_6': 0.0, 'expert_7': 8.196716832395174, 'expert_8': 0.0, 'expert_9': 97.93096694416073}
type of S, type of idx  <class 'list'> <class 'list'>
torch.Size([9216]) torch.Size([9216, 20]) [torch.Size([9216]), torch.Size([9216]), torch.Size([9216]), torch.Size([9216]), torch.Size([9216]), torch.Size([9216]), torch.Size([9216]), torch.Size([9216]), torch.Size([9216]), torch.Size([9216])]
shapes: true labels torch.Size([9216]), confidences torch.Size([9216, 20]), expert_predictions (10, 9216)
Evaluate...
{'coverage': '4621 out of9216', 'system_accuracy': 88.53081597222223, 'expert_accuracy': 90.85962607792705, 'classifier_accuracy': 86.21510308991337, 'alone_classifier': 87.81467013888889, 'validation_loss': 20.457107332017685, 'n_experts': 10, 'expert_0': 78.90903352070289, 'expert_1': 11.999989333342814, 'expert_2': 98.58656707874057, 'expert_3': 89.33309511174636, 'expert_4': 0.0, 'expert_5': 0.0, 'expert_6': 62.82715934328864, 'expert_7': 0.0, 'expert_8': 0.0, 'expert_9': 84.7824858224843}
{'coverage': '4621 out of9216', 'system_accuracy': 88.53081597222223, 'expert_accuracy': 90.85962607792705, 'classifier_accuracy': 86.21510308991337, 'alone_classifier': 87.81467013888889, 'validation_loss': 20.457107332017685, 'n_experts': 10, 'expert_0': 78.90903352070289, 'expert_1': 11.999989333342814, 'expert_2': 98.58656707874057, 'expert_3': 89.33309511174636, 'expert_4': 0.0, 'expert_5': 0.0, 'expert_6': 62.82715934328864, 'expert_7': 0.0, 'expert_8': 0.0, 'expert_9': 84.7824858224843}
type of S, type of idx  <class 'list'> <class 'list'>
torch.Size([9216]) torch.Size([9216, 20]) [torch.Size([9216]), torch.Size([9216]), torch.Size([9216]), torch.Size([9216]), torch.Size([9216]), torch.Size([9216]), torch.Size([9216]), torch.Size([9216]), torch.Size([9216]), torch.Size([9216])]
shapes: true labels torch.Size([9216]), confidences torch.Size([9216, 20]), expert_predictions (10, 9216)
Evaluate...
{'coverage': '5037 out of9216', 'system_accuracy': 88.11848958333333, 'expert_accuracy': 86.91074003777267, 'classifier_accuracy': 89.12050646971399, 'alone_classifier': 86.45833333333333, 'validation_loss': 22.45374404059516, 'n_experts': 10, 'expert_0': 87.46172020689896, 'expert_1': 99.98000399920016, 'expert_2': 68.83556929070596, 'expert_3': 0.0, 'expert_4': 96.02647850373528, 'expert_5': 98.37755210101709, 'expert_6': 14.64967219766102, 'expert_7': 74.35878369542641, 'expert_8': 99.99333377774815, 'expert_9': 94.0533752297633}
{'coverage': '5037 out of9216', 'system_accuracy': 88.11848958333333, 'expert_accuracy': 86.91074003777267, 'classifier_accuracy': 89.12050646971399, 'alone_classifier': 86.45833333333333, 'validation_loss': 22.45374404059516, 'n_experts': 10, 'expert_0': 87.46172020689896, 'expert_1': 99.98000399920016, 'expert_2': 68.83556929070596, 'expert_3': 0.0, 'expert_4': 96.02647850373528, 'expert_5': 98.37755210101709, 'expert_6': 14.64967219766102, 'expert_7': 74.35878369542641, 'expert_8': 99.99333377774815, 'expert_9': 94.0533752297633}
