Lmod has detected the following error: These module(s) or extension(s) exist
but cannot be loaded as requested: "cuDNN"
   Try: "module spider cuDNN" to see how to load the module(s).



cuda:0
cuda:0
{'batch_size': 1024, 'alpha': 1.0, 'epochs': 100, 'patience': 20, 'expert_type': 'predict', 'n_classes': 10, 'k': 5, 'n_experts': 10, 'lr': 0.1, 'weight_decay': 0.0005, 'warmup_epochs': 0, 'loss_type': 'softmax', 'ckp_dir': './softmax_gradual_overlap/', 'experiment_name': 'gradual_overlap'}
torch.Size([9216]) torch.Size([9216, 20]) [torch.Size([9216]), torch.Size([9216]), torch.Size([9216]), torch.Size([9216]), torch.Size([9216]), torch.Size([9216]), torch.Size([9216]), torch.Size([9216]), torch.Size([9216]), torch.Size([9216])]
shapes: true labels torch.Size([9216]), confidences torch.Size([9216, 20]), expert_predictions (10, 9216)
Evaluate...
{'coverage': '4105 out of9216', 'system_accuracy': 51.08506944444444, 'expert_accuracy': 20.133045582741318, 'classifier_accuracy': 89.62240950980731, 'alone_classifier': 86.51258680555556, 'validation_loss': 11.956867535909018, 'n_experts': 10, 'expert_0': 17.464106476504078, 'expert_1': 21.020399583510375, 'expert_2': 20.221595445099474, 'expert_3': 21.26983451751285, 'expert_4': 20.613280881335307, 'expert_5': 24.999977272747934, 'expert_6': 20.44373361529838, 'expert_7': 21.357844028898437, 'expert_8': 21.130939803012023, 'expert_9': 16.279065313525223}
{'coverage': '4105 out of9216', 'system_accuracy': 51.08506944444444, 'expert_accuracy': 20.133045582741318, 'classifier_accuracy': 89.62240950980731, 'alone_classifier': 86.51258680555556, 'validation_loss': 11.956867535909018, 'n_experts': 10, 'expert_0': 17.464106476504078, 'expert_1': 21.020399583510375, 'expert_2': 20.221595445099474, 'expert_3': 21.26983451751285, 'expert_4': 20.613280881335307, 'expert_5': 24.999977272747934, 'expert_6': 20.44373361529838, 'expert_7': 21.357844028898437, 'expert_8': 21.130939803012023, 'expert_9': 16.279065313525223}
torch.Size([9216]) torch.Size([9216, 20]) [torch.Size([9216]), torch.Size([9216]), torch.Size([9216]), torch.Size([9216]), torch.Size([9216]), torch.Size([9216]), torch.Size([9216]), torch.Size([9216]), torch.Size([9216]), torch.Size([9216])]
shapes: true labels torch.Size([9216]), confidences torch.Size([9216, 20]), expert_predictions (10, 9216)
Evaluate...
{'coverage': '4042 out of9216', 'system_accuracy': 55.94618055555556, 'expert_accuracy': 28.37263129599415, 'classifier_accuracy': 91.24195716867993, 'alone_classifier': 86.27387152777777, 'validation_loss': 15.269834306504992, 'n_experts': 10, 'expert_0': 25.576025080172773, 'expert_1': 26.54231663061216, 'expert_2': 29.752016938814975, 'expert_3': 30.283892565367466, 'expert_4': 28.015553301341132, 'expert_5': 31.330458656455512, 'expert_6': 28.86114544114027, 'expert_7': 30.232549867975415, 'expert_8': 27.23278851162855, 'expert_9': 27.71928851954789}
{'coverage': '4042 out of9216', 'system_accuracy': 55.94618055555556, 'expert_accuracy': 28.37263129599415, 'classifier_accuracy': 91.24195716867993, 'alone_classifier': 86.27387152777777, 'validation_loss': 15.269834306504992, 'n_experts': 10, 'expert_0': 25.576025080172773, 'expert_1': 26.54231663061216, 'expert_2': 29.752016938814975, 'expert_3': 30.283892565367466, 'expert_4': 28.015553301341132, 'expert_5': 31.330458656455512, 'expert_6': 28.86114544114027, 'expert_7': 30.232549867975415, 'expert_8': 27.23278851162855, 'expert_9': 27.71928851954789}
torch.Size([9216]) torch.Size([9216, 20]) [torch.Size([9216]), torch.Size([9216]), torch.Size([9216]), torch.Size([9216]), torch.Size([9216]), torch.Size([9216]), torch.Size([9216]), torch.Size([9216]), torch.Size([9216]), torch.Size([9216])]
shapes: true labels torch.Size([9216]), confidences torch.Size([9216, 20]), expert_predictions (10, 9216)
Evaluate...
{'coverage': '3907 out of9216', 'system_accuracy': 66.41710069444444, 'expert_accuracy': 47.39122066712297, 'classifier_accuracy': 92.27028174378597, 'alone_classifier': 86.15451388888889, 'validation_loss': 21.5707524617513, 'n_experts': 10, 'expert_0': 47.09671342359558, 'expert_1': 42.88254701688719, 'expert_2': 50.64454856554381, 'expert_3': 49.43816521485751, 'expert_4': 46.551706302028244, 'expert_5': 49.25863286371241, 'expert_6': 49.02307317119959, 'expert_7': 46.79663131106891, 'expert_8': 48.6725556034169, 'expert_9': 44.61909440892518}
{'coverage': '3907 out of9216', 'system_accuracy': 66.41710069444444, 'expert_accuracy': 47.39122066712297, 'classifier_accuracy': 92.27028174378597, 'alone_classifier': 86.15451388888889, 'validation_loss': 21.5707524617513, 'n_experts': 10, 'expert_0': 47.09671342359558, 'expert_1': 42.88254701688719, 'expert_2': 50.64454856554381, 'expert_3': 49.43816521485751, 'expert_4': 46.551706302028244, 'expert_5': 49.25863286371241, 'expert_6': 49.02307317119959, 'expert_7': 46.79663131106891, 'expert_8': 48.6725556034169, 'expert_9': 44.61909440892518}
torch.Size([9216]) torch.Size([9216, 20]) [torch.Size([9216]), torch.Size([9216]), torch.Size([9216]), torch.Size([9216]), torch.Size([9216]), torch.Size([9216]), torch.Size([9216]), torch.Size([9216]), torch.Size([9216]), torch.Size([9216])]
shapes: true labels torch.Size([9216]), confidences torch.Size([9216, 20]), expert_predictions (10, 9216)
Evaluate...
{'coverage': '4010 out of9216', 'system_accuracy': 76.93142361111111, 'expert_accuracy': 64.48328603598593, 'classifier_accuracy': 93.09226700518037, 'alone_classifier': 86.16536458333333, 'validation_loss': 27.164245817396377, 'n_experts': 10, 'expert_0': 71.59754840526816, 'expert_1': 66.4819576277243, 'expert_2': 63.35614268625251, 'expert_3': 63.867162551889635, 'expert_4': 63.80727055058272, 'expert_5': 65.9119331039162, 'expert_6': 64.88886966255714, 'expert_7': 62.8676239457265, 'expert_8': 62.35292021750581, 'expert_9': 67.4998875001875}
{'coverage': '4010 out of9216', 'system_accuracy': 76.93142361111111, 'expert_accuracy': 64.48328603598593, 'classifier_accuracy': 93.09226700518037, 'alone_classifier': 86.16536458333333, 'validation_loss': 27.164245817396377, 'n_experts': 10, 'expert_0': 71.59754840526816, 'expert_1': 66.4819576277243, 'expert_2': 63.35614268625251, 'expert_3': 63.867162551889635, 'expert_4': 63.80727055058272, 'expert_5': 65.9119331039162, 'expert_6': 64.88886966255714, 'expert_7': 62.8676239457265, 'expert_8': 62.35292021750581, 'expert_9': 67.4998875001875}
torch.Size([9216]) torch.Size([9216, 20]) [torch.Size([9216]), torch.Size([9216]), torch.Size([9216]), torch.Size([9216]), torch.Size([9216]), torch.Size([9216]), torch.Size([9216]), torch.Size([9216]), torch.Size([9216]), torch.Size([9216])]
shapes: true labels torch.Size([9216]), confidences torch.Size([9216, 20]), expert_predictions (10, 9216)
Evaluate...
{'coverage': '2064 out of9216', 'system_accuracy': 85.36241319444444, 'expert_accuracy': 82.7460826972572, 'classifier_accuracy': 94.42828999862935, 'alone_classifier': 84.1796875, 'validation_loss': 33.06098895602756, 'n_experts': 10, 'expert_0': 84.65800936857326, 'expert_1': 84.25923696845584, 'expert_2': 79.38749602179128, 'expert_3': 83.65755499706032, 'expert_4': 85.17235505354823, 'expert_5': 99.9985714489793, 'expert_6': 82.54898723569129, 'expert_7': 82.89472006179756, 'expert_8': 82.57872390182601, 'expert_9': 82.37752898715306}
{'coverage': '2064 out of9216', 'system_accuracy': 85.36241319444444, 'expert_accuracy': 82.7460826972572, 'classifier_accuracy': 94.42828999862935, 'alone_classifier': 84.1796875, 'validation_loss': 33.06098895602756, 'n_experts': 10, 'expert_0': 84.65800936857326, 'expert_1': 84.25923696845584, 'expert_2': 79.38749602179128, 'expert_3': 83.65755499706032, 'expert_4': 85.17235505354823, 'expert_5': 99.9985714489793, 'expert_6': 82.54898723569129, 'expert_7': 82.89472006179756, 'expert_8': 82.57872390182601, 'expert_9': 82.37752898715306}
torch.Size([9216]) torch.Size([9216, 20]) [torch.Size([9216]), torch.Size([9216]), torch.Size([9216]), torch.Size([9216]), torch.Size([9216]), torch.Size([9216]), torch.Size([9216]), torch.Size([9216]), torch.Size([9216]), torch.Size([9216])]
shapes: true labels torch.Size([9216]), confidences torch.Size([9216, 20]), expert_predictions (10, 9216)
Evaluate...
{'coverage': '4278 out of9216', 'system_accuracy': 95.90928819444444, 'expert_accuracy': 96.09153114250581, 'classifier_accuracy': 95.69892249418133, 'alone_classifier': 86.78385416666667, 'validation_loss': 37.291984134250214, 'n_experts': 10, 'expert_0': 97.32506282919225, 'expert_1': 99.99333377774815, 'expert_2': 95.06396799561828, 'expert_3': 96.51151568428408, 'expert_4': 97.19382796233268, 'expert_5': 99.9977778271594, 'expert_6': 99.98000399920016, 'expert_7': 96.07484289595227, 'expert_8': 98.55043898423482, 'expert_9': 95.77731448087737}
{'coverage': '4278 out of9216', 'system_accuracy': 95.90928819444444, 'expert_accuracy': 96.09153114250581, 'classifier_accuracy': 95.69892249418133, 'alone_classifier': 86.78385416666667, 'validation_loss': 37.291984134250214, 'n_experts': 10, 'expert_0': 97.32506282919225, 'expert_1': 99.99333377774815, 'expert_2': 95.06396799561828, 'expert_3': 96.51151568428408, 'expert_4': 97.19382796233268, 'expert_5': 99.9977778271594, 'expert_6': 99.98000399920016, 'expert_7': 96.07484289595227, 'expert_8': 98.55043898423482, 'expert_9': 95.77731448087737}
torch.Size([9216]) torch.Size([9216, 20]) [torch.Size([9216]), torch.Size([9216]), torch.Size([9216]), torch.Size([9216]), torch.Size([9216]), torch.Size([9216]), torch.Size([9216]), torch.Size([9216]), torch.Size([9216]), torch.Size([9216])]
shapes: true labels torch.Size([9216]), confidences torch.Size([9216, 20]), expert_predictions (10, 9216)
Evaluate...
{'coverage': '2521 out of9216', 'system_accuracy': 98.41579861111111, 'expert_accuracy': 99.99999701269613, 'classifier_accuracy': 94.20864362520254, 'alone_classifier': 87.26128472222223, 'validation_loss': 38.686243269178604, 'n_experts': 10, 'expert_0': 99.99996884736174, 'expert_1': 99.99998509687256, 'expert_2': 99.99997378768708, 'expert_3': 99.99994962219162, 'expert_4': 99.99992831546358, 'expert_5': 99.99996453901967, 'expert_6': 99.99994923860444, 'expert_7': 99.99998373984005, 'expert_8': 99.99997333334045, 'expert_9': 99.99994011979634}
{'coverage': '2521 out of9216', 'system_accuracy': 98.41579861111111, 'expert_accuracy': 99.99999701269613, 'classifier_accuracy': 94.20864362520254, 'alone_classifier': 87.26128472222223, 'validation_loss': 38.686243269178604, 'n_experts': 10, 'expert_0': 99.99996884736174, 'expert_1': 99.99998509687256, 'expert_2': 99.99997378768708, 'expert_3': 99.99994962219162, 'expert_4': 99.99992831546358, 'expert_5': 99.99996453901967, 'expert_6': 99.99994923860444, 'expert_7': 99.99998373984005, 'expert_8': 99.99997333334045, 'expert_9': 99.99994011979634}
torch.Size([9216]) torch.Size([9216, 20]) [torch.Size([9216]), torch.Size([9216]), torch.Size([9216]), torch.Size([9216]), torch.Size([9216]), torch.Size([9216]), torch.Size([9216]), torch.Size([9216]), torch.Size([9216]), torch.Size([9216])]
shapes: true labels torch.Size([9216]), confidences torch.Size([9216, 20]), expert_predictions (10, 9216)
Evaluate...
{'coverage': '4224 out of9216', 'system_accuracy': 52.48480902777778, 'expert_accuracy': 20.99358890250044, 'classifier_accuracy': 89.7017024218347, 'alone_classifier': 85.91579861111111, 'validation_loss': 11.980344878302681, 'n_experts': 10, 'expert_0': 21.518932863461103, 'expert_1': 19.54022090104786, 'expert_2': 20.092729492201087, 'expert_3': 22.28681306712672, 'expert_4': 21.21211264157065, 'expert_5': 23.785154074089988, 'expert_6': 22.253123156293977, 'expert_7': 21.71716623303883, 'expert_8': 20.72068338615606, 'expert_9': 18.33952457508685}
{'coverage': '4224 out of9216', 'system_accuracy': 52.48480902777778, 'expert_accuracy': 20.99358890250044, 'classifier_accuracy': 89.7017024218347, 'alone_classifier': 85.91579861111111, 'validation_loss': 11.980344878302681, 'n_experts': 10, 'expert_0': 21.518932863461103, 'expert_1': 19.54022090104786, 'expert_2': 20.092729492201087, 'expert_3': 22.28681306712672, 'expert_4': 21.21211264157065, 'expert_5': 23.785154074089988, 'expert_6': 22.253123156293977, 'expert_7': 21.71716623303883, 'expert_8': 20.72068338615606, 'expert_9': 18.33952457508685}
torch.Size([9216]) torch.Size([9216, 20]) [torch.Size([9216]), torch.Size([9216]), torch.Size([9216]), torch.Size([9216]), torch.Size([9216]), torch.Size([9216]), torch.Size([9216]), torch.Size([9216]), torch.Size([9216]), torch.Size([9216])]
shapes: true labels torch.Size([9216]), confidences torch.Size([9216, 20]), expert_predictions (10, 9216)
Evaluate...
{'coverage': '4884 out of9216', 'system_accuracy': 62.141927083333336, 'expert_accuracy': 28.76269488630217, 'classifier_accuracy': 91.748564870013, 'alone_classifier': 86.31727430555556, 'validation_loss': 15.25511646270752, 'n_experts': 10, 'expert_0': 27.843115417164377, 'expert_1': 26.60943063972934, 'expert_2': 23.61107831794678, 'expert_3': 30.66664622223585, 'expert_4': 28.93981149581003, 'expert_5': 28.947351492776903, 'expert_6': 31.66665347222772, 'expert_7': 30.47090568672973, 'expert_8': 28.144645237532945, 'expert_9': 27.272718723285667}
{'coverage': '4884 out of9216', 'system_accuracy': 62.141927083333336, 'expert_accuracy': 28.76269488630217, 'classifier_accuracy': 91.748564870013, 'alone_classifier': 86.31727430555556, 'validation_loss': 15.25511646270752, 'n_experts': 10, 'expert_0': 27.843115417164377, 'expert_1': 26.60943063972934, 'expert_2': 23.61107831794678, 'expert_3': 30.66664622223585, 'expert_4': 28.93981149581003, 'expert_5': 28.947351492776903, 'expert_6': 31.66665347222772, 'expert_7': 30.47090568672973, 'expert_8': 28.144645237532945, 'expert_9': 27.272718723285667}
torch.Size([9216]) torch.Size([9216, 20]) [torch.Size([9216]), torch.Size([9216]), torch.Size([9216]), torch.Size([9216]), torch.Size([9216]), torch.Size([9216]), torch.Size([9216]), torch.Size([9216]), torch.Size([9216]), torch.Size([9216])]
shapes: true labels torch.Size([9216]), confidences torch.Size([9216, 20]), expert_predictions (10, 9216)
Evaluate...
{'coverage': '2254 out of9216', 'system_accuracy': 57.150607638888886, 'expert_accuracy': 46.883078228006944, 'classifier_accuracy': 88.86423740620064, 'alone_classifier': 86.68619791666667, 'validation_loss': 21.616640514797634, 'n_experts': 10, 'expert_0': 45.70445688328594, 'expert_1': 47.3519954193175, 'expert_2': 50.42916290593867, 'expert_3': 48.80135315022153, 'expert_4': 46.10471363864275, 'expert_5': 46.83416144036956, 'expert_6': 47.62609862727044, 'expert_7': 46.75323157362612, 'expert_8': 47.19470908807281, 'expert_9': 44.264495475169916}
{'coverage': '2254 out of9216', 'system_accuracy': 57.150607638888886, 'expert_accuracy': 46.883078228006944, 'classifier_accuracy': 88.86423740620064, 'alone_classifier': 86.68619791666667, 'validation_loss': 21.616640514797634, 'n_experts': 10, 'expert_0': 45.70445688328594, 'expert_1': 47.3519954193175, 'expert_2': 50.42916290593867, 'expert_3': 48.80135315022153, 'expert_4': 46.10471363864275, 'expert_5': 46.83416144036956, 'expert_6': 47.62609862727044, 'expert_7': 46.75323157362612, 'expert_8': 47.19470908807281, 'expert_9': 44.264495475169916}
torch.Size([9216]) torch.Size([9216, 20]) [torch.Size([9216]), torch.Size([9216]), torch.Size([9216]), torch.Size([9216]), torch.Size([9216]), torch.Size([9216]), torch.Size([9216]), torch.Size([9216]), torch.Size([9216]), torch.Size([9216])]
shapes: true labels torch.Size([9216]), confidences torch.Size([9216, 20]), expert_predictions (10, 9216)
Evaluate...
{'coverage': '3991 out of9216', 'system_accuracy': 76.67100694444444, 'expert_accuracy': 64.89951904690835, 'classifier_accuracy': 92.08218260881526, 'alone_classifier': 85.87239583333333, 'validation_loss': 27.17803128560384, 'n_experts': 10, 'expert_0': 70.84279232674609, 'expert_1': 65.00885790093858, 'expert_2': 62.51653973071796, 'expert_3': 65.39632152551174, 'expert_4': 63.570373419340086, 'expert_5': 64.7302725504087, 'expert_6': 66.59035853988168, 'expert_7': 65.75339463315314, 'expert_8': 62.43382940009026, 'expert_9': 62.584948864015146}
{'coverage': '3991 out of9216', 'system_accuracy': 76.67100694444444, 'expert_accuracy': 64.89951904690835, 'classifier_accuracy': 92.08218260881526, 'alone_classifier': 85.87239583333333, 'validation_loss': 27.17803128560384, 'n_experts': 10, 'expert_0': 70.84279232674609, 'expert_1': 65.00885790093858, 'expert_2': 62.51653973071796, 'expert_3': 65.39632152551174, 'expert_4': 63.570373419340086, 'expert_5': 64.7302725504087, 'expert_6': 66.59035853988168, 'expert_7': 65.75339463315314, 'expert_8': 62.43382940009026, 'expert_9': 62.584948864015146}
torch.Size([9216]) torch.Size([9216, 20]) [torch.Size([9216]), torch.Size([9216]), torch.Size([9216]), torch.Size([9216]), torch.Size([9216]), torch.Size([9216]), torch.Size([9216]), torch.Size([9216]), torch.Size([9216]), torch.Size([9216])]
shapes: true labels torch.Size([9216]), confidences torch.Size([9216, 20]), expert_predictions (10, 9216)
Evaluate...
{'coverage': '3533 out of9216', 'system_accuracy': 87.34809027777777, 'expert_accuracy': 82.49163883541654, 'classifier_accuracy': 95.15991805378097, 'alone_classifier': 84.9609375, 'validation_loss': 33.03581619262695, 'n_experts': 10, 'expert_0': 86.16597384744117, 'expert_1': 83.96822731167387, 'expert_2': 77.83879932644714, 'expert_3': 82.41753713322136, 'expert_4': 79.52753818174851, 'expert_5': 82.49761920574849, 'expert_6': 82.97292812274155, 'expert_7': 83.31742930077611, 'expert_8': 83.21155735539072, 'expert_9': 85.87779703984958}
{'coverage': '3533 out of9216', 'system_accuracy': 87.34809027777777, 'expert_accuracy': 82.49163883541654, 'classifier_accuracy': 95.15991805378097, 'alone_classifier': 84.9609375, 'validation_loss': 33.03581619262695, 'n_experts': 10, 'expert_0': 86.16597384744117, 'expert_1': 83.96822731167387, 'expert_2': 77.83879932644714, 'expert_3': 82.41753713322136, 'expert_4': 79.52753818174851, 'expert_5': 82.49761920574849, 'expert_6': 82.97292812274155, 'expert_7': 83.31742930077611, 'expert_8': 83.21155735539072, 'expert_9': 85.87779703984958}
torch.Size([9216]) torch.Size([9216, 20]) [torch.Size([9216]), torch.Size([9216]), torch.Size([9216]), torch.Size([9216]), torch.Size([9216]), torch.Size([9216]), torch.Size([9216]), torch.Size([9216]), torch.Size([9216]), torch.Size([9216])]
shapes: true labels torch.Size([9216]), confidences torch.Size([9216, 20]), expert_predictions (10, 9216)
Evaluate...
{'coverage': '2319 out of9216', 'system_accuracy': 96.37586805555556, 'expert_accuracy': 96.23024224357714, 'classifier_accuracy': 96.80896520875527, 'alone_classifier': 84.85243055555556, 'validation_loss': 37.315919664171005, 'n_experts': 10, 'expert_0': 96.44378479550932, 'expert_1': 96.06647667221736, 'expert_2': 0.0, 'expert_3': 90.62471679776, 'expert_4': 96.31282763959159, 'expert_5': 93.65064499897619, 'expert_6': 0.0, 'expert_7': 96.92717475922849, 'expert_8': 0.0, 'expert_9': 99.9900009999}
{'coverage': '2319 out of9216', 'system_accuracy': 96.37586805555556, 'expert_accuracy': 96.23024224357714, 'classifier_accuracy': 96.80896520875527, 'alone_classifier': 84.85243055555556, 'validation_loss': 37.315919664171005, 'n_experts': 10, 'expert_0': 96.44378479550932, 'expert_1': 96.06647667221736, 'expert_2': 0.0, 'expert_3': 90.62471679776, 'expert_4': 96.31282763959159, 'expert_5': 93.65064499897619, 'expert_6': 0.0, 'expert_7': 96.92717475922849, 'expert_8': 0.0, 'expert_9': 99.9900009999}
torch.Size([9216]) torch.Size([9216, 20]) [torch.Size([9216]), torch.Size([9216]), torch.Size([9216]), torch.Size([9216]), torch.Size([9216]), torch.Size([9216]), torch.Size([9216]), torch.Size([9216]), torch.Size([9216]), torch.Size([9216])]
shapes: true labels torch.Size([9216]), confidences torch.Size([9216, 20]), expert_predictions (10, 9216)
Evaluate...
{'coverage': '2848 out of9216', 'system_accuracy': 98.76302083333333, 'expert_accuracy': 99.99999685929657, 'classifier_accuracy': 95.99718764054818, 'alone_classifier': 87.56510416666667, 'validation_loss': 38.68141301472982, 'n_experts': 10, 'expert_0': 99.99997399220443, 'expert_1': 99.99992452835885, 'expert_2': 99.99968750097655, 'expert_3': 99.9999862919827, 'expert_4': 99.9999236641804, 'expert_5': 99.99994791669378, 'expert_6': 99.99998418972582, 'expert_7': 99.99998025666729, 'expert_8': 99.99995348839373, 'expert_9': 99.999956236343}
{'coverage': '2848 out of9216', 'system_accuracy': 98.76302083333333, 'expert_accuracy': 99.99999685929657, 'classifier_accuracy': 95.99718764054818, 'alone_classifier': 87.56510416666667, 'validation_loss': 38.68141301472982, 'n_experts': 10, 'expert_0': 99.99997399220443, 'expert_1': 99.99992452835885, 'expert_2': 99.99968750097655, 'expert_3': 99.9999862919827, 'expert_4': 99.9999236641804, 'expert_5': 99.99994791669378, 'expert_6': 99.99998418972582, 'expert_7': 99.99998025666729, 'expert_8': 99.99995348839373, 'expert_9': 99.999956236343}
torch.Size([9216]) torch.Size([9216, 20]) [torch.Size([9216]), torch.Size([9216]), torch.Size([9216]), torch.Size([9216]), torch.Size([9216]), torch.Size([9216]), torch.Size([9216]), torch.Size([9216]), torch.Size([9216]), torch.Size([9216])]
shapes: true labels torch.Size([9216]), confidences torch.Size([9216, 20]), expert_predictions (10, 9216)
Evaluate...
{'coverage': '5018 out of9216', 'system_accuracy': 59.201388888888886, 'expert_accuracy': 21.248212422667343, 'classifier_accuracy': 90.95256893279057, 'alone_classifier': 86.63194444444444, 'validation_loss': 11.946366098192003, 'n_experts': 10, 'expert_0': 31.034375743531918, 'expert_1': 21.167867760680465, 'expert_2': 20.35255757930847, 'expert_3': 25.155263878718088, 'expert_4': 20.540529437551655, 'expert_5': 27.598546524339408, 'expert_6': 20.458258442468598, 'expert_7': 21.45643135073307, 'expert_8': 24.999943181947312, 'expert_9': 17.808214742661335}
{'coverage': '5018 out of9216', 'system_accuracy': 59.201388888888886, 'expert_accuracy': 21.248212422667343, 'classifier_accuracy': 90.95256893279057, 'alone_classifier': 86.63194444444444, 'validation_loss': 11.946366098192003, 'n_experts': 10, 'expert_0': 31.034375743531918, 'expert_1': 21.167867760680465, 'expert_2': 20.35255757930847, 'expert_3': 25.155263878718088, 'expert_4': 20.540529437551655, 'expert_5': 27.598546524339408, 'expert_6': 20.458258442468598, 'expert_7': 21.45643135073307, 'expert_8': 24.999943181947312, 'expert_9': 17.808214742661335}
torch.Size([9216]) torch.Size([9216, 20]) [torch.Size([9216]), torch.Size([9216]), torch.Size([9216]), torch.Size([9216]), torch.Size([9216]), torch.Size([9216]), torch.Size([9216]), torch.Size([9216]), torch.Size([9216]), torch.Size([9216])]
shapes: true labels torch.Size([9216]), confidences torch.Size([9216, 20]), expert_predictions (10, 9216)
Evaluate...
{'coverage': '4133 out of9216', 'system_accuracy': 57.747395833333336, 'expert_accuracy': 29.31339644645302, 'classifier_accuracy': 92.71715236590485, 'alone_classifier': 85.73133680555556, 'validation_loss': 15.26606994205051, 'n_experts': 10, 'expert_0': 25.72252848408758, 'expert_1': 27.827638122930658, 'expert_2': 28.02544200580636, 'expert_3': 33.53844089942098, 'expert_4': 29.097595175839718, 'expert_5': 33.14392683942165, 'expert_6': 29.09089947408282, 'expert_7': 29.784529839155937, 'expert_8': 29.847897396236736, 'expert_9': 27.15699373210927}
{'coverage': '4133 out of9216', 'system_accuracy': 57.747395833333336, 'expert_accuracy': 29.31339644645302, 'classifier_accuracy': 92.71715236590485, 'alone_classifier': 85.73133680555556, 'validation_loss': 15.26606994205051, 'n_experts': 10, 'expert_0': 25.72252848408758, 'expert_1': 27.827638122930658, 'expert_2': 28.02544200580636, 'expert_3': 33.53844089942098, 'expert_4': 29.097595175839718, 'expert_5': 33.14392683942165, 'expert_6': 29.09089947408282, 'expert_7': 29.784529839155937, 'expert_8': 29.847897396236736, 'expert_9': 27.15699373210927}
torch.Size([9216]) torch.Size([9216, 20]) [torch.Size([9216]), torch.Size([9216]), torch.Size([9216]), torch.Size([9216]), torch.Size([9216]), torch.Size([9216]), torch.Size([9216]), torch.Size([9216]), torch.Size([9216]), torch.Size([9216])]
shapes: true labels torch.Size([9216]), confidences torch.Size([9216, 20]), expert_predictions (10, 9216)
Evaluate...
{'coverage': '2662 out of9216', 'system_accuracy': 59.23394097222222, 'expert_accuracy': 46.96368486531325, 'classifier_accuracy': 89.44402368730188, 'alone_classifier': 87.36979166666667, 'validation_loss': 21.57014062669542, 'n_experts': 10, 'expert_0': 46.41459024391389, 'expert_1': 45.01715119096138, 'expert_2': 49.56265331623713, 'expert_3': 48.529399870245136, 'expert_4': 46.88383940967722, 'expert_5': 46.236550100381216, 'expert_6': 47.79514998715506, 'expert_7': 47.281301521843254, 'expert_8': 48.79170338510855, 'expert_9': 42.57747387358112}
{'coverage': '2662 out of9216', 'system_accuracy': 59.23394097222222, 'expert_accuracy': 46.96368486531325, 'classifier_accuracy': 89.44402368730188, 'alone_classifier': 87.36979166666667, 'validation_loss': 21.57014062669542, 'n_experts': 10, 'expert_0': 46.41459024391389, 'expert_1': 45.01715119096138, 'expert_2': 49.56265331623713, 'expert_3': 48.529399870245136, 'expert_4': 46.88383940967722, 'expert_5': 46.236550100381216, 'expert_6': 47.79514998715506, 'expert_7': 47.281301521843254, 'expert_8': 48.79170338510855, 'expert_9': 42.57747387358112}
torch.Size([9216]) torch.Size([9216, 20]) [torch.Size([9216]), torch.Size([9216]), torch.Size([9216]), torch.Size([9216]), torch.Size([9216]), torch.Size([9216]), torch.Size([9216]), torch.Size([9216]), torch.Size([9216]), torch.Size([9216])]
shapes: true labels torch.Size([9216]), confidences torch.Size([9216, 20]), expert_predictions (10, 9216)
Evaluate...
{'coverage': '2637 out of9216', 'system_accuracy': 71.65798611111111, 'expert_accuracy': 63.824287465441934, 'classifier_accuracy': 91.20212016677587, 'alone_classifier': 85.49262152777777, 'validation_loss': 27.212383694118923, 'n_experts': 10, 'expert_0': 65.12521575136195, 'expert_1': 63.78089619049605, 'expert_2': 62.40435794440264, 'expert_3': 61.82083353279486, 'expert_4': 64.36914383898508, 'expert_5': 64.682526848705, 'expert_6': 64.60672342507769, 'expert_7': 66.03117295279968, 'expert_8': 61.61288335068279, 'expert_9': 65.59989504016794}
{'coverage': '2637 out of9216', 'system_accuracy': 71.65798611111111, 'expert_accuracy': 63.824287465441934, 'classifier_accuracy': 91.20212016677587, 'alone_classifier': 85.49262152777777, 'validation_loss': 27.212383694118923, 'n_experts': 10, 'expert_0': 65.12521575136195, 'expert_1': 63.78089619049605, 'expert_2': 62.40435794440264, 'expert_3': 61.82083353279486, 'expert_4': 64.36914383898508, 'expert_5': 64.682526848705, 'expert_6': 64.60672342507769, 'expert_7': 66.03117295279968, 'expert_8': 61.61288335068279, 'expert_9': 65.59989504016794}
torch.Size([9216]) torch.Size([9216, 20]) [torch.Size([9216]), torch.Size([9216]), torch.Size([9216]), torch.Size([9216]), torch.Size([9216]), torch.Size([9216]), torch.Size([9216]), torch.Size([9216]), torch.Size([9216]), torch.Size([9216])]
shapes: true labels torch.Size([9216]), confidences torch.Size([9216, 20]), expert_predictions (10, 9216)
Evaluate...
{'coverage': '2215 out of9216', 'system_accuracy': 85.21050347222223, 'expert_accuracy': 82.30252585909082, 'classifier_accuracy': 94.40180160714213, 'alone_classifier': 84.47265625, 'validation_loss': 33.055617014567055, 'n_experts': 10, 'expert_0': 83.21675412001605, 'expert_1': 83.7398101659154, 'expert_2': 82.051259905193, 'expert_3': 81.84174271290722, 'expert_4': 84.364765886146, 'expert_5': 84.42609110476867, 'expert_6': 81.59289147154286, 'expert_7': 82.81816676033333, 'expert_8': 82.08638944438579, 'expert_9': 80.9372389297476}
{'coverage': '2215 out of9216', 'system_accuracy': 85.21050347222223, 'expert_accuracy': 82.30252585909082, 'classifier_accuracy': 94.40180160714213, 'alone_classifier': 84.47265625, 'validation_loss': 33.055617014567055, 'n_experts': 10, 'expert_0': 83.21675412001605, 'expert_1': 83.7398101659154, 'expert_2': 82.051259905193, 'expert_3': 81.84174271290722, 'expert_4': 84.364765886146, 'expert_5': 84.42609110476867, 'expert_6': 81.59289147154286, 'expert_7': 82.81816676033333, 'expert_8': 82.08638944438579, 'expert_9': 80.9372389297476}
torch.Size([9216]) torch.Size([9216, 20]) [torch.Size([9216]), torch.Size([9216]), torch.Size([9216]), torch.Size([9216]), torch.Size([9216]), torch.Size([9216]), torch.Size([9216]), torch.Size([9216]), torch.Size([9216]), torch.Size([9216])]
shapes: true labels torch.Size([9216]), confidences torch.Size([9216, 20]), expert_predictions (10, 9216)
Evaluate...
{'coverage': '1105 out of9216', 'system_accuracy': 95.78993055555556, 'expert_accuracy': 96.01775130026503, 'classifier_accuracy': 94.11763854139018, 'alone_classifier': 86.68619791666667, 'validation_loss': 37.2771127488878, 'n_experts': 10, 'expert_0': 0.0, 'expert_1': 89.6545541065234, 'expert_2': 97.26955817777599, 'expert_3': 0.0, 'expert_4': 0.0, 'expert_5': 0.0, 'expert_6': 0.0, 'expert_7': 0.0, 'expert_8': 95.3366887702707, 'expert_9': 96.01105592387951}
{'coverage': '1105 out of9216', 'system_accuracy': 95.78993055555556, 'expert_accuracy': 96.01775130026503, 'classifier_accuracy': 94.11763854139018, 'alone_classifier': 86.68619791666667, 'validation_loss': 37.2771127488878, 'n_experts': 10, 'expert_0': 0.0, 'expert_1': 89.6545541065234, 'expert_2': 97.26955817777599, 'expert_3': 0.0, 'expert_4': 0.0, 'expert_5': 0.0, 'expert_6': 0.0, 'expert_7': 0.0, 'expert_8': 95.3366887702707, 'expert_9': 96.01105592387951}
torch.Size([9216]) torch.Size([9216, 20]) [torch.Size([9216]), torch.Size([9216]), torch.Size([9216]), torch.Size([9216]), torch.Size([9216]), torch.Size([9216]), torch.Size([9216]), torch.Size([9216]), torch.Size([9216]), torch.Size([9216])]
shapes: true labels torch.Size([9216]), confidences torch.Size([9216, 20]), expert_predictions (10, 9216)
Evaluate...
{'coverage': '2443 out of9216', 'system_accuracy': 98.93663194444444, 'expert_accuracy': 99.99999704709886, 'classifier_accuracy': 95.98853475282297, 'alone_classifier': 86.57769097222223, 'validation_loss': 38.69502682156033, 'n_experts': 10, 'expert_0': 99.99995670997545, 'expert_1': 99.99996800001024, 'expert_2': 99.99998635743707, 'expert_3': 99.99997167139614, 'expert_4': 99.99996632997768, 'expert_5': 99.99990783418633, 'expert_6': 99.99996672214087, 'expert_7': 99.999956236343, 'expert_8': 99.99998009950646, 'expert_9': 99.99996875000977}
{'coverage': '2443 out of9216', 'system_accuracy': 98.93663194444444, 'expert_accuracy': 99.99999704709886, 'classifier_accuracy': 95.98853475282297, 'alone_classifier': 86.57769097222223, 'validation_loss': 38.69502682156033, 'n_experts': 10, 'expert_0': 99.99995670997545, 'expert_1': 99.99996800001024, 'expert_2': 99.99998635743707, 'expert_3': 99.99997167139614, 'expert_4': 99.99996632997768, 'expert_5': 99.99990783418633, 'expert_6': 99.99996672214087, 'expert_7': 99.999956236343, 'expert_8': 99.99998009950646, 'expert_9': 99.99996875000977}
torch.Size([9216]) torch.Size([9216, 20]) [torch.Size([9216]), torch.Size([9216]), torch.Size([9216]), torch.Size([9216]), torch.Size([9216]), torch.Size([9216]), torch.Size([9216]), torch.Size([9216]), torch.Size([9216]), torch.Size([9216])]
shapes: true labels torch.Size([9216]), confidences torch.Size([9216, 20]), expert_predictions (10, 9216)
Evaluate...
{'coverage': '3921 out of9216', 'system_accuracy': 49.142795138888886, 'expert_accuracy': 20.509914239474437, 'classifier_accuracy': 87.80923009922901, 'alone_classifier': 85.83984375, 'validation_loss': 11.992981168958876, 'n_experts': 10, 'expert_0': 18.26543540987243, 'expert_1': 20.684925839746345, 'expert_2': 26.008945283457145, 'expert_3': 22.31011952211408, 'expert_4': 22.8956074777054, 'expert_5': 24.901166086034713, 'expert_6': 22.238799331701692, 'expert_7': 19.0298365448981, 'expert_8': 18.584065314435012, 'expert_9': 17.87994434739608}
{'coverage': '3921 out of9216', 'system_accuracy': 49.142795138888886, 'expert_accuracy': 20.509914239474437, 'classifier_accuracy': 87.80923009922901, 'alone_classifier': 85.83984375, 'validation_loss': 11.992981168958876, 'n_experts': 10, 'expert_0': 18.26543540987243, 'expert_1': 20.684925839746345, 'expert_2': 26.008945283457145, 'expert_3': 22.31011952211408, 'expert_4': 22.8956074777054, 'expert_5': 24.901166086034713, 'expert_6': 22.238799331701692, 'expert_7': 19.0298365448981, 'expert_8': 18.584065314435012, 'expert_9': 17.87994434739608}
torch.Size([9216]) torch.Size([9216, 20]) [torch.Size([9216]), torch.Size([9216]), torch.Size([9216]), torch.Size([9216]), torch.Size([9216]), torch.Size([9216]), torch.Size([9216]), torch.Size([9216]), torch.Size([9216]), torch.Size([9216])]
shapes: true labels torch.Size([9216]), confidences torch.Size([9216, 20]), expert_predictions (10, 9216)
Evaluate...
{'coverage': '4329 out of9216', 'system_accuracy': 58.138020833333336, 'expert_accuracy': 28.8111303944698, 'classifier_accuracy': 91.24508913732757, 'alone_classifier': 86.30642361111111, 'validation_loss': 15.258319007025825, 'n_experts': 10, 'expert_0': 27.111973629872836, 'expert_1': 25.072031658771376, 'expert_2': 34.58641415576818, 'expert_3': 29.521260892946334, 'expert_4': 32.633575330696445, 'expert_5': 31.331576328158576, 'expert_6': 30.241176162828886, 'expert_7': 29.1044703720223, 'expert_8': 26.06382054474449, 'expert_9': 26.977393509210874}
{'coverage': '4329 out of9216', 'system_accuracy': 58.138020833333336, 'expert_accuracy': 28.8111303944698, 'classifier_accuracy': 91.24508913732757, 'alone_classifier': 86.30642361111111, 'validation_loss': 15.258319007025825, 'n_experts': 10, 'expert_0': 27.111973629872836, 'expert_1': 25.072031658771376, 'expert_2': 34.58641415576818, 'expert_3': 29.521260892946334, 'expert_4': 32.633575330696445, 'expert_5': 31.331576328158576, 'expert_6': 30.241176162828886, 'expert_7': 29.1044703720223, 'expert_8': 26.06382054474449, 'expert_9': 26.977393509210874}
torch.Size([9216]) torch.Size([9216, 20]) [torch.Size([9216]), torch.Size([9216]), torch.Size([9216]), torch.Size([9216]), torch.Size([9216]), torch.Size([9216]), torch.Size([9216]), torch.Size([9216]), torch.Size([9216]), torch.Size([9216])]
shapes: true labels torch.Size([9216]), confidences torch.Size([9216, 20]), expert_predictions (10, 9216)
Evaluate...
{'coverage': '2179 out of9216', 'system_accuracy': 57.497829861111114, 'expert_accuracy': 47.22182614120147, 'classifier_accuracy': 90.68379574649857, 'alone_classifier': 86.88151041666667, 'validation_loss': 21.59063720703125, 'n_experts': 10, 'expert_0': 48.56686351373774, 'expert_1': 45.16124176210563, 'expert_2': 49.009884815219536, 'expert_3': 49.22525644213196, 'expert_4': 45.976999750447064, 'expert_5': 46.56409301249374, 'expert_6': 48.79516896501953, 'expert_7': 45.3845979290008, 'expert_8': 47.71738093100415, 'expert_9': 43.999988266669796}
{'coverage': '2179 out of9216', 'system_accuracy': 57.497829861111114, 'expert_accuracy': 47.22182614120147, 'classifier_accuracy': 90.68379574649857, 'alone_classifier': 86.88151041666667, 'validation_loss': 21.59063720703125, 'n_experts': 10, 'expert_0': 48.56686351373774, 'expert_1': 45.16124176210563, 'expert_2': 49.009884815219536, 'expert_3': 49.22525644213196, 'expert_4': 45.976999750447064, 'expert_5': 46.56409301249374, 'expert_6': 48.79516896501953, 'expert_7': 45.3845979290008, 'expert_8': 47.71738093100415, 'expert_9': 43.999988266669796}
torch.Size([9216]) torch.Size([9216, 20]) [torch.Size([9216]), torch.Size([9216]), torch.Size([9216]), torch.Size([9216]), torch.Size([9216]), torch.Size([9216]), torch.Size([9216]), torch.Size([9216]), torch.Size([9216]), torch.Size([9216])]
shapes: true labels torch.Size([9216]), confidences torch.Size([9216, 20]), expert_predictions (10, 9216)
Evaluate...
{'coverage': '3311 out of9216', 'system_accuracy': 74.73958333333333, 'expert_accuracy': 64.25063287889473, 'classifier_accuracy': 93.44608597263407, 'alone_classifier': 86.1328125, 'validation_loss': 27.178716871473526, 'n_experts': 10, 'expert_0': 70.40809142031488, 'expert_1': 64.24048599984621, 'expert_2': 62.01256301570742, 'expert_3': 64.12211782530754, 'expert_4': 64.60069973761628, 'expert_5': 65.78668093206316, 'expert_6': 64.74924343680135, 'expert_7': 64.6031540942368, 'expert_8': 58.52269402119658, 'expert_9': 66.29826928368034}
{'coverage': '3311 out of9216', 'system_accuracy': 74.73958333333333, 'expert_accuracy': 64.25063287889473, 'classifier_accuracy': 93.44608597263407, 'alone_classifier': 86.1328125, 'validation_loss': 27.178716871473526, 'n_experts': 10, 'expert_0': 70.40809142031488, 'expert_1': 64.24048599984621, 'expert_2': 62.01256301570742, 'expert_3': 64.12211782530754, 'expert_4': 64.60069973761628, 'expert_5': 65.78668093206316, 'expert_6': 64.74924343680135, 'expert_7': 64.6031540942368, 'expert_8': 58.52269402119658, 'expert_9': 66.29826928368034}
torch.Size([9216]) torch.Size([9216, 20]) [torch.Size([9216]), torch.Size([9216]), torch.Size([9216]), torch.Size([9216]), torch.Size([9216]), torch.Size([9216]), torch.Size([9216]), torch.Size([9216]), torch.Size([9216]), torch.Size([9216])]
shapes: true labels torch.Size([9216]), confidences torch.Size([9216, 20]), expert_predictions (10, 9216)
Evaluate...
{'coverage': '3470 out of9216', 'system_accuracy': 86.93576388888889, 'expert_accuracy': 82.4747621832662, 'classifier_accuracy': 94.32276385236992, 'alone_classifier': 85.27560763888889, 'validation_loss': 33.02153396606445, 'n_experts': 10, 'expert_0': 83.96015841589416, 'expert_1': 84.02659433391204, 'expert_2': 75.73215419903414, 'expert_3': 81.9165125451275, 'expert_4': 82.52424895305161, 'expert_5': 82.50425986131738, 'expert_6': 84.17262149994173, 'expert_7': 82.84022034709658, 'expert_8': 79.93916113120903, 'expert_9': 80.41231586782415}
{'coverage': '3470 out of9216', 'system_accuracy': 86.93576388888889, 'expert_accuracy': 82.4747621832662, 'classifier_accuracy': 94.32276385236992, 'alone_classifier': 85.27560763888889, 'validation_loss': 33.02153396606445, 'n_experts': 10, 'expert_0': 83.96015841589416, 'expert_1': 84.02659433391204, 'expert_2': 75.73215419903414, 'expert_3': 81.9165125451275, 'expert_4': 82.52424895305161, 'expert_5': 82.50425986131738, 'expert_6': 84.17262149994173, 'expert_7': 82.84022034709658, 'expert_8': 79.93916113120903, 'expert_9': 80.41231586782415}
torch.Size([9216]) torch.Size([9216, 20]) [torch.Size([9216]), torch.Size([9216]), torch.Size([9216]), torch.Size([9216]), torch.Size([9216]), torch.Size([9216]), torch.Size([9216]), torch.Size([9216]), torch.Size([9216]), torch.Size([9216])]
shapes: true labels torch.Size([9216]), confidences torch.Size([9216, 20]), expert_predictions (10, 9216)
Evaluate...
{'coverage': '2113 out of9216', 'system_accuracy': 95.98524305555556, 'expert_accuracy': 95.94537249203512, 'classifier_accuracy': 96.11925716425664, 'alone_classifier': 86.02430555555556, 'validation_loss': 37.2853029039171, 'n_experts': 10, 'expert_0': 95.56133275161025, 'expert_1': 95.83849741136679, 'expert_2': 0.0, 'expert_3': 94.55122144152472, 'expert_4': 95.44047983918395, 'expert_5': 94.01186345884615, 'expert_6': 0.0, 'expert_7': 96.5809007054231, 'expert_8': 0.0, 'expert_9': 0.0}
{'coverage': '2113 out of9216', 'system_accuracy': 95.98524305555556, 'expert_accuracy': 95.94537249203512, 'classifier_accuracy': 96.11925716425664, 'alone_classifier': 86.02430555555556, 'validation_loss': 37.2853029039171, 'n_experts': 10, 'expert_0': 95.56133275161025, 'expert_1': 95.83849741136679, 'expert_2': 0.0, 'expert_3': 94.55122144152472, 'expert_4': 95.44047983918395, 'expert_5': 94.01186345884615, 'expert_6': 0.0, 'expert_7': 96.5809007054231, 'expert_8': 0.0, 'expert_9': 0.0}
torch.Size([9216]) torch.Size([9216, 20]) [torch.Size([9216]), torch.Size([9216]), torch.Size([9216]), torch.Size([9216]), torch.Size([9216]), torch.Size([9216]), torch.Size([9216]), torch.Size([9216]), torch.Size([9216]), torch.Size([9216])]
shapes: true labels torch.Size([9216]), confidences torch.Size([9216, 20]), expert_predictions (10, 9216)
Evaluate...
{'coverage': '2847 out of9216', 'system_accuracy': 98.65451388888889, 'expert_accuracy': 99.9999968597897, 'classifier_accuracy': 95.64453475080664, 'alone_classifier': 86.37152777777777, 'validation_loss': 38.725970374213325, 'n_experts': 10, 'expert_0': 99.99965517360285, 'expert_1': 99.99998501872884, 'expert_2': 99.99999135322167, 'expert_3': 99.99923077514788, 'expert_4': 99.99991452998758, 'expert_5': 99.99998783455136, 'expert_6': 99.99959183840066, 'expert_7': 99.9999406528542, 'expert_8': 99.9996000016, 'expert_9': 99.9999380805337}
{'coverage': '2847 out of9216', 'system_accuracy': 98.65451388888889, 'expert_accuracy': 99.9999968597897, 'classifier_accuracy': 95.64453475080664, 'alone_classifier': 86.37152777777777, 'validation_loss': 38.725970374213325, 'n_experts': 10, 'expert_0': 99.99965517360285, 'expert_1': 99.99998501872884, 'expert_2': 99.99999135322167, 'expert_3': 99.99923077514788, 'expert_4': 99.99991452998758, 'expert_5': 99.99998783455136, 'expert_6': 99.99959183840066, 'expert_7': 99.9999406528542, 'expert_8': 99.9996000016, 'expert_9': 99.9999380805337}
torch.Size([9216]) torch.Size([9216, 20]) [torch.Size([9216]), torch.Size([9216]), torch.Size([9216]), torch.Size([9216]), torch.Size([9216]), torch.Size([9216]), torch.Size([9216]), torch.Size([9216]), torch.Size([9216]), torch.Size([9216])]
shapes: true labels torch.Size([9216]), confidences torch.Size([9216, 20]), expert_predictions (10, 9216)
Evaluate...
{'coverage': '4147 out of9216', 'system_accuracy': 51.540798611111114, 'expert_accuracy': 20.55632193504352, 'classifier_accuracy': 89.41403208550682, 'alone_classifier': 86.62109375, 'validation_loss': 11.963280465867784, 'n_experts': 10, 'expert_0': 18.38819105829942, 'expert_1': 20.579262018517678, 'expert_2': 19.602967938973727, 'expert_3': 21.276565565155227, 'expert_4': 24.11346377614006, 'expert_5': 20.38689869437539, 'expert_6': 23.283977581701865, 'expert_7': 20.533872470688923, 'expert_8': 20.86327933341103, 'expert_9': 18.129764072609134}
{'coverage': '4147 out of9216', 'system_accuracy': 51.540798611111114, 'expert_accuracy': 20.55632193504352, 'classifier_accuracy': 89.41403208550682, 'alone_classifier': 86.62109375, 'validation_loss': 11.963280465867784, 'n_experts': 10, 'expert_0': 18.38819105829942, 'expert_1': 20.579262018517678, 'expert_2': 19.602967938973727, 'expert_3': 21.276565565155227, 'expert_4': 24.11346377614006, 'expert_5': 20.38689869437539, 'expert_6': 23.283977581701865, 'expert_7': 20.533872470688923, 'expert_8': 20.86327933341103, 'expert_9': 18.129764072609134}
torch.Size([9216]) torch.Size([9216, 20]) [torch.Size([9216]), torch.Size([9216]), torch.Size([9216]), torch.Size([9216]), torch.Size([9216]), torch.Size([9216]), torch.Size([9216]), torch.Size([9216]), torch.Size([9216]), torch.Size([9216])]
shapes: true labels torch.Size([9216]), confidences torch.Size([9216, 20]), expert_predictions (10, 9216)
Evaluate...
{'coverage': '4661 out of9216', 'system_accuracy': 60.709635416666664, 'expert_accuracy': 28.671787983675607, 'classifier_accuracy': 92.01887809442441, 'alone_classifier': 86.19791666666667, 'validation_loss': 15.248906665378147, 'n_experts': 10, 'expert_0': 27.6978218001282, 'expert_1': 25.352103749259246, 'expert_2': 32.87666729223658, 'expert_3': 31.518606579595083, 'expert_4': 29.102149162755936, 'expert_5': 29.972735709680812, 'expert_6': 29.85914651855028, 'expert_7': 28.376527045968064, 'expert_8': 29.48326475181474, 'expert_9': 27.393609735742093}
{'coverage': '4661 out of9216', 'system_accuracy': 60.709635416666664, 'expert_accuracy': 28.671787983675607, 'classifier_accuracy': 92.01887809442441, 'alone_classifier': 86.19791666666667, 'validation_loss': 15.248906665378147, 'n_experts': 10, 'expert_0': 27.6978218001282, 'expert_1': 25.352103749259246, 'expert_2': 32.87666729223658, 'expert_3': 31.518606579595083, 'expert_4': 29.102149162755936, 'expert_5': 29.972735709680812, 'expert_6': 29.85914651855028, 'expert_7': 28.376527045968064, 'expert_8': 29.48326475181474, 'expert_9': 27.393609735742093}
torch.Size([9216]) torch.Size([9216, 20]) [torch.Size([9216]), torch.Size([9216]), torch.Size([9216]), torch.Size([9216]), torch.Size([9216]), torch.Size([9216]), torch.Size([9216]), torch.Size([9216]), torch.Size([9216]), torch.Size([9216])]
shapes: true labels torch.Size([9216]), confidences torch.Size([9216, 20]), expert_predictions (10, 9216)
Evaluate...
{'coverage': '2798 out of9216', 'system_accuracy': 59.75477430555556, 'expert_accuracy': 46.99283119374162, 'classifier_accuracy': 89.02787387319964, 'alone_classifier': 87.21788194444444, 'validation_loss': 21.595788531833225, 'n_experts': 10, 'expert_0': 45.57290479872271, 'expert_1': 44.736795013899986, 'expert_2': 48.997106591915994, 'expert_3': 49.12073877591119, 'expert_4': 46.687682432907756, 'expert_5': 47.29063107573772, 'expert_6': 47.758872408385656, 'expert_7': 47.57279244039202, 'expert_8': 47.933872979014644, 'expert_9': 43.24323094075934}
{'coverage': '2798 out of9216', 'system_accuracy': 59.75477430555556, 'expert_accuracy': 46.99283119374162, 'classifier_accuracy': 89.02787387319964, 'alone_classifier': 87.21788194444444, 'validation_loss': 21.595788531833225, 'n_experts': 10, 'expert_0': 45.57290479872271, 'expert_1': 44.736795013899986, 'expert_2': 48.997106591915994, 'expert_3': 49.12073877591119, 'expert_4': 46.687682432907756, 'expert_5': 47.29063107573772, 'expert_6': 47.758872408385656, 'expert_7': 47.57279244039202, 'expert_8': 47.933872979014644, 'expert_9': 43.24323094075934}
torch.Size([9216]) torch.Size([9216, 20]) [torch.Size([9216]), torch.Size([9216]), torch.Size([9216]), torch.Size([9216]), torch.Size([9216]), torch.Size([9216]), torch.Size([9216]), torch.Size([9216]), torch.Size([9216]), torch.Size([9216])]
shapes: true labels torch.Size([9216]), confidences torch.Size([9216, 20]), expert_predictions (10, 9216)
Evaluate...
{'coverage': '3466 out of9216', 'system_accuracy': 74.97829861111111, 'expert_accuracy': 63.999997773913115, 'classifier_accuracy': 93.190995580179, 'alone_classifier': 85.85069444444444, 'validation_loss': 27.189632415771484, 'n_experts': 10, 'expert_0': 67.70177925244813, 'expert_1': 64.24416737088158, 'expert_2': 61.601870058452285, 'expert_3': 64.61536473373393, 'expert_4': 63.00651947541975, 'expert_5': 63.87831080397699, 'expert_6': 66.14729004326061, 'expert_7': 62.60718263904541, 'expert_8': 64.49996775001613, 'expert_9': 69.18230291534225}
{'coverage': '3466 out of9216', 'system_accuracy': 74.97829861111111, 'expert_accuracy': 63.999997773913115, 'classifier_accuracy': 93.190995580179, 'alone_classifier': 85.85069444444444, 'validation_loss': 27.189632415771484, 'n_experts': 10, 'expert_0': 67.70177925244813, 'expert_1': 64.24416737088158, 'expert_2': 61.601870058452285, 'expert_3': 64.61536473373393, 'expert_4': 63.00651947541975, 'expert_5': 63.87831080397699, 'expert_6': 66.14729004326061, 'expert_7': 62.60718263904541, 'expert_8': 64.49996775001613, 'expert_9': 69.18230291534225}
torch.Size([9216]) torch.Size([9216, 20]) [torch.Size([9216]), torch.Size([9216]), torch.Size([9216]), torch.Size([9216]), torch.Size([9216]), torch.Size([9216]), torch.Size([9216]), torch.Size([9216]), torch.Size([9216]), torch.Size([9216])]
shapes: true labels torch.Size([9216]), confidences torch.Size([9216, 20]), expert_predictions (10, 9216)
Evaluate...
{'coverage': '3738 out of9216', 'system_accuracy': 87.42404513888889, 'expert_accuracy': 82.69441100056915, 'classifier_accuracy': 94.35526767374886, 'alone_classifier': 85.41666666666667, 'validation_loss': 32.998583475748696, 'n_experts': 10, 'expert_0': 83.81563047896454, 'expert_1': 83.18963126734734, 'expert_2': 78.4444095802624, 'expert_3': 82.40725480137999, 'expert_4': 82.55957777676845, 'expert_5': 81.5059229839041, 'expert_6': 84.40855676959313, 'expert_7': 83.55702828701828, 'expert_8': 84.45371054310039, 'expert_9': 81.54499438197907}
{'coverage': '3738 out of9216', 'system_accuracy': 87.42404513888889, 'expert_accuracy': 82.69441100056915, 'classifier_accuracy': 94.35526767374886, 'alone_classifier': 85.41666666666667, 'validation_loss': 32.998583475748696, 'n_experts': 10, 'expert_0': 83.81563047896454, 'expert_1': 83.18963126734734, 'expert_2': 78.4444095802624, 'expert_3': 82.40725480137999, 'expert_4': 82.55957777676845, 'expert_5': 81.5059229839041, 'expert_6': 84.40855676959313, 'expert_7': 83.55702828701828, 'expert_8': 84.45371054310039, 'expert_9': 81.54499438197907}
torch.Size([9216]) torch.Size([9216, 20]) [torch.Size([9216]), torch.Size([9216]), torch.Size([9216]), torch.Size([9216]), torch.Size([9216]), torch.Size([9216]), torch.Size([9216]), torch.Size([9216]), torch.Size([9216]), torch.Size([9216])]
shapes: true labels torch.Size([9216]), confidences torch.Size([9216, 20]), expert_predictions (10, 9216)
Evaluate...
{'coverage': '1835 out of9216', 'system_accuracy': 95.92013888888889, 'expert_accuracy': 95.82712109938704, 'classifier_accuracy': 96.29427268151103, 'alone_classifier': 85.27560763888889, 'validation_loss': 37.30923292371962, 'n_experts': 10, 'expert_0': 96.04987608110685, 'expert_1': 95.58822988754356, 'expert_2': 0.0, 'expert_3': 93.58962360304666, 'expert_4': 95.73228016832587, 'expert_5': 99.9900009999, 'expert_6': 0.0, 'expert_7': 96.44126969854452, 'expert_8': 0.0, 'expert_9': 99.99750006249845}
{'coverage': '1835 out of9216', 'system_accuracy': 95.92013888888889, 'expert_accuracy': 95.82712109938704, 'classifier_accuracy': 96.29427268151103, 'alone_classifier': 85.27560763888889, 'validation_loss': 37.30923292371962, 'n_experts': 10, 'expert_0': 96.04987608110685, 'expert_1': 95.58822988754356, 'expert_2': 0.0, 'expert_3': 93.58962360304666, 'expert_4': 95.73228016832587, 'expert_5': 99.9900009999, 'expert_6': 0.0, 'expert_7': 96.44126969854452, 'expert_8': 0.0, 'expert_9': 99.99750006249845}
torch.Size([9216]) torch.Size([9216, 20]) [torch.Size([9216]), torch.Size([9216]), torch.Size([9216]), torch.Size([9216]), torch.Size([9216]), torch.Size([9216]), torch.Size([9216]), torch.Size([9216]), torch.Size([9216]), torch.Size([9216])]
shapes: true labels torch.Size([9216]), confidences torch.Size([9216, 20]), expert_predictions (10, 9216)
Evaluate...
{'coverage': '1949 out of9216', 'system_accuracy': 98.51345486111111, 'expert_accuracy': 99.99999724783274, 'classifier_accuracy': 92.97074946276298, 'alone_classifier': 87.18532986111111, 'validation_loss': 38.71803453233507, 'n_experts': 10, 'expert_0': 99.99981982014447, 'expert_1': 0.0, 'expert_2': 0.0, 'expert_3': 99.99714293877317, 'expert_4': 99.99999319033074, 'expert_5': 0.0, 'expert_6': 99.99500024998748, 'expert_7': 99.99904762811784, 'expert_8': 99.99999522331046, 'expert_9': 0.0}
{'coverage': '1949 out of9216', 'system_accuracy': 98.51345486111111, 'expert_accuracy': 99.99999724783274, 'classifier_accuracy': 92.97074946276298, 'alone_classifier': 87.18532986111111, 'validation_loss': 38.71803453233507, 'n_experts': 10, 'expert_0': 99.99981982014447, 'expert_1': 0.0, 'expert_2': 0.0, 'expert_3': 99.99714293877317, 'expert_4': 99.99999319033074, 'expert_5': 0.0, 'expert_6': 99.99500024998748, 'expert_7': 99.99904762811784, 'expert_8': 99.99999522331046, 'expert_9': 0.0}
