Lmod has detected the following error: These module(s) or extension(s) exist
but cannot be loaded as requested: "cuDNN"
   Try: "module spider cuDNN" to see how to load the module(s).



cuda:0
{'batch_size': 1024, 'alpha': 1.0, 'epochs': 100, 'patience': 20, 'expert_type': 'predict', 'n_classes': 10, 'k': 5, 'n_experts': 2, 'lr': 0.1, 'weight_decay': 0.0005, 'warmup_epochs': 0, 'loss_type': 'ova', 'ckp_dir': './ova_increase_confidence/', 'experiment_name': 'multiple_experts'}
seed is 948
{'coverage': '9134 out of9216', 'system_accuracy': 86.31727430555556, 'expert_accuracy': 20.7316567520567, 'classifier_accuracy': 86.90606429925484, 'alone_classifier': 86.41493055555556, 'validation_loss': 4.083248853683472, 'expert_0': 11.111049383058983, 'expert_1': 28.260746692405686, 'expert_2': 0.0, 'expert_3': 0.0}
/home/rverma/.conda/envs/defer/lib/python3.8/site-packages/torch/nn/functional.py:1944: UserWarning: nn.functional.sigmoid is deprecated. Use torch.sigmoid instead.
  warnings.warn("nn.functional.sigmoid is deprecated. Use torch.sigmoid instead.")
{'coverage': '8968 out of9216', 'system_accuracy': 87.16362847222223, 'expert_accuracy': 13.306440881902514, 'classifier_accuracy': 89.2060650177736, 'alone_classifier': 87.74956597222223, 'validation_loss': 4.3293160862392845, 'expert_0': 11.392395449455316, 'expert_1': 0.0, 'expert_2': 54.544462827948585, 'expert_3': 0.0}
{'coverage': '8523 out of9216', 'system_accuracy': 87.07682291666667, 'expert_accuracy': 48.77343469742145, 'classifier_accuracy': 90.19124615521243, 'alone_classifier': 86.59939236111111, 'validation_loss': 4.3161079618665905, 'expert_0': 8.490550017830154, 'expert_1': 53.44818371002808, 'expert_2': 56.68787401788789, 'expert_3': 0.0}
{'coverage': '8222 out of9216', 'system_accuracy': 88.65017361111111, 'expert_accuracy': 58.3500888631612, 'classifier_accuracy': 92.31330464226096, 'alone_classifier': 87.67361111111111, 'validation_loss': 3.866208659278022, 'expert_0': 8.19671459285689, 'expert_1': 74.66664675556088, 'expert_2': 0.0, 'expert_3': 0.0}
{'coverage': '7902 out of9216', 'system_accuracy': 82.18315972222223, 'expert_accuracy': 14.155248987024509, 'classifier_accuracy': 93.49531645791804, 'alone_classifier': 87.65190972222223, 'validation_loss': 3.268632623884413, 'expert_0': 8.782102935857012, 'expert_1': 68.18119835274224, 'expert_2': 76.47040830492163, 'expert_3': 0.0}
seed is 625
{'coverage': '9134 out of9216', 'system_accuracy': 86.31727430555556, 'expert_accuracy': 20.7316567520567, 'classifier_accuracy': 86.90606429925484, 'alone_classifier': 86.41493055555556, 'validation_loss': 4.083248853683472, 'expert_0': 11.111049383058983, 'expert_1': 28.260746692405686, 'expert_2': 0.0, 'expert_3': 0.0}
{'coverage': '8968 out of9216', 'system_accuracy': 87.16362847222223, 'expert_accuracy': 13.306440881902514, 'classifier_accuracy': 89.2060650177736, 'alone_classifier': 87.74956597222223, 'validation_loss': 4.3293160862392845, 'expert_0': 11.392395449455316, 'expert_1': 0.0, 'expert_2': 54.544462827948585, 'expert_3': 0.0}
{'coverage': '8523 out of9216', 'system_accuracy': 87.07682291666667, 'expert_accuracy': 48.77343469742145, 'classifier_accuracy': 90.19124615521243, 'alone_classifier': 86.59939236111111, 'validation_loss': 4.3161079618665905, 'expert_0': 8.490550017830154, 'expert_1': 53.44818371002808, 'expert_2': 56.68787401788789, 'expert_3': 0.0}
{'coverage': '8222 out of9216', 'system_accuracy': 88.65017361111111, 'expert_accuracy': 58.3500888631612, 'classifier_accuracy': 92.31330464226096, 'alone_classifier': 87.67361111111111, 'validation_loss': 3.866208659278022, 'expert_0': 8.19671459285689, 'expert_1': 74.66664675556088, 'expert_2': 0.0, 'expert_3': 0.0}
{'coverage': '7902 out of9216', 'system_accuracy': 82.18315972222223, 'expert_accuracy': 14.155248987024509, 'classifier_accuracy': 93.49531645791804, 'alone_classifier': 87.65190972222223, 'validation_loss': 3.268632623884413, 'expert_0': 8.782102935857012, 'expert_1': 68.18119835274224, 'expert_2': 76.47040830492163, 'expert_3': 0.0}
seed is 436
{'coverage': '9134 out of9216', 'system_accuracy': 86.31727430555556, 'expert_accuracy': 20.7316567520567, 'classifier_accuracy': 86.90606429925484, 'alone_classifier': 86.41493055555556, 'validation_loss': 4.083248853683472, 'expert_0': 11.111049383058983, 'expert_1': 28.260746692405686, 'expert_2': 0.0, 'expert_3': 0.0}
{'coverage': '8968 out of9216', 'system_accuracy': 87.16362847222223, 'expert_accuracy': 13.306440881902514, 'classifier_accuracy': 89.2060650177736, 'alone_classifier': 87.74956597222223, 'validation_loss': 4.3293160862392845, 'expert_0': 11.392395449455316, 'expert_1': 0.0, 'expert_2': 54.544462827948585, 'expert_3': 0.0}
{'coverage': '8523 out of9216', 'system_accuracy': 87.07682291666667, 'expert_accuracy': 48.77343469742145, 'classifier_accuracy': 90.19124615521243, 'alone_classifier': 86.59939236111111, 'validation_loss': 4.3161079618665905, 'expert_0': 8.490550017830154, 'expert_1': 53.44818371002808, 'expert_2': 56.68787401788789, 'expert_3': 0.0}
{'coverage': '8222 out of9216', 'system_accuracy': 88.65017361111111, 'expert_accuracy': 58.3500888631612, 'classifier_accuracy': 92.31330464226096, 'alone_classifier': 87.67361111111111, 'validation_loss': 3.866208659278022, 'expert_0': 8.19671459285689, 'expert_1': 74.66664675556088, 'expert_2': 0.0, 'expert_3': 0.0}
{'coverage': '7902 out of9216', 'system_accuracy': 82.18315972222223, 'expert_accuracy': 14.155248987024509, 'classifier_accuracy': 93.49531645791804, 'alone_classifier': 87.65190972222223, 'validation_loss': 3.268632623884413, 'expert_0': 8.782102935857012, 'expert_1': 68.18119835274224, 'expert_2': 76.47040830492163, 'expert_3': 0.0}
===Mean and Standard Error===
[86.31727431 87.16362847 87.07682292 88.65017361 82.18315972]
[0.00000000e+00 0.00000000e+00 0.00000000e+00 1.00485917e-14
 0.00000000e+00]
