Lmod has detected the following error: These module(s) or extension(s) exist
but cannot be loaded as requested: "cuDNN"
   Try: "module spider cuDNN" to see how to load the module(s).



cuda:0
{'batch_size': 1024, 'alpha': 1.0, 'epochs': 100, 'patience': 20, 'expert_type': 'predict', 'n_classes': 10, 'k': 5, 'n_experts': 2, 'lr': 0.1, 'weight_decay': 0.0005, 'warmup_epochs': 0, 'loss_type': 'softmax', 'ckp_dir': './softmax_increase_confidence/', 'experiment_name': 'multiple_experts'}
seed is 948
{'coverage': '9039 out of9216', 'system_accuracy': 85.01519097222223, 'expert_accuracy': 20.903931181998665, 'classifier_accuracy': 86.27060420101114, 'alone_classifier': 85.56857638888889, 'validation_loss': 4.365528742472331, 'expert_0': 7.999978666723555, 'expert_1': 30.69300852869598, 'expert_2': 0.0, 'expert_3': 0.0}
{'coverage': '8710 out of9216', 'system_accuracy': 85.60112847222223, 'expert_accuracy': 16.996040713027387, 'classifier_accuracy': 89.58668094619196, 'alone_classifier': 87.26128472222223, 'validation_loss': 5.1966627438863116, 'expert_0': 10.215048271479423, 'expert_1': 0.0, 'expert_2': 35.82084205844469, 'expert_3': 0.0}
{'coverage': '8384 out of9216', 'system_accuracy': 87.72786458333333, 'expert_accuracy': 55.88940964196884, 'classifier_accuracy': 90.8874034960949, 'alone_classifier': 87.14192708333333, 'validation_loss': 5.9871237013075085, 'expert_0': 7.692248521165222, 'expert_1': 60.58555829479356, 'expert_2': 53.59113061263502, 'expert_3': 0.0}
{'coverage': '7534 out of9216', 'system_accuracy': 89.46397569444444, 'expert_accuracy': 74.13792221903422, 'classifier_accuracy': 92.88558411354414, 'alone_classifier': 86.66449652777777, 'validation_loss': 6.6595569186740455, 'expert_0': 0.0, 'expert_1': 74.76018288247208, 'expert_2': 0.0, 'expert_3': 0.0}
{'coverage': '5014 out of9216', 'system_accuracy': 84.65711805555556, 'expert_accuracy': 75.67824485110685, 'classifier_accuracy': 92.18188886753313, 'alone_classifier': 87.07682291666667, 'validation_loss': 7.1741132736206055, 'expert_0': 8.219175830362786, 'expert_1': 90.30373304300625, 'expert_2': 58.33309027879051, 'expert_3': 0.0}
seed is 625
{'coverage': '9039 out of9216', 'system_accuracy': 85.01519097222223, 'expert_accuracy': 20.903931181998665, 'classifier_accuracy': 86.27060420101114, 'alone_classifier': 85.56857638888889, 'validation_loss': 4.365528742472331, 'expert_0': 7.999978666723555, 'expert_1': 30.69300852869598, 'expert_2': 0.0, 'expert_3': 0.0}
{'coverage': '8710 out of9216', 'system_accuracy': 85.60112847222223, 'expert_accuracy': 16.996040713027387, 'classifier_accuracy': 89.58668094619196, 'alone_classifier': 87.26128472222223, 'validation_loss': 5.1966627438863116, 'expert_0': 10.215048271479423, 'expert_1': 0.0, 'expert_2': 35.82084205844469, 'expert_3': 0.0}
{'coverage': '8384 out of9216', 'system_accuracy': 87.72786458333333, 'expert_accuracy': 55.88940964196884, 'classifier_accuracy': 90.8874034960949, 'alone_classifier': 87.14192708333333, 'validation_loss': 5.9871237013075085, 'expert_0': 7.692248521165222, 'expert_1': 60.58555829479356, 'expert_2': 53.59113061263502, 'expert_3': 0.0}
{'coverage': '7534 out of9216', 'system_accuracy': 89.46397569444444, 'expert_accuracy': 74.13792221903422, 'classifier_accuracy': 92.88558411354414, 'alone_classifier': 86.66449652777777, 'validation_loss': 6.6595569186740455, 'expert_0': 0.0, 'expert_1': 74.76018288247208, 'expert_2': 0.0, 'expert_3': 0.0}
{'coverage': '5014 out of9216', 'system_accuracy': 84.65711805555556, 'expert_accuracy': 75.67824485110685, 'classifier_accuracy': 92.18188886753313, 'alone_classifier': 87.07682291666667, 'validation_loss': 7.1741132736206055, 'expert_0': 8.219175830362786, 'expert_1': 90.30373304300625, 'expert_2': 58.33309027879051, 'expert_3': 0.0}
seed is 436
{'coverage': '9039 out of9216', 'system_accuracy': 85.01519097222223, 'expert_accuracy': 20.903931181998665, 'classifier_accuracy': 86.27060420101114, 'alone_classifier': 85.56857638888889, 'validation_loss': 4.365528742472331, 'expert_0': 7.999978666723555, 'expert_1': 30.69300852869598, 'expert_2': 0.0, 'expert_3': 0.0}
{'coverage': '8710 out of9216', 'system_accuracy': 85.60112847222223, 'expert_accuracy': 16.996040713027387, 'classifier_accuracy': 89.58668094619196, 'alone_classifier': 87.26128472222223, 'validation_loss': 5.1966627438863116, 'expert_0': 10.215048271479423, 'expert_1': 0.0, 'expert_2': 35.82084205844469, 'expert_3': 0.0}
{'coverage': '8384 out of9216', 'system_accuracy': 87.72786458333333, 'expert_accuracy': 55.88940964196884, 'classifier_accuracy': 90.8874034960949, 'alone_classifier': 87.14192708333333, 'validation_loss': 5.9871237013075085, 'expert_0': 7.692248521165222, 'expert_1': 60.58555829479356, 'expert_2': 53.59113061263502, 'expert_3': 0.0}
{'coverage': '7534 out of9216', 'system_accuracy': 89.46397569444444, 'expert_accuracy': 74.13792221903422, 'classifier_accuracy': 92.88558411354414, 'alone_classifier': 86.66449652777777, 'validation_loss': 6.6595569186740455, 'expert_0': 0.0, 'expert_1': 74.76018288247208, 'expert_2': 0.0, 'expert_3': 0.0}
{'coverage': '5014 out of9216', 'system_accuracy': 84.65711805555556, 'expert_accuracy': 75.67824485110685, 'classifier_accuracy': 92.18188886753313, 'alone_classifier': 87.07682291666667, 'validation_loss': 7.1741132736206055, 'expert_0': 8.219175830362786, 'expert_1': 90.30373304300625, 'expert_2': 58.33309027879051, 'expert_3': 0.0}
===Mean and Standard Error===
[85.01519097 85.60112847 87.72786458 89.46397569 84.65711806]
[0. 0. 0. 0. 0.]
