Lmod has detected the following error: These module(s) or extension(s) exist
but cannot be loaded as requested: "cuDNN"
   Try: "module spider cuDNN" to see how to load the module(s).



---In main---
torch.Size([9216]) tensor(0.6404)
torch.Size([9216]) tensor(0.6413)
torch.Size([9216]) tensor(0.6420)
torch.Size([9216]) tensor(0.6450)
torch.Size([9216]) tensor(0.6434)
torch.Size([9216]) tensor(0.6406)
torch.Size([9216]) tensor(0.6372)
torch.Size([9216]) tensor(0.6430)
torch.Size([9216]) tensor(0.6414)
torch.Size([9216]) tensor(0.6382)
torch.Size([9216]) tensor(0.6428)
torch.Size([9216]) tensor(0.6410)
torch.Size([9216]) tensor(0.6404)
torch.Size([9216]) tensor(0.6411)
torch.Size([9216]) tensor(0.6391)
torch.Size([9216]) tensor(0.6416)
torch.Size([9216]) tensor(0.6410)
torch.Size([9216]) tensor(0.6433)
torch.Size([9216]) tensor(0.6392)
torch.Size([9216]) tensor(0.6464)
torch.Size([9216]) tensor(0.6436)
torch.Size([9216]) tensor(0.6420)
torch.Size([9216]) tensor(0.6429)
torch.Size([9216]) tensor(0.6410)
torch.Size([9216]) tensor(0.6392)
torch.Size([9216]) tensor(0.6436)
torch.Size([9216]) tensor(0.6401)
torch.Size([9216]) tensor(0.6429)
torch.Size([9216]) tensor(0.6403)
torch.Size([9216]) tensor(0.6419)
torch.Size([9216]) tensor(0.6396)
torch.Size([9216]) tensor(0.6433)
torch.Size([9216]) tensor(0.6433)
torch.Size([9216]) tensor(0.6434)
torch.Size([9216]) tensor(0.6388)
torch.Size([9216]) tensor(0.6390)
torch.Size([9216]) tensor(0.6403)
torch.Size([9216]) tensor(0.6396)
torch.Size([9216]) tensor(0.6433)
torch.Size([9216]) tensor(0.6408)
torch.Size([9216]) tensor(0.6415)
torch.Size([9216]) tensor(0.6431)
torch.Size([9216]) tensor(0.6413)
torch.Size([9216]) tensor(0.6449)
torch.Size([9216]) tensor(0.6404)
torch.Size([9216]) tensor(0.6419)
torch.Size([9216]) tensor(0.6372)
torch.Size([9216]) tensor(0.6443)
torch.Size([9216]) tensor(0.6395)
torch.Size([9216]) tensor(0.6414)
torch.Size([9216]) tensor(0.6392)
torch.Size([9216]) tensor(0.6441)
torch.Size([9216]) tensor(0.6411)
torch.Size([9216]) tensor(0.6431)
torch.Size([9216]) tensor(0.6401)
torch.Size([9216]) tensor(0.6404)
torch.Size([9216]) tensor(0.6433)
torch.Size([9216]) tensor(0.6413)
torch.Size([9216]) tensor(0.6414)
torch.Size([9216]) tensor(0.6387)
torch.Size([9216]) tensor(0.6421)
torch.Size([9216]) tensor(0.6393)
torch.Size([9216]) tensor(0.6417)
torch.Size([9216]) tensor(0.6404)
torch.Size([9216]) tensor(0.6413)
torch.Size([9216]) tensor(0.6420)
torch.Size([9216]) tensor(0.6450)
torch.Size([9216]) tensor(0.6434)
torch.Size([9216]) tensor(0.6406)
torch.Size([9216]) tensor(0.6372)
torch.Size([9216]) tensor(0.6430)
torch.Size([9216]) tensor(0.6414)
torch.Size([9216]) tensor(0.6382)
torch.Size([9216]) tensor(0.6428)
torch.Size([9216]) tensor(0.6410)
torch.Size([9216]) tensor(0.6404)
torch.Size([9216]) tensor(0.6411)
torch.Size([9216]) tensor(0.6391)
torch.Size([9216]) tensor(0.6416)
torch.Size([9216]) tensor(0.6410)
torch.Size([9216]) tensor(0.6433)
torch.Size([9216]) tensor(0.6392)
torch.Size([9216]) tensor(0.6464)
torch.Size([9216]) tensor(0.6436)
torch.Size([9216]) tensor(0.6420)
torch.Size([9216]) tensor(0.6429)
torch.Size([9216]) tensor(0.6410)
torch.Size([9216]) tensor(0.6392)
torch.Size([9216]) tensor(0.6436)
torch.Size([9216]) tensor(0.6401)
torch.Size([9216]) tensor(0.6429)
torch.Size([9216]) tensor(0.6403)
torch.Size([9216]) tensor(0.6419)
torch.Size([9216]) tensor(0.6396)
torch.Size([9216]) tensor(0.6433)
torch.Size([9216]) tensor(0.6433)
torch.Size([9216]) tensor(0.6434)
torch.Size([9216]) tensor(0.6388)
torch.Size([9216]) tensor(0.6390)
torch.Size([9216]) tensor(0.6403)
torch.Size([9216]) tensor(0.6396)
torch.Size([9216]) tensor(0.6433)
torch.Size([9216]) tensor(0.6408)
torch.Size([9216]) tensor(0.6415)
torch.Size([9216]) tensor(0.6431)
torch.Size([9216]) tensor(0.6413)
torch.Size([9216]) tensor(0.6449)
torch.Size([9216]) tensor(0.6404)
torch.Size([9216]) tensor(0.6419)
torch.Size([9216]) tensor(0.6372)
torch.Size([9216]) tensor(0.6443)
torch.Size([9216]) tensor(0.6395)
torch.Size([9216]) tensor(0.6414)
torch.Size([9216]) tensor(0.6392)
torch.Size([9216]) tensor(0.6441)
torch.Size([9216]) tensor(0.6411)
torch.Size([9216]) tensor(0.6431)
torch.Size([9216]) tensor(0.6401)
torch.Size([9216]) tensor(0.6404)
torch.Size([9216]) tensor(0.6433)
torch.Size([9216]) tensor(0.6413)
torch.Size([9216]) tensor(0.6414)
torch.Size([9216]) tensor(0.6387)
torch.Size([9216]) tensor(0.6421)
torch.Size([9216]) tensor(0.6393)
torch.Size([9216]) tensor(0.6417)
torch.Size([9216]) tensor(0.6404)
torch.Size([9216]) tensor(0.6413)
torch.Size([9216]) tensor(0.6420)
torch.Size([9216]) tensor(0.6450)
torch.Size([9216]) tensor(0.6434)
torch.Size([9216]) tensor(0.6406)
torch.Size([9216]) tensor(0.6372)
torch.Size([9216]) tensor(0.6430)
torch.Size([9216]) tensor(0.6414)
torch.Size([9216]) tensor(0.6382)
torch.Size([9216]) tensor(0.6428)
torch.Size([9216]) tensor(0.6410)
torch.Size([9216]) tensor(0.6404)
torch.Size([9216]) tensor(0.6411)
torch.Size([9216]) tensor(0.6391)
torch.Size([9216]) tensor(0.6416)
torch.Size([9216]) tensor(0.6410)
torch.Size([9216]) tensor(0.6433)
torch.Size([9216]) tensor(0.6392)
torch.Size([9216]) tensor(0.6464)
torch.Size([9216]) tensor(0.6436)
torch.Size([9216]) tensor(0.6420)
torch.Size([9216]) tensor(0.6429)
torch.Size([9216]) tensor(0.6410)
torch.Size([9216]) tensor(0.6392)
torch.Size([9216]) tensor(0.6436)
torch.Size([9216]) tensor(0.6401)
torch.Size([9216]) tensor(0.6429)
torch.Size([9216]) tensor(0.6403)
torch.Size([9216]) tensor(0.6419)
torch.Size([9216]) tensor(0.6396)
torch.Size([9216]) tensor(0.6433)
torch.Size([9216]) tensor(0.6433)
torch.Size([9216]) tensor(0.6434)
torch.Size([9216]) tensor(0.6388)
torch.Size([9216]) tensor(0.6390)
torch.Size([9216]) tensor(0.6403)
torch.Size([9216]) tensor(0.6396)
torch.Size([9216]) tensor(0.6433)
torch.Size([9216]) tensor(0.6408)
torch.Size([9216]) tensor(0.6415)
torch.Size([9216]) tensor(0.6431)
torch.Size([9216]) tensor(0.6413)
torch.Size([9216]) tensor(0.6449)
torch.Size([9216]) tensor(0.6404)
torch.Size([9216]) tensor(0.6419)
torch.Size([9216]) tensor(0.6372)
torch.Size([9216]) tensor(0.6443)
torch.Size([9216]) tensor(0.6395)
torch.Size([9216]) tensor(0.6414)
torch.Size([9216]) tensor(0.6392)
torch.Size([9216]) tensor(0.6441)
torch.Size([9216]) tensor(0.6411)
torch.Size([9216]) tensor(0.6431)
torch.Size([9216]) tensor(0.6401)
torch.Size([9216]) tensor(0.6404)
torch.Size([9216]) tensor(0.6433)
torch.Size([9216]) tensor(0.6413)
torch.Size([9216]) tensor(0.6414)
torch.Size([9216]) tensor(0.6387)
torch.Size([9216]) tensor(0.6421)
torch.Size([9216]) tensor(0.6393)
torch.Size([9216]) tensor(0.6417)
torch.Size([9216]) tensor(0.6404)
torch.Size([9216]) tensor(0.6413)
torch.Size([9216]) tensor(0.6420)
torch.Size([9216]) tensor(0.6450)
torch.Size([9216]) tensor(0.6434)
torch.Size([9216]) tensor(0.6406)
torch.Size([9216]) tensor(0.6372)
torch.Size([9216]) tensor(0.6430)
torch.Size([9216]) tensor(0.6414)
torch.Size([9216]) tensor(0.6382)
torch.Size([9216]) tensor(0.6428)
torch.Size([9216]) tensor(0.6410)
torch.Size([9216]) tensor(0.6404)
torch.Size([9216]) tensor(0.6411)
torch.Size([9216]) tensor(0.6391)
torch.Size([9216]) tensor(0.6416)
torch.Size([9216]) tensor(0.6410)
torch.Size([9216]) tensor(0.6433)
torch.Size([9216]) tensor(0.6392)
torch.Size([9216]) tensor(0.6464)
torch.Size([9216]) tensor(0.6436)
torch.Size([9216]) tensor(0.6420)
torch.Size([9216]) tensor(0.6429)
torch.Size([9216]) tensor(0.6410)
torch.Size([9216]) tensor(0.6392)
torch.Size([9216]) tensor(0.6436)
torch.Size([9216]) tensor(0.6401)
torch.Size([9216]) tensor(0.6429)
torch.Size([9216]) tensor(0.6403)
torch.Size([9216]) tensor(0.6419)
torch.Size([9216]) tensor(0.6396)
torch.Size([9216]) tensor(0.6433)
torch.Size([9216]) tensor(0.6433)
torch.Size([9216]) tensor(0.6434)
torch.Size([9216]) tensor(0.6388)
torch.Size([9216]) tensor(0.6390)
torch.Size([9216]) tensor(0.6403)
torch.Size([9216]) tensor(0.6396)
torch.Size([9216]) tensor(0.6433)
torch.Size([9216]) tensor(0.6408)
torch.Size([9216]) tensor(0.6415)
torch.Size([9216]) tensor(0.6431)
torch.Size([9216]) tensor(0.6413)
torch.Size([9216]) tensor(0.6449)
torch.Size([9216]) tensor(0.6404)
torch.Size([9216]) tensor(0.6419)
torch.Size([9216]) tensor(0.6372)
torch.Size([9216]) tensor(0.6443)
torch.Size([9216]) tensor(0.6395)
torch.Size([9216]) tensor(0.6414)
torch.Size([9216]) tensor(0.6392)
torch.Size([9216]) tensor(0.6441)
torch.Size([9216]) tensor(0.6411)
torch.Size([9216]) tensor(0.6431)
torch.Size([9216]) tensor(0.6401)
torch.Size([9216]) tensor(0.6404)
torch.Size([9216]) tensor(0.6433)
torch.Size([9216]) tensor(0.6413)
torch.Size([9216]) tensor(0.6414)
torch.Size([9216]) tensor(0.6387)
torch.Size([9216]) tensor(0.6421)
torch.Size([9216]) tensor(0.6393)
torch.Size([9216]) tensor(0.6417)
torch.Size([9216]) tensor(0.6404)
torch.Size([9216]) tensor(0.6413)
torch.Size([9216]) tensor(0.6420)
torch.Size([9216]) tensor(0.6450)
torch.Size([9216]) tensor(0.6434)
torch.Size([9216]) tensor(0.6406)
torch.Size([9216]) tensor(0.6372)
torch.Size([9216]) tensor(0.6430)
torch.Size([9216]) tensor(0.6414)
torch.Size([9216]) tensor(0.6382)
torch.Size([9216]) tensor(0.6428)
torch.Size([9216]) tensor(0.6410)
torch.Size([9216]) tensor(0.6404)
torch.Size([9216]) tensor(0.6411)
torch.Size([9216]) tensor(0.6391)
torch.Size([9216]) tensor(0.6416)
torch.Size([9216]) tensor(0.6410)
torch.Size([9216]) tensor(0.6433)
torch.Size([9216]) tensor(0.6392)
torch.Size([9216]) tensor(0.6464)
torch.Size([9216]) tensor(0.6436)
torch.Size([9216]) tensor(0.6420)
torch.Size([9216]) tensor(0.6429)
torch.Size([9216]) tensor(0.6410)
torch.Size([9216]) tensor(0.6392)
torch.Size([9216]) tensor(0.6436)
torch.Size([9216]) tensor(0.6401)
torch.Size([9216]) tensor(0.6429)
torch.Size([9216]) tensor(0.6403)
torch.Size([9216]) tensor(0.6419)
torch.Size([9216]) tensor(0.6396)
torch.Size([9216]) tensor(0.6433)
torch.Size([9216]) tensor(0.6433)
torch.Size([9216]) tensor(0.6434)
torch.Size([9216]) tensor(0.6388)
torch.Size([9216]) tensor(0.6390)
torch.Size([9216]) tensor(0.6403)
torch.Size([9216]) tensor(0.6396)
torch.Size([9216]) tensor(0.6433)
torch.Size([9216]) tensor(0.6408)
torch.Size([9216]) tensor(0.6415)
torch.Size([9216]) tensor(0.6431)
torch.Size([9216]) tensor(0.6413)
torch.Size([9216]) tensor(0.6449)
torch.Size([9216]) tensor(0.6404)
torch.Size([9216]) tensor(0.6419)
torch.Size([9216]) tensor(0.6372)
torch.Size([9216]) tensor(0.6443)
torch.Size([9216]) tensor(0.6395)
torch.Size([9216]) tensor(0.6414)
torch.Size([9216]) tensor(0.6392)
torch.Size([9216]) tensor(0.6441)
torch.Size([9216]) tensor(0.6411)
torch.Size([9216]) tensor(0.6431)
torch.Size([9216]) tensor(0.6401)
torch.Size([9216]) tensor(0.6404)
torch.Size([9216]) tensor(0.6433)
torch.Size([9216]) tensor(0.6413)
torch.Size([9216]) tensor(0.6414)
torch.Size([9216]) tensor(0.6387)
torch.Size([9216]) tensor(0.6421)
torch.Size([9216]) tensor(0.6393)
torch.Size([9216]) tensor(0.6417)
torch.Size([9216]) tensor(0.6404)
torch.Size([9216]) tensor(0.6413)
torch.Size([9216]) tensor(0.6420)
torch.Size([9216]) tensor(0.6450)
torch.Size([9216]) tensor(0.6434)
torch.Size([9216]) tensor(0.6406)
torch.Size([9216]) tensor(0.6372)
torch.Size([9216]) tensor(0.6430)
torch.Size([9216]) tensor(0.6414)
torch.Size([9216]) tensor(0.6382)
torch.Size([9216]) tensor(0.6428)
torch.Size([9216]) tensor(0.6410)
torch.Size([9216]) tensor(0.6404)
torch.Size([9216]) tensor(0.6411)
torch.Size([9216]) tensor(0.6391)
torch.Size([9216]) tensor(0.6416)
torch.Size([9216]) tensor(0.6410)
torch.Size([9216]) tensor(0.6433)
torch.Size([9216]) tensor(0.6392)
torch.Size([9216]) tensor(0.6464)
torch.Size([9216]) tensor(0.6436)
torch.Size([9216]) tensor(0.6420)
torch.Size([9216]) tensor(0.6429)
torch.Size([9216]) tensor(0.6410)
torch.Size([9216]) tensor(0.6392)
torch.Size([9216]) tensor(0.6436)
torch.Size([9216]) tensor(0.6401)
torch.Size([9216]) tensor(0.6429)
torch.Size([9216]) tensor(0.6403)
torch.Size([9216]) tensor(0.6419)
torch.Size([9216]) tensor(0.6396)
torch.Size([9216]) tensor(0.6433)
torch.Size([9216]) tensor(0.6433)
torch.Size([9216]) tensor(0.6434)
torch.Size([9216]) tensor(0.6388)
torch.Size([9216]) tensor(0.6390)
torch.Size([9216]) tensor(0.6403)
torch.Size([9216]) tensor(0.6396)
torch.Size([9216]) tensor(0.6433)
torch.Size([9216]) tensor(0.6408)
torch.Size([9216]) tensor(0.6415)
torch.Size([9216]) tensor(0.6431)
torch.Size([9216]) tensor(0.6413)
torch.Size([9216]) tensor(0.6449)
torch.Size([9216]) tensor(0.6404)
torch.Size([9216]) tensor(0.6419)
torch.Size([9216]) tensor(0.6372)
torch.Size([9216]) tensor(0.6443)
torch.Size([9216]) tensor(0.6395)
torch.Size([9216]) tensor(0.6414)
torch.Size([9216]) tensor(0.6392)
torch.Size([9216]) tensor(0.6441)
torch.Size([9216]) tensor(0.6411)
torch.Size([9216]) tensor(0.6431)
torch.Size([9216]) tensor(0.6401)
torch.Size([9216]) tensor(0.6404)
torch.Size([9216]) tensor(0.6433)
torch.Size([9216]) tensor(0.6413)
torch.Size([9216]) tensor(0.6414)
torch.Size([9216]) tensor(0.6387)
torch.Size([9216]) tensor(0.6421)
torch.Size([9216]) tensor(0.6393)
torch.Size([9216]) tensor(0.6417)
===Mean and Standard Error ECEs Softmax===
All 
 [[0.09056657 0.02717566 0.02695214 0.03031071 0.02504664 0.0298308
  0.02338246 0.02843293]
 [0.03534018 0.02911948 0.02384985 0.03833159 0.02665992 0.02780214
  0.02766129 0.02789306]
 [0.02944946 0.03796535 0.02534082 0.03444197 0.03161156 0.02742093
  0.02633005 0.0231756 ]]
Mean [0.05178541 0.03142016 0.02538094 0.03436143 0.0277727  0.02835129
 0.02579127 0.02650053]
Standard Error [0.01946501 0.00332035 0.00089578 0.00231578 0.00197512 0.0007479
 0.00126423 0.00166975]
===Mean and Standard Error ECEs OvA===
All 
 [[0.01803075 0.02977456 0.02742847 0.03083081 0.03052994 0.03029482
  0.02251125 0.02910338]
 [0.0258299  0.03116143 0.02236762 0.02759106 0.02915483 0.0302772
  0.02747675 0.03094088]
 [0.030949   0.02926066 0.03067708 0.02997585 0.02637342 0.02981529
  0.02923357 0.02956371]]
Mean [0.02493655 0.03006555 0.02682439 0.02946591 0.02868607 0.0301291
 0.02640719 0.02986932]
Standard Error [0.00375583 0.00056767 0.00241768 0.00096937 0.00122256 0.00015699
 0.00201291 0.00055201]
