Lmod has detected the following error: These module(s) or extension(s) exist
but cannot be loaded as requested: "cuDNN"
   Try: "module spider cuDNN" to see how to load the module(s).



cuda:0
cuda:0
{'batch_size': 1024, 'alpha': 1.0, 'epochs': 100, 'patience': 20, 'expert_type': 'predict_biasedK', 'n_classes': 10, 'k': 5, 'n_experts': 2, 'lr': 0.1, 'weight_decay': 0.0005, 'warmup_epochs': 0, 'loss_type': 'softmax', 'ckp_dir': './softmax_increase_experts_prob/', 'experiment_name': 'multiple_experts'}
seed is 948
n is 2
torch.Size([9216]) torch.Size([9216, 12]) [torch.Size([9216]), torch.Size([9216])]
shapes: true labels torch.Size([9216]), confidences torch.Size([9216, 12]), expert_predictions (2, 9216)
Evaluate...
{'coverage': '8206 out of9216', 'system_accuracy': 87.09852430555556, 'expert_accuracy': 62.77226479757133, 'classifier_accuracy': 90.09261406175222, 'alone_classifier': 86.26302083333333, 'validation_loss': 3.4417026042938232, 'n_experts': 2, 'expert_0': 63.68157619861289, 'expert_1': 59.22324347257915}
n is 3
torch.Size([9216]) torch.Size([9216, 13]) [torch.Size([9216]), torch.Size([9216]), torch.Size([9216])]
shapes: true labels torch.Size([9216]), confidences torch.Size([9216, 13]), expert_predictions (3, 9216)
Evaluate...
{'coverage': '8103 out of9216', 'system_accuracy': 88.09678819444444, 'expert_accuracy': 62.89307045946623, 'classifier_accuracy': 91.55868083970527, 'alone_classifier': 87.45659722222223, 'validation_loss': 5.047495577070448, 'n_experts': 3, 'expert_0': 63.524964462777675, 'expert_1': 45.160998961297025, 'expert_2': 57.14231293035304}
seed is 625
n is 2
torch.Size([9216]) torch.Size([9216, 12]) [torch.Size([9216]), torch.Size([9216])]
shapes: true labels torch.Size([9216]), confidences torch.Size([9216, 12]), expert_predictions (2, 9216)
Evaluate...
{'coverage': '8187 out of9216', 'system_accuracy': 87.96657986111111, 'expert_accuracy': 61.6132047399019, 'classifier_accuracy': 91.27885560915041, 'alone_classifier': 86.94661458333333, 'validation_loss': 3.4123262299431696, 'n_experts': 2, 'expert_0': 59.76428964165333, 'expert_1': 64.13790154579239}
n is 3
torch.Size([9216]) torch.Size([9216, 13]) [torch.Size([9216]), torch.Size([9216]), torch.Size([9216])]
shapes: true labels torch.Size([9216]), confidences torch.Size([9216, 13]), expert_predictions (3, 9216)
Evaluate...
{'coverage': '8230 out of9216', 'system_accuracy': 88.19444444444444, 'expert_accuracy': 66.53142666705342, 'classifier_accuracy': 90.78979233548249, 'alone_classifier': 86.61024305555556, 'validation_loss': 5.044086721208361, 'n_experts': 3, 'expert_0': 59.79725689374534, 'expert_1': 69.55880307094027, 'expert_2': 59.99880002399952}
seed is 436
n is 2
torch.Size([9216]) torch.Size([9216, 12]) [torch.Size([9216]), torch.Size([9216])]
shapes: true labels torch.Size([9216]), confidences torch.Size([9216, 12]), expert_predictions (2, 9216)
Evaluate...
{'coverage': '8105 out of9216', 'system_accuracy': 88.27039930555556, 'expert_accuracy': 67.05669359915507, 'classifier_accuracy': 91.17828388429014, 'alone_classifier': 87.6953125, 'validation_loss': 3.4001598093244763, 'n_experts': 2, 'expert_0': 67.32765489562703, 'expert_1': 61.53822485298134}
n is 3
torch.Size([9216]) torch.Size([9216, 13]) [torch.Size([9216]), torch.Size([9216]), torch.Size([9216])]
shapes: true labels torch.Size([9216]), confidences torch.Size([9216, 13]), expert_predictions (3, 9216)
Evaluate...
{'coverage': '8201 out of9216', 'system_accuracy': 88.82378472222223, 'expert_accuracy': 66.0098392098839, 'classifier_accuracy': 91.64735896052484, 'alone_classifier': 87.35894097222223, 'validation_loss': 5.046082920498318, 'n_experts': 3, 'expert_0': 67.31649832190406, 'expert_1': 59.459298758652, 'expert_2': 56.52157529978174}
===Mean and Standard Error===
[87.77850116 88.37167245]
[0.35111867 0.22780717]
