Lmod has detected the following error: These module(s) or extension(s) exist
but cannot be loaded as requested: "cuDNN"
   Try: "module spider cuDNN" to see how to load the module(s).



cuda:0
{'batch_size': 128, 'alpha': 1.0, 'epochs': 150, 'patience': 50, 'expert_type': 'MLPMixer', 'n_classes': 7, 'k': 5, 'n_experts': 2, 'lr': 0.001, 'weight_decay': 0.0005, 'warmup_epochs': 20, 'loss_type': 'softmax', 'ckp_dir': './Models', 'experiment_name': 'multiple_experts'}
run for seed 948
n is 4
selected experts ['predict_prob', 'predict_random', 'MLPMixer', 'predict_prob']
0 0.0
Epoch: [0][0/49]	Time 1.035 (1.035)	Loss 1.8959 (1.8959)	Prec@1 78.125 (78.125)
1 1.020408163265306e-06
2 2.040816326530612e-06
3 3.0612244897959185e-06
4 4.081632653061224e-06
5 5.102040816326531e-06
6 6.122448979591837e-06
7 7.142857142857143e-06
8 8.163265306122448e-06
9 9.183673469387756e-06
10 1.0204081632653061e-05
Epoch: [0][10/49]	Time 0.471 (0.528)	Loss 1.8850 (1.9024)	Prec@1 75.000 (75.213)
11 1.1224489795918367e-05
12 1.2244897959183674e-05
13 1.3265306122448982e-05
14 1.4285714285714285e-05
15 1.530612244897959e-05
16 1.6326530612244897e-05
17 1.7346938775510206e-05
18 1.836734693877551e-05
19 1.9387755102040817e-05
20 2.0408163265306123e-05
Epoch: [0][20/49]	Time 0.472 (0.501)	Loss 1.8050 (1.8856)	Prec@1 75.781 (74.814)
21 2.142857142857143e-05
22 2.2448979591836734e-05
23 2.346938775510204e-05
24 2.448979591836735e-05
25 2.5510204081632654e-05
26 2.6530612244897963e-05
27 2.7551020408163265e-05
28 2.857142857142857e-05
29 2.959183673469388e-05
30 3.061224489795918e-05
Epoch: [0][30/49]	Time 0.473 (0.491)	Loss 1.7067 (1.8478)	Prec@1 76.562 (74.975)
31 3.163265306122449e-05
32 3.265306122448979e-05
33 3.3673469387755106e-05
34 3.469387755102041e-05
35 3.571428571428572e-05
36 3.673469387755102e-05
37 3.775510204081632e-05
38 3.8775510204081634e-05
39 3.979591836734694e-05
40 4.0816326530612245e-05
Epoch: [0][40/49]	Time 0.472 (0.487)	Loss 1.5177 (1.7920)	Prec@1 81.250 (75.629)
41 4.183673469387755e-05
42 4.285714285714286e-05
43 4.387755102040817e-05
44 4.489795918367347e-05
45 4.591836734693877e-05
46 4.693877551020408e-05
47 4.795918367346939e-05
48 4.89795918367347e-05
{'system_accuracy': 77.5390625, 'validation_loss': 1.374584637582302}
49 5e-05
Epoch: [1][0/49]	Time 0.473 (0.473)	Loss 1.4015 (1.4015)	Prec@1 77.344 (77.344)
50 5.102040816326531e-05
51 5.2040816326530614e-05
52 5.3061224489795926e-05
53 5.4081632653061225e-05
54 5.510204081632653e-05
55 5.6122448979591836e-05
56 5.714285714285714e-05
57 5.8163265306122454e-05
58 5.918367346938776e-05
59 6.0204081632653065e-05
Epoch: [1][10/49]	Time 0.473 (0.474)	Loss 1.2469 (1.3076)	Prec@1 85.156 (79.901)
60 6.122448979591836e-05
61 6.224489795918368e-05
62 6.326530612244898e-05
63 6.428571428571429e-05
64 6.530612244897959e-05
65 6.63265306122449e-05
66 6.734693877551021e-05
67 6.836734693877551e-05
68 6.938775510204082e-05
69 7.040816326530614e-05
Epoch: [1][20/49]	Time 0.474 (0.474)	Loss 1.1754 (1.2528)	Prec@1 83.594 (79.799)
70 7.142857142857143e-05
71 7.244897959183675e-05
72 7.346938775510205e-05
73 7.448979591836734e-05
74 7.551020408163264e-05
75 7.653061224489796e-05
76 7.755102040816327e-05
77 7.857142857142857e-05
78 7.959183673469388e-05
79 8.061224489795918e-05
Epoch: [1][30/49]	Time 0.474 (0.474)	Loss 1.1027 (1.2078)	Prec@1 85.156 (80.670)
80 8.163265306122449e-05
81 8.26530612244898e-05
82 8.36734693877551e-05
83 8.469387755102041e-05
84 8.571428571428573e-05
85 8.673469387755102e-05
86 8.775510204081634e-05
87 8.877551020408164e-05
88 8.979591836734694e-05
89 9.081632653061223e-05
Epoch: [1][40/49]	Time 0.475 (0.474)	Loss 1.0693 (1.1673)	Prec@1 79.688 (81.040)
90 9.183673469387755e-05
91 9.285714285714286e-05
92 9.387755102040816e-05
93 9.489795918367347e-05
94 9.591836734693878e-05
95 9.693877551020408e-05
96 9.79591836734694e-05
97 9.897959183673469e-05
{'system_accuracy': 79.8828125, 'validation_loss': 1.0304157733917236}
98 0.0001
Epoch: [2][0/49]	Time 0.477 (0.477)	Loss 1.1088 (1.1088)	Prec@1 78.125 (78.125)
99 0.00010102040816326532
100 0.00010204081632653062
101 0.00010306122448979593
102 0.00010408163265306123
103 0.00010510204081632654
104 0.00010612244897959185
105 0.00010714285714285714
106 0.00010816326530612245
107 0.00010918367346938775
108 0.00011020408163265306
Epoch: [2][10/49]	Time 0.474 (0.475)	Loss 0.9724 (1.0077)	Prec@1 83.594 (81.179)
109 0.00011122448979591837
110 0.00011224489795918367
111 0.00011326530612244898
112 0.00011428571428571428
113 0.0001153061224489796
114 0.00011632653061224491
115 0.00011734693877551021
116 0.00011836734693877552
117 0.00011938775510204082
118 0.00012040816326530613
Epoch: [2][20/49]	Time 0.475 (0.475)	Loss 1.0230 (0.9666)	Prec@1 79.688 (82.366)
119 0.00012142857142857144
120 0.00012244897959183673
121 0.00012346938775510203
122 0.00012448979591836735
123 0.00012551020408163265
124 0.00012653061224489795
125 0.00012755102040816328
126 0.00012857142857142858
127 0.00012959183673469387
128 0.00013061224489795917
Epoch: [2][30/49]	Time 0.476 (0.476)	Loss 1.0071 (0.9634)	Prec@1 79.688 (82.535)
129 0.0001316326530612245
130 0.0001326530612244898
131 0.0001336734693877551
132 0.00013469387755102042
133 0.00013571428571428572
134 0.00013673469387755102
135 0.00013775510204081635
136 0.00013877551020408165
137 0.00013979591836734694
138 0.00014081632653061227
Epoch: [2][40/49]	Time 0.477 (0.476)	Loss 0.9087 (0.9596)	Prec@1 83.594 (82.374)
139 0.00014183673469387757
140 0.00014285714285714287
141 0.00014387755102040817
142 0.0001448979591836735
143 0.0001459183673469388
144 0.0001469387755102041
145 0.0001479591836734694
146 0.0001489795918367347
{'system_accuracy': 81.884765625, 'validation_loss': 0.900039941072464}
147 0.00015
Epoch: [3][0/49]	Time 0.477 (0.477)	Loss 0.9094 (0.9094)	Prec@1 85.156 (85.156)
148 0.00015102040816326529
149 0.0001520408163265306
150 0.0001530612244897959
151 0.0001540816326530612
152 0.00015510204081632654
153 0.00015612244897959183
154 0.00015714285714285713
155 0.00015816326530612246
156 0.00015918367346938776
157 0.00016020408163265306
Epoch: [3][10/49]	Time 0.477 (0.477)	Loss 0.8204 (0.8661)	Prec@1 86.719 (83.665)
158 0.00016122448979591836
159 0.00016224489795918368
160 0.00016326530612244898
161 0.00016428571428571428
162 0.0001653061224489796
163 0.0001663265306122449
164 0.0001673469387755102
165 0.00016836734693877553
166 0.00016938775510204083
167 0.00017040816326530613
Epoch: [3][20/49]	Time 0.476 (0.477)	Loss 0.9541 (0.8582)	Prec@1 82.812 (84.152)
168 0.00017142857142857145
169 0.00017244897959183675
170 0.00017346938775510205
171 0.00017448979591836735
172 0.00017551020408163267
173 0.00017653061224489797
174 0.00017755102040816327
175 0.0001785714285714286
176 0.00017959183673469387
177 0.00018061224489795917
Epoch: [3][30/49]	Time 0.476 (0.477)	Loss 0.9157 (0.8665)	Prec@1 84.375 (84.047)
178 0.00018163265306122447
179 0.0001826530612244898
180 0.0001836734693877551
181 0.0001846938775510204
182 0.00018571428571428572
183 0.00018673469387755102
184 0.00018775510204081632
185 0.00018877551020408164
186 0.00018979591836734694
187 0.00019081632653061224
Epoch: [3][40/49]	Time 0.476 (0.477)	Loss 0.8124 (0.8600)	Prec@1 85.156 (83.670)
188 0.00019183673469387756
189 0.00019285714285714286
190 0.00019387755102040816
191 0.00019489795918367346
192 0.0001959183673469388
193 0.00019693877551020409
194 0.00019795918367346938
195 0.0001989795918367347
{'system_accuracy': 84.228515625, 'validation_loss': 0.8260589204728603}
196 0.0002
Epoch: [4][0/49]	Time 0.477 (0.477)	Loss 0.7572 (0.7572)	Prec@1 89.062 (89.062)
197 0.0002010204081632653
198 0.00020204081632653063
199 0.00020306122448979593
200 0.00020408163265306123
201 0.00020510204081632653
202 0.00020612244897959186
203 0.00020714285714285716
204 0.00020816326530612245
205 0.00020918367346938778
206 0.00021020408163265308
Epoch: [4][10/49]	Time 0.477 (0.478)	Loss 0.8336 (0.8173)	Prec@1 82.031 (84.872)
207 0.00021122448979591838
208 0.0002122448979591837
209 0.00021326530612244898
210 0.00021428571428571427
211 0.00021530612244897957
212 0.0002163265306122449
213 0.0002173469387755102
214 0.0002183673469387755
215 0.00021938775510204082
216 0.00022040816326530612
Epoch: [4][20/49]	Time 0.477 (0.478)	Loss 0.7325 (0.8031)	Prec@1 83.594 (84.859)
217 0.00022142857142857142
218 0.00022244897959183675
219 0.00022346938775510205
220 0.00022448979591836734
221 0.00022551020408163264
222 0.00022653061224489797
223 0.00022755102040816327
224 0.00022857142857142857
225 0.0002295918367346939
226 0.0002306122448979592
Epoch: [4][30/49]	Time 0.477 (0.477)	Loss 0.8145 (0.7969)	Prec@1 83.594 (84.955)
227 0.0002316326530612245
228 0.00023265306122448982
229 0.00023367346938775512
230 0.00023469387755102041
231 0.0002357142857142857
232 0.00023673469387755104
233 0.00023775510204081634
234 0.00023877551020408164
235 0.00023979591836734696
236 0.00024081632653061226
Epoch: [4][40/49]	Time 0.477 (0.477)	Loss 0.8191 (0.7932)	Prec@1 83.594 (85.099)
237 0.00024183673469387756
238 0.00024285714285714289
239 0.00024387755102040819
240 0.00024489795918367346
241 0.00024591836734693876
242 0.00024693877551020405
243 0.0002479591836734694
244 0.0002489795918367347
{'system_accuracy': 83.30078125, 'validation_loss': 0.7963620834052563}
245 0.00025
Epoch: [5][0/49]	Time 0.478 (0.478)	Loss 0.7081 (0.7081)	Prec@1 89.844 (89.844)
246 0.0002510204081632653
247 0.0002520408163265306
248 0.0002530612244897959
249 0.0002540816326530612
250 0.00025510204081632655
251 0.00025612244897959185
252 0.00025714285714285715
253 0.00025816326530612245
254 0.00025918367346938775
255 0.00026020408163265305
Epoch: [5][10/49]	Time 0.478 (0.479)	Loss 0.7242 (0.7602)	Prec@1 86.719 (86.009)
256 0.00026122448979591835
257 0.0002622448979591837
258 0.000263265306122449
259 0.0002642857142857143
260 0.0002653061224489796
261 0.0002663265306122449
262 0.0002673469387755102
263 0.00026836734693877555
264 0.00026938775510204085
265 0.00027040816326530614
Epoch: [5][20/49]	Time 0.478 (0.478)	Loss 0.8100 (0.7482)	Prec@1 81.250 (86.012)
266 0.00027142857142857144
267 0.00027244897959183674
268 0.00027346938775510204
269 0.00027448979591836734
270 0.0002755102040816327
271 0.000276530612244898
272 0.0002775510204081633
273 0.0002785714285714286
274 0.0002795918367346939
275 0.0002806122448979592
Epoch: [5][30/49]	Time 0.478 (0.478)	Loss 0.6341 (0.7463)	Prec@1 92.188 (85.660)
276 0.00028163265306122454
277 0.00028265306122448984
278 0.00028367346938775514
279 0.00028469387755102044
280 0.00028571428571428574
281 0.00028673469387755103
282 0.00028775510204081633
283 0.0002887755102040817
284 0.000289795918367347
285 0.0002908163265306123
Epoch: [5][40/49]	Time 0.479 (0.478)	Loss 0.8135 (0.7495)	Prec@1 82.031 (85.194)
286 0.0002918367346938776
287 0.0002928571428571429
288 0.0002938775510204082
289 0.0002948979591836734
290 0.0002959183673469388
291 0.0002969387755102041
292 0.0002979591836734694
293 0.0002989795918367347
{'system_accuracy': 84.716796875, 'validation_loss': 0.750716220587492}
294 0.0003
Epoch: [6][0/49]	Time 0.477 (0.477)	Loss 0.9041 (0.9041)	Prec@1 78.906 (78.906)
295 0.00030102040816326527
296 0.00030204081632653057
297 0.0003030612244897959
298 0.0003040816326530612
299 0.0003051020408163265
300 0.0003061224489795918
301 0.0003071428571428571
302 0.0003081632653061224
303 0.00030918367346938777
304 0.00031020408163265307
Epoch: [6][10/49]	Time 0.478 (0.479)	Loss 0.6571 (0.7035)	Prec@1 86.719 (85.724)
305 0.00031122448979591837
306 0.00031224489795918367
307 0.00031326530612244897
308 0.00031428571428571427
309 0.00031530612244897956
310 0.0003163265306122449
311 0.0003173469387755102
312 0.0003183673469387755
313 0.0003193877551020408
314 0.0003204081632653061
Epoch: [6][20/49]	Time 0.478 (0.479)	Loss 0.6725 (0.7079)	Prec@1 85.938 (85.677)
315 0.0003214285714285714
316 0.0003224489795918367
317 0.00032346938775510206
318 0.00032448979591836736
319 0.00032551020408163266
320 0.00032653061224489796
321 0.00032755102040816326
322 0.00032857142857142856
323 0.0003295918367346939
324 0.0003306122448979592
Epoch: [6][30/49]	Time 0.480 (0.480)	Loss 0.6721 (0.7093)	Prec@1 88.281 (85.660)
325 0.0003316326530612245
326 0.0003326530612244898
327 0.0003336734693877551
328 0.0003346938775510204
329 0.0003357142857142857
330 0.00033673469387755106
331 0.00033775510204081636
332 0.00033877551020408165
333 0.00033979591836734695
334 0.00034081632653061225
Epoch: [6][40/49]	Time 0.480 (0.480)	Loss 0.5969 (0.7015)	Prec@1 92.188 (85.995)
335 0.00034183673469387755
336 0.0003428571428571429
337 0.0003438775510204082
338 0.0003448979591836735
339 0.0003459183673469388
340 0.0003469387755102041
341 0.0003479591836734694
342 0.0003489795918367347
{'system_accuracy': 84.619140625, 'validation_loss': 0.7271538786590099}
343 0.00035000000000000005
Epoch: [7][0/49]	Time 0.482 (0.482)	Loss 0.6800 (0.6800)	Prec@1 87.500 (87.500)
344 0.00035102040816326535
345 0.00035204081632653065
346 0.00035306122448979595
347 0.00035408163265306125
348 0.00035510204081632654
349 0.00035612244897959184
350 0.0003571428571428572
351 0.0003581632653061225
352 0.00035918367346938774
353 0.00036020408163265304
Epoch: [7][10/49]	Time 0.481 (0.481)	Loss 0.6724 (0.6811)	Prec@1 85.938 (86.009)
354 0.00036122448979591834
355 0.00036224489795918364
356 0.00036326530612244894
357 0.0003642857142857143
358 0.0003653061224489796
359 0.0003663265306122449
360 0.0003673469387755102
361 0.0003683673469387755
362 0.0003693877551020408
363 0.00037040816326530614
Epoch: [7][20/49]	Time 0.480 (0.481)	Loss 0.6302 (0.6543)	Prec@1 87.500 (87.463)
364 0.00037142857142857143
365 0.00037244897959183673
366 0.00037346938775510203
367 0.00037448979591836733
368 0.00037551020408163263
369 0.00037653061224489793
370 0.0003775510204081633
371 0.0003785714285714286
372 0.0003795918367346939
373 0.0003806122448979592
Epoch: [7][30/49]	Time 0.481 (0.481)	Loss 0.6339 (0.6604)	Prec@1 86.719 (87.021)
374 0.0003816326530612245
375 0.0003826530612244898
376 0.00038367346938775513
377 0.00038469387755102043
378 0.0003857142857142857
379 0.000386734693877551
380 0.0003877551020408163
381 0.0003887755102040816
382 0.0003897959183673469
383 0.0003908163265306123
Epoch: [7][40/49]	Time 0.480 (0.482)	Loss 0.7231 (0.6714)	Prec@1 82.812 (86.547)
384 0.0003918367346938776
385 0.0003928571428571429
386 0.00039387755102040817
387 0.00039489795918367347
388 0.00039591836734693877
389 0.00039693877551020407
390 0.0003979591836734694
391 0.0003989795918367347
{'system_accuracy': 85.400390625, 'validation_loss': 0.6928521618247032}
392 0.0004
Epoch: [8][0/49]	Time 0.479 (0.479)	Loss 0.7004 (0.7004)	Prec@1 86.719 (86.719)
393 0.0004010204081632653
394 0.0004020408163265306
395 0.0004030612244897959
396 0.00040408163265306127
397 0.00040510204081632657
398 0.00040612244897959187
399 0.00040714285714285717
400 0.00040816326530612246
401 0.00040918367346938776
402 0.00041020408163265306
Epoch: [8][10/49]	Time 0.481 (0.481)	Loss 0.7105 (0.6291)	Prec@1 84.375 (88.565)
403 0.0004112244897959184
404 0.0004122448979591837
405 0.000413265306122449
406 0.0004142857142857143
407 0.0004153061224489796
408 0.0004163265306122449
409 0.0004173469387755102
410 0.00041836734693877556
411 0.00041938775510204086
412 0.00042040816326530616
Epoch: [8][20/49]	Time 0.483 (0.481)	Loss 0.5575 (0.6477)	Prec@1 90.625 (87.351)
413 0.00042142857142857146
414 0.00042244897959183676
415 0.00042346938775510206
416 0.0004244897959183674
417 0.00042551020408163265
418 0.00042653061224489795
419 0.00042755102040816325
420 0.00042857142857142855
421 0.00042959183673469385
422 0.00043061224489795915
Epoch: [8][30/49]	Time 0.480 (0.481)	Loss 0.7115 (0.6449)	Prec@1 79.688 (87.273)
423 0.0004316326530612245
424 0.0004326530612244898
425 0.0004336734693877551
426 0.0004346938775510204
427 0.0004357142857142857
428 0.000436734693877551
429 0.0004377551020408163
430 0.00043877551020408165
431 0.00043979591836734695
432 0.00044081632653061224
Epoch: [8][40/49]	Time 0.480 (0.482)	Loss 0.7016 (0.6406)	Prec@1 83.594 (87.329)
433 0.00044183673469387754
434 0.00044285714285714284
435 0.00044387755102040814
436 0.0004448979591836735
437 0.0004459183673469388
438 0.0004469387755102041
439 0.0004479591836734694
440 0.0004489795918367347
{'system_accuracy': 85.400390625, 'validation_loss': 0.6741010956466198}
441 0.00045
Epoch: [9][0/49]	Time 0.482 (0.482)	Loss 0.5590 (0.5590)	Prec@1 87.500 (87.500)
442 0.0004510204081632653
443 0.00045204081632653064
444 0.00045306122448979594
445 0.00045408163265306124
446 0.00045510204081632654
447 0.00045612244897959183
448 0.00045714285714285713
449 0.00045816326530612243
450 0.0004591836734693878
451 0.0004602040816326531
Epoch: [9][10/49]	Time 0.480 (0.481)	Loss 0.5966 (0.6092)	Prec@1 90.625 (87.997)
452 0.0004612244897959184
453 0.0004622448979591837
454 0.000463265306122449
455 0.0004642857142857143
456 0.00046530612244897963
457 0.00046632653061224493
458 0.00046734693877551023
459 0.00046836734693877553
460 0.00046938775510204083
461 0.00047040816326530613
Epoch: [9][20/49]	Time 0.482 (0.482)	Loss 0.7557 (0.6163)	Prec@1 81.250 (87.612)
462 0.0004714285714285714
463 0.0004724489795918368
464 0.0004734693877551021
465 0.0004744897959183674
466 0.0004755102040816327
467 0.000476530612244898
468 0.0004775510204081633
469 0.0004785714285714286
470 0.0004795918367346939
471 0.0004806122448979592
Epoch: [9][30/49]	Time 0.482 (0.482)	Loss 0.6764 (0.6246)	Prec@1 82.812 (86.946)
472 0.0004816326530612245
473 0.0004826530612244898
474 0.0004836734693877551
475 0.0004846938775510204
476 0.00048571428571428577
477 0.00048673469387755107
478 0.00048775510204081637
479 0.0004887755102040817
480 0.0004897959183673469
481 0.0004908163265306123
Epoch: [9][40/49]	Time 0.481 (0.482)	Loss 0.7330 (0.6120)	Prec@1 82.812 (87.538)
482 0.0004918367346938775
483 0.0004928571428571429
484 0.0004938775510204081
485 0.0004948979591836735
486 0.0004959183673469388
487 0.0004969387755102041
488 0.0004979591836734694
489 0.0004989795918367347
{'system_accuracy': 85.107421875, 'validation_loss': 0.6581973060965538}
490 0.0005
Epoch: [10][0/49]	Time 0.484 (0.484)	Loss 0.5199 (0.5199)	Prec@1 91.406 (91.406)
491 0.0005010204081632653
492 0.0005020408163265306
493 0.000503061224489796
494 0.0005040816326530612
495 0.0005051020408163266
496 0.0005061224489795918
497 0.0005071428571428572
498 0.0005081632653061224
499 0.0005091836734693878
500 0.0005102040816326531
Epoch: [10][10/49]	Time 0.480 (0.482)	Loss 0.5112 (0.5851)	Prec@1 90.625 (87.287)
501 0.0005112244897959184
502 0.0005122448979591837
503 0.000513265306122449
504 0.0005142857142857143
505 0.0005153061224489795
506 0.0005163265306122449
507 0.0005173469387755103
508 0.0005183673469387755
509 0.0005193877551020409
510 0.0005204081632653061
Epoch: [10][20/49]	Time 0.480 (0.482)	Loss 0.5625 (0.5927)	Prec@1 83.594 (86.496)
511 0.0005214285714285714
512 0.0005224489795918367
513 0.000523469387755102
514 0.0005244897959183674
515 0.0005255102040816326
516 0.000526530612244898
517 0.0005275510204081632
518 0.0005285714285714286
519 0.000529591836734694
520 0.0005306122448979592
Epoch: [10][30/49]	Time 0.482 (0.482)	Loss 0.6435 (0.5852)	Prec@1 88.281 (87.550)
521 0.0005316326530612245
522 0.0005326530612244898
523 0.0005336734693877551
524 0.0005346938775510204
525 0.0005357142857142857
526 0.0005367346938775511
527 0.0005377551020408163
528 0.0005387755102040817
529 0.0005397959183673469
530 0.0005408163265306123
Epoch: [10][40/49]	Time 0.485 (0.482)	Loss 0.5804 (0.5851)	Prec@1 89.062 (87.576)
531 0.0005418367346938775
532 0.0005428571428571429
533 0.0005438775510204082
534 0.0005448979591836735
535 0.0005459183673469388
536 0.0005469387755102041
537 0.0005479591836734694
538 0.0005489795918367347
{'system_accuracy': 86.669921875, 'validation_loss': 0.6284544300287962}
539 0.00055
Epoch: [11][0/49]	Time 0.480 (0.480)	Loss 0.5910 (0.5910)	Prec@1 86.719 (86.719)
540 0.0005510204081632654
541 0.0005520408163265306
542 0.000553061224489796
543 0.0005540816326530612
544 0.0005551020408163266
545 0.0005561224489795918
546 0.0005571428571428572
547 0.0005581632653061225
548 0.0005591836734693878
549 0.0005602040816326531
Epoch: [11][10/49]	Time 0.482 (0.482)	Loss 0.4984 (0.5393)	Prec@1 93.750 (88.991)
550 0.0005612244897959184
551 0.0005622448979591837
552 0.0005632653061224491
553 0.0005642857142857143
554 0.0005653061224489797
555 0.0005663265306122449
556 0.0005673469387755103
557 0.0005683673469387755
558 0.0005693877551020409
559 0.0005704081632653062
Epoch: [11][20/49]	Time 0.483 (0.482)	Loss 0.6063 (0.5551)	Prec@1 89.844 (88.728)
560 0.0005714285714285715
561 0.0005724489795918368
562 0.0005734693877551021
563 0.0005744897959183674
564 0.0005755102040816327
565 0.000576530612244898
566 0.0005775510204081634
567 0.0005785714285714286
568 0.000579591836734694
569 0.0005806122448979592
Epoch: [11][30/49]	Time 0.482 (0.482)	Loss 0.5184 (0.5531)	Prec@1 92.188 (88.710)
570 0.0005816326530612246
571 0.0005826530612244898
572 0.0005836734693877552
573 0.0005846938775510205
574 0.0005857142857142858
575 0.0005867346938775511
576 0.0005877551020408164
577 0.0005887755102040816
578 0.0005897959183673469
579 0.0005908163265306122
Epoch: [11][40/49]	Time 0.482 (0.482)	Loss 0.5221 (0.5495)	Prec@1 88.281 (88.796)
580 0.0005918367346938776
581 0.0005928571428571428
582 0.0005938775510204082
583 0.0005948979591836734
584 0.0005959183673469388
585 0.000596938775510204
586 0.0005979591836734693
587 0.0005989795918367347
{'system_accuracy': 86.81640625, 'validation_loss': 0.6146938689053059}
588 0.0006
Epoch: [12][0/49]	Time 0.483 (0.483)	Loss 0.5996 (0.5996)	Prec@1 83.594 (83.594)
589 0.0006010204081632653
590 0.0006020408163265305
591 0.0006030612244897959
592 0.0006040816326530611
593 0.0006051020408163265
594 0.0006061224489795918
595 0.0006071428571428571
596 0.0006081632653061224
597 0.0006091836734693877
598 0.000610204081632653
Epoch: [12][10/49]	Time 0.481 (0.482)	Loss 0.5910 (0.5729)	Prec@1 89.062 (87.003)
599 0.0006112244897959184
600 0.0006122448979591836
601 0.000613265306122449
602 0.0006142857142857142
603 0.0006153061224489796
604 0.0006163265306122448
605 0.0006173469387755102
606 0.0006183673469387755
607 0.0006193877551020408
608 0.0006204081632653061
Epoch: [12][20/49]	Time 0.482 (0.482)	Loss 0.5207 (0.5425)	Prec@1 86.719 (88.132)
609 0.0006214285714285714
610 0.0006224489795918367
611 0.000623469387755102
612 0.0006244897959183673
613 0.0006255102040816327
614 0.0006265306122448979
615 0.0006275510204081633
616 0.0006285714285714285
617 0.0006295918367346939
618 0.0006306122448979591
Epoch: [12][30/49]	Time 0.484 (0.482)	Loss 0.6028 (0.5268)	Prec@1 83.594 (88.483)
619 0.0006316326530612245
620 0.0006326530612244898
621 0.0006336734693877551
622 0.0006346938775510204
623 0.0006357142857142857
624 0.000636734693877551
625 0.0006377551020408163
626 0.0006387755102040816
627 0.000639795918367347
628 0.0006408163265306122
Epoch: [12][40/49]	Time 0.481 (0.482)	Loss 0.4425 (0.5282)	Prec@1 92.969 (88.434)
629 0.0006418367346938776
630 0.0006428571428571428
631 0.0006438775510204082
632 0.0006448979591836734
633 0.0006459183673469388
634 0.0006469387755102041
635 0.0006479591836734694
636 0.0006489795918367347
{'system_accuracy': 87.744140625, 'validation_loss': 0.5928446650505066}
637 0.00065
Epoch: [13][0/49]	Time 0.484 (0.484)	Loss 0.4846 (0.4846)	Prec@1 89.844 (89.844)
638 0.0006510204081632653
639 0.0006520408163265307
640 0.0006530612244897959
641 0.0006540816326530613
642 0.0006551020408163265
643 0.0006561224489795919
644 0.0006571428571428571
645 0.0006581632653061225
646 0.0006591836734693878
647 0.0006602040816326531
Epoch: [13][10/49]	Time 0.482 (0.481)	Loss 0.5047 (0.5046)	Prec@1 90.625 (90.199)
648 0.0006612244897959184
649 0.0006622448979591837
650 0.000663265306122449
651 0.0006642857142857143
652 0.0006653061224489796
653 0.000666326530612245
654 0.0006673469387755102
655 0.0006683673469387756
656 0.0006693877551020408
657 0.0006704081632653062
Epoch: [13][20/49]	Time 0.482 (0.482)	Loss 0.4878 (0.4963)	Prec@1 90.625 (89.807)
658 0.0006714285714285714
659 0.0006724489795918368
660 0.0006734693877551021
661 0.0006744897959183674
662 0.0006755102040816327
663 0.000676530612244898
664 0.0006775510204081633
665 0.0006785714285714286
666 0.0006795918367346939
667 0.0006806122448979593
Epoch: [13][30/49]	Time 0.481 (0.482)	Loss 0.4888 (0.4886)	Prec@1 87.500 (89.919)
668 0.0006816326530612245
669 0.0006826530612244899
670 0.0006836734693877551
671 0.0006846938775510205
672 0.0006857142857142858
673 0.000686734693877551
674 0.0006877551020408164
675 0.0006887755102040817
676 0.000689795918367347
677 0.0006908163265306122
Epoch: [13][40/49]	Time 0.480 (0.482)	Loss 0.4935 (0.4929)	Prec@1 91.406 (89.787)
678 0.0006918367346938776
679 0.000692857142857143
680 0.0006938775510204082
681 0.0006948979591836736
682 0.0006959183673469388
683 0.0006969387755102042
684 0.0006979591836734694
685 0.0006989795918367347
{'system_accuracy': 88.0859375, 'validation_loss': 0.5863821245729923}
686 0.0007000000000000001
Epoch: [14][0/49]	Time 0.481 (0.481)	Loss 0.5514 (0.5514)	Prec@1 92.188 (92.188)
687 0.0007010204081632653
688 0.0007020408163265307
689 0.0007030612244897959
690 0.0007040816326530613
691 0.0007051020408163265
692 0.0007061224489795919
693 0.0007071428571428572
694 0.0007081632653061225
695 0.0007091836734693878
696 0.0007102040816326531
Epoch: [14][10/49]	Time 0.483 (0.482)	Loss 0.4778 (0.4560)	Prec@1 88.281 (90.838)
697 0.0007112244897959184
698 0.0007122448979591837
699 0.000713265306122449
700 0.0007142857142857144
701 0.0007153061224489796
702 0.000716326530612245
703 0.0007173469387755102
704 0.0007183673469387755
705 0.0007193877551020407
706 0.0007204081632653061
Epoch: [14][20/49]	Time 0.480 (0.482)	Loss 0.5376 (0.4711)	Prec@1 89.062 (89.881)
707 0.0007214285714285714
708 0.0007224489795918367
709 0.000723469387755102
710 0.0007244897959183673
711 0.0007255102040816326
712 0.0007265306122448979
713 0.0007275510204081632
714 0.0007285714285714286
715 0.0007295918367346938
716 0.0007306122448979592
Epoch: [14][30/49]	Time 0.484 (0.483)	Loss 0.5246 (0.4771)	Prec@1 86.719 (89.516)
717 0.0007316326530612244
718 0.0007326530612244898
719 0.0007336734693877551
720 0.0007346938775510204
721 0.0007357142857142857
722 0.000736734693877551
723 0.0007377551020408163
724 0.0007387755102040816
725 0.0007397959183673469
726 0.0007408163265306123
Epoch: [14][40/49]	Time 0.481 (0.482)	Loss 0.4374 (0.4703)	Prec@1 89.844 (89.863)
727 0.0007418367346938775
728 0.0007428571428571429
729 0.0007438775510204081
730 0.0007448979591836735
731 0.0007459183673469387
732 0.0007469387755102041
733 0.0007479591836734694
734 0.0007489795918367347
{'system_accuracy': 86.9140625, 'validation_loss': 0.5739924572408199}
735 0.00075
Epoch: [15][0/49]	Time 0.480 (0.480)	Loss 0.4285 (0.4285)	Prec@1 90.625 (90.625)
736 0.0007510204081632653
737 0.0007520408163265306
738 0.0007530612244897959
739 0.0007540816326530612
740 0.0007551020408163266
741 0.0007561224489795918
742 0.0007571428571428572
743 0.0007581632653061224
744 0.0007591836734693878
745 0.000760204081632653
Epoch: [15][10/49]	Time 0.482 (0.482)	Loss 0.4429 (0.4288)	Prec@1 92.188 (91.548)
746 0.0007612244897959184
747 0.0007622448979591837
748 0.000763265306122449
749 0.0007642857142857143
750 0.0007653061224489796
751 0.0007663265306122449
752 0.0007673469387755103
753 0.0007683673469387755
754 0.0007693877551020409
755 0.0007704081632653061
Epoch: [15][20/49]	Time 0.483 (0.482)	Loss 0.4135 (0.4282)	Prec@1 92.969 (91.443)
756 0.0007714285714285715
757 0.0007724489795918367
758 0.000773469387755102
759 0.0007744897959183674
760 0.0007755102040816326
761 0.000776530612244898
762 0.0007775510204081632
763 0.0007785714285714286
764 0.0007795918367346938
765 0.0007806122448979592
Epoch: [15][30/49]	Time 0.487 (0.482)	Loss 0.3996 (0.4285)	Prec@1 92.188 (90.927)
766 0.0007816326530612246
767 0.0007826530612244898
768 0.0007836734693877551
769 0.0007846938775510204
770 0.0007857142857142857
771 0.000786734693877551
772 0.0007877551020408163
773 0.0007887755102040817
774 0.0007897959183673469
775 0.0007908163265306123
Epoch: [15][40/49]	Time 0.481 (0.482)	Loss 0.4548 (0.4294)	Prec@1 91.406 (90.835)
776 0.0007918367346938775
777 0.0007928571428571429
778 0.0007938775510204081
779 0.0007948979591836735
780 0.0007959183673469388
781 0.0007969387755102041
782 0.0007979591836734694
783 0.0007989795918367347
{'system_accuracy': 87.451171875, 'validation_loss': 0.5650560017675161}
784 0.0008
Epoch: [16][0/49]	Time 0.480 (0.480)	Loss 0.3951 (0.3951)	Prec@1 89.844 (89.844)
785 0.0008010204081632654
786 0.0008020408163265306
787 0.000803061224489796
788 0.0008040816326530612
789 0.0008051020408163266
790 0.0008061224489795918
791 0.0008071428571428572
792 0.0008081632653061225
793 0.0008091836734693878
794 0.0008102040816326531
Epoch: [16][10/49]	Time 0.482 (0.482)	Loss 0.5480 (0.4005)	Prec@1 82.812 (90.980)
795 0.0008112244897959184
796 0.0008122448979591837
797 0.000813265306122449
798 0.0008142857142857143
799 0.0008153061224489797
800 0.0008163265306122449
801 0.0008173469387755103
802 0.0008183673469387755
803 0.0008193877551020409
804 0.0008204081632653061
Epoch: [16][20/49]	Time 0.481 (0.482)	Loss 0.3631 (0.4021)	Prec@1 95.312 (91.443)
805 0.0008214285714285715
806 0.0008224489795918368
807 0.0008234693877551021
808 0.0008244897959183674
809 0.0008255102040816327
810 0.000826530612244898
811 0.0008275510204081633
812 0.0008285714285714286
813 0.000829591836734694
814 0.0008306122448979592
Epoch: [16][30/49]	Time 0.485 (0.482)	Loss 0.3430 (0.4014)	Prec@1 96.875 (91.734)
815 0.0008316326530612246
816 0.0008326530612244898
817 0.0008336734693877552
818 0.0008346938775510204
819 0.0008357142857142858
820 0.0008367346938775511
821 0.0008377551020408164
822 0.0008387755102040817
823 0.000839795918367347
824 0.0008408163265306123
Epoch: [16][40/49]	Time 0.484 (0.482)	Loss 0.3686 (0.3989)	Prec@1 96.094 (91.787)
825 0.0008418367346938777
826 0.0008428571428571429
827 0.0008438775510204083
828 0.0008448979591836735
829 0.0008459183673469389
830 0.0008469387755102041
831 0.0008479591836734695
832 0.0008489795918367348
{'system_accuracy': 87.255859375, 'validation_loss': 0.5549461338669062}
833 0.00085
Epoch: [17][0/49]	Time 0.482 (0.482)	Loss 0.3521 (0.3521)	Prec@1 93.750 (93.750)
834 0.0008510204081632653
835 0.0008520408163265306
836 0.0008530612244897959
837 0.0008540816326530611
838 0.0008551020408163265
839 0.0008561224489795919
840 0.0008571428571428571
841 0.0008581632653061225
842 0.0008591836734693877
843 0.000860204081632653
Epoch: [17][10/49]	Time 0.484 (0.482)	Loss 0.3816 (0.3702)	Prec@1 90.625 (93.111)
844 0.0008612244897959183
845 0.0008622448979591836
846 0.000863265306122449
847 0.0008642857142857142
848 0.0008653061224489796
849 0.0008663265306122448
850 0.0008673469387755102
851 0.0008683673469387754
852 0.0008693877551020408
853 0.0008704081632653061
Epoch: [17][20/49]	Time 0.480 (0.481)	Loss 0.3372 (0.3719)	Prec@1 92.188 (92.597)
854 0.0008714285714285714
855 0.0008724489795918367
856 0.000873469387755102
857 0.0008744897959183673
858 0.0008755102040816326
859 0.0008765306122448979
860 0.0008775510204081633
861 0.0008785714285714285
862 0.0008795918367346939
863 0.0008806122448979591
Epoch: [17][30/49]	Time 0.483 (0.482)	Loss 0.3304 (0.3677)	Prec@1 95.312 (92.717)
864 0.0008816326530612245
865 0.0008826530612244898
866 0.0008836734693877551
867 0.0008846938775510204
868 0.0008857142857142857
869 0.000886734693877551
870 0.0008877551020408163
871 0.0008887755102040816
872 0.000889795918367347
873 0.0008908163265306122
Epoch: [17][40/49]	Time 0.482 (0.482)	Loss 0.3555 (0.3617)	Prec@1 92.969 (92.740)
874 0.0008918367346938776
875 0.0008928571428571428
876 0.0008938775510204082
877 0.0008948979591836734
878 0.0008959183673469388
879 0.0008969387755102041
880 0.0008979591836734694
881 0.0008989795918367347
{'system_accuracy': 87.59765625, 'validation_loss': 0.5392496939748526}
882 0.0009
Epoch: [18][0/49]	Time 0.482 (0.482)	Loss 0.3252 (0.3252)	Prec@1 93.750 (93.750)
883 0.0009010204081632653
884 0.0009020408163265306
885 0.0009030612244897959
886 0.0009040816326530613
887 0.0009051020408163265
888 0.0009061224489795919
889 0.0009071428571428571
890 0.0009081632653061225
891 0.0009091836734693877
892 0.0009102040816326531
Epoch: [18][10/49]	Time 0.485 (0.482)	Loss 0.2956 (0.3322)	Prec@1 92.188 (93.040)
893 0.0009112244897959184
894 0.0009122448979591837
895 0.000913265306122449
896 0.0009142857142857143
897 0.0009153061224489796
898 0.0009163265306122449
899 0.0009173469387755102
900 0.0009183673469387756
901 0.0009193877551020408
902 0.0009204081632653062
Epoch: [18][20/49]	Time 0.481 (0.482)	Loss 0.2892 (0.3407)	Prec@1 95.312 (92.448)
903 0.0009214285714285714
904 0.0009224489795918368
905 0.0009234693877551021
906 0.0009244897959183674
907 0.0009255102040816327
908 0.000926530612244898
909 0.0009275510204081633
910 0.0009285714285714286
911 0.0009295918367346939
912 0.0009306122448979593
Epoch: [18][30/49]	Time 0.480 (0.482)	Loss 0.3007 (0.3404)	Prec@1 94.531 (92.540)
913 0.0009316326530612245
914 0.0009326530612244899
915 0.0009336734693877551
916 0.0009346938775510205
917 0.0009357142857142857
918 0.0009367346938775511
919 0.0009377551020408164
920 0.0009387755102040817
921 0.000939795918367347
922 0.0009408163265306123
Epoch: [18][40/49]	Time 0.482 (0.482)	Loss 0.2924 (0.3409)	Prec@1 94.531 (92.530)
923 0.0009418367346938776
924 0.0009428571428571429
925 0.0009438775510204082
926 0.0009448979591836736
927 0.0009459183673469388
928 0.0009469387755102042
929 0.0009479591836734694
930 0.0009489795918367348
{'system_accuracy': 88.330078125, 'validation_loss': 0.5385389272123575}
931 0.00095
Epoch: [19][0/49]	Time 0.480 (0.480)	Loss 0.3003 (0.3003)	Prec@1 93.750 (93.750)
932 0.0009510204081632654
933 0.0009520408163265307
934 0.000953061224489796
935 0.0009540816326530613
936 0.0009551020408163265
937 0.0009561224489795919
938 0.0009571428571428573
939 0.0009581632653061225
940 0.0009591836734693879
941 0.0009602040816326531
Epoch: [19][10/49]	Time 0.484 (0.481)	Loss 0.2701 (0.2935)	Prec@1 96.094 (94.105)
942 0.0009612244897959184
943 0.0009622448979591837
944 0.000963265306122449
945 0.0009642857142857144
946 0.0009653061224489796
947 0.000966326530612245
948 0.0009673469387755102
949 0.0009683673469387756
950 0.0009693877551020408
951 0.0009704081632653062
Epoch: [19][20/49]	Time 0.481 (0.481)	Loss 0.3839 (0.3017)	Prec@1 89.062 (93.415)
952 0.0009714285714285715
953 0.0009724489795918368
954 0.0009734693877551021
955 0.0009744897959183674
956 0.0009755102040816327
957 0.000976530612244898
958 0.0009775510204081633
959 0.0009785714285714287
960 0.0009795918367346938
961 0.0009806122448979592
Epoch: [19][30/49]	Time 0.483 (0.481)	Loss 0.3161 (0.3056)	Prec@1 95.312 (93.196)
962 0.0009816326530612245
963 0.0009826530612244897
964 0.000983673469387755
965 0.0009846938775510204
966 0.0009857142857142857
967 0.000986734693877551
968 0.0009877551020408162
969 0.0009887755102040816
970 0.000989795918367347
971 0.0009908163265306123
Epoch: [19][40/49]	Time 0.479 (0.481)	Loss 0.3254 (0.3125)	Prec@1 93.750 (93.102)
972 0.0009918367346938776
973 0.0009928571428571428
974 0.0009938775510204081
975 0.0009948979591836735
976 0.0009959183673469388
977 0.000996938775510204
978 0.0009979591836734693
979 0.0009989795918367347
{'system_accuracy': 88.818359375, 'validation_loss': 0.5286007933318615}
Epoch: [20][0/49]	Time 0.479 (0.479)	Loss 0.2600 (0.2600)	Prec@1 96.094 (96.094)
Epoch: [20][10/49]	Time 0.481 (0.482)	Loss 0.2576 (0.2743)	Prec@1 97.656 (95.241)
Epoch: [20][20/49]	Time 0.482 (0.482)	Loss 0.2895 (0.2755)	Prec@1 94.531 (95.015)
Epoch: [20][30/49]	Time 0.483 (0.482)	Loss 0.3231 (0.2860)	Prec@1 90.625 (94.355)
Epoch: [20][40/49]	Time 0.481 (0.481)	Loss 0.2924 (0.2887)	Prec@1 92.188 (94.093)
{'system_accuracy': 88.37890625, 'validation_loss': 0.5285474862903357}
Epoch: [21][0/49]	Time 0.480 (0.480)	Loss 0.2557 (0.2557)	Prec@1 96.875 (96.875)
Epoch: [21][10/49]	Time 0.485 (0.481)	Loss 0.2653 (0.2603)	Prec@1 96.875 (95.597)
Epoch: [21][20/49]	Time 0.480 (0.481)	Loss 0.3002 (0.2609)	Prec@1 92.969 (95.387)
Epoch: [21][30/49]	Time 0.481 (0.481)	Loss 0.2075 (0.2618)	Prec@1 97.656 (95.186)
Epoch: [21][40/49]	Time 0.479 (0.481)	Loss 0.2459 (0.2622)	Prec@1 95.312 (95.027)
{'system_accuracy': 88.916015625, 'validation_loss': 0.5313760638237}
Epoch: [22][0/49]	Time 0.481 (0.481)	Loss 0.2607 (0.2607)	Prec@1 94.531 (94.531)
Epoch: [22][10/49]	Time 0.479 (0.481)	Loss 0.2163 (0.2419)	Prec@1 96.875 (95.028)
Epoch: [22][20/49]	Time 0.479 (0.480)	Loss 0.2391 (0.2461)	Prec@1 94.531 (95.015)
Epoch: [22][30/49]	Time 0.481 (0.480)	Loss 0.2914 (0.2534)	Prec@1 95.312 (94.884)
Epoch: [22][40/49]	Time 0.482 (0.481)	Loss 0.2618 (0.2524)	Prec@1 96.094 (94.950)
{'system_accuracy': 87.744140625, 'validation_loss': 0.538055656477809}
Epoch: [23][0/49]	Time 0.482 (0.482)	Loss 0.2226 (0.2226)	Prec@1 94.531 (94.531)
Epoch: [23][10/49]	Time 0.481 (0.481)	Loss 0.2203 (0.2436)	Prec@1 94.531 (94.176)
Epoch: [23][20/49]	Time 0.480 (0.481)	Loss 0.1993 (0.2398)	Prec@1 97.656 (94.940)
Epoch: [23][30/49]	Time 0.480 (0.481)	Loss 0.2290 (0.2392)	Prec@1 96.094 (95.010)
Epoch: [23][40/49]	Time 0.480 (0.481)	Loss 0.2527 (0.2373)	Prec@1 94.531 (95.274)
{'system_accuracy': 88.427734375, 'validation_loss': 0.5348664503544569}
Epoch: [24][0/49]	Time 0.481 (0.481)	Loss 0.1853 (0.1853)	Prec@1 98.438 (98.438)
Epoch: [24][10/49]	Time 0.480 (0.481)	Loss 0.2251 (0.2168)	Prec@1 96.094 (95.810)
Epoch: [24][20/49]	Time 0.481 (0.481)	Loss 0.2657 (0.2207)	Prec@1 92.188 (95.424)
Epoch: [24][30/49]	Time 0.480 (0.481)	Loss 0.2204 (0.2252)	Prec@1 96.875 (95.413)
Epoch: [24][40/49]	Time 0.480 (0.481)	Loss 0.2554 (0.2264)	Prec@1 91.406 (95.484)
{'system_accuracy': 88.18359375, 'validation_loss': 0.542223360389471}
Epoch: [25][0/49]	Time 0.479 (0.479)	Loss 0.2047 (0.2047)	Prec@1 97.656 (97.656)
Epoch: [25][10/49]	Time 0.482 (0.481)	Loss 0.2074 (0.2204)	Prec@1 98.438 (95.384)
Epoch: [25][20/49]	Time 0.480 (0.481)	Loss 0.2251 (0.2250)	Prec@1 95.312 (95.052)
Epoch: [25][30/49]	Time 0.482 (0.481)	Loss 0.1958 (0.2254)	Prec@1 97.656 (95.035)
Epoch: [25][40/49]	Time 0.480 (0.481)	Loss 0.2202 (0.2214)	Prec@1 93.750 (95.217)
{'system_accuracy': 89.16015625, 'validation_loss': 0.5432932209223509}
Epoch: [26][0/49]	Time 0.482 (0.482)	Loss 0.2889 (0.2889)	Prec@1 89.062 (89.062)
Epoch: [26][10/49]	Time 0.479 (0.481)	Loss 0.2027 (0.2084)	Prec@1 97.656 (96.307)
Epoch: [26][20/49]	Time 0.481 (0.481)	Loss 0.2612 (0.2112)	Prec@1 91.406 (96.019)
Epoch: [26][30/49]	Time 0.481 (0.481)	Loss 0.1886 (0.2054)	Prec@1 97.656 (96.295)
Epoch: [26][40/49]	Time 0.480 (0.481)	Loss 0.2185 (0.2068)	Prec@1 97.656 (96.265)
{'system_accuracy': 88.37890625, 'validation_loss': 0.550091240555048}
Epoch: [27][0/49]	Time 0.481 (0.481)	Loss 0.2052 (0.2052)	Prec@1 98.438 (98.438)
Epoch: [27][10/49]	Time 0.480 (0.480)	Loss 0.1947 (0.2080)	Prec@1 96.094 (96.449)
Epoch: [27][20/49]	Time 0.481 (0.481)	Loss 0.1877 (0.2042)	Prec@1 97.656 (96.243)
Epoch: [27][30/49]	Time 0.480 (0.481)	Loss 0.1996 (0.2061)	Prec@1 95.312 (96.119)
Epoch: [27][40/49]	Time 0.480 (0.481)	Loss 0.1995 (0.2063)	Prec@1 96.094 (96.170)
{'system_accuracy': 88.57421875, 'validation_loss': 0.5452071893960238}
Epoch: [28][0/49]	Time 0.480 (0.480)	Loss 0.1836 (0.1836)	Prec@1 96.875 (96.875)
Epoch: [28][10/49]	Time 0.479 (0.481)	Loss 0.1901 (0.1970)	Prec@1 96.094 (96.591)
Epoch: [28][20/49]	Time 0.482 (0.481)	Loss 0.2101 (0.1998)	Prec@1 95.312 (96.019)
Epoch: [28][30/49]	Time 0.480 (0.481)	Loss 0.2035 (0.1996)	Prec@1 95.312 (96.144)
Epoch: [28][40/49]	Time 0.482 (0.480)	Loss 0.1984 (0.2005)	Prec@1 96.094 (96.113)
{'system_accuracy': 87.548828125, 'validation_loss': 0.5487839356064796}
Epoch: [29][0/49]	Time 0.479 (0.479)	Loss 0.2270 (0.2270)	Prec@1 93.750 (93.750)
Epoch: [29][10/49]	Time 0.480 (0.480)	Loss 0.1941 (0.1932)	Prec@1 97.656 (96.520)
Epoch: [29][20/49]	Time 0.481 (0.480)	Loss 0.2034 (0.1976)	Prec@1 96.875 (96.094)
Epoch: [29][30/49]	Time 0.479 (0.480)	Loss 0.2046 (0.1959)	Prec@1 92.188 (96.043)
Epoch: [29][40/49]	Time 0.480 (0.480)	Loss 0.1672 (0.1971)	Prec@1 100.000 (96.094)
{'system_accuracy': 88.96484375, 'validation_loss': 0.5542137026786804}
Epoch: [30][0/49]	Time 0.480 (0.480)	Loss 0.2001 (0.2001)	Prec@1 95.312 (95.312)
Epoch: [30][10/49]	Time 0.479 (0.480)	Loss 0.2047 (0.2012)	Prec@1 95.312 (95.810)
Epoch: [30][20/49]	Time 0.479 (0.480)	Loss 0.1949 (0.2000)	Prec@1 94.531 (95.833)
Epoch: [30][30/49]	Time 0.487 (0.481)	Loss 0.1888 (0.1969)	Prec@1 96.094 (95.892)
Epoch: [30][40/49]	Time 0.481 (0.481)	Loss 0.2029 (0.1965)	Prec@1 95.312 (95.827)
{'system_accuracy': 88.0859375, 'validation_loss': 0.5551412105560303}
Epoch: [31][0/49]	Time 0.480 (0.480)	Loss 0.1575 (0.1575)	Prec@1 96.875 (96.875)
Epoch: [31][10/49]	Time 0.482 (0.481)	Loss 0.1872 (0.1828)	Prec@1 96.875 (96.875)
Epoch: [31][20/49]	Time 0.480 (0.481)	Loss 0.1699 (0.1889)	Prec@1 98.438 (96.689)
Epoch: [31][30/49]	Time 0.481 (0.481)	Loss 0.2099 (0.1923)	Prec@1 94.531 (96.598)
Epoch: [31][40/49]	Time 0.481 (0.481)	Loss 0.1863 (0.1931)	Prec@1 96.094 (96.284)
{'system_accuracy': 88.671875, 'validation_loss': 0.5573371611535549}
Epoch: [32][0/49]	Time 0.481 (0.481)	Loss 0.1670 (0.1670)	Prec@1 96.094 (96.094)
Epoch: [32][10/49]	Time 0.481 (0.481)	Loss 0.2150 (0.1992)	Prec@1 94.531 (95.241)
Epoch: [32][20/49]	Time 0.480 (0.481)	Loss 0.1938 (0.1902)	Prec@1 97.656 (96.205)
Epoch: [32][30/49]	Time 0.480 (0.481)	Loss 0.2104 (0.1911)	Prec@1 95.312 (96.220)
Epoch: [32][40/49]	Time 0.482 (0.481)	Loss 0.1864 (0.1896)	Prec@1 94.531 (96.361)
{'system_accuracy': 88.37890625, 'validation_loss': 0.557550897821784}
Epoch: [33][0/49]	Time 0.480 (0.480)	Loss 0.1716 (0.1716)	Prec@1 97.656 (97.656)
Epoch: [33][10/49]	Time 0.480 (0.481)	Loss 0.1856 (0.1896)	Prec@1 97.656 (96.520)
Epoch: [33][20/49]	Time 0.482 (0.481)	Loss 0.1947 (0.1873)	Prec@1 96.875 (96.912)
Epoch: [33][30/49]	Time 0.480 (0.480)	Loss 0.1951 (0.1892)	Prec@1 96.875 (96.522)
Epoch: [33][40/49]	Time 0.480 (0.480)	Loss 0.1767 (0.1874)	Prec@1 98.438 (96.627)
{'system_accuracy': 88.427734375, 'validation_loss': 0.5660167206078768}
Epoch: [34][0/49]	Time 0.483 (0.483)	Loss 0.1660 (0.1660)	Prec@1 96.875 (96.875)
Epoch: [34][10/49]	Time 0.483 (0.481)	Loss 0.1704 (0.1835)	Prec@1 97.656 (96.733)
Epoch: [34][20/49]	Time 0.480 (0.481)	Loss 0.1865 (0.1844)	Prec@1 96.094 (96.689)
Epoch: [34][30/49]	Time 0.479 (0.480)	Loss 0.1817 (0.1848)	Prec@1 97.656 (96.623)
Epoch: [34][40/49]	Time 0.481 (0.481)	Loss 0.1814 (0.1869)	Prec@1 97.656 (96.475)
{'system_accuracy': 89.013671875, 'validation_loss': 0.5597036723047495}
Epoch: [35][0/49]	Time 0.480 (0.480)	Loss 0.1852 (0.1852)	Prec@1 95.312 (95.312)
Epoch: [35][10/49]	Time 0.479 (0.480)	Loss 0.1834 (0.1849)	Prec@1 96.875 (96.591)
Epoch: [35][20/49]	Time 0.480 (0.481)	Loss 0.1831 (0.1824)	Prec@1 96.875 (96.652)
Epoch: [35][30/49]	Time 0.481 (0.481)	Loss 0.1647 (0.1835)	Prec@1 98.438 (96.673)
Epoch: [35][40/49]	Time 0.480 (0.481)	Loss 0.2067 (0.1856)	Prec@1 96.094 (96.437)
{'system_accuracy': 88.916015625, 'validation_loss': 0.5614494532346725}
Epoch: [36][0/49]	Time 0.481 (0.481)	Loss 0.1744 (0.1744)	Prec@1 98.438 (98.438)
Epoch: [36][10/49]	Time 0.481 (0.481)	Loss 0.1742 (0.1839)	Prec@1 98.438 (96.449)
Epoch: [36][20/49]	Time 0.480 (0.481)	Loss 0.2016 (0.1809)	Prec@1 95.312 (96.726)
Epoch: [36][30/49]	Time 0.479 (0.481)	Loss 0.2013 (0.1832)	Prec@1 96.094 (96.749)
Epoch: [36][40/49]	Time 0.481 (0.481)	Loss 0.1938 (0.1829)	Prec@1 96.094 (96.856)
{'system_accuracy': 88.4765625, 'validation_loss': 0.5703415516763926}
Epoch: [37][0/49]	Time 0.481 (0.481)	Loss 0.1737 (0.1737)	Prec@1 97.656 (97.656)
Epoch: [37][10/49]	Time 0.480 (0.481)	Loss 0.1818 (0.1849)	Prec@1 97.656 (96.307)
Epoch: [37][20/49]	Time 0.481 (0.481)	Loss 0.2147 (0.1885)	Prec@1 93.750 (96.131)
Epoch: [37][30/49]	Time 0.481 (0.481)	Loss 0.1648 (0.1869)	Prec@1 98.438 (96.396)
Epoch: [37][40/49]	Time 0.483 (0.481)	Loss 0.2054 (0.1882)	Prec@1 95.312 (96.303)
{'system_accuracy': 88.427734375, 'validation_loss': 0.5684556420892477}
Epoch: [38][0/49]	Time 0.481 (0.481)	Loss 0.1939 (0.1939)	Prec@1 96.875 (96.875)
Epoch: [38][10/49]	Time 0.481 (0.480)	Loss 0.1645 (0.1818)	Prec@1 96.094 (96.591)
Epoch: [38][20/49]	Time 0.480 (0.481)	Loss 0.1713 (0.1819)	Prec@1 100.000 (96.726)
Epoch: [38][30/49]	Time 0.481 (0.481)	Loss 0.1711 (0.1839)	Prec@1 98.438 (96.673)
Epoch: [38][40/49]	Time 0.481 (0.481)	Loss 0.1651 (0.1832)	Prec@1 98.438 (96.723)
{'system_accuracy': 87.6953125, 'validation_loss': 0.5748044680804014}
Epoch: [39][0/49]	Time 0.481 (0.481)	Loss 0.1887 (0.1887)	Prec@1 95.312 (95.312)
Epoch: [39][10/49]	Time 0.481 (0.481)	Loss 0.1729 (0.1907)	Prec@1 96.094 (95.526)
Epoch: [39][20/49]	Time 0.482 (0.481)	Loss 0.1777 (0.1884)	Prec@1 97.656 (96.057)
Epoch: [39][30/49]	Time 0.482 (0.481)	Loss 0.1867 (0.1898)	Prec@1 96.094 (95.917)
Epoch: [39][40/49]	Time 0.480 (0.481)	Loss 0.1925 (0.1875)	Prec@1 96.875 (96.094)
{'system_accuracy': 88.57421875, 'validation_loss': 0.5741713307797909}
Epoch: [40][0/49]	Time 0.481 (0.481)	Loss 0.1881 (0.1881)	Prec@1 95.312 (95.312)
Epoch: [40][10/49]	Time 0.481 (0.481)	Loss 0.1600 (0.1792)	Prec@1 97.656 (96.733)
Epoch: [40][20/49]	Time 0.480 (0.482)	Loss 0.1993 (0.1897)	Prec@1 97.656 (96.354)
Epoch: [40][30/49]	Time 0.481 (0.482)	Loss 0.1687 (0.1843)	Prec@1 97.656 (96.547)
Epoch: [40][40/49]	Time 0.480 (0.481)	Loss 0.1861 (0.1850)	Prec@1 98.438 (96.532)
{'system_accuracy': 89.0625, 'validation_loss': 0.5697023291140795}
Epoch: [41][0/49]	Time 0.481 (0.481)	Loss 0.1669 (0.1669)	Prec@1 98.438 (98.438)
Epoch: [41][10/49]	Time 0.481 (0.480)	Loss 0.1596 (0.1819)	Prec@1 97.656 (96.165)
Epoch: [41][20/49]	Time 0.479 (0.480)	Loss 0.1713 (0.1802)	Prec@1 96.094 (96.689)
Epoch: [41][30/49]	Time 0.481 (0.480)	Loss 0.1452 (0.1808)	Prec@1 99.219 (96.673)
Epoch: [41][40/49]	Time 0.482 (0.480)	Loss 0.2031 (0.1823)	Prec@1 93.750 (96.494)
{'system_accuracy': 88.134765625, 'validation_loss': 0.5845386125147343}
Epoch: [42][0/49]	Time 0.480 (0.480)	Loss 0.1879 (0.1879)	Prec@1 95.312 (95.312)
Epoch: [42][10/49]	Time 0.481 (0.480)	Loss 0.1857 (0.1840)	Prec@1 96.094 (96.378)
Epoch: [42][20/49]	Time 0.479 (0.529)	Loss 0.1881 (0.1859)	Prec@1 96.094 (96.429)
Epoch: [42][30/49]	Time 0.482 (0.513)	Loss 0.1549 (0.1845)	Prec@1 100.000 (96.447)
Epoch: [42][40/49]	Time 0.503 (0.509)	Loss 0.1692 (0.1817)	Prec@1 97.656 (96.570)
{'system_accuracy': 88.57421875, 'validation_loss': 0.5718707460910082}
Epoch: [43][0/49]	Time 0.481 (0.481)	Loss 0.1866 (0.1866)	Prec@1 95.312 (95.312)
Epoch: [43][10/49]	Time 0.479 (0.480)	Loss 0.1713 (0.1707)	Prec@1 98.438 (97.372)
Epoch: [43][20/49]	Time 0.480 (0.479)	Loss 0.1681 (0.1757)	Prec@1 96.875 (96.987)
Epoch: [43][30/49]	Time 0.480 (0.480)	Loss 0.1981 (0.1789)	Prec@1 96.875 (96.774)
Epoch: [43][40/49]	Time 0.481 (0.480)	Loss 0.2009 (0.1806)	Prec@1 96.875 (96.684)
{'system_accuracy': 88.0859375, 'validation_loss': 0.5884097963571548}
Epoch: [44][0/49]	Time 0.480 (0.480)	Loss 0.1728 (0.1728)	Prec@1 94.531 (94.531)
Epoch: [44][10/49]	Time 0.480 (0.480)	Loss 0.1892 (0.1741)	Prec@1 96.875 (96.733)
Epoch: [44][20/49]	Time 0.479 (0.480)	Loss 0.1649 (0.1768)	Prec@1 96.875 (96.577)
Epoch: [44][30/49]	Time 0.480 (0.480)	Loss 0.1882 (0.1793)	Prec@1 96.875 (96.497)
Epoch: [44][40/49]	Time 0.481 (0.480)	Loss 0.1863 (0.1793)	Prec@1 96.094 (96.532)
{'system_accuracy': 88.57421875, 'validation_loss': 0.5813169907778502}
Epoch: [45][0/49]	Time 0.481 (0.481)	Loss 0.1670 (0.1670)	Prec@1 97.656 (97.656)
Epoch: [45][10/49]	Time 0.482 (0.481)	Loss 0.1598 (0.1769)	Prec@1 97.656 (96.875)
Epoch: [45][20/49]	Time 0.481 (0.481)	Loss 0.1930 (0.1804)	Prec@1 96.094 (96.949)
Epoch: [45][30/49]	Time 0.480 (0.481)	Loss 0.1812 (0.1761)	Prec@1 96.094 (97.026)
Epoch: [45][40/49]	Time 0.479 (0.481)	Loss 0.1937 (0.1774)	Prec@1 95.312 (96.856)
{'system_accuracy': 87.40234375, 'validation_loss': 0.5791434980928898}
Epoch: [46][0/49]	Time 0.480 (0.480)	Loss 0.1680 (0.1680)	Prec@1 96.875 (96.875)
Epoch: [46][10/49]	Time 0.480 (0.480)	Loss 0.1906 (0.1817)	Prec@1 96.875 (96.449)
Epoch: [46][20/49]	Time 0.480 (0.481)	Loss 0.1873 (0.1836)	Prec@1 96.875 (96.168)
Epoch: [46][30/49]	Time 0.482 (0.480)	Loss 0.2056 (0.1839)	Prec@1 92.188 (95.993)
Epoch: [46][40/49]	Time 0.481 (0.480)	Loss 0.1737 (0.1822)	Prec@1 98.438 (96.284)
{'system_accuracy': 87.841796875, 'validation_loss': 0.5845033973455429}
Epoch: [47][0/49]	Time 0.481 (0.481)	Loss 0.2038 (0.2038)	Prec@1 96.094 (96.094)
Epoch: [47][10/49]	Time 0.481 (0.481)	Loss 0.1762 (0.1825)	Prec@1 97.656 (96.591)
Epoch: [47][20/49]	Time 0.480 (0.481)	Loss 0.1799 (0.1865)	Prec@1 97.656 (96.317)
Epoch: [47][30/49]	Time 0.480 (0.481)	Loss 0.1853 (0.1810)	Prec@1 96.094 (96.673)
Epoch: [47][40/49]	Time 0.483 (0.481)	Loss 0.1660 (0.1838)	Prec@1 97.656 (96.532)
{'system_accuracy': 88.037109375, 'validation_loss': 0.5848923623561859}
Epoch: [48][0/49]	Time 0.480 (0.480)	Loss 0.1802 (0.1802)	Prec@1 96.094 (96.094)
Epoch: [48][10/49]	Time 0.480 (0.480)	Loss 0.1827 (0.1887)	Prec@1 96.875 (96.449)
Epoch: [48][20/49]	Time 0.482 (0.481)	Loss 0.1818 (0.1858)	Prec@1 97.656 (96.577)
Epoch: [48][30/49]	Time 0.481 (0.481)	Loss 0.1692 (0.1812)	Prec@1 95.312 (96.522)
Epoch: [48][40/49]	Time 0.481 (0.481)	Loss 0.1761 (0.1813)	Prec@1 96.875 (96.551)
{'system_accuracy': 87.5, 'validation_loss': 0.5987364538013935}
Epoch: [49][0/49]	Time 0.481 (0.481)	Loss 0.1514 (0.1514)	Prec@1 96.094 (96.094)
Epoch: [49][10/49]	Time 0.479 (0.481)	Loss 0.1758 (0.1803)	Prec@1 94.531 (96.378)
Epoch: [49][20/49]	Time 0.483 (0.482)	Loss 0.1715 (0.1786)	Prec@1 97.656 (96.615)
Epoch: [49][30/49]	Time 0.479 (0.481)	Loss 0.1805 (0.1809)	Prec@1 98.438 (96.598)
Epoch: [49][40/49]	Time 0.480 (0.481)	Loss 0.1823 (0.1798)	Prec@1 99.219 (96.723)
{'system_accuracy': 88.671875, 'validation_loss': 0.5871802810579538}
Epoch: [50][0/49]	Time 0.480 (0.480)	Loss 0.1665 (0.1665)	Prec@1 96.094 (96.094)
Epoch: [50][10/49]	Time 0.486 (0.481)	Loss 0.1793 (0.1759)	Prec@1 95.312 (97.088)
Epoch: [50][20/49]	Time 0.479 (0.481)	Loss 0.1683 (0.1771)	Prec@1 97.656 (96.615)
Epoch: [50][30/49]	Time 0.480 (0.481)	Loss 0.1906 (0.1797)	Prec@1 96.875 (96.295)
Epoch: [50][40/49]	Time 0.480 (0.481)	Loss 0.1720 (0.1791)	Prec@1 98.438 (96.341)
{'system_accuracy': 87.40234375, 'validation_loss': 0.5936601012945175}
Epoch: [51][0/49]	Time 0.479 (0.479)	Loss 0.1812 (0.1812)	Prec@1 96.094 (96.094)
Epoch: [51][10/49]	Time 0.480 (0.480)	Loss 0.1787 (0.1887)	Prec@1 96.094 (95.241)
Epoch: [51][20/49]	Time 0.481 (0.480)	Loss 0.1872 (0.1848)	Prec@1 95.312 (95.908)
Epoch: [51][30/49]	Time 0.479 (0.480)	Loss 0.2009 (0.1827)	Prec@1 97.656 (96.346)
Epoch: [51][40/49]	Time 0.482 (0.480)	Loss 0.1529 (0.1804)	Prec@1 99.219 (96.589)
{'system_accuracy': 88.4765625, 'validation_loss': 0.590425468981266}
Epoch: [52][0/49]	Time 0.479 (0.479)	Loss 0.1499 (0.1499)	Prec@1 96.875 (96.875)
Epoch: [52][10/49]	Time 0.480 (0.480)	Loss 0.1826 (0.1762)	Prec@1 97.656 (97.017)
Epoch: [52][20/49]	Time 0.482 (0.481)	Loss 0.1698 (0.1779)	Prec@1 94.531 (96.652)
Epoch: [52][30/49]	Time 0.481 (0.481)	Loss 0.1801 (0.1794)	Prec@1 93.750 (96.371)
Epoch: [52][40/49]	Time 0.480 (0.481)	Loss 0.2017 (0.1794)	Prec@1 92.188 (96.284)
{'system_accuracy': 88.818359375, 'validation_loss': 0.5861678645014763}
Epoch: [53][0/49]	Time 0.481 (0.481)	Loss 0.1634 (0.1634)	Prec@1 95.312 (95.312)
Epoch: [53][10/49]	Time 0.484 (0.481)	Loss 0.1872 (0.1763)	Prec@1 96.094 (96.520)
Epoch: [53][20/49]	Time 0.480 (0.481)	Loss 0.1932 (0.1777)	Prec@1 95.312 (96.615)
Epoch: [53][30/49]	Time 0.479 (0.481)	Loss 0.2101 (0.1748)	Prec@1 94.531 (96.749)
Epoch: [53][40/49]	Time 0.481 (0.481)	Loss 0.1886 (0.1783)	Prec@1 95.312 (96.361)
{'system_accuracy': 87.98828125, 'validation_loss': 0.6046269051730633}
Epoch: [54][0/49]	Time 0.482 (0.482)	Loss 0.1889 (0.1889)	Prec@1 96.875 (96.875)
Epoch: [54][10/49]	Time 0.483 (0.481)	Loss 0.1768 (0.1809)	Prec@1 98.438 (96.520)
Epoch: [54][20/49]	Time 0.480 (0.480)	Loss 0.1649 (0.1812)	Prec@1 97.656 (96.429)
Epoch: [54][30/49]	Time 0.480 (0.480)	Loss 0.1765 (0.1800)	Prec@1 96.094 (96.421)
Epoch: [54][40/49]	Time 0.479 (0.480)	Loss 0.1972 (0.1805)	Prec@1 93.750 (96.475)
{'system_accuracy': 87.890625, 'validation_loss': 0.5953331831842661}
Epoch: [55][0/49]	Time 0.481 (0.481)	Loss 0.1743 (0.1743)	Prec@1 96.875 (96.875)
Epoch: [55][10/49]	Time 0.479 (0.480)	Loss 0.1551 (0.1749)	Prec@1 97.656 (97.230)
Epoch: [55][20/49]	Time 0.480 (0.480)	Loss 0.1988 (0.1870)	Prec@1 92.969 (96.243)
Epoch: [55][30/49]	Time 0.480 (0.480)	Loss 0.1863 (0.1859)	Prec@1 96.094 (96.220)
Epoch: [55][40/49]	Time 0.479 (0.480)	Loss 0.2139 (0.1832)	Prec@1 94.531 (96.361)
{'system_accuracy': 87.939453125, 'validation_loss': 0.5938205905258656}
Epoch: [56][0/49]	Time 0.479 (0.479)	Loss 0.1814 (0.1814)	Prec@1 97.656 (97.656)
Epoch: [56][10/49]	Time 0.480 (0.480)	Loss 0.1930 (0.1781)	Prec@1 95.312 (96.804)
Epoch: [56][20/49]	Time 0.480 (0.480)	Loss 0.1473 (0.1783)	Prec@1 98.438 (96.726)
Epoch: [56][30/49]	Time 0.480 (0.480)	Loss 0.1835 (0.1798)	Prec@1 97.656 (96.547)
Epoch: [56][40/49]	Time 0.481 (0.480)	Loss 0.1773 (0.1789)	Prec@1 96.875 (96.532)
{'system_accuracy': 88.525390625, 'validation_loss': 0.6020045485347509}
Epoch: [57][0/49]	Time 0.480 (0.480)	Loss 0.2111 (0.2111)	Prec@1 93.750 (93.750)
Epoch: [57][10/49]	Time 0.480 (0.481)	Loss 0.1616 (0.1834)	Prec@1 97.656 (96.165)
Epoch: [57][20/49]	Time 0.481 (0.481)	Loss 0.2119 (0.1820)	Prec@1 92.969 (96.131)
Epoch: [57][30/49]	Time 0.481 (0.481)	Loss 0.1943 (0.1782)	Prec@1 96.875 (96.598)
Epoch: [57][40/49]	Time 0.480 (0.481)	Loss 0.1609 (0.1795)	Prec@1 97.656 (96.589)
{'system_accuracy': 88.916015625, 'validation_loss': 0.5977874845266342}
Epoch: [58][0/49]	Time 0.481 (0.481)	Loss 0.1746 (0.1746)	Prec@1 96.094 (96.094)
Epoch: [58][10/49]	Time 0.480 (0.480)	Loss 0.1753 (0.1770)	Prec@1 98.438 (96.733)
Epoch: [58][20/49]	Time 0.481 (0.480)	Loss 0.1860 (0.1792)	Prec@1 93.750 (96.466)
Epoch: [58][30/49]	Time 0.481 (0.480)	Loss 0.1535 (0.1784)	Prec@1 99.219 (96.598)
Epoch: [58][40/49]	Time 0.480 (0.480)	Loss 0.1853 (0.1791)	Prec@1 97.656 (96.551)
{'system_accuracy': 87.158203125, 'validation_loss': 0.6059943195432425}
Epoch: [59][0/49]	Time 0.480 (0.480)	Loss 0.1578 (0.1578)	Prec@1 97.656 (97.656)
Epoch: [59][10/49]	Time 0.483 (0.480)	Loss 0.1831 (0.1811)	Prec@1 96.094 (96.023)
Epoch: [59][20/49]	Time 0.481 (0.481)	Loss 0.1942 (0.1826)	Prec@1 94.531 (96.689)
Epoch: [59][30/49]	Time 0.480 (0.482)	Loss 0.1767 (0.1805)	Prec@1 96.875 (96.699)
Epoch: [59][40/49]	Time 0.481 (0.482)	Loss 0.1687 (0.1787)	Prec@1 98.438 (96.856)
{'system_accuracy': 88.525390625, 'validation_loss': 0.5927465297281742}
Epoch: [60][0/49]	Time 0.482 (0.482)	Loss 0.1808 (0.1808)	Prec@1 96.875 (96.875)
Epoch: [60][10/49]	Time 0.479 (0.481)	Loss 0.1521 (0.1730)	Prec@1 98.438 (97.514)
Epoch: [60][20/49]	Time 0.481 (0.480)	Loss 0.1640 (0.1767)	Prec@1 96.875 (97.173)
Epoch: [60][30/49]	Time 0.480 (0.480)	Loss 0.1692 (0.1778)	Prec@1 99.219 (96.925)
Epoch: [60][40/49]	Time 0.480 (0.480)	Loss 0.1597 (0.1779)	Prec@1 98.438 (96.932)
{'system_accuracy': 88.28125, 'validation_loss': 0.6038681231439114}
Epoch: [61][0/49]	Time 0.482 (0.482)	Loss 0.1742 (0.1742)	Prec@1 97.656 (97.656)
Epoch: [61][10/49]	Time 0.481 (0.480)	Loss 0.1523 (0.1828)	Prec@1 98.438 (96.591)
Epoch: [61][20/49]	Time 0.480 (0.480)	Loss 0.2041 (0.1829)	Prec@1 93.750 (96.466)
Epoch: [61][30/49]	Time 0.480 (0.480)	Loss 0.1806 (0.1802)	Prec@1 97.656 (96.598)
Epoch: [61][40/49]	Time 0.480 (0.480)	Loss 0.1935 (0.1805)	Prec@1 93.750 (96.551)
{'system_accuracy': 88.232421875, 'validation_loss': 0.597770020365715}
Epoch: [62][0/49]	Time 0.480 (0.480)	Loss 0.2080 (0.2080)	Prec@1 96.094 (96.094)
Epoch: [62][10/49]	Time 0.480 (0.480)	Loss 0.1959 (0.1747)	Prec@1 95.312 (97.301)
Epoch: [62][20/49]	Time 0.481 (0.481)	Loss 0.1563 (0.1743)	Prec@1 96.094 (97.173)
Epoch: [62][30/49]	Time 0.480 (0.480)	Loss 0.1855 (0.1733)	Prec@1 98.438 (97.127)
Epoch: [62][40/49]	Time 0.481 (0.480)	Loss 0.1950 (0.1755)	Prec@1 92.188 (96.818)
{'system_accuracy': 89.013671875, 'validation_loss': 0.5811524335294962}
Epoch: [63][0/49]	Time 0.479 (0.479)	Loss 0.1717 (0.1717)	Prec@1 97.656 (97.656)
Epoch: [63][10/49]	Time 0.480 (0.480)	Loss 0.1780 (0.1777)	Prec@1 94.531 (96.733)
Epoch: [63][20/49]	Time 0.481 (0.480)	Loss 0.1670 (0.1821)	Prec@1 96.875 (96.503)
Epoch: [63][30/49]	Time 0.481 (0.480)	Loss 0.1891 (0.1829)	Prec@1 96.094 (96.321)
Epoch: [63][40/49]	Time 0.482 (0.480)	Loss 0.1505 (0.1799)	Prec@1 100.000 (96.646)
{'system_accuracy': 89.0625, 'validation_loss': 0.5898499507457018}
Epoch: [64][0/49]	Time 0.480 (0.480)	Loss 0.1679 (0.1679)	Prec@1 95.312 (95.312)
Epoch: [64][10/49]	Time 0.480 (0.481)	Loss 0.1651 (0.1735)	Prec@1 98.438 (96.449)
Epoch: [64][20/49]	Time 0.480 (0.481)	Loss 0.1795 (0.1718)	Prec@1 93.750 (97.024)
Epoch: [64][30/49]	Time 0.480 (0.481)	Loss 0.1808 (0.1722)	Prec@1 95.312 (96.976)
Epoch: [64][40/49]	Time 0.480 (0.480)	Loss 0.2185 (0.1759)	Prec@1 93.750 (96.704)
{'system_accuracy': 88.427734375, 'validation_loss': 0.5954635888338089}
Epoch: [65][0/49]	Time 0.482 (0.482)	Loss 0.1693 (0.1693)	Prec@1 97.656 (97.656)
Epoch: [65][10/49]	Time 0.482 (0.481)	Loss 0.1985 (0.1763)	Prec@1 96.875 (97.372)
Epoch: [65][20/49]	Time 0.480 (0.481)	Loss 0.1749 (0.1762)	Prec@1 96.875 (97.284)
Epoch: [65][30/49]	Time 0.481 (0.481)	Loss 0.1769 (0.1760)	Prec@1 97.656 (97.329)
Epoch: [65][40/49]	Time 0.481 (0.481)	Loss 0.1894 (0.1771)	Prec@1 96.094 (97.161)
{'system_accuracy': 88.037109375, 'validation_loss': 0.6095625795423985}
Epoch: [66][0/49]	Time 0.481 (0.481)	Loss 0.1533 (0.1533)	Prec@1 98.438 (98.438)
Epoch: [66][10/49]	Time 0.479 (0.480)	Loss 0.1934 (0.1769)	Prec@1 96.875 (97.301)
Epoch: [66][20/49]	Time 0.480 (0.480)	Loss 0.1599 (0.1754)	Prec@1 96.875 (97.210)
Epoch: [66][30/49]	Time 0.480 (0.481)	Loss 0.2015 (0.1773)	Prec@1 96.094 (97.127)
Epoch: [66][40/49]	Time 0.480 (0.481)	Loss 0.1588 (0.1770)	Prec@1 98.438 (97.180)
{'system_accuracy': 88.57421875, 'validation_loss': 0.6044818162918091}
Epoch: [67][0/49]	Time 0.481 (0.481)	Loss 0.1774 (0.1774)	Prec@1 99.219 (99.219)
Epoch: [67][10/49]	Time 0.481 (0.480)	Loss 0.1808 (0.1781)	Prec@1 95.312 (97.301)
Epoch: [67][20/49]	Time 0.480 (0.480)	Loss 0.1744 (0.1799)	Prec@1 96.875 (96.689)
Epoch: [67][30/49]	Time 0.479 (0.480)	Loss 0.1541 (0.1786)	Prec@1 99.219 (96.875)
Epoch: [67][40/49]	Time 0.479 (0.480)	Loss 0.1731 (0.1782)	Prec@1 97.656 (96.799)
{'system_accuracy': 88.0859375, 'validation_loss': 0.6076307501643896}
Epoch: [68][0/49]	Time 0.479 (0.479)	Loss 0.1587 (0.1587)	Prec@1 99.219 (99.219)
Epoch: [68][10/49]	Time 0.481 (0.480)	Loss 0.1925 (0.1770)	Prec@1 93.750 (96.804)
Epoch: [68][20/49]	Time 0.479 (0.480)	Loss 0.1778 (0.1765)	Prec@1 96.875 (96.949)
Epoch: [68][30/49]	Time 0.480 (0.480)	Loss 0.1682 (0.1784)	Prec@1 96.875 (96.648)
Epoch: [68][40/49]	Time 0.482 (0.480)	Loss 0.1584 (0.1782)	Prec@1 97.656 (96.665)
{'system_accuracy': 88.916015625, 'validation_loss': 0.6094381511211395}
Epoch: [69][0/49]	Time 0.481 (0.481)	Loss 0.1726 (0.1726)	Prec@1 98.438 (98.438)
Epoch: [69][10/49]	Time 0.480 (0.480)	Loss 0.1991 (0.1806)	Prec@1 95.312 (96.520)
Epoch: [69][20/49]	Time 0.481 (0.480)	Loss 0.1786 (0.1744)	Prec@1 99.219 (97.210)
Epoch: [69][30/49]	Time 0.480 (0.480)	Loss 0.1683 (0.1764)	Prec@1 96.875 (97.001)
Epoch: [69][40/49]	Time 0.481 (0.480)	Loss 0.1992 (0.1765)	Prec@1 92.188 (96.951)
{'system_accuracy': 88.8671875, 'validation_loss': 0.6112738158553839}
Epoch: [70][0/49]	Time 0.480 (0.480)	Loss 0.2050 (0.2050)	Prec@1 93.750 (93.750)
Epoch: [70][10/49]	Time 0.481 (0.480)	Loss 0.1849 (0.1803)	Prec@1 97.656 (96.804)
Epoch: [70][20/49]	Time 0.480 (0.480)	Loss 0.1941 (0.1792)	Prec@1 95.312 (96.875)
Epoch: [70][30/49]	Time 0.481 (0.480)	Loss 0.1820 (0.1785)	Prec@1 96.094 (96.900)
Epoch: [70][40/49]	Time 0.480 (0.480)	Loss 0.1789 (0.1797)	Prec@1 96.875 (96.799)
{'system_accuracy': 88.525390625, 'validation_loss': 0.6111121270805597}
Epoch: [71][0/49]	Time 0.480 (0.480)	Loss 0.1867 (0.1867)	Prec@1 96.094 (96.094)
Epoch: [71][10/49]	Time 0.480 (0.480)	Loss 0.1574 (0.1795)	Prec@1 96.875 (96.520)
Epoch: [71][20/49]	Time 0.482 (0.480)	Loss 0.1651 (0.1753)	Prec@1 97.656 (96.875)
Epoch: [71][30/49]	Time 0.480 (0.480)	Loss 0.1735 (0.1772)	Prec@1 96.875 (96.724)
Epoch: [71][40/49]	Time 0.480 (0.480)	Loss 0.1763 (0.1778)	Prec@1 97.656 (96.780)
{'system_accuracy': 88.18359375, 'validation_loss': 0.6030543763190508}
Epoch: [72][0/49]	Time 0.480 (0.480)	Loss 0.1923 (0.1923)	Prec@1 94.531 (94.531)
Epoch: [72][10/49]	Time 0.479 (0.480)	Loss 0.1993 (0.1802)	Prec@1 94.531 (96.875)
Epoch: [72][20/49]	Time 0.480 (0.480)	Loss 0.2308 (0.1795)	Prec@1 94.531 (96.912)
Epoch: [72][30/49]	Time 0.481 (0.480)	Loss 0.1622 (0.1767)	Prec@1 97.656 (97.051)
Epoch: [72][40/49]	Time 0.481 (0.480)	Loss 0.1763 (0.1766)	Prec@1 95.312 (97.027)
{'system_accuracy': 88.0859375, 'validation_loss': 0.5952648334205151}
Epoch: [73][0/49]	Time 0.480 (0.480)	Loss 0.1926 (0.1926)	Prec@1 95.312 (95.312)
Epoch: [73][10/49]	Time 0.481 (0.480)	Loss 0.1788 (0.1804)	Prec@1 96.875 (96.804)
Epoch: [73][20/49]	Time 0.479 (0.480)	Loss 0.2018 (0.1848)	Prec@1 96.094 (96.577)
Epoch: [73][30/49]	Time 0.480 (0.480)	Loss 0.1853 (0.1862)	Prec@1 96.875 (96.472)
Epoch: [73][40/49]	Time 0.480 (0.480)	Loss 0.1881 (0.1842)	Prec@1 96.094 (96.551)
{'system_accuracy': 88.37890625, 'validation_loss': 0.6159343123435974}
Epoch: [74][0/49]	Time 0.482 (0.482)	Loss 0.1782 (0.1782)	Prec@1 97.656 (97.656)
Epoch: [74][10/49]	Time 0.479 (0.481)	Loss 0.1614 (0.1832)	Prec@1 99.219 (96.733)
Epoch: [74][20/49]	Time 0.480 (0.481)	Loss 0.1852 (0.1842)	Prec@1 96.875 (96.838)
Epoch: [74][30/49]	Time 0.480 (0.481)	Loss 0.1766 (0.1821)	Prec@1 96.094 (96.825)
Epoch: [74][40/49]	Time 0.481 (0.481)	Loss 0.1565 (0.1788)	Prec@1 98.438 (96.970)
{'system_accuracy': 88.0859375, 'validation_loss': 0.6173982545733452}
Epoch: [75][0/49]	Time 0.480 (0.480)	Loss 0.2038 (0.2038)	Prec@1 93.750 (93.750)
Epoch: [75][10/49]	Time 0.481 (0.480)	Loss 0.2106 (0.1826)	Prec@1 92.969 (95.668)
Epoch: [75][20/49]	Time 0.481 (0.480)	Loss 0.1643 (0.1807)	Prec@1 97.656 (96.243)
Epoch: [75][30/49]	Time 0.480 (0.480)	Loss 0.1609 (0.1789)	Prec@1 96.094 (96.421)
Epoch: [75][40/49]	Time 0.480 (0.481)	Loss 0.1872 (0.1805)	Prec@1 98.438 (96.494)
{'system_accuracy': 88.720703125, 'validation_loss': 0.606100270524621}
Epoch: [76][0/49]	Time 0.481 (0.481)	Loss 0.1896 (0.1896)	Prec@1 96.094 (96.094)
Epoch: [76][10/49]	Time 0.484 (0.481)	Loss 0.1701 (0.1803)	Prec@1 96.094 (96.520)
Epoch: [76][20/49]	Time 0.480 (0.481)	Loss 0.1504 (0.1779)	Prec@1 100.000 (96.875)
Epoch: [76][30/49]	Time 0.482 (0.481)	Loss 0.1696 (0.1805)	Prec@1 97.656 (96.825)
Epoch: [76][40/49]	Time 0.480 (0.481)	Loss 0.1729 (0.1802)	Prec@1 96.094 (96.780)
{'system_accuracy': 88.37890625, 'validation_loss': 0.6107648648321629}
Epoch: [77][0/49]	Time 0.480 (0.480)	Loss 0.1910 (0.1910)	Prec@1 94.531 (94.531)
Epoch: [77][10/49]	Time 0.481 (0.480)	Loss 0.1851 (0.1766)	Prec@1 93.750 (96.094)
Epoch: [77][20/49]	Time 0.481 (0.480)	Loss 0.2020 (0.1753)	Prec@1 93.750 (96.503)
Epoch: [77][30/49]	Time 0.481 (0.481)	Loss 0.1811 (0.1789)	Prec@1 97.656 (96.295)
Epoch: [77][40/49]	Time 0.479 (0.481)	Loss 0.1619 (0.1787)	Prec@1 98.438 (96.456)
{'system_accuracy': 88.232421875, 'validation_loss': 0.6132423654198647}
Epoch: [78][0/49]	Time 0.479 (0.479)	Loss 0.1635 (0.1635)	Prec@1 97.656 (97.656)
Epoch: [78][10/49]	Time 0.480 (0.480)	Loss 0.1751 (0.1785)	Prec@1 98.438 (96.946)
Epoch: [78][20/49]	Time 0.481 (0.480)	Loss 0.1547 (0.1798)	Prec@1 99.219 (96.652)
Epoch: [78][30/49]	Time 0.480 (0.480)	Loss 0.1600 (0.1783)	Prec@1 99.219 (96.976)
Epoch: [78][40/49]	Time 0.480 (0.480)	Loss 0.1826 (0.1787)	Prec@1 95.312 (96.894)
{'system_accuracy': 88.330078125, 'validation_loss': 0.6137454826384783}
Epoch: [79][0/49]	Time 0.481 (0.481)	Loss 0.1786 (0.1786)	Prec@1 97.656 (97.656)
Epoch: [79][10/49]	Time 0.479 (0.480)	Loss 0.1702 (0.1846)	Prec@1 97.656 (95.739)
Epoch: [79][20/49]	Time 0.480 (0.480)	Loss 0.1567 (0.1817)	Prec@1 98.438 (95.945)
Epoch: [79][30/49]	Time 0.483 (0.481)	Loss 0.2277 (0.1793)	Prec@1 92.969 (96.245)
Epoch: [79][40/49]	Time 0.480 (0.481)	Loss 0.1812 (0.1782)	Prec@1 96.875 (96.494)
{'system_accuracy': 89.013671875, 'validation_loss': 0.5960341654717922}
Epoch: [80][0/49]	Time 0.480 (0.480)	Loss 0.1795 (0.1795)	Prec@1 95.312 (95.312)
Epoch: [80][10/49]	Time 0.481 (0.480)	Loss 0.1587 (0.1747)	Prec@1 96.875 (97.017)
Epoch: [80][20/49]	Time 0.481 (0.480)	Loss 0.1637 (0.1751)	Prec@1 97.656 (96.987)
Epoch: [80][30/49]	Time 0.483 (0.481)	Loss 0.1823 (0.1756)	Prec@1 96.094 (96.976)
Epoch: [80][40/49]	Time 0.481 (0.481)	Loss 0.1806 (0.1765)	Prec@1 96.875 (96.818)
{'system_accuracy': 88.818359375, 'validation_loss': 0.6030956786125898}
Epoch: [81][0/49]	Time 0.479 (0.479)	Loss 0.1736 (0.1736)	Prec@1 96.094 (96.094)
Epoch: [81][10/49]	Time 0.480 (0.480)	Loss 0.1992 (0.1794)	Prec@1 94.531 (96.804)
Epoch: [81][20/49]	Time 0.481 (0.480)	Loss 0.1667 (0.1797)	Prec@1 99.219 (96.689)
Epoch: [81][30/49]	Time 0.479 (0.480)	Loss 0.1676 (0.1790)	Prec@1 95.312 (96.497)
Epoch: [81][40/49]	Time 0.481 (0.480)	Loss 0.1666 (0.1764)	Prec@1 97.656 (96.799)
{'system_accuracy': 88.427734375, 'validation_loss': 0.6119015887379646}
Epoch: [82][0/49]	Time 0.481 (0.481)	Loss 0.1865 (0.1865)	Prec@1 96.094 (96.094)
Epoch: [82][10/49]	Time 0.479 (0.481)	Loss 0.1674 (0.1781)	Prec@1 97.656 (96.733)
Epoch: [82][20/49]	Time 0.482 (0.480)	Loss 0.1674 (0.1758)	Prec@1 96.094 (96.726)
Epoch: [82][30/49]	Time 0.479 (0.481)	Loss 0.1923 (0.1770)	Prec@1 96.875 (96.900)
Epoch: [82][40/49]	Time 0.479 (0.480)	Loss 0.1951 (0.1762)	Prec@1 92.188 (96.875)
{'system_accuracy': 89.013671875, 'validation_loss': 0.6080679260194302}
Epoch: [83][0/49]	Time 0.481 (0.481)	Loss 0.1988 (0.1988)	Prec@1 95.312 (95.312)
Epoch: [83][10/49]	Time 0.482 (0.480)	Loss 0.1950 (0.1821)	Prec@1 92.969 (96.307)
Epoch: [83][20/49]	Time 0.481 (0.480)	Loss 0.1676 (0.1777)	Prec@1 96.875 (96.763)
Epoch: [83][30/49]	Time 0.481 (0.480)	Loss 0.1651 (0.1768)	Prec@1 96.875 (96.724)
Epoch: [83][40/49]	Time 0.480 (0.480)	Loss 0.1684 (0.1771)	Prec@1 95.312 (96.704)
{'system_accuracy': 89.35546875, 'validation_loss': 0.610029861330986}
Epoch: [84][0/49]	Time 0.481 (0.481)	Loss 0.1753 (0.1753)	Prec@1 96.094 (96.094)
Epoch: [84][10/49]	Time 0.481 (0.480)	Loss 0.1966 (0.1736)	Prec@1 95.312 (96.591)
Epoch: [84][20/49]	Time 0.481 (0.480)	Loss 0.1801 (0.1771)	Prec@1 96.875 (96.280)
Epoch: [84][30/49]	Time 0.479 (0.480)	Loss 0.1750 (0.1775)	Prec@1 98.438 (96.447)
Epoch: [84][40/49]	Time 0.479 (0.480)	Loss 0.1454 (0.1783)	Prec@1 96.875 (96.246)
{'system_accuracy': 87.6953125, 'validation_loss': 0.6169804446399212}
Epoch: [85][0/49]	Time 0.480 (0.480)	Loss 0.1614 (0.1614)	Prec@1 100.000 (100.000)
Epoch: [85][10/49]	Time 0.479 (0.481)	Loss 0.1522 (0.1742)	Prec@1 98.438 (96.946)
Epoch: [85][20/49]	Time 0.479 (0.480)	Loss 0.1625 (0.1768)	Prec@1 98.438 (96.689)
Epoch: [85][30/49]	Time 0.482 (0.481)	Loss 0.1756 (0.1762)	Prec@1 97.656 (96.900)
Epoch: [85][40/49]	Time 0.480 (0.480)	Loss 0.1660 (0.1759)	Prec@1 97.656 (96.875)
{'system_accuracy': 89.84375, 'validation_loss': 0.6079636253416538}
Epoch: [86][0/49]	Time 0.480 (0.480)	Loss 0.1592 (0.1592)	Prec@1 97.656 (97.656)
Epoch: [86][10/49]	Time 0.481 (0.480)	Loss 0.1866 (0.1740)	Prec@1 96.875 (96.875)
Epoch: [86][20/49]	Time 0.479 (0.481)	Loss 0.1702 (0.1757)	Prec@1 96.094 (96.615)
Epoch: [86][30/49]	Time 0.480 (0.481)	Loss 0.1642 (0.1729)	Prec@1 98.438 (97.026)
Epoch: [86][40/49]	Time 0.481 (0.481)	Loss 0.1944 (0.1745)	Prec@1 95.312 (96.856)
{'system_accuracy': 88.720703125, 'validation_loss': 0.6112417597323656}
Epoch: [87][0/49]	Time 0.481 (0.481)	Loss 0.1720 (0.1720)	Prec@1 96.875 (96.875)
Epoch: [87][10/49]	Time 0.481 (0.481)	Loss 0.2081 (0.1842)	Prec@1 94.531 (96.378)
Epoch: [87][20/49]	Time 0.479 (0.480)	Loss 0.1669 (0.1817)	Prec@1 97.656 (96.689)
Epoch: [87][30/49]	Time 0.481 (0.480)	Loss 0.1786 (0.1797)	Prec@1 96.875 (96.497)
Epoch: [87][40/49]	Time 0.480 (0.481)	Loss 0.1549 (0.1770)	Prec@1 98.438 (96.723)
{'system_accuracy': 88.818359375, 'validation_loss': 0.6134408861398697}
Epoch: [88][0/49]	Time 0.479 (0.479)	Loss 0.1848 (0.1848)	Prec@1 96.875 (96.875)
Epoch: [88][10/49]	Time 0.479 (0.480)	Loss 0.1846 (0.1795)	Prec@1 95.312 (95.952)
Epoch: [88][20/49]	Time 0.479 (0.480)	Loss 0.2084 (0.1794)	Prec@1 96.875 (96.317)
Epoch: [88][30/49]	Time 0.481 (0.480)	Loss 0.1431 (0.1773)	Prec@1 100.000 (96.547)
Epoch: [88][40/49]	Time 0.479 (0.480)	Loss 0.1666 (0.1770)	Prec@1 96.094 (96.684)
{'system_accuracy': 88.76953125, 'validation_loss': 0.6138461101800203}
Epoch: [89][0/49]	Time 0.478 (0.478)	Loss 0.2086 (0.2086)	Prec@1 92.969 (92.969)
Epoch: [89][10/49]	Time 0.480 (0.480)	Loss 0.1821 (0.1807)	Prec@1 95.312 (95.384)
Epoch: [89][20/49]	Time 0.479 (0.480)	Loss 0.2044 (0.1797)	Prec@1 96.094 (95.908)
Epoch: [89][30/49]	Time 0.479 (0.480)	Loss 0.1760 (0.1812)	Prec@1 99.219 (96.144)
Epoch: [89][40/49]	Time 0.479 (0.480)	Loss 0.1739 (0.1799)	Prec@1 96.875 (96.322)
{'system_accuracy': 87.6953125, 'validation_loss': 0.6194352805614471}
Epoch: [90][0/49]	Time 0.481 (0.481)	Loss 0.1835 (0.1835)	Prec@1 97.656 (97.656)
Epoch: [90][10/49]	Time 0.481 (0.481)	Loss 0.1562 (0.1770)	Prec@1 96.875 (96.733)
Epoch: [90][20/49]	Time 0.480 (0.480)	Loss 0.1749 (0.1790)	Prec@1 97.656 (96.838)
Epoch: [90][30/49]	Time 0.480 (0.480)	Loss 0.1727 (0.1754)	Prec@1 96.875 (96.825)
Epoch: [90][40/49]	Time 0.479 (0.480)	Loss 0.1848 (0.1771)	Prec@1 96.875 (96.913)
{'system_accuracy': 87.646484375, 'validation_loss': 0.6218940429389477}
Epoch: [91][0/49]	Time 0.479 (0.479)	Loss 0.1761 (0.1761)	Prec@1 96.094 (96.094)
Epoch: [91][10/49]	Time 0.480 (0.480)	Loss 0.1943 (0.1876)	Prec@1 96.094 (95.668)
Epoch: [91][20/49]	Time 0.480 (0.480)	Loss 0.1673 (0.1816)	Prec@1 98.438 (96.280)
Epoch: [91][30/49]	Time 0.479 (0.480)	Loss 0.1896 (0.1807)	Prec@1 94.531 (96.547)
Epoch: [91][40/49]	Time 0.481 (0.480)	Loss 0.2003 (0.1815)	Prec@1 92.188 (96.456)
{'system_accuracy': 88.76953125, 'validation_loss': 0.6124428138136864}
Epoch: [92][0/49]	Time 0.479 (0.479)	Loss 0.1866 (0.1866)	Prec@1 93.750 (93.750)
Epoch: [92][10/49]	Time 0.480 (0.480)	Loss 0.1941 (0.1804)	Prec@1 93.750 (96.165)
Epoch: [92][20/49]	Time 0.479 (0.480)	Loss 0.1792 (0.1816)	Prec@1 95.312 (96.317)
Epoch: [92][30/49]	Time 0.479 (0.480)	Loss 0.2026 (0.1821)	Prec@1 96.094 (96.447)
Epoch: [92][40/49]	Time 0.481 (0.480)	Loss 0.1878 (0.1818)	Prec@1 96.875 (96.380)
{'system_accuracy': 87.841796875, 'validation_loss': 0.6240602266043425}
Epoch: [93][0/49]	Time 0.479 (0.479)	Loss 0.1774 (0.1774)	Prec@1 96.094 (96.094)
Epoch: [93][10/49]	Time 0.481 (0.480)	Loss 0.1484 (0.1684)	Prec@1 100.000 (97.514)
Epoch: [93][20/49]	Time 0.482 (0.481)	Loss 0.2018 (0.1731)	Prec@1 96.094 (97.507)
Epoch: [93][30/49]	Time 0.483 (0.481)	Loss 0.1656 (0.1752)	Prec@1 96.094 (96.925)
Epoch: [93][40/49]	Time 0.480 (0.481)	Loss 0.1936 (0.1748)	Prec@1 94.531 (96.875)
{'system_accuracy': 87.939453125, 'validation_loss': 0.6249298229813576}
Epoch: [94][0/49]	Time 0.479 (0.479)	Loss 0.1672 (0.1672)	Prec@1 98.438 (98.438)
Epoch: [94][10/49]	Time 0.481 (0.481)	Loss 0.1895 (0.1738)	Prec@1 96.094 (96.946)
Epoch: [94][20/49]	Time 0.480 (0.480)	Loss 0.1774 (0.1752)	Prec@1 98.438 (96.949)
Epoch: [94][30/49]	Time 0.483 (0.481)	Loss 0.1735 (0.1781)	Prec@1 96.094 (96.724)
Epoch: [94][40/49]	Time 0.480 (0.481)	Loss 0.1832 (0.1777)	Prec@1 95.312 (96.627)
{'system_accuracy': 87.79296875, 'validation_loss': 0.6132090911269188}
Epoch: [95][0/49]	Time 0.481 (0.481)	Loss 0.1532 (0.1532)	Prec@1 98.438 (98.438)
Epoch: [95][10/49]	Time 0.480 (0.480)	Loss 0.1643 (0.1794)	Prec@1 96.875 (96.236)
Epoch: [95][20/49]	Time 0.482 (0.480)	Loss 0.1617 (0.1758)	Prec@1 100.000 (96.763)
Epoch: [95][30/49]	Time 0.481 (0.480)	Loss 0.1842 (0.1752)	Prec@1 98.438 (96.875)
Epoch: [95][40/49]	Time 0.481 (0.481)	Loss 0.1644 (0.1767)	Prec@1 97.656 (96.589)
{'system_accuracy': 88.427734375, 'validation_loss': 0.620985921472311}
Epoch: [96][0/49]	Time 0.483 (0.483)	Loss 0.1719 (0.1719)	Prec@1 96.094 (96.094)
Epoch: [96][10/49]	Time 0.480 (0.480)	Loss 0.1782 (0.1739)	Prec@1 96.094 (96.591)
Epoch: [96][20/49]	Time 0.481 (0.480)	Loss 0.1936 (0.1773)	Prec@1 96.094 (96.726)
Epoch: [96][30/49]	Time 0.479 (0.480)	Loss 0.1882 (0.1794)	Prec@1 96.875 (96.598)
Epoch: [96][40/49]	Time 0.480 (0.480)	Loss 0.1633 (0.1783)	Prec@1 96.875 (96.437)
{'system_accuracy': 88.57421875, 'validation_loss': 0.6134547647088766}
Epoch: [97][0/49]	Time 0.480 (0.480)	Loss 0.1372 (0.1372)	Prec@1 97.656 (97.656)
Epoch: [97][10/49]	Time 0.481 (0.480)	Loss 0.1789 (0.1755)	Prec@1 97.656 (96.875)
Epoch: [97][20/49]	Time 0.480 (0.480)	Loss 0.1686 (0.1745)	Prec@1 98.438 (96.912)
Epoch: [97][30/49]	Time 0.481 (0.480)	Loss 0.1535 (0.1766)	Prec@1 94.531 (96.724)
Epoch: [97][40/49]	Time 0.482 (0.480)	Loss 0.1908 (0.1762)	Prec@1 96.094 (96.799)
{'system_accuracy': 88.28125, 'validation_loss': 0.6185648776590824}
Epoch: [98][0/49]	Time 0.481 (0.481)	Loss 0.2022 (0.2022)	Prec@1 95.312 (95.312)
Epoch: [98][10/49]	Time 0.482 (0.481)	Loss 0.1818 (0.1865)	Prec@1 93.750 (95.170)
Epoch: [98][20/49]	Time 0.480 (0.480)	Loss 0.1868 (0.1820)	Prec@1 96.875 (95.796)
Epoch: [98][30/49]	Time 0.482 (0.481)	Loss 0.1863 (0.1802)	Prec@1 96.875 (96.169)
Epoch: [98][40/49]	Time 0.480 (0.480)	Loss 0.1736 (0.1819)	Prec@1 95.312 (96.208)
{'system_accuracy': 87.98828125, 'validation_loss': 0.6256673187017441}
Epoch: [99][0/49]	Time 0.481 (0.481)	Loss 0.1657 (0.1657)	Prec@1 97.656 (97.656)
Epoch: [99][10/49]	Time 0.480 (0.481)	Loss 0.1862 (0.1770)	Prec@1 96.875 (96.449)
Epoch: [99][20/49]	Time 0.478 (0.481)	Loss 0.2060 (0.1758)	Prec@1 96.094 (96.801)
Epoch: [99][30/49]	Time 0.479 (0.480)	Loss 0.1761 (0.1764)	Prec@1 98.438 (96.799)
Epoch: [99][40/49]	Time 0.481 (0.480)	Loss 0.1769 (0.1771)	Prec@1 96.875 (96.665)
{'system_accuracy': 87.255859375, 'validation_loss': 0.6251670643687248}
Epoch: [100][0/49]	Time 0.478 (0.478)	Loss 0.1697 (0.1697)	Prec@1 94.531 (94.531)
Epoch: [100][10/49]	Time 0.482 (0.480)	Loss 0.2062 (0.1783)	Prec@1 95.312 (96.449)
Epoch: [100][20/49]	Time 0.480 (0.480)	Loss 0.1883 (0.1776)	Prec@1 94.531 (96.391)
Epoch: [100][30/49]	Time 0.478 (0.480)	Loss 0.2169 (0.1770)	Prec@1 95.312 (96.623)
Epoch: [100][40/49]	Time 0.480 (0.480)	Loss 0.1995 (0.1761)	Prec@1 96.094 (96.684)
{'system_accuracy': 88.720703125, 'validation_loss': 0.6182784996926785}
Epoch: [101][0/49]	Time 0.480 (0.480)	Loss 0.1648 (0.1648)	Prec@1 98.438 (98.438)
Epoch: [101][10/49]	Time 0.480 (0.480)	Loss 0.1545 (0.1708)	Prec@1 97.656 (97.514)
Epoch: [101][20/49]	Time 0.480 (0.480)	Loss 0.1805 (0.1686)	Prec@1 97.656 (97.433)
Epoch: [101][30/49]	Time 0.480 (0.480)	Loss 0.1745 (0.1703)	Prec@1 95.312 (96.925)
Epoch: [101][40/49]	Time 0.481 (0.480)	Loss 0.1878 (0.1728)	Prec@1 96.094 (96.875)
{'system_accuracy': 88.18359375, 'validation_loss': 0.6153218485414982}
Epoch: [102][0/49]	Time 0.484 (0.484)	Loss 0.1591 (0.1591)	Prec@1 98.438 (98.438)
Epoch: [102][10/49]	Time 0.481 (0.481)	Loss 0.1650 (0.1727)	Prec@1 98.438 (97.017)
Epoch: [102][20/49]	Time 0.480 (0.481)	Loss 0.1879 (0.1736)	Prec@1 93.750 (96.838)
Epoch: [102][30/49]	Time 0.481 (0.481)	Loss 0.1805 (0.1751)	Prec@1 99.219 (96.900)
Epoch: [102][40/49]	Time 0.482 (0.481)	Loss 0.1775 (0.1764)	Prec@1 95.312 (96.799)
{'system_accuracy': 88.18359375, 'validation_loss': 0.6216992139816284}
Epoch: [103][0/49]	Time 0.480 (0.480)	Loss 0.1805 (0.1805)	Prec@1 95.312 (95.312)
Epoch: [103][10/49]	Time 0.480 (0.480)	Loss 0.1613 (0.1741)	Prec@1 98.438 (97.230)
Epoch: [103][20/49]	Time 0.481 (0.481)	Loss 0.1789 (0.1803)	Prec@1 96.094 (96.726)
Epoch: [103][30/49]	Time 0.480 (0.481)	Loss 0.1850 (0.1757)	Prec@1 96.094 (96.925)
Epoch: [103][40/49]	Time 0.483 (0.482)	Loss 0.1656 (0.1749)	Prec@1 98.438 (96.856)
{'system_accuracy': 87.5, 'validation_loss': 0.6251782942563295}
Epoch: [104][0/49]	Time 0.481 (0.481)	Loss 0.1797 (0.1797)	Prec@1 97.656 (97.656)
Epoch: [104][10/49]	Time 0.480 (0.481)	Loss 0.1714 (0.1808)	Prec@1 99.219 (96.946)
Epoch: [104][20/49]	Time 0.480 (0.481)	Loss 0.1597 (0.1816)	Prec@1 99.219 (96.577)
Epoch: [104][30/49]	Time 0.480 (0.481)	Loss 0.1616 (0.1806)	Prec@1 96.094 (96.547)
Epoch: [104][40/49]	Time 0.481 (0.482)	Loss 0.2056 (0.1811)	Prec@1 94.531 (96.513)
{'system_accuracy': 87.939453125, 'validation_loss': 0.6168382633477449}
Epoch: [105][0/49]	Time 0.480 (0.480)	Loss 0.1745 (0.1745)	Prec@1 94.531 (94.531)
Epoch: [105][10/49]	Time 0.482 (0.481)	Loss 0.1772 (0.1746)	Prec@1 96.875 (96.520)
Epoch: [105][20/49]	Time 0.480 (0.481)	Loss 0.1645 (0.1777)	Prec@1 96.875 (96.540)
Epoch: [105][30/49]	Time 0.482 (0.481)	Loss 0.1723 (0.1759)	Prec@1 95.312 (96.623)
Epoch: [105][40/49]	Time 0.480 (0.481)	Loss 0.1846 (0.1775)	Prec@1 96.875 (96.684)
{'system_accuracy': 88.18359375, 'validation_loss': 0.6261918637901545}
Epoch: [106][0/49]	Time 0.481 (0.481)	Loss 0.1599 (0.1599)	Prec@1 97.656 (97.656)
Epoch: [106][10/49]	Time 0.481 (0.481)	Loss 0.2000 (0.1786)	Prec@1 96.875 (96.378)
Epoch: [106][20/49]	Time 0.481 (0.481)	Loss 0.1521 (0.1755)	Prec@1 95.312 (96.503)
Epoch: [106][30/49]	Time 0.482 (0.481)	Loss 0.2100 (0.1768)	Prec@1 94.531 (96.724)
Epoch: [106][40/49]	Time 0.480 (0.481)	Loss 0.1804 (0.1767)	Prec@1 96.875 (96.837)
{'system_accuracy': 89.55078125, 'validation_loss': 0.6100272554904222}
Epoch: [107][0/49]	Time 0.480 (0.480)	Loss 0.1725 (0.1725)	Prec@1 97.656 (97.656)
Epoch: [107][10/49]	Time 0.480 (0.480)	Loss 0.1785 (0.1727)	Prec@1 96.875 (97.301)
Epoch: [107][20/49]	Time 0.482 (0.481)	Loss 0.1681 (0.1744)	Prec@1 98.438 (97.098)
Epoch: [107][30/49]	Time 0.480 (0.481)	Loss 0.1589 (0.1749)	Prec@1 96.094 (96.749)
Epoch: [107][40/49]	Time 0.483 (0.481)	Loss 0.1825 (0.1758)	Prec@1 98.438 (96.913)
{'system_accuracy': 87.98828125, 'validation_loss': 0.6186005584895611}
Epoch: [108][0/49]	Time 0.481 (0.481)	Loss 0.1903 (0.1903)	Prec@1 94.531 (94.531)
Epoch: [108][10/49]	Time 0.481 (0.481)	Loss 0.1945 (0.1805)	Prec@1 92.969 (96.307)
Epoch: [108][20/49]	Time 0.480 (0.481)	Loss 0.1844 (0.1807)	Prec@1 96.875 (96.466)
Epoch: [108][30/49]	Time 0.482 (0.481)	Loss 0.2012 (0.1828)	Prec@1 94.531 (96.371)
Epoch: [108][40/49]	Time 0.482 (0.483)	Loss 0.1873 (0.1800)	Prec@1 95.312 (96.532)
{'system_accuracy': 87.646484375, 'validation_loss': 0.6245297938585281}
Epoch: [109][0/49]	Time 0.481 (0.481)	Loss 0.1717 (0.1717)	Prec@1 95.312 (95.312)
Epoch: [109][10/49]	Time 0.481 (0.482)	Loss 0.1737 (0.1837)	Prec@1 96.094 (95.668)
Epoch: [109][20/49]	Time 0.481 (0.501)	Loss 0.1745 (0.1780)	Prec@1 95.312 (96.205)
Epoch: [109][30/49]	Time 0.481 (0.495)	Loss 0.1758 (0.1767)	Prec@1 98.438 (96.598)
Epoch: [109][40/49]	Time 0.479 (0.491)	Loss 0.1883 (0.1782)	Prec@1 93.750 (96.437)
{'system_accuracy': 87.890625, 'validation_loss': 0.6174214407801628}
Epoch: [110][0/49]	Time 0.479 (0.479)	Loss 0.1736 (0.1736)	Prec@1 96.875 (96.875)
Epoch: [110][10/49]	Time 0.481 (0.480)	Loss 0.1816 (0.1805)	Prec@1 96.875 (96.236)
Epoch: [110][20/49]	Time 0.481 (0.480)	Loss 0.2192 (0.1768)	Prec@1 93.750 (96.801)
Epoch: [110][30/49]	Time 0.479 (0.480)	Loss 0.1950 (0.1798)	Prec@1 96.094 (96.573)
Epoch: [110][40/49]	Time 0.480 (0.481)	Loss 0.1721 (0.1782)	Prec@1 97.656 (96.551)
{'system_accuracy': 88.28125, 'validation_loss': 0.6151609793305397}
Epoch: [111][0/49]	Time 0.480 (0.480)	Loss 0.1675 (0.1675)	Prec@1 96.875 (96.875)
Epoch: [111][10/49]	Time 0.482 (0.480)	Loss 0.2088 (0.1841)	Prec@1 92.969 (96.662)
Epoch: [111][20/49]	Time 0.480 (0.480)	Loss 0.1569 (0.1789)	Prec@1 96.094 (96.689)
Epoch: [111][30/49]	Time 0.480 (0.480)	Loss 0.1871 (0.1816)	Prec@1 96.094 (96.447)
Epoch: [111][40/49]	Time 0.480 (0.480)	Loss 0.1767 (0.1818)	Prec@1 96.875 (96.646)
{'system_accuracy': 88.623046875, 'validation_loss': 0.6258077621459961}
Epoch: [112][0/49]	Time 0.478 (0.478)	Loss 0.1656 (0.1656)	Prec@1 98.438 (98.438)
Epoch: [112][10/49]	Time 0.480 (0.479)	Loss 0.1655 (0.1786)	Prec@1 96.094 (96.449)
Epoch: [112][20/49]	Time 0.483 (0.480)	Loss 0.1865 (0.1768)	Prec@1 95.312 (96.689)
Epoch: [112][30/49]	Time 0.480 (0.480)	Loss 0.1736 (0.1776)	Prec@1 96.094 (96.497)
Epoch: [112][40/49]	Time 0.480 (0.480)	Loss 0.2055 (0.1804)	Prec@1 94.531 (96.475)
{'system_accuracy': 87.890625, 'validation_loss': 0.619309201836586}
Epoch: [113][0/49]	Time 0.479 (0.479)	Loss 0.1743 (0.1743)	Prec@1 95.312 (95.312)
Epoch: [113][10/49]	Time 0.481 (0.480)	Loss 0.1731 (0.1792)	Prec@1 97.656 (97.088)
Epoch: [113][20/49]	Time 0.479 (0.480)	Loss 0.1550 (0.1763)	Prec@1 97.656 (96.763)
Epoch: [113][30/49]	Time 0.482 (0.480)	Loss 0.1836 (0.1769)	Prec@1 95.312 (96.648)
Epoch: [113][40/49]	Time 0.481 (0.480)	Loss 0.1775 (0.1772)	Prec@1 98.438 (96.551)
{'system_accuracy': 88.525390625, 'validation_loss': 0.6227741241455078}
Epoch: [114][0/49]	Time 0.480 (0.480)	Loss 0.1586 (0.1586)	Prec@1 97.656 (97.656)
Epoch: [114][10/49]	Time 0.480 (0.480)	Loss 0.1640 (0.1737)	Prec@1 96.875 (97.159)
Epoch: [114][20/49]	Time 0.479 (0.480)	Loss 0.1891 (0.1759)	Prec@1 95.312 (96.763)
Epoch: [114][30/49]	Time 0.482 (0.480)	Loss 0.1861 (0.1738)	Prec@1 95.312 (96.774)
Epoch: [114][40/49]	Time 0.479 (0.480)	Loss 0.1844 (0.1747)	Prec@1 92.188 (96.761)
{'system_accuracy': 87.744140625, 'validation_loss': 0.6209846511483192}
Epoch: [115][0/49]	Time 0.480 (0.480)	Loss 0.1619 (0.1619)	Prec@1 97.656 (97.656)
Epoch: [115][10/49]	Time 0.479 (0.480)	Loss 0.1622 (0.1777)	Prec@1 98.438 (96.946)
Epoch: [115][20/49]	Time 0.481 (0.480)	Loss 0.1650 (0.1792)	Prec@1 98.438 (97.173)
Epoch: [115][30/49]	Time 0.479 (0.480)	Loss 0.1660 (0.1771)	Prec@1 97.656 (97.102)
Epoch: [115][40/49]	Time 0.480 (0.480)	Loss 0.1761 (0.1780)	Prec@1 96.875 (96.989)
{'system_accuracy': 87.841796875, 'validation_loss': 0.6209682170301676}
Epoch: [116][0/49]	Time 0.481 (0.481)	Loss 0.1697 (0.1697)	Prec@1 98.438 (98.438)
Epoch: [116][10/49]	Time 0.481 (0.481)	Loss 0.1950 (0.1794)	Prec@1 93.750 (96.449)
Epoch: [116][20/49]	Time 0.479 (0.480)	Loss 0.1658 (0.1819)	Prec@1 96.875 (96.429)
Epoch: [116][30/49]	Time 0.481 (0.480)	Loss 0.1889 (0.1809)	Prec@1 96.875 (96.497)
Epoch: [116][40/49]	Time 0.480 (0.480)	Loss 0.1636 (0.1778)	Prec@1 96.875 (96.684)
{'system_accuracy': 87.939453125, 'validation_loss': 0.6302105411887169}
Epoch: [117][0/49]	Time 0.478 (0.478)	Loss 0.2123 (0.2123)	Prec@1 93.750 (93.750)
Epoch: [117][10/49]	Time 0.480 (0.480)	Loss 0.1950 (0.1851)	Prec@1 96.875 (96.307)
Epoch: [117][20/49]	Time 0.481 (0.480)	Loss 0.1522 (0.1773)	Prec@1 97.656 (96.652)
Epoch: [117][30/49]	Time 0.479 (0.480)	Loss 0.1906 (0.1749)	Prec@1 96.094 (96.850)
Epoch: [117][40/49]	Time 0.481 (0.480)	Loss 0.1718 (0.1766)	Prec@1 96.875 (96.742)
{'system_accuracy': 89.404296875, 'validation_loss': 0.6162245403975248}
Epoch: [118][0/49]	Time 0.480 (0.480)	Loss 0.1606 (0.1606)	Prec@1 96.094 (96.094)
Epoch: [118][10/49]	Time 0.479 (0.480)	Loss 0.1935 (0.1766)	Prec@1 95.312 (96.449)
Epoch: [118][20/49]	Time 0.478 (0.480)	Loss 0.1638 (0.1809)	Prec@1 98.438 (96.168)
Epoch: [118][30/49]	Time 0.483 (0.480)	Loss 0.1863 (0.1814)	Prec@1 96.875 (96.295)
Epoch: [118][40/49]	Time 0.480 (0.480)	Loss 0.1861 (0.1801)	Prec@1 95.312 (96.494)
{'system_accuracy': 88.330078125, 'validation_loss': 0.6325380690395832}
Epoch: [119][0/49]	Time 0.480 (0.480)	Loss 0.1786 (0.1786)	Prec@1 96.094 (96.094)
Epoch: [119][10/49]	Time 0.481 (0.481)	Loss 0.1728 (0.1805)	Prec@1 96.875 (96.094)
Epoch: [119][20/49]	Time 0.481 (0.481)	Loss 0.1488 (0.1771)	Prec@1 97.656 (96.540)
Epoch: [119][30/49]	Time 0.480 (0.481)	Loss 0.1706 (0.1754)	Prec@1 97.656 (96.724)
Epoch: [119][40/49]	Time 0.480 (0.481)	Loss 0.1815 (0.1774)	Prec@1 95.312 (96.532)
{'system_accuracy': 88.916015625, 'validation_loss': 0.6123804599046707}
Epoch: [120][0/49]	Time 0.478 (0.478)	Loss 0.1831 (0.1831)	Prec@1 96.875 (96.875)
Epoch: [120][10/49]	Time 0.481 (0.480)	Loss 0.1518 (0.1776)	Prec@1 99.219 (96.662)
Epoch: [120][20/49]	Time 0.482 (0.480)	Loss 0.1664 (0.1776)	Prec@1 98.438 (96.540)
Epoch: [120][30/49]	Time 0.480 (0.480)	Loss 0.1714 (0.1788)	Prec@1 97.656 (96.321)
Epoch: [120][40/49]	Time 0.479 (0.480)	Loss 0.1752 (0.1784)	Prec@1 95.312 (96.322)
{'system_accuracy': 88.818359375, 'validation_loss': 0.6229748241603374}
Epoch: [121][0/49]	Time 0.479 (0.479)	Loss 0.1732 (0.1732)	Prec@1 97.656 (97.656)
Epoch: [121][10/49]	Time 0.482 (0.480)	Loss 0.1776 (0.1801)	Prec@1 96.094 (96.591)
Epoch: [121][20/49]	Time 0.480 (0.480)	Loss 0.1734 (0.1746)	Prec@1 95.312 (97.024)
Epoch: [121][30/49]	Time 0.479 (0.481)	Loss 0.1875 (0.1760)	Prec@1 96.875 (96.673)
Epoch: [121][40/49]	Time 0.480 (0.481)	Loss 0.1791 (0.1761)	Prec@1 96.094 (96.570)
{'system_accuracy': 87.890625, 'validation_loss': 0.6187175437808037}
Epoch: [122][0/49]	Time 0.479 (0.479)	Loss 0.1796 (0.1796)	Prec@1 96.875 (96.875)
Epoch: [122][10/49]	Time 0.480 (0.480)	Loss 0.1960 (0.1810)	Prec@1 96.875 (96.591)
Epoch: [122][20/49]	Time 0.481 (0.480)	Loss 0.1791 (0.1787)	Prec@1 98.438 (96.875)
Epoch: [122][30/49]	Time 0.480 (0.481)	Loss 0.1540 (0.1775)	Prec@1 98.438 (96.547)
Epoch: [122][40/49]	Time 0.480 (0.481)	Loss 0.1622 (0.1782)	Prec@1 98.438 (96.570)
{'system_accuracy': 88.427734375, 'validation_loss': 0.6185610890388489}
Epoch: [123][0/49]	Time 0.480 (0.480)	Loss 0.1770 (0.1770)	Prec@1 97.656 (97.656)
Epoch: [123][10/49]	Time 0.480 (0.481)	Loss 0.1771 (0.1776)	Prec@1 97.656 (96.804)
Epoch: [123][20/49]	Time 0.482 (0.481)	Loss 0.1916 (0.1795)	Prec@1 96.094 (96.763)
Epoch: [123][30/49]	Time 0.479 (0.481)	Loss 0.1772 (0.1777)	Prec@1 96.875 (96.673)
Epoch: [123][40/49]	Time 0.480 (0.481)	Loss 0.1739 (0.1780)	Prec@1 94.531 (96.589)
{'system_accuracy': 88.427734375, 'validation_loss': 0.6278704069554806}
Epoch: [124][0/49]	Time 0.482 (0.482)	Loss 0.1941 (0.1941)	Prec@1 96.094 (96.094)
Epoch: [124][10/49]	Time 0.480 (0.480)	Loss 0.1633 (0.1755)	Prec@1 96.094 (96.094)
Epoch: [124][20/49]	Time 0.481 (0.480)	Loss 0.1938 (0.1805)	Prec@1 96.875 (96.280)
Epoch: [124][30/49]	Time 0.482 (0.480)	Loss 0.1750 (0.1777)	Prec@1 96.094 (96.648)
Epoch: [124][40/49]	Time 0.479 (0.480)	Loss 0.2204 (0.1771)	Prec@1 96.094 (96.742)
{'system_accuracy': 88.28125, 'validation_loss': 0.618783887475729}
Epoch: [125][0/49]	Time 0.480 (0.480)	Loss 0.1723 (0.1723)	Prec@1 97.656 (97.656)
Epoch: [125][10/49]	Time 0.480 (0.480)	Loss 0.1808 (0.1708)	Prec@1 95.312 (97.088)
Epoch: [125][20/49]	Time 0.481 (0.480)	Loss 0.1730 (0.1757)	Prec@1 96.875 (96.763)
Epoch: [125][30/49]	Time 0.480 (0.480)	Loss 0.1781 (0.1741)	Prec@1 95.312 (96.749)
Epoch: [125][40/49]	Time 0.478 (0.480)	Loss 0.1642 (0.1755)	Prec@1 96.875 (96.780)
{'system_accuracy': 88.96484375, 'validation_loss': 0.6152191832661629}
Epoch: [126][0/49]	Time 0.484 (0.484)	Loss 0.1962 (0.1962)	Prec@1 94.531 (94.531)
Epoch: [126][10/49]	Time 0.480 (0.482)	Loss 0.1576 (0.1726)	Prec@1 99.219 (97.159)
Epoch: [126][20/49]	Time 0.480 (0.481)	Loss 0.2043 (0.1727)	Prec@1 93.750 (96.726)
Epoch: [126][30/49]	Time 0.480 (0.481)	Loss 0.1639 (0.1739)	Prec@1 98.438 (97.001)
Epoch: [126][40/49]	Time 0.480 (0.481)	Loss 0.2090 (0.1740)	Prec@1 94.531 (97.046)
{'system_accuracy': 89.0625, 'validation_loss': 0.616705659776926}
Epoch: [127][0/49]	Time 0.479 (0.479)	Loss 0.2184 (0.2184)	Prec@1 94.531 (94.531)
Epoch: [127][10/49]	Time 0.479 (0.480)	Loss 0.1918 (0.1895)	Prec@1 96.875 (95.881)
Epoch: [127][20/49]	Time 0.479 (0.480)	Loss 0.1531 (0.1859)	Prec@1 96.875 (96.019)
Epoch: [127][30/49]	Time 0.478 (0.480)	Loss 0.1627 (0.1829)	Prec@1 96.094 (96.396)
Epoch: [127][40/49]	Time 0.479 (0.480)	Loss 0.1705 (0.1786)	Prec@1 94.531 (96.627)
{'system_accuracy': 88.720703125, 'validation_loss': 0.6245069112628698}
Epoch: [128][0/49]	Time 0.479 (0.479)	Loss 0.1471 (0.1471)	Prec@1 97.656 (97.656)
Epoch: [128][10/49]	Time 0.479 (0.480)	Loss 0.1796 (0.1748)	Prec@1 96.875 (97.017)
Epoch: [128][20/49]	Time 0.479 (0.480)	Loss 0.1602 (0.1749)	Prec@1 96.875 (96.987)
Epoch: [128][30/49]	Time 0.479 (0.480)	Loss 0.1878 (0.1805)	Prec@1 96.875 (96.623)
Epoch: [128][40/49]	Time 0.482 (0.480)	Loss 0.1678 (0.1792)	Prec@1 97.656 (96.684)
{'system_accuracy': 88.76953125, 'validation_loss': 0.6261270008981228}
Epoch: [129][0/49]	Time 0.479 (0.479)	Loss 0.1704 (0.1704)	Prec@1 95.312 (95.312)
Epoch: [129][10/49]	Time 0.480 (0.479)	Loss 0.1616 (0.1761)	Prec@1 97.656 (97.230)
Epoch: [129][20/49]	Time 0.480 (0.480)	Loss 0.1806 (0.1783)	Prec@1 96.094 (96.726)
Epoch: [129][30/49]	Time 0.481 (0.480)	Loss 0.1883 (0.1802)	Prec@1 92.969 (96.321)
Epoch: [129][40/49]	Time 0.479 (0.480)	Loss 0.1830 (0.1822)	Prec@1 96.875 (96.018)
{'system_accuracy': 88.37890625, 'validation_loss': 0.6191955208778381}
Epoch: [130][0/49]	Time 0.480 (0.480)	Loss 0.1868 (0.1868)	Prec@1 94.531 (94.531)
Epoch: [130][10/49]	Time 0.481 (0.480)	Loss 0.1544 (0.1761)	Prec@1 97.656 (96.946)
Epoch: [130][20/49]	Time 0.480 (0.480)	Loss 0.2022 (0.1767)	Prec@1 93.750 (96.577)
Epoch: [130][30/49]	Time 0.480 (0.480)	Loss 0.1902 (0.1767)	Prec@1 95.312 (96.850)
Epoch: [130][40/49]	Time 0.478 (0.480)	Loss 0.1578 (0.1766)	Prec@1 99.219 (96.875)
{'system_accuracy': 88.76953125, 'validation_loss': 0.6166710518300533}
Epoch: [131][0/49]	Time 0.482 (0.482)	Loss 0.1682 (0.1682)	Prec@1 98.438 (98.438)
Epoch: [131][10/49]	Time 0.480 (0.480)	Loss 0.1590 (0.1829)	Prec@1 96.875 (96.236)
Epoch: [131][20/49]	Time 0.480 (0.480)	Loss 0.1697 (0.1826)	Prec@1 97.656 (96.354)
Epoch: [131][30/49]	Time 0.482 (0.480)	Loss 0.1872 (0.1797)	Prec@1 94.531 (96.573)
Epoch: [131][40/49]	Time 0.480 (0.480)	Loss 0.1666 (0.1788)	Prec@1 97.656 (96.551)
{'system_accuracy': 88.623046875, 'validation_loss': 0.6214617192745209}
Epoch: [132][0/49]	Time 0.480 (0.480)	Loss 0.1881 (0.1881)	Prec@1 96.875 (96.875)
Epoch: [132][10/49]	Time 0.481 (0.481)	Loss 0.1890 (0.1882)	Prec@1 96.875 (96.307)
Epoch: [132][20/49]	Time 0.480 (0.480)	Loss 0.1583 (0.1831)	Prec@1 97.656 (96.615)
Epoch: [132][30/49]	Time 0.482 (0.481)	Loss 0.1583 (0.1805)	Prec@1 98.438 (96.648)
Epoch: [132][40/49]	Time 0.479 (0.481)	Loss 0.1889 (0.1810)	Prec@1 96.094 (96.627)
{'system_accuracy': 87.841796875, 'validation_loss': 0.6285699382424355}
Epoch: [133][0/49]	Time 0.481 (0.481)	Loss 0.2038 (0.2038)	Prec@1 94.531 (94.531)
Epoch: [133][10/49]	Time 0.481 (0.481)	Loss 0.1810 (0.1799)	Prec@1 96.875 (96.378)
Epoch: [133][20/49]	Time 0.481 (0.480)	Loss 0.1631 (0.1778)	Prec@1 96.875 (96.466)
Epoch: [133][30/49]	Time 0.482 (0.481)	Loss 0.1692 (0.1799)	Prec@1 93.750 (96.220)
Epoch: [133][40/49]	Time 0.481 (0.481)	Loss 0.1728 (0.1792)	Prec@1 95.312 (96.303)
{'system_accuracy': 88.0859375, 'validation_loss': 0.6246124804019928}
Epoch: [134][0/49]	Time 0.480 (0.480)	Loss 0.1584 (0.1584)	Prec@1 97.656 (97.656)
Epoch: [134][10/49]	Time 0.481 (0.480)	Loss 0.1599 (0.1788)	Prec@1 100.000 (97.088)
Epoch: [134][20/49]	Time 0.479 (0.480)	Loss 0.1839 (0.1756)	Prec@1 96.875 (97.024)
Epoch: [134][30/49]	Time 0.480 (0.480)	Loss 0.1613 (0.1792)	Prec@1 96.875 (96.522)
Epoch: [134][40/49]	Time 0.482 (0.480)	Loss 0.1767 (0.1766)	Prec@1 94.531 (96.684)
{'system_accuracy': 89.111328125, 'validation_loss': 0.6153679974377155}
Epoch: [135][0/49]	Time 0.480 (0.480)	Loss 0.1719 (0.1719)	Prec@1 96.094 (96.094)
Epoch: [135][10/49]	Time 0.481 (0.480)	Loss 0.1912 (0.1795)	Prec@1 94.531 (96.449)
Epoch: [135][20/49]	Time 0.482 (0.480)	Loss 0.1889 (0.1781)	Prec@1 94.531 (96.057)
Epoch: [135][30/49]	Time 0.479 (0.480)	Loss 0.2217 (0.1769)	Prec@1 94.531 (96.119)
Epoch: [135][40/49]	Time 0.481 (0.480)	Loss 0.1712 (0.1767)	Prec@1 97.656 (96.056)
{'system_accuracy': 88.623046875, 'validation_loss': 0.626921821385622}
Epoch: [136][0/49]	Time 0.479 (0.479)	Loss 0.1737 (0.1737)	Prec@1 98.438 (98.438)
Epoch: [136][10/49]	Time 0.481 (0.480)	Loss 0.1688 (0.1757)	Prec@1 97.656 (97.727)
Epoch: [136][20/49]	Time 0.480 (0.480)	Loss 0.1677 (0.1740)	Prec@1 96.875 (97.284)
Epoch: [136][30/49]	Time 0.482 (0.480)	Loss 0.1585 (0.1769)	Prec@1 98.438 (96.799)
Epoch: [136][40/49]	Time 0.478 (0.480)	Loss 0.1592 (0.1768)	Prec@1 98.438 (96.818)
{'system_accuracy': 88.916015625, 'validation_loss': 0.6184306088835001}
Epoch: [137][0/49]	Time 0.482 (0.482)	Loss 0.1747 (0.1747)	Prec@1 97.656 (97.656)
Epoch: [137][10/49]	Time 0.480 (0.480)	Loss 0.1630 (0.1761)	Prec@1 97.656 (96.094)
Epoch: [137][20/49]	Time 0.481 (0.480)	Loss 0.1689 (0.1748)	Prec@1 98.438 (96.577)
Epoch: [137][30/49]	Time 0.480 (0.480)	Loss 0.1822 (0.1744)	Prec@1 96.094 (96.573)
Epoch: [137][40/49]	Time 0.481 (0.480)	Loss 0.1866 (0.1755)	Prec@1 96.094 (96.761)
{'system_accuracy': 89.453125, 'validation_loss': 0.6157751847058535}
Epoch: [138][0/49]	Time 0.480 (0.480)	Loss 0.1583 (0.1583)	Prec@1 99.219 (99.219)
Epoch: [138][10/49]	Time 0.480 (0.480)	Loss 0.1616 (0.1781)	Prec@1 96.875 (96.733)
Epoch: [138][20/49]	Time 0.479 (0.480)	Loss 0.1705 (0.1776)	Prec@1 97.656 (96.726)
Epoch: [138][30/49]	Time 0.482 (0.481)	Loss 0.1446 (0.1782)	Prec@1 98.438 (96.623)
Epoch: [138][40/49]	Time 0.481 (0.481)	Loss 0.1775 (0.1760)	Prec@1 96.875 (96.684)
{'system_accuracy': 88.330078125, 'validation_loss': 0.6174949891865253}
Epoch: [139][0/49]	Time 0.480 (0.480)	Loss 0.1747 (0.1747)	Prec@1 93.750 (93.750)
Epoch: [139][10/49]	Time 0.481 (0.480)	Loss 0.1316 (0.1700)	Prec@1 98.438 (96.804)
Epoch: [139][20/49]	Time 0.480 (0.481)	Loss 0.1759 (0.1769)	Prec@1 98.438 (96.689)
Epoch: [139][30/49]	Time 0.481 (0.480)	Loss 0.1824 (0.1782)	Prec@1 98.438 (96.749)
Epoch: [139][40/49]	Time 0.480 (0.481)	Loss 0.2332 (0.1767)	Prec@1 91.406 (96.799)
{'system_accuracy': 88.720703125, 'validation_loss': 0.6213070712983608}
Epoch: [140][0/49]	Time 0.478 (0.478)	Loss 0.1982 (0.1982)	Prec@1 95.312 (95.312)
Epoch: [140][10/49]	Time 0.481 (0.480)	Loss 0.1663 (0.1794)	Prec@1 98.438 (96.804)
Epoch: [140][20/49]	Time 0.480 (0.480)	Loss 0.1727 (0.1814)	Prec@1 96.875 (96.987)
Epoch: [140][30/49]	Time 0.481 (0.480)	Loss 0.1886 (0.1803)	Prec@1 97.656 (96.951)
Epoch: [140][40/49]	Time 0.481 (0.480)	Loss 0.1547 (0.1798)	Prec@1 94.531 (96.818)
{'system_accuracy': 88.37890625, 'validation_loss': 0.6162368953227997}
Epoch: [141][0/49]	Time 0.478 (0.478)	Loss 0.1613 (0.1613)	Prec@1 98.438 (98.438)
Epoch: [141][10/49]	Time 0.480 (0.479)	Loss 0.1892 (0.1750)	Prec@1 95.312 (97.088)
Epoch: [141][20/49]	Time 0.479 (0.480)	Loss 0.1687 (0.1701)	Prec@1 96.094 (97.098)
Epoch: [141][30/49]	Time 0.478 (0.480)	Loss 0.1646 (0.1731)	Prec@1 97.656 (96.875)
Epoch: [141][40/49]	Time 0.481 (0.480)	Loss 0.1752 (0.1730)	Prec@1 96.094 (96.856)
{'system_accuracy': 88.427734375, 'validation_loss': 0.6261762510985136}
Epoch: [142][0/49]	Time 0.480 (0.480)	Loss 0.1856 (0.1856)	Prec@1 96.094 (96.094)
Epoch: [142][10/49]	Time 0.482 (0.480)	Loss 0.1975 (0.1838)	Prec@1 94.531 (95.739)
Epoch: [142][20/49]	Time 0.479 (0.480)	Loss 0.1769 (0.1821)	Prec@1 96.094 (95.982)
Epoch: [142][30/49]	Time 0.480 (0.480)	Loss 0.1956 (0.1792)	Prec@1 93.750 (96.220)
Epoch: [142][40/49]	Time 0.481 (0.480)	Loss 0.1469 (0.1762)	Prec@1 98.438 (96.418)
{'system_accuracy': 88.916015625, 'validation_loss': 0.6128377094864845}
Epoch: [143][0/49]	Time 0.481 (0.481)	Loss 0.1658 (0.1658)	Prec@1 95.312 (95.312)
Epoch: [143][10/49]	Time 0.480 (0.480)	Loss 0.2013 (0.1753)	Prec@1 96.094 (96.520)
Epoch: [143][20/49]	Time 0.480 (0.480)	Loss 0.1798 (0.1767)	Prec@1 94.531 (96.652)
Epoch: [143][30/49]	Time 0.482 (0.480)	Loss 0.1590 (0.1775)	Prec@1 96.875 (96.673)
Epoch: [143][40/49]	Time 0.480 (0.480)	Loss 0.1797 (0.1776)	Prec@1 95.312 (96.684)
{'system_accuracy': 88.037109375, 'validation_loss': 0.6238769609481096}
Epoch: [144][0/49]	Time 0.479 (0.479)	Loss 0.1630 (0.1630)	Prec@1 96.094 (96.094)
Epoch: [144][10/49]	Time 0.480 (0.526)	Loss 0.1701 (0.1746)	Prec@1 96.094 (97.017)
Epoch: [144][20/49]	Time 0.482 (0.504)	Loss 0.1771 (0.1755)	Prec@1 97.656 (97.061)
Epoch: [144][30/49]	Time 0.480 (0.497)	Loss 0.1894 (0.1762)	Prec@1 96.094 (96.925)
Epoch: [144][40/49]	Time 0.481 (0.493)	Loss 0.1685 (0.1776)	Prec@1 97.656 (96.761)
{'system_accuracy': 88.18359375, 'validation_loss': 0.628227561712265}
Epoch: [145][0/49]	Time 0.482 (0.482)	Loss 0.1610 (0.1610)	Prec@1 97.656 (97.656)
Epoch: [145][10/49]	Time 0.481 (0.481)	Loss 0.2028 (0.1878)	Prec@1 94.531 (96.023)
Epoch: [145][20/49]	Time 0.482 (0.481)	Loss 0.1762 (0.1834)	Prec@1 97.656 (96.280)
Epoch: [145][30/49]	Time 0.480 (0.480)	Loss 0.1824 (0.1809)	Prec@1 96.094 (96.623)
Epoch: [145][40/49]	Time 0.483 (0.481)	Loss 0.1705 (0.1797)	Prec@1 96.094 (96.551)
{'system_accuracy': 88.623046875, 'validation_loss': 0.6180131658911705}
Epoch: [146][0/49]	Time 0.480 (0.480)	Loss 0.1759 (0.1759)	Prec@1 96.875 (96.875)
Epoch: [146][10/49]	Time 0.479 (0.480)	Loss 0.2040 (0.1807)	Prec@1 95.312 (96.662)
Epoch: [146][20/49]	Time 0.480 (0.480)	Loss 0.1674 (0.1774)	Prec@1 96.875 (96.801)
Epoch: [146][30/49]	Time 0.480 (0.480)	Loss 0.1854 (0.1770)	Prec@1 97.656 (96.850)
Epoch: [146][40/49]	Time 0.480 (0.480)	Loss 0.1704 (0.1767)	Prec@1 96.094 (96.856)
{'system_accuracy': 88.8671875, 'validation_loss': 0.6232584994286299}
Epoch: [147][0/49]	Time 0.480 (0.480)	Loss 0.1935 (0.1935)	Prec@1 93.750 (93.750)
Epoch: [147][10/49]	Time 0.481 (0.480)	Loss 0.1803 (0.1819)	Prec@1 96.094 (96.307)
Epoch: [147][20/49]	Time 0.480 (0.480)	Loss 0.1809 (0.1797)	Prec@1 96.094 (96.280)
Epoch: [147][30/49]	Time 0.480 (0.480)	Loss 0.1627 (0.1790)	Prec@1 97.656 (96.346)
Epoch: [147][40/49]	Time 0.480 (0.480)	Loss 0.1758 (0.1772)	Prec@1 97.656 (96.589)
{'system_accuracy': 88.720703125, 'validation_loss': 0.6251920461654663}
Epoch: [148][0/49]	Time 0.479 (0.479)	Loss 0.1577 (0.1577)	Prec@1 97.656 (97.656)
Epoch: [148][10/49]	Time 0.480 (0.480)	Loss 0.1301 (0.1633)	Prec@1 100.000 (97.372)
Epoch: [148][20/49]	Time 0.484 (0.480)	Loss 0.1671 (0.1690)	Prec@1 96.094 (96.912)
Epoch: [148][30/49]	Time 0.479 (0.480)	Loss 0.1862 (0.1757)	Prec@1 97.656 (96.447)
Epoch: [148][40/49]	Time 0.481 (0.480)	Loss 0.1755 (0.1775)	Prec@1 96.875 (96.456)
{'system_accuracy': 88.57421875, 'validation_loss': 0.6305329613387585}
Epoch: [149][0/49]	Time 0.481 (0.481)	Loss 0.1650 (0.1650)	Prec@1 96.875 (96.875)
Epoch: [149][10/49]	Time 0.479 (0.480)	Loss 0.2140 (0.1813)	Prec@1 95.312 (96.094)
Epoch: [149][20/49]	Time 0.478 (0.480)	Loss 0.2062 (0.1815)	Prec@1 92.969 (96.280)
Epoch: [149][30/49]	Time 0.483 (0.480)	Loss 0.1888 (0.1804)	Prec@1 96.094 (96.522)
Epoch: [149][40/49]	Time 0.479 (0.480)	Loss 0.1667 (0.1777)	Prec@1 98.438 (96.665)
{'system_accuracy': 89.892578125, 'validation_loss': 0.6134517844766378}
